{"/home/runner/work/sales-and-stock-manager/sales-and-stock-manager/components/ConflictResolutionModal.tsx": {"path":"/home/runner/work/sales-and-stock-manager/sales-and-stock-manager/components/ConflictResolutionModal.tsx","statementMap":{"0":{"start":{"line":26,"column":72},"end":{"line":148,"column":1}},"1":{"start":{"line":32,"column":54},"end":{"line":32,"column":103}},"2":{"start":{"line":34,"column":24},"end":{"line":49,"column":3}},"3":{"start":{"line":35,"column":4},"end":{"line":48,"column":6}},"4":{"start":{"line":43,"column":12},"end":{"line":43,"column":42}},"5":{"start":{"line":44,"column":12},"end":{"line":44,"column":22}},"6":{"start":{"line":51,"column":32},"end":{"line":70,"column":3}},"7":{"start":{"line":52,"column":23},"end":{"line":52,"column":68}},"8":{"start":{"line":53,"column":24},"end":{"line":53,"column":70}},"9":{"start":{"line":55,"column":4},"end":{"line":69,"column":6}},"10":{"start":{"line":72,"column":2},"end":{"line":147,"column":4}},"11":{"start":{"line":100,"column":31},"end":{"line":100,"column":61}},"12":{"start":{"line":113,"column":31},"end":{"line":113,"column":62}},"13":{"start":{"line":126,"column":31},"end":{"line":126,"column":62}},"14":{"start":{"line":150,"column":15},"end":{"line":272,"column":2}}},"fnMap":{"0":{"name":"(anonymous_0)","decl":{"start":{"line":26,"column":72},"end":{"line":26,"column":73}},"loc":{"start":{"line":31,"column":6},"end":{"line":148,"column":1}},"line":31},"1":{"name":"(anonymous_1)","decl":{"start":{"line":34,"column":24},"end":{"line":34,"column":25}},"loc":{"start":{"line":34,"column":30},"end":{"line":49,"column":3}},"line":34},"2":{"name":"(anonymous_2)","decl":{"start":{"line":42,"column":19},"end":{"line":42,"column":20}},"loc":{"start":{"line":42,"column":25},"end":{"line":45,"column":11}},"line":42},"3":{"name":"(anonymous_3)","decl":{"start":{"line":51,"column":32},"end":{"line":51,"column":33}},"loc":{"start":{"line":51,"column":51},"end":{"line":70,"column":3}},"line":51},"4":{"name":"(anonymous_4)","decl":{"start":{"line":100,"column":25},"end":{"line":100,"column":26}},"loc":{"start":{"line":100,"column":31},"end":{"line":100,"column":61}},"line":100},"5":{"name":"(anonymous_5)","decl":{"start":{"line":113,"column":25},"end":{"line":113,"column":26}},"loc":{"start":{"line":113,"column":31},"end":{"line":113,"column":62}},"line":113},"6":{"name":"(anonymous_6)","decl":{"start":{"line":126,"column":25},"end":{"line":126,"column":26}},"loc":{"start":{"line":126,"column":31},"end":{"line":126,"column":62}},"line":126}},"branchMap":{"0":{"loc":{"start":{"line":61,"column":51},"end":{"line":61,"column":67}},"type":"binary-expr","locations":[{"start":{"line":61,"column":51},"end":{"line":61,"column":61}},{"start":{"line":61,"column":65},"end":{"line":61,"column":67}}],"line":61},"1":{"loc":{"start":{"line":65,"column":51},"end":{"line":65,"column":68}},"type":"binary-expr","locations":[{"start":{"line":65,"column":51},"end":{"line":65,"column":62}},{"start":{"line":65,"column":66},"end":{"line":65,"column":68}}],"line":65},"2":{"loc":{"start":{"line":98,"column":18},"end":{"line":98,"column":73}},"type":"binary-expr","locations":[{"start":{"line":98,"column":18},"end":{"line":98,"column":48}},{"start":{"line":98,"column":52},"end":{"line":98,"column":73}}],"line":98},"3":{"loc":{"start":{"line":111,"column":18},"end":{"line":111,"column":74}},"type":"binary-expr","locations":[{"start":{"line":111,"column":18},"end":{"line":111,"column":49}},{"start":{"line":111,"column":53},"end":{"line":111,"column":74}}],"line":111},"4":{"loc":{"start":{"line":124,"column":18},"end":{"line":124,"column":74}},"type":"binary-expr","locations":[{"start":{"line":124,"column":18},"end":{"line":124,"column":49}},{"start":{"line":124,"column":53},"end":{"line":124,"column":74}}],"line":124}},"s":{"0":0,"1":0,"2":0,"3":0,"4":0,"5":0,"6":0,"7":0,"8":0,"9":0,"10":0,"11":0,"12":0,"13":0,"14":0},"f":{"0":0,"1":0,"2":0,"3":0,"4":0,"5":0,"6":0},"b":{"0":[0,0],"1":[0,0],"2":[0,0],"3":[0,0],"4":[0,0]}}
,"/home/runner/work/sales-and-stock-manager/sales-and-stock-manager/components/DebouncedSearchBar.tsx": {"path":"/home/runner/work/sales-and-stock-manager/sales-and-stock-manager/components/DebouncedSearchBar.tsx","statementMap":{"0":{"start":{"line":18,"column":62},"end":{"line":65,"column":1}},"1":{"start":{"line":25,"column":38},"end":{"line":25,"column":60}},"2":{"start":{"line":26,"column":40},"end":{"line":26,"column":55}},"3":{"start":{"line":29,"column":30},"end":{"line":29,"column":68}},"4":{"start":{"line":32,"column":2},"end":{"line":44,"column":63}},"5":{"start":{"line":34,"column":25},"end":{"line":34,"column":59}},"6":{"start":{"line":36,"column":4},"end":{"line":38,"column":5}},"7":{"start":{"line":37,"column":6},"end":{"line":37,"column":35}},"8":{"start":{"line":41,"column":4},"end":{"line":43,"column":5}},"9":{"start":{"line":42,"column":6},"end":{"line":42,"column":36}},"10":{"start":{"line":47,"column":27},"end":{"line":49,"column":3}},"11":{"start":{"line":48,"column":4},"end":{"line":48,"column":24}},"12":{"start":{"line":51,"column":2},"end":{"line":64,"column":4}},"13":{"start":{"line":67,"column":15},"end":{"line":81,"column":2}}},"fnMap":{"0":{"name":"(anonymous_0)","decl":{"start":{"line":18,"column":62},"end":{"line":18,"column":63}},"loc":{"start":{"line":24,"column":6},"end":{"line":65,"column":1}},"line":24},"1":{"name":"(anonymous_1)","decl":{"start":{"line":32,"column":12},"end":{"line":32,"column":13}},"loc":{"start":{"line":32,"column":18},"end":{"line":44,"column":3}},"line":32},"2":{"name":"(anonymous_2)","decl":{"start":{"line":47,"column":27},"end":{"line":47,"column":28}},"loc":{"start":{"line":47,"column":45},"end":{"line":49,"column":3}},"line":47}},"branchMap":{"0":{"loc":{"start":{"line":21,"column":2},"end":{"line":21,"column":21}},"type":"default-arg","locations":[{"start":{"line":21,"column":18},"end":{"line":21,"column":21}}],"line":21},"1":{"loc":{"start":{"line":22,"column":2},"end":{"line":22,"column":19}},"type":"default-arg","locations":[{"start":{"line":22,"column":17},"end":{"line":22,"column":19}}],"line":22},"2":{"loc":{"start":{"line":23,"column":2},"end":{"line":23,"column":20}},"type":"default-arg","locations":[{"start":{"line":23,"column":16},"end":{"line":23,"column":20}}],"line":23},"3":{"loc":{"start":{"line":36,"column":4},"end":{"line":38,"column":5}},"type":"if","locations":[{"start":{"line":36,"column":4},"end":{"line":38,"column":5}},{"start":{},"end":{}}],"line":36},"4":{"loc":{"start":{"line":41,"column":4},"end":{"line":43,"column":5}},"type":"if","locations":[{"start":{"line":41,"column":4},"end":{"line":43,"column":5}},{"start":{},"end":{}}],"line":41},"5":{"loc":{"start":{"line":58,"column":7},"end":{"line":62,"column":7}},"type":"binary-expr","locations":[{"start":{"line":58,"column":7},"end":{"line":58,"column":18}},{"start":{"line":59,"column":8},"end":{"line":61,"column":15}}],"line":58}},"s":{"0":0,"1":0,"2":0,"3":0,"4":0,"5":0,"6":0,"7":0,"8":0,"9":0,"10":0,"11":0,"12":0,"13":0},"f":{"0":0,"1":0,"2":0},"b":{"0":[0],"1":[0],"2":[0],"3":[0,0],"4":[0,0],"5":[0,0]}}
,"/home/runner/work/sales-and-stock-manager/sales-and-stock-manager/components/EmptyState.tsx": {"path":"/home/runner/work/sales-and-stock-manager/sales-and-stock-manager/components/EmptyState.tsx","statementMap":{"0":{"start":{"line":13,"column":46},"end":{"line":38,"column":1}},"1":{"start":{"line":20,"column":2},"end":{"line":37,"column":4}},"2":{"start":{"line":40,"column":15},"end":{"line":75,"column":2}}},"fnMap":{"0":{"name":"(anonymous_0)","decl":{"start":{"line":13,"column":46},"end":{"line":13,"column":47}},"loc":{"start":{"line":19,"column":6},"end":{"line":38,"column":1}},"line":19}},"branchMap":{"0":{"loc":{"start":{"line":18,"column":2},"end":{"line":18,"column":23}},"type":"default-arg","locations":[{"start":{"line":18,"column":9},"end":{"line":18,"column":23}}],"line":18},"1":{"loc":{"start":{"line":25,"column":7},"end":{"line":35,"column":7}},"type":"binary-expr","locations":[{"start":{"line":25,"column":7},"end":{"line":25,"column":18}},{"start":{"line":25,"column":22},"end":{"line":25,"column":30}},{"start":{"line":26,"column":8},"end":{"line":34,"column":27}}],"line":25}},"s":{"0":0,"1":0,"2":0},"f":{"0":0},"b":{"0":[0],"1":[0,0,0]}}
,"/home/runner/work/sales-and-stock-manager/sales-and-stock-manager/components/FilterBar.tsx": {"path":"/home/runner/work/sales-and-stock-manager/sales-and-stock-manager/components/FilterBar.tsx","statementMap":{"0":{"start":{"line":18,"column":44},"end":{"line":73,"column":1}},"1":{"start":{"line":24,"column":18},"end":{"line":28,"column":12}},"2":{"start":{"line":30,"column":2},"end":{"line":72,"column":4}},"3":{"start":{"line":34,"column":10},"end":{"line":54,"column":29}},"4":{"start":{"line":40,"column":27},"end":{"line":40,"column":53}},"5":{"start":{"line":75,"column":15},"end":{"line":115,"column":2}}},"fnMap":{"0":{"name":"(anonymous_0)","decl":{"start":{"line":18,"column":44},"end":{"line":18,"column":45}},"loc":{"start":{"line":23,"column":6},"end":{"line":73,"column":1}},"line":23},"1":{"name":"(anonymous_1)","decl":{"start":{"line":33,"column":21},"end":{"line":33,"column":22}},"loc":{"start":{"line":34,"column":10},"end":{"line":54,"column":29}},"line":34},"2":{"name":"(anonymous_2)","decl":{"start":{"line":40,"column":21},"end":{"line":40,"column":22}},"loc":{"start":{"line":40,"column":27},"end":{"line":40,"column":53}},"line":40}},"branchMap":{"0":{"loc":{"start":{"line":38,"column":14},"end":{"line":38,"column":70}},"type":"binary-expr","locations":[{"start":{"line":38,"column":14},"end":{"line":38,"column":41}},{"start":{"line":38,"column":45},"end":{"line":38,"column":70}}],"line":38},"1":{"loc":{"start":{"line":49,"column":16},"end":{"line":49,"column":76}},"type":"binary-expr","locations":[{"start":{"line":49,"column":16},"end":{"line":49,"column":43}},{"start":{"line":49,"column":47},"end":{"line":49,"column":76}}],"line":49},"2":{"loc":{"start":{"line":62,"column":36},"end":{"line":62,"column":84}},"type":"cond-expr","locations":[{"start":{"line":62,"column":58},"end":{"line":62,"column":69}},{"start":{"line":62,"column":72},"end":{"line":62,"column":84}}],"line":62},"3":{"loc":{"start":{"line":66,"column":16},"end":{"line":66,"column":63}},"type":"cond-expr","locations":[{"start":{"line":66,"column":38},"end":{"line":66,"column":48}},{"start":{"line":66,"column":51},"end":{"line":66,"column":63}}],"line":66}},"s":{"0":0,"1":0,"2":0,"3":0,"4":0,"5":0},"f":{"0":0,"1":0,"2":0},"b":{"0":[0,0],"1":[0,0],"2":[0,0],"3":[0,0]}}
,"/home/runner/work/sales-and-stock-manager/sales-and-stock-manager/components/FloatingActionButton.tsx": {"path":"/home/runner/work/sales-and-stock-manager/sales-and-stock-manager/components/FloatingActionButton.tsx","statementMap":{"0":{"start":{"line":12,"column":66},"end":{"line":31,"column":1}},"1":{"start":{"line":18,"column":2},"end":{"line":18,"column":28}},"2":{"start":{"line":18,"column":16},"end":{"line":18,"column":28}},"3":{"start":{"line":20,"column":2},"end":{"line":30,"column":4}},"4":{"start":{"line":33,"column":15},"end":{"line":53,"column":2}}},"fnMap":{"0":{"name":"(anonymous_0)","decl":{"start":{"line":12,"column":66},"end":{"line":12,"column":67}},"loc":{"start":{"line":17,"column":6},"end":{"line":31,"column":1}},"line":17}},"branchMap":{"0":{"loc":{"start":{"line":14,"column":2},"end":{"line":14,"column":14}},"type":"default-arg","locations":[{"start":{"line":14,"column":9},"end":{"line":14,"column":14}}],"line":14},"1":{"loc":{"start":{"line":15,"column":2},"end":{"line":15,"column":20}},"type":"default-arg","locations":[{"start":{"line":15,"column":10},"end":{"line":15,"column":20}}],"line":15},"2":{"loc":{"start":{"line":16,"column":2},"end":{"line":16,"column":16}},"type":"default-arg","locations":[{"start":{"line":16,"column":12},"end":{"line":16,"column":16}}],"line":16},"3":{"loc":{"start":{"line":18,"column":2},"end":{"line":18,"column":28}},"type":"if","locations":[{"start":{"line":18,"column":2},"end":{"line":18,"column":28}},{"start":{},"end":{}}],"line":18}},"s":{"0":0,"1":0,"2":0,"3":0,"4":0},"f":{"0":0},"b":{"0":[0],"1":[0],"2":[0],"3":[0,0]}}
,"/home/runner/work/sales-and-stock-manager/sales-and-stock-manager/components/Icon.tsx": {"path":"/home/runner/work/sales-and-stock-manager/sales-and-stock-manager/components/Icon.tsx","statementMap":{"0":{"start":{"line":11,"column":34},"end":{"line":246,"column":1}},"1":{"start":{"line":17,"column":24},"end":{"line":239,"column":3}},"2":{"start":{"line":18,"column":45},"end":{"line":237,"column":5}},"3":{"start":{"line":238,"column":4},"end":{"line":238,"column":34}},"4":{"start":{"line":241,"column":2},"end":{"line":245,"column":4}},"5":{"start":{"line":248,"column":15},"end":{"line":252,"column":2}}},"fnMap":{"0":{"name":"(anonymous_0)","decl":{"start":{"line":11,"column":34},"end":{"line":11,"column":35}},"loc":{"start":{"line":16,"column":6},"end":{"line":246,"column":1}},"line":16},"1":{"name":"(anonymous_1)","decl":{"start":{"line":17,"column":24},"end":{"line":17,"column":25}},"loc":{"start":{"line":17,"column":46},"end":{"line":239,"column":3}},"line":17}},"branchMap":{"0":{"loc":{"start":{"line":13,"column":2},"end":{"line":13,"column":11}},"type":"default-arg","locations":[{"start":{"line":13,"column":9},"end":{"line":13,"column":11}}],"line":13},"1":{"loc":{"start":{"line":14,"column":2},"end":{"line":14,"column":16}},"type":"default-arg","locations":[{"start":{"line":14,"column":10},"end":{"line":14,"column":16}}],"line":14},"2":{"loc":{"start":{"line":238,"column":11},"end":{"line":238,"column":33}},"type":"binary-expr","locations":[{"start":{"line":238,"column":11},"end":{"line":238,"column":26}},{"start":{"line":238,"column":30},"end":{"line":238,"column":33}}],"line":238}},"s":{"0":0,"1":0,"2":0,"3":0,"4":0,"5":0},"f":{"0":0,"1":0},"b":{"0":[0],"1":[0],"2":[0,0]}}
,"/home/runner/work/sales-and-stock-manager/sales-and-stock-manager/components/PaymentSelector.tsx": {"path":"/home/runner/work/sales-and-stock-manager/sales-and-stock-manager/components/PaymentSelector.tsx","statementMap":{"0":{"start":{"line":21,"column":47},"end":{"line":40,"column":1}},"1":{"start":{"line":48,"column":56},"end":{"line":145,"column":1}},"2":{"start":{"line":53,"column":46},"end":{"line":53,"column":61}},"3":{"start":{"line":55,"column":25},"end":{"line":55,"column":85}},"4":{"start":{"line":55,"column":56},"end":{"line":55,"column":84}},"5":{"start":{"line":57,"column":29},"end":{"line":60,"column":3}},"6":{"start":{"line":58,"column":4},"end":{"line":58,"column":27}},"7":{"start":{"line":59,"column":4},"end":{"line":59,"column":29}},"8":{"start":{"line":62,"column":2},"end":{"line":144,"column":4}},"9":{"start":{"line":68,"column":23},"end":{"line":68,"column":59}},"10":{"start":{"line":85,"column":30},"end":{"line":85,"column":54}},"11":{"start":{"line":92,"column":31},"end":{"line":92,"column":55}},"12":{"start":{"line":104,"column":16},"end":{"line":137,"column":35}},"13":{"start":{"line":110,"column":33},"end":{"line":110,"column":63}},"14":{"start":{"line":147,"column":15},"end":{"line":245,"column":2}}},"fnMap":{"0":{"name":"(anonymous_0)","decl":{"start":{"line":48,"column":56},"end":{"line":48,"column":57}},"loc":{"start":{"line":52,"column":6},"end":{"line":145,"column":1}},"line":52},"1":{"name":"(anonymous_1)","decl":{"start":{"line":55,"column":46},"end":{"line":55,"column":47}},"loc":{"start":{"line":55,"column":56},"end":{"line":55,"column":84}},"line":55},"2":{"name":"(anonymous_2)","decl":{"start":{"line":57,"column":29},"end":{"line":57,"column":30}},"loc":{"start":{"line":57,"column":56},"end":{"line":60,"column":3}},"line":57},"3":{"name":"(anonymous_3)","decl":{"start":{"line":68,"column":17},"end":{"line":68,"column":18}},"loc":{"start":{"line":68,"column":23},"end":{"line":68,"column":59}},"line":68},"4":{"name":"(anonymous_4)","decl":{"start":{"line":85,"column":24},"end":{"line":85,"column":25}},"loc":{"start":{"line":85,"column":30},"end":{"line":85,"column":54}},"line":85},"5":{"name":"(anonymous_5)","decl":{"start":{"line":92,"column":25},"end":{"line":92,"column":26}},"loc":{"start":{"line":92,"column":31},"end":{"line":92,"column":55}},"line":92},"6":{"name":"(anonymous_6)","decl":{"start":{"line":103,"column":35},"end":{"line":103,"column":36}},"loc":{"start":{"line":104,"column":16},"end":{"line":137,"column":35}},"line":104},"7":{"name":"(anonymous_7)","decl":{"start":{"line":110,"column":27},"end":{"line":110,"column":28}},"loc":{"start":{"line":110,"column":33},"end":{"line":110,"column":63}},"line":110}},"branchMap":{"0":{"loc":{"start":{"line":51,"column":2},"end":{"line":51,"column":18}},"type":"default-arg","locations":[{"start":{"line":51,"column":13},"end":{"line":51,"column":18}}],"line":51},"1":{"loc":{"start":{"line":67,"column":33},"end":{"line":67,"column":60}},"type":"binary-expr","locations":[{"start":{"line":67,"column":33},"end":{"line":67,"column":41}},{"start":{"line":67,"column":45},"end":{"line":67,"column":60}}],"line":67},"2":{"loc":{"start":{"line":68,"column":23},"end":{"line":68,"column":59}},"type":"binary-expr","locations":[{"start":{"line":68,"column":23},"end":{"line":68,"column":32}},{"start":{"line":68,"column":36},"end":{"line":68,"column":59}}],"line":68},"3":{"loc":{"start":{"line":75,"column":22},"end":{"line":75,"column":59}},"type":"binary-expr","locations":[{"start":{"line":75,"column":22},"end":{"line":75,"column":42}},{"start":{"line":75,"column":46},"end":{"line":75,"column":59}}],"line":75},"4":{"loc":{"start":{"line":108,"column":20},"end":{"line":108,"column":74}},"type":"binary-expr","locations":[{"start":{"line":108,"column":20},"end":{"line":108,"column":49}},{"start":{"line":108,"column":53},"end":{"line":108,"column":74}}],"line":108},"5":{"loc":{"start":{"line":120,"column":29},"end":{"line":120,"column":79}},"type":"cond-expr","locations":[{"start":{"line":120,"column":61},"end":{"line":120,"column":70}},{"start":{"line":120,"column":73},"end":{"line":120,"column":79}}],"line":120},"6":{"loc":{"start":{"line":125,"column":24},"end":{"line":125,"column":82}},"type":"binary-expr","locations":[{"start":{"line":125,"column":24},"end":{"line":125,"column":53}},{"start":{"line":125,"column":57},"end":{"line":125,"column":82}}],"line":125},"7":{"loc":{"start":{"line":134,"column":19},"end":{"line":136,"column":19}},"type":"binary-expr","locations":[{"start":{"line":134,"column":19},"end":{"line":134,"column":48}},{"start":{"line":135,"column":20},"end":{"line":135,"column":67}}],"line":134}},"s":{"0":0,"1":0,"2":0,"3":0,"4":0,"5":0,"6":0,"7":0,"8":0,"9":0,"10":0,"11":0,"12":0,"13":0,"14":0},"f":{"0":0,"1":0,"2":0,"3":0,"4":0,"5":0,"6":0,"7":0},"b":{"0":[0],"1":[0,0],"2":[0,0],"3":[0,0],"4":[0,0],"5":[0,0],"6":[0,0],"7":[0,0]}}
,"/home/runner/work/sales-and-stock-manager/sales-and-stock-manager/components/PrivacyStatement.tsx": {"path":"/home/runner/work/sales-and-stock-manager/sales-and-stock-manager/components/PrivacyStatement.tsx","statementMap":{"0":{"start":{"line":30,"column":58},"end":{"line":214,"column":1}},"1":{"start":{"line":35,"column":40},"end":{"line":35,"column":55}},"2":{"start":{"line":37,"column":31},"end":{"line":49,"column":3}},"3":{"start":{"line":38,"column":4},"end":{"line":38,"column":25}},"4":{"start":{"line":42,"column":6},"end":{"line":42,"column":263}},"5":{"start":{"line":46,"column":4},"end":{"line":48,"column":7}},"6":{"start":{"line":47,"column":35},"end":{"line":47,"column":56}},"7":{"start":{"line":51,"column":23},"end":{"line":56,"column":3}},"8":{"start":{"line":54,"column":4},"end":{"line":54,"column":51}},"9":{"start":{"line":55,"column":4},"end":{"line":55,"column":15}},"10":{"start":{"line":58,"column":24},"end":{"line":67,"column":3}},"11":{"start":{"line":59,"column":4},"end":{"line":66,"column":6}},"12":{"start":{"line":69,"column":2},"end":{"line":213,"column":4}},"13":{"start":{"line":216,"column":15},"end":{"line":342,"column":2}}},"fnMap":{"0":{"name":"(anonymous_0)","decl":{"start":{"line":30,"column":58},"end":{"line":30,"column":59}},"loc":{"start":{"line":34,"column":6},"end":{"line":214,"column":1}},"line":34},"1":{"name":"(anonymous_1)","decl":{"start":{"line":37,"column":31},"end":{"line":37,"column":32}},"loc":{"start":{"line":37,"column":37},"end":{"line":49,"column":3}},"line":37},"2":{"name":"(anonymous_2)","decl":{"start":{"line":47,"column":29},"end":{"line":47,"column":30}},"loc":{"start":{"line":47,"column":35},"end":{"line":47,"column":56}},"line":47},"3":{"name":"(anonymous_3)","decl":{"start":{"line":51,"column":23},"end":{"line":51,"column":24}},"loc":{"start":{"line":51,"column":29},"end":{"line":56,"column":3}},"line":51},"4":{"name":"(anonymous_4)","decl":{"start":{"line":58,"column":24},"end":{"line":58,"column":25}},"loc":{"start":{"line":58,"column":30},"end":{"line":67,"column":3}},"line":58}},"branchMap":{"0":{"loc":{"start":{"line":94,"column":13},"end":{"line":94,"column":58}},"type":"cond-expr","locations":[{"start":{"line":94,"column":27},"end":{"line":94,"column":39}},{"start":{"line":94,"column":42},"end":{"line":94,"column":58}}],"line":94},"1":{"loc":{"start":{"line":200,"column":11},"end":{"line":209,"column":11}},"type":"binary-expr","locations":[{"start":{"line":200,"column":11},"end":{"line":200,"column":17}},{"start":{"line":201,"column":12},"end":{"line":208,"column":31}}],"line":200}},"s":{"0":0,"1":0,"2":0,"3":0,"4":0,"5":0,"6":0,"7":0,"8":0,"9":0,"10":0,"11":0,"12":0,"13":0},"f":{"0":0,"1":0,"2":0,"3":0,"4":0},"b":{"0":[0,0],"1":[0,0]}}
,"/home/runner/work/sales-and-stock-manager/sales-and-stock-manager/components/ProductCard.tsx": {"path":"/home/runner/work/sales-and-stock-manager/sales-and-stock-manager/components/ProductCard.tsx","statementMap":{"0":{"start":{"line":14,"column":48},"end":{"line":159,"column":1}},"1":{"start":{"line":21,"column":40},"end":{"line":21,"column":55}},"2":{"start":{"line":22,"column":38},"end":{"line":22,"column":53}},"3":{"start":{"line":24,"column":26},"end":{"line":27,"column":8}},"4":{"start":{"line":25,"column":4},"end":{"line":25,"column":25}},"5":{"start":{"line":26,"column":4},"end":{"line":26,"column":25}},"6":{"start":{"line":29,"column":27},"end":{"line":32,"column":8}},"7":{"start":{"line":30,"column":4},"end":{"line":30,"column":24}},"8":{"start":{"line":31,"column":4},"end":{"line":31,"column":26}},"9":{"start":{"line":33,"column":28},"end":{"line":46,"column":3}},"10":{"start":{"line":34,"column":4},"end":{"line":45,"column":5}},"11":{"start":{"line":36,"column":8},"end":{"line":36,"column":62}},"12":{"start":{"line":38,"column":8},"end":{"line":38,"column":50}},"13":{"start":{"line":40,"column":8},"end":{"line":40,"column":58}},"14":{"start":{"line":42,"column":8},"end":{"line":42,"column":58}},"15":{"start":{"line":44,"column":8},"end":{"line":44,"column":47}},"16":{"start":{"line":48,"column":30},"end":{"line":52,"column":3}},"17":{"start":{"line":49,"column":4},"end":{"line":49,"column":41}},"18":{"start":{"line":49,"column":24},"end":{"line":49,"column":41}},"19":{"start":{"line":50,"column":4},"end":{"line":50,"column":48}},"20":{"start":{"line":50,"column":31},"end":{"line":50,"column":48}},"21":{"start":{"line":51,"column":4},"end":{"line":51,"column":21}},"22":{"start":{"line":54,"column":19},"end":{"line":54,"column":57}},"23":{"start":{"line":55,"column":21},"end":{"line":58,"column":3}},"24":{"start":{"line":60,"column":2},"end":{"line":158,"column":4}},"25":{"start":{"line":161,"column":15},"end":{"line":292,"column":2}}},"fnMap":{"0":{"name":"(anonymous_0)","decl":{"start":{"line":14,"column":48},"end":{"line":14,"column":49}},"loc":{"start":{"line":20,"column":6},"end":{"line":159,"column":1}},"line":20},"1":{"name":"(anonymous_1)","decl":{"start":{"line":24,"column":38},"end":{"line":24,"column":39}},"loc":{"start":{"line":24,"column":44},"end":{"line":27,"column":3}},"line":24},"2":{"name":"(anonymous_2)","decl":{"start":{"line":29,"column":39},"end":{"line":29,"column":40}},"loc":{"start":{"line":29,"column":45},"end":{"line":32,"column":3}},"line":29},"3":{"name":"(anonymous_3)","decl":{"start":{"line":33,"column":28},"end":{"line":33,"column":29}},"loc":{"start":{"line":33,"column":52},"end":{"line":46,"column":3}},"line":33},"4":{"name":"(anonymous_4)","decl":{"start":{"line":48,"column":30},"end":{"line":48,"column":31}},"loc":{"start":{"line":48,"column":71},"end":{"line":52,"column":3}},"line":48}},"branchMap":{"0":{"loc":{"start":{"line":19,"column":2},"end":{"line":19,"column":17}},"type":"default-arg","locations":[{"start":{"line":19,"column":12},"end":{"line":19,"column":17}}],"line":19},"1":{"loc":{"start":{"line":34,"column":4},"end":{"line":45,"column":5}},"type":"switch","locations":[{"start":{"line":35,"column":6},"end":{"line":36,"column":62}},{"start":{"line":37,"column":6},"end":{"line":38,"column":50}},{"start":{"line":39,"column":6},"end":{"line":40,"column":58}},{"start":{"line":41,"column":6},"end":{"line":42,"column":58}},{"start":{"line":43,"column":6},"end":{"line":44,"column":47}}],"line":34},"2":{"loc":{"start":{"line":49,"column":4},"end":{"line":49,"column":41}},"type":"if","locations":[{"start":{"line":49,"column":4},"end":{"line":49,"column":41}},{"start":{},"end":{}}],"line":49},"3":{"loc":{"start":{"line":50,"column":4},"end":{"line":50,"column":48}},"type":"if","locations":[{"start":{"line":50,"column":4},"end":{"line":50,"column":48}},{"start":{},"end":{}}],"line":50},"4":{"loc":{"start":{"line":74,"column":11},"end":{"line":76,"column":11}},"type":"binary-expr","locations":[{"start":{"line":74,"column":11},"end":{"line":74,"column":27}},{"start":{"line":75,"column":12},"end":{"line":75,"column":77}}],"line":74},"5":{"loc":{"start":{"line":96,"column":9},"end":{"line":124,"column":9}},"type":"binary-expr","locations":[{"start":{"line":96,"column":9},"end":{"line":96,"column":26}},{"start":{"line":97,"column":10},"end":{"line":123,"column":17}}],"line":96},"6":{"loc":{"start":{"line":98,"column":13},"end":{"line":102,"column":13}},"type":"binary-expr","locations":[{"start":{"line":98,"column":13},"end":{"line":98,"column":25}},{"start":{"line":98,"column":29},"end":{"line":98,"column":40}},{"start":{"line":99,"column":14},"end":{"line":101,"column":21}}],"line":98},"7":{"loc":{"start":{"line":103,"column":13},"end":{"line":116,"column":13}},"type":"binary-expr","locations":[{"start":{"line":103,"column":13},"end":{"line":103,"column":24}},{"start":{"line":104,"column":14},"end":{"line":115,"column":16}}],"line":103},"8":{"loc":{"start":{"line":108,"column":29},"end":{"line":108,"column":48}},"type":"cond-expr","locations":[{"start":{"line":108,"column":43},"end":{"line":108,"column":44}},{"start":{"line":108,"column":47},"end":{"line":108,"column":48}}],"line":108},"9":{"loc":{"start":{"line":117,"column":13},"end":{"line":122,"column":13}},"type":"binary-expr","locations":[{"start":{"line":117,"column":13},"end":{"line":117,"column":23}},{"start":{"line":118,"column":14},"end":{"line":121,"column":21}}],"line":117},"10":{"loc":{"start":{"line":131,"column":11},"end":{"line":136,"column":13}},"type":"binary-expr","locations":[{"start":{"line":131,"column":11},"end":{"line":131,"column":58}},{"start":{"line":132,"column":12},"end":{"line":132,"column":32}},{"start":{"line":133,"column":14},"end":{"line":135,"column":21}}],"line":131},"11":{"loc":{"start":{"line":137,"column":11},"end":{"line":139,"column":11}},"type":"binary-expr","locations":[{"start":{"line":137,"column":11},"end":{"line":137,"column":33}},{"start":{"line":138,"column":12},"end":{"line":138,"column":70}}],"line":137},"12":{"loc":{"start":{"line":143,"column":7},"end":{"line":156,"column":7}},"type":"binary-expr","locations":[{"start":{"line":143,"column":7},"end":{"line":143,"column":14}},{"start":{"line":143,"column":18},"end":{"line":143,"column":29}},{"start":{"line":144,"column":8},"end":{"line":155,"column":15}}],"line":143}},"s":{"0":0,"1":0,"2":0,"3":0,"4":0,"5":0,"6":0,"7":0,"8":0,"9":0,"10":0,"11":0,"12":0,"13":0,"14":0,"15":0,"16":0,"17":0,"18":0,"19":0,"20":0,"21":0,"22":0,"23":0,"24":0,"25":0},"f":{"0":0,"1":0,"2":0,"3":0,"4":0},"b":{"0":[0],"1":[0,0,0,0,0],"2":[0,0],"3":[0,0],"4":[0,0],"5":[0,0],"6":[0,0,0],"7":[0,0],"8":[0,0],"9":[0,0],"10":[0,0,0],"11":[0,0],"12":[0,0,0]}}
,"/home/runner/work/sales-and-stock-manager/sales-and-stock-manager/components/QuickActionsModal.tsx": {"path":"/home/runner/work/sales-and-stock-manager/sales-and-stock-manager/components/QuickActionsModal.tsx","statementMap":{"0":{"start":{"line":29,"column":60},"end":{"line":186,"column":1}},"1":{"start":{"line":34,"column":19},"end":{"line":34,"column":56}},"2":{"start":{"line":36,"column":2},"end":{"line":46,"column":26}},"3":{"start":{"line":37,"column":4},"end":{"line":45,"column":5}},"4":{"start":{"line":38,"column":6},"end":{"line":42,"column":17}},"5":{"start":{"line":43,"column":11},"end":{"line":45,"column":5}},"6":{"start":{"line":44,"column":6},"end":{"line":44,"column":27}},"7":{"start":{"line":47,"column":38},"end":{"line":96,"column":3}},"8":{"start":{"line":98,"column":28},"end":{"line":101,"column":3}},"9":{"start":{"line":99,"column":4},"end":{"line":99,"column":23}},"10":{"start":{"line":100,"column":4},"end":{"line":100,"column":14}},"11":{"start":{"line":103,"column":30},"end":{"line":105,"column":3}},"12":{"start":{"line":104,"column":4},"end":{"line":104,"column":14}},"13":{"start":{"line":107,"column":27},"end":{"line":132,"column":3}},"14":{"start":{"line":108,"column":4},"end":{"line":131,"column":23}},"15":{"start":{"line":111,"column":21},"end":{"line":111,"column":49}},"16":{"start":{"line":134,"column":2},"end":{"line":185,"column":4}},"17":{"start":{"line":154,"column":26},"end":{"line":154,"column":45}},"18":{"start":{"line":188,"column":15},"end":{"line":265,"column":2}}},"fnMap":{"0":{"name":"(anonymous_0)","decl":{"start":{"line":29,"column":60},"end":{"line":29,"column":61}},"loc":{"start":{"line":33,"column":6},"end":{"line":186,"column":1}},"line":33},"1":{"name":"(anonymous_1)","decl":{"start":{"line":36,"column":12},"end":{"line":36,"column":13}},"loc":{"start":{"line":36,"column":18},"end":{"line":46,"column":3}},"line":36},"2":{"name":"(anonymous_2)","decl":{"start":{"line":98,"column":28},"end":{"line":98,"column":29}},"loc":{"start":{"line":98,"column":50},"end":{"line":101,"column":3}},"line":98},"3":{"name":"(anonymous_3)","decl":{"start":{"line":103,"column":30},"end":{"line":103,"column":31}},"loc":{"start":{"line":103,"column":36},"end":{"line":105,"column":3}},"line":103},"4":{"name":"(anonymous_4)","decl":{"start":{"line":107,"column":27},"end":{"line":107,"column":28}},"loc":{"start":{"line":108,"column":4},"end":{"line":131,"column":23}},"line":108},"5":{"name":"(anonymous_5)","decl":{"start":{"line":111,"column":15},"end":{"line":111,"column":16}},"loc":{"start":{"line":111,"column":21},"end":{"line":111,"column":49}},"line":111},"6":{"name":"(anonymous_6)","decl":{"start":{"line":154,"column":21},"end":{"line":154,"column":22}},"loc":{"start":{"line":154,"column":26},"end":{"line":154,"column":45}},"line":154}},"branchMap":{"0":{"loc":{"start":{"line":37,"column":4},"end":{"line":45,"column":5}},"type":"if","locations":[{"start":{"line":37,"column":4},"end":{"line":45,"column":5}},{"start":{"line":43,"column":11},"end":{"line":45,"column":5}}],"line":37},"1":{"loc":{"start":{"line":37,"column":8},"end":{"line":37,"column":56}},"type":"binary-expr","locations":[{"start":{"line":37,"column":8},"end":{"line":37,"column":15}},{"start":{"line":37,"column":19},"end":{"line":37,"column":56}}],"line":37},"2":{"loc":{"start":{"line":43,"column":11},"end":{"line":45,"column":5}},"type":"if","locations":[{"start":{"line":43,"column":11},"end":{"line":45,"column":5}},{"start":{},"end":{}}],"line":43},"3":{"loc":{"start":{"line":149,"column":12},"end":{"line":149,"column":74}},"type":"binary-expr","locations":[{"start":{"line":149,"column":12},"end":{"line":149,"column":49}},{"start":{"line":149,"column":53},"end":{"line":149,"column":74}}],"line":149}},"s":{"0":0,"1":0,"2":0,"3":0,"4":0,"5":0,"6":0,"7":0,"8":0,"9":0,"10":0,"11":0,"12":0,"13":0,"14":0,"15":0,"16":0,"17":0,"18":0},"f":{"0":0,"1":0,"2":0,"3":0,"4":0,"5":0,"6":0},"b":{"0":[0,0],"1":[0,0],"2":[0,0],"3":[0,0]}}
,"/home/runner/work/sales-and-stock-manager/sales-and-stock-manager/components/SearchBar.tsx": {"path":"/home/runner/work/sales-and-stock-manager/sales-and-stock-manager/components/SearchBar.tsx","statementMap":{"0":{"start":{"line":12,"column":44},"end":{"line":50,"column":1}},"1":{"start":{"line":18,"column":2},"end":{"line":49,"column":4}},"2":{"start":{"line":38,"column":27},"end":{"line":38,"column":43}},"3":{"start":{"line":52,"column":15},"end":{"line":83,"column":2}}},"fnMap":{"0":{"name":"(anonymous_0)","decl":{"start":{"line":12,"column":44},"end":{"line":12,"column":45}},"loc":{"start":{"line":17,"column":6},"end":{"line":50,"column":1}},"line":17},"1":{"name":"(anonymous_1)","decl":{"start":{"line":38,"column":21},"end":{"line":38,"column":22}},"loc":{"start":{"line":38,"column":27},"end":{"line":38,"column":43}},"line":38}},"branchMap":{"0":{"loc":{"start":{"line":15,"column":2},"end":{"line":15,"column":53}},"type":"default-arg","locations":[{"start":{"line":15,"column":16},"end":{"line":15,"column":53}}],"line":15},"1":{"loc":{"start":{"line":16,"column":2},"end":{"line":16,"column":21}},"type":"default-arg","locations":[{"start":{"line":16,"column":16},"end":{"line":16,"column":21}}],"line":16},"2":{"loc":{"start":{"line":21,"column":9},"end":{"line":25,"column":9}},"type":"cond-expr","locations":[{"start":{"line":22,"column":10},"end":{"line":22,"column":86}},{"start":{"line":24,"column":10},"end":{"line":24,"column":81}}],"line":21},"3":{"loc":{"start":{"line":36,"column":9},"end":{"line":46,"column":9}},"type":"binary-expr","locations":[{"start":{"line":36,"column":9},"end":{"line":36,"column":25}},{"start":{"line":37,"column":10},"end":{"line":45,"column":29}}],"line":36}},"s":{"0":0,"1":0,"2":0,"3":0},"f":{"0":0,"1":0},"b":{"0":[0],"1":[0],"2":[0,0],"3":[0,0]}}
,"/home/runner/work/sales-and-stock-manager/sales-and-stock-manager/components/SkeletonLoader.tsx": {"path":"/home/runner/work/sales-and-stock-manager/sales-and-stock-manager/components/SkeletonLoader.tsx","statementMap":{"0":{"start":{"line":11,"column":54},"end":{"line":53,"column":1}},"1":{"start":{"line":17,"column":24},"end":{"line":17,"column":69}},"2":{"start":{"line":19,"column":2},"end":{"line":36,"column":22}},"3":{"start":{"line":20,"column":22},"end":{"line":33,"column":5}},"4":{"start":{"line":34,"column":4},"end":{"line":34,"column":22}},"5":{"start":{"line":35,"column":4},"end":{"line":35,"column":34}},"6":{"start":{"line":35,"column":17},"end":{"line":35,"column":33}},"7":{"start":{"line":38,"column":2},"end":{"line":52,"column":4}},"8":{"start":{"line":55,"column":15},"end":{"line":59,"column":2}}},"fnMap":{"0":{"name":"(anonymous_0)","decl":{"start":{"line":11,"column":54},"end":{"line":11,"column":55}},"loc":{"start":{"line":16,"column":6},"end":{"line":53,"column":1}},"line":16},"1":{"name":"(anonymous_1)","decl":{"start":{"line":19,"column":18},"end":{"line":19,"column":19}},"loc":{"start":{"line":19,"column":24},"end":{"line":36,"column":3}},"line":19},"2":{"name":"(anonymous_2)","decl":{"start":{"line":35,"column":11},"end":{"line":35,"column":12}},"loc":{"start":{"line":35,"column":17},"end":{"line":35,"column":33}},"line":35}},"branchMap":{"0":{"loc":{"start":{"line":12,"column":2},"end":{"line":12,"column":16}},"type":"default-arg","locations":[{"start":{"line":12,"column":10},"end":{"line":12,"column":16}}],"line":12},"1":{"loc":{"start":{"line":13,"column":2},"end":{"line":13,"column":13}},"type":"default-arg","locations":[{"start":{"line":13,"column":11},"end":{"line":13,"column":13}}],"line":13},"2":{"loc":{"start":{"line":14,"column":2},"end":{"line":14,"column":18}},"type":"default-arg","locations":[{"start":{"line":14,"column":17},"end":{"line":14,"column":18}}],"line":14}},"s":{"0":0,"1":0,"2":0,"3":0,"4":0,"5":0,"6":0,"7":0,"8":0},"f":{"0":0,"1":0,"2":0},"b":{"0":[0],"1":[0],"2":[0]}}
,"/home/runner/work/sales-and-stock-manager/sales-and-stock-manager/components/SyncStatusBanner.tsx": {"path":"/home/runner/work/sales-and-stock-manager/sales-and-stock-manager/components/SyncStatusBanner.tsx","statementMap":{"0":{"start":{"line":20,"column":58},"end":{"line":107,"column":1}},"1":{"start":{"line":26,"column":2},"end":{"line":28,"column":3}},"2":{"start":{"line":27,"column":4},"end":{"line":27,"column":16}},"3":{"start":{"line":30,"column":26},"end":{"line":68,"column":3}},"4":{"start":{"line":31,"column":4},"end":{"line":67,"column":5}},"5":{"start":{"line":33,"column":8},"end":{"line":38,"column":10}},"6":{"start":{"line":40,"column":8},"end":{"line":45,"column":10}},"7":{"start":{"line":47,"column":8},"end":{"line":52,"column":10}},"8":{"start":{"line":54,"column":8},"end":{"line":59,"column":10}},"9":{"start":{"line":61,"column":8},"end":{"line":66,"column":10}},"10":{"start":{"line":70,"column":17},"end":{"line":70,"column":34}},"11":{"start":{"line":72,"column":2},"end":{"line":106,"column":4}},"12":{"start":{"line":109,"column":15},"end":{"line":145,"column":2}}},"fnMap":{"0":{"name":"(anonymous_0)","decl":{"start":{"line":20,"column":58},"end":{"line":20,"column":59}},"loc":{"start":{"line":25,"column":6},"end":{"line":107,"column":1}},"line":25},"1":{"name":"(anonymous_1)","decl":{"start":{"line":30,"column":26},"end":{"line":30,"column":27}},"loc":{"start":{"line":30,"column":32},"end":{"line":68,"column":3}},"line":30}},"branchMap":{"0":{"loc":{"start":{"line":24,"column":2},"end":{"line":24,"column":16}},"type":"default-arg","locations":[{"start":{"line":24,"column":15},"end":{"line":24,"column":16}}],"line":24},"1":{"loc":{"start":{"line":26,"column":2},"end":{"line":28,"column":3}},"type":"if","locations":[{"start":{"line":26,"column":2},"end":{"line":28,"column":3}},{"start":{},"end":{}}],"line":26},"2":{"loc":{"start":{"line":31,"column":4},"end":{"line":67,"column":5}},"type":"switch","locations":[{"start":{"line":32,"column":6},"end":{"line":38,"column":10}},{"start":{"line":39,"column":6},"end":{"line":45,"column":10}},{"start":{"line":46,"column":6},"end":{"line":52,"column":10}},{"start":{"line":53,"column":6},"end":{"line":59,"column":10}},{"start":{"line":60,"column":6},"end":{"line":66,"column":10}}],"line":31},"3":{"loc":{"start":{"line":44,"column":46},"end":{"line":44,"column":73}},"type":"cond-expr","locations":[{"start":{"line":44,"column":65},"end":{"line":44,"column":68}},{"start":{"line":44,"column":71},"end":{"line":44,"column":73}}],"line":44},"4":{"loc":{"start":{"line":51,"column":16},"end":{"line":51,"column":40}},"type":"binary-expr","locations":[{"start":{"line":51,"column":16},"end":{"line":51,"column":23}},{"start":{"line":51,"column":27},"end":{"line":51,"column":40}}],"line":51},"5":{"loc":{"start":{"line":85,"column":11},"end":{"line":89,"column":11}},"type":"cond-expr","locations":[{"start":{"line":86,"column":12},"end":{"line":86,"column":87}},{"start":{"line":88,"column":12},"end":{"line":88,"column":90}}],"line":85},"6":{"loc":{"start":{"line":93,"column":9},"end":{"line":103,"column":9}},"type":"binary-expr","locations":[{"start":{"line":93,"column":9},"end":{"line":93,"column":28}},{"start":{"line":93,"column":32},"end":{"line":93,"column":39}},{"start":{"line":94,"column":10},"end":{"line":102,"column":29}}],"line":93}},"s":{"0":0,"1":0,"2":0,"3":0,"4":0,"5":0,"6":0,"7":0,"8":0,"9":0,"10":0,"11":0,"12":0},"f":{"0":0,"1":0},"b":{"0":[0],"1":[0,0],"2":[0,0,0,0,0],"3":[0,0],"4":[0,0],"5":[0,0],"6":[0,0,0]}}
,"/home/runner/work/sales-and-stock-manager/sales-and-stock-manager/hooks/useDebounce.ts": {"path":"/home/runner/work/sales-and-stock-manager/sales-and-stock-manager/hooks/useDebounce.ts","statementMap":{"0":{"start":{"line":10,"column":46},"end":{"line":10,"column":64}},"1":{"start":{"line":12,"column":2},"end":{"line":22,"column":21}},"2":{"start":{"line":14,"column":20},"end":{"line":16,"column":13}},"3":{"start":{"line":15,"column":6},"end":{"line":15,"column":31}},"4":{"start":{"line":19,"column":4},"end":{"line":21,"column":6}},"5":{"start":{"line":20,"column":6},"end":{"line":20,"column":28}},"6":{"start":{"line":24,"column":2},"end":{"line":24,"column":24}},"7":{"start":{"line":34,"column":40},"end":{"line":34,"column":55}},"8":{"start":{"line":35,"column":25},"end":{"line":35,"column":50}},"9":{"start":{"line":37,"column":2},"end":{"line":44,"column":30}},"10":{"start":{"line":39,"column":4},"end":{"line":43,"column":5}},"11":{"start":{"line":40,"column":6},"end":{"line":40,"column":27}},"12":{"start":{"line":42,"column":6},"end":{"line":42,"column":28}},"13":{"start":{"line":46,"column":2},"end":{"line":49,"column":4}}},"fnMap":{"0":{"name":"useDebounce","decl":{"start":{"line":9,"column":9},"end":{"line":9,"column":20}},"loc":{"start":{"line":9,"column":58},"end":{"line":25,"column":1}},"line":9},"1":{"name":"(anonymous_1)","decl":{"start":{"line":12,"column":12},"end":{"line":12,"column":13}},"loc":{"start":{"line":12,"column":18},"end":{"line":22,"column":3}},"line":12},"2":{"name":"(anonymous_2)","decl":{"start":{"line":14,"column":31},"end":{"line":14,"column":32}},"loc":{"start":{"line":14,"column":37},"end":{"line":16,"column":5}},"line":14},"3":{"name":"(anonymous_3)","decl":{"start":{"line":19,"column":11},"end":{"line":19,"column":12}},"loc":{"start":{"line":19,"column":17},"end":{"line":21,"column":5}},"line":19},"4":{"name":"useDebouncedSearch","decl":{"start":{"line":33,"column":9},"end":{"line":33,"column":27}},"loc":{"start":{"line":33,"column":64},"end":{"line":50,"column":1}},"line":33},"5":{"name":"(anonymous_5)","decl":{"start":{"line":37,"column":12},"end":{"line":37,"column":13}},"loc":{"start":{"line":37,"column":18},"end":{"line":44,"column":3}},"line":37}},"branchMap":{"0":{"loc":{"start":{"line":9,"column":34},"end":{"line":9,"column":53}},"type":"default-arg","locations":[{"start":{"line":9,"column":50},"end":{"line":9,"column":53}}],"line":9},"1":{"loc":{"start":{"line":33,"column":43},"end":{"line":33,"column":62}},"type":"default-arg","locations":[{"start":{"line":33,"column":59},"end":{"line":33,"column":62}}],"line":33},"2":{"loc":{"start":{"line":39,"column":4},"end":{"line":43,"column":5}},"type":"if","locations":[{"start":{"line":39,"column":4},"end":{"line":43,"column":5}},{"start":{"line":41,"column":11},"end":{"line":43,"column":5}}],"line":39}},"s":{"0":13,"1":13,"2":10,"3":3,"4":10,"5":10,"6":13,"7":0,"8":0,"9":0,"10":0,"11":0,"12":0,"13":0},"f":{"0":13,"1":10,"2":3,"3":10,"4":0,"5":0},"b":{"0":[0],"1":[0],"2":[0,0]},"_coverageSchema":"1a1c01bbd47fc00a2c39e90264f33305004495a9","hash":"2e2afffe0dca9a723e5465f2060e4cdf544f362f"}
,"/home/runner/work/sales-and-stock-manager/sales-and-stock-manager/hooks/useSales.ts": {"path":"/home/runner/work/sales-and-stock-manager/sales-and-stock-manager/hooks/useSales.ts","statementMap":{"0":{"start":{"line":9,"column":21},"end":{"line":15,"column":1}},"1":{"start":{"line":10,"column":2},"end":{"line":14,"column":5}},"2":{"start":{"line":11,"column":14},"end":{"line":11,"column":36}},"3":{"start":{"line":12,"column":14},"end":{"line":12,"column":45}},"4":{"start":{"line":13,"column":4},"end":{"line":13,"column":26}},"5":{"start":{"line":31,"column":24},"end":{"line":257,"column":1}},"6":{"start":{"line":32,"column":42},"end":{"line":32,"column":57}},"7":{"start":{"line":33,"column":38},"end":{"line":33,"column":84}},"8":{"start":{"line":34,"column":20},"end":{"line":34,"column":50}},"9":{"start":{"line":45,"column":6},"end":{"line":45,"column":20}},"10":{"start":{"line":48,"column":15},"end":{"line":48,"column":30}},"11":{"start":{"line":50,"column":20},"end":{"line":73,"column":15}},"12":{"start":{"line":51,"column":4},"end":{"line":72,"column":5}},"13":{"start":{"line":52,"column":6},"end":{"line":54,"column":7}},"14":{"start":{"line":53,"column":8},"end":{"line":53,"column":50}},"15":{"start":{"line":57,"column":39},"end":{"line":61,"column":17}},"16":{"start":{"line":63,"column":6},"end":{"line":65,"column":7}},"17":{"start":{"line":64,"column":8},"end":{"line":64,"column":45}},"18":{"start":{"line":68,"column":6},"end":{"line":68,"column":34}},"19":{"start":{"line":70,"column":6},"end":{"line":70,"column":53}},"20":{"start":{"line":71,"column":6},"end":{"line":71,"column":18}},"21":{"start":{"line":75,"column":25},"end":{"line":77,"column":18}},"22":{"start":{"line":76,"column":4},"end":{"line":76,"column":27}},"23":{"start":{"line":79,"column":25},"end":{"line":81,"column":26}},"24":{"start":{"line":80,"column":4},"end":{"line":80,"column":46}},"25":{"start":{"line":83,"column":23},"end":{"line":85,"column":16}},"26":{"start":{"line":84,"column":4},"end":{"line":84,"column":22}},"27":{"start":{"line":87,"column":19},"end":{"line":188,"column":64}},"28":{"start":{"line":91,"column":4},"end":{"line":93,"column":5}},"29":{"start":{"line":92,"column":6},"end":{"line":92,"column":56}},"30":{"start":{"line":95,"column":4},"end":{"line":95,"column":26}},"31":{"start":{"line":96,"column":26},"end":{"line":96,"column":40}},"32":{"start":{"line":98,"column":4},"end":{"line":187,"column":5}},"33":{"start":{"line":99,"column":27},"end":{"line":99,"column":48}},"34":{"start":{"line":100,"column":23},"end":{"line":100,"column":83}},"35":{"start":{"line":103,"column":48},"end":{"line":121,"column":7}},"36":{"start":{"line":105,"column":44},"end":{"line":111,"column":9}},"37":{"start":{"line":123,"column":6},"end":{"line":144,"column":7}},"38":{"start":{"line":125,"column":26},"end":{"line":127,"column":36}},"39":{"start":{"line":129,"column":8},"end":{"line":131,"column":9}},"40":{"start":{"line":130,"column":10},"end":{"line":130,"column":22}},"41":{"start":{"line":134,"column":8},"end":{"line":140,"column":9}},"42":{"start":{"line":135,"column":30},"end":{"line":135,"column":80}},"43":{"start":{"line":136,"column":10},"end":{"line":139,"column":39}},"44":{"start":{"line":143,"column":8},"end":{"line":143,"column":61}},"45":{"start":{"line":147,"column":26},"end":{"line":164,"column":7}},"46":{"start":{"line":150,"column":44},"end":{"line":155,"column":9}},"47":{"start":{"line":172,"column":6},"end":{"line":172,"column":18}},"48":{"start":{"line":174,"column":6},"end":{"line":178,"column":8}},"49":{"start":{"line":180,"column":6},"end":{"line":180,"column":47}},"50":{"start":{"line":181,"column":6},"end":{"line":184,"column":8}},"51":{"start":{"line":186,"column":6},"end":{"line":186,"column":29}},"52":{"start":{"line":190,"column":26},"end":{"line":231,"column":8}},"53":{"start":{"line":191,"column":4},"end":{"line":230,"column":5}},"54":{"start":{"line":193,"column":43},"end":{"line":197,"column":17}},"55":{"start":{"line":199,"column":6},"end":{"line":201,"column":7}},"56":{"start":{"line":200,"column":8},"end":{"line":200,"column":49}},"57":{"start":{"line":203,"column":26},"end":{"line":220,"column":7}},"58":{"start":{"line":206,"column":53},"end":{"line":211,"column":9}},"59":{"start":{"line":226,"column":6},"end":{"line":226,"column":43}},"60":{"start":{"line":228,"column":6},"end":{"line":228,"column":58}},"61":{"start":{"line":229,"column":6},"end":{"line":229,"column":18}},"62":{"start":{"line":233,"column":20},"end":{"line":242,"column":17}},"63":{"start":{"line":234,"column":4},"end":{"line":234,"column":29}},"64":{"start":{"line":235,"column":4},"end":{"line":241,"column":5}},"65":{"start":{"line":236,"column":6},"end":{"line":236,"column":37}},"66":{"start":{"line":237,"column":6},"end":{"line":237,"column":28}},"67":{"start":{"line":239,"column":6},"end":{"line":239,"column":43}},"68":{"start":{"line":240,"column":6},"end":{"line":240,"column":29}},"69":{"start":{"line":244,"column":2},"end":{"line":256,"column":4}}},"fnMap":{"0":{"name":"(anonymous_0)","decl":{"start":{"line":9,"column":21},"end":{"line":9,"column":22}},"loc":{"start":{"line":9,"column":35},"end":{"line":15,"column":1}},"line":9},"1":{"name":"(anonymous_1)","decl":{"start":{"line":10,"column":65},"end":{"line":10,"column":66}},"loc":{"start":{"line":10,"column":77},"end":{"line":14,"column":3}},"line":10},"2":{"name":"(anonymous_2)","decl":{"start":{"line":31,"column":24},"end":{"line":31,"column":25}},"loc":{"start":{"line":31,"column":46},"end":{"line":257,"column":1}},"line":31},"3":{"name":"(anonymous_3)","decl":{"start":{"line":50,"column":32},"end":{"line":50,"column":33}},"loc":{"start":{"line":50,"column":85},"end":{"line":73,"column":3}},"line":50},"4":{"name":"(anonymous_4)","decl":{"start":{"line":75,"column":37},"end":{"line":75,"column":38}},"loc":{"start":{"line":75,"column":61},"end":{"line":77,"column":3}},"line":75},"5":{"name":"(anonymous_5)","decl":{"start":{"line":79,"column":37},"end":{"line":79,"column":38}},"loc":{"start":{"line":79,"column":80},"end":{"line":81,"column":3}},"line":79},"6":{"name":"(anonymous_6)","decl":{"start":{"line":83,"column":35},"end":{"line":83,"column":36}},"loc":{"start":{"line":83,"column":41},"end":{"line":85,"column":3}},"line":83},"7":{"name":"(anonymous_7)","decl":{"start":{"line":87,"column":31},"end":{"line":87,"column":32}},"loc":{"start":{"line":90,"column":7},"end":{"line":188,"column":3}},"line":90},"8":{"name":"(anonymous_8)","decl":{"start":{"line":105,"column":35},"end":{"line":105,"column":36}},"loc":{"start":{"line":105,"column":44},"end":{"line":111,"column":9}},"line":105},"9":{"name":"(anonymous_9)","decl":{"start":{"line":150,"column":35},"end":{"line":150,"column":36}},"loc":{"start":{"line":150,"column":44},"end":{"line":155,"column":9}},"line":150},"10":{"name":"(anonymous_10)","decl":{"start":{"line":190,"column":38},"end":{"line":190,"column":39}},"loc":{"start":{"line":190,"column":89},"end":{"line":231,"column":3}},"line":190},"11":{"name":"(anonymous_11)","decl":{"start":{"line":206,"column":37},"end":{"line":206,"column":38}},"loc":{"start":{"line":206,"column":53},"end":{"line":211,"column":9}},"line":206},"12":{"name":"(anonymous_12)","decl":{"start":{"line":233,"column":32},"end":{"line":233,"column":33}},"loc":{"start":{"line":233,"column":44},"end":{"line":242,"column":3}},"line":233}},"branchMap":{"0":{"loc":{"start":{"line":12,"column":14},"end":{"line":12,"column":45}},"type":"cond-expr","locations":[{"start":{"line":12,"column":26},"end":{"line":12,"column":27}},{"start":{"line":12,"column":31},"end":{"line":12,"column":44}}],"line":12},"1":{"loc":{"start":{"line":50,"column":59},"end":{"line":50,"column":80}},"type":"default-arg","locations":[{"start":{"line":50,"column":79},"end":{"line":50,"column":80}}],"line":50},"2":{"loc":{"start":{"line":52,"column":6},"end":{"line":54,"column":7}},"type":"if","locations":[{"start":{"line":52,"column":6},"end":{"line":54,"column":7}},{"start":{},"end":{}}],"line":52},"3":{"loc":{"start":{"line":63,"column":6},"end":{"line":65,"column":7}},"type":"if","locations":[{"start":{"line":63,"column":6},"end":{"line":65,"column":7}},{"start":{},"end":{}}],"line":63},"4":{"loc":{"start":{"line":63,"column":10},"end":{"line":63,"column":27}},"type":"binary-expr","locations":[{"start":{"line":63,"column":10},"end":{"line":63,"column":15}},{"start":{"line":63,"column":19},"end":{"line":63,"column":27}}],"line":63},"5":{"loc":{"start":{"line":91,"column":4},"end":{"line":93,"column":5}},"type":"if","locations":[{"start":{"line":91,"column":4},"end":{"line":93,"column":5}},{"start":{},"end":{}}],"line":91},"6":{"loc":{"start":{"line":100,"column":23},"end":{"line":100,"column":83}},"type":"binary-expr","locations":[{"start":{"line":100,"column":23},"end":{"line":100,"column":47}},{"start":{"line":100,"column":51},"end":{"line":100,"column":83}}],"line":100},"7":{"loc":{"start":{"line":123,"column":6},"end":{"line":144,"column":7}},"type":"if","locations":[{"start":{"line":123,"column":6},"end":{"line":144,"column":7}},{"start":{"line":141,"column":13},"end":{"line":144,"column":7}}],"line":123},"8":{"loc":{"start":{"line":129,"column":8},"end":{"line":131,"column":9}},"type":"if","locations":[{"start":{"line":129,"column":8},"end":{"line":131,"column":9}},{"start":{},"end":{}}],"line":129},"9":{"loc":{"start":{"line":183,"column":15},"end":{"line":183,"column":73}},"type":"cond-expr","locations":[{"start":{"line":183,"column":40},"end":{"line":183,"column":53}},{"start":{"line":183,"column":56},"end":{"line":183,"column":73}}],"line":183},"10":{"loc":{"start":{"line":199,"column":6},"end":{"line":201,"column":7}},"type":"if","locations":[{"start":{"line":199,"column":6},"end":{"line":201,"column":7}},{"start":{},"end":{}}],"line":199},"11":{"loc":{"start":{"line":199,"column":10},"end":{"line":199,"column":31}},"type":"binary-expr","locations":[{"start":{"line":199,"column":10},"end":{"line":199,"column":15}},{"start":{"line":199,"column":19},"end":{"line":199,"column":31}}],"line":199}},"s":{"0":0,"1":0,"2":0,"3":0,"4":0,"5":0,"6":0,"7":0,"8":0,"9":0,"10":0,"11":0,"12":0,"13":0,"14":0,"15":0,"16":0,"17":0,"18":0,"19":0,"20":0,"21":0,"22":0,"23":0,"24":0,"25":0,"26":0,"27":0,"28":0,"29":0,"30":0,"31":0,"32":0,"33":0,"34":0,"35":0,"36":0,"37":0,"38":0,"39":0,"40":0,"41":0,"42":0,"43":0,"44":0,"45":0,"46":0,"47":0,"48":0,"49":0,"50":0,"51":0,"52":0,"53":0,"54":0,"55":0,"56":0,"57":0,"58":0,"59":0,"60":0,"61":0,"62":0,"63":0,"64":0,"65":0,"66":0,"67":0,"68":0,"69":0},"f":{"0":0,"1":0,"2":0,"3":0,"4":0,"5":0,"6":0,"7":0,"8":0,"9":0,"10":0,"11":0,"12":0},"b":{"0":[0,0],"1":[0],"2":[0,0],"3":[0,0],"4":[0,0],"5":[0,0],"6":[0,0],"7":[0,0],"8":[0,0],"9":[0,0],"10":[0,0],"11":[0,0]}}
,"/home/runner/work/sales-and-stock-manager/sales-and-stock-manager/hooks/useSalesCart.ts": {"path":"/home/runner/work/sales-and-stock-manager/sales-and-stock-manager/hooks/useSalesCart.ts","statementMap":{"0":{"start":{"line":18,"column":25},"end":{"line":18,"column":38}},"1":{"start":{"line":20,"column":28},"end":{"line":175,"column":1}},"2":{"start":{"line":21,"column":26},"end":{"line":25,"column":4}},"3":{"start":{"line":28,"column":2},"end":{"line":30,"column":9}},"4":{"start":{"line":29,"column":4},"end":{"line":29,"column":26}},"5":{"start":{"line":33,"column":2},"end":{"line":35,"column":13}},"6":{"start":{"line":34,"column":4},"end":{"line":34,"column":24}},"7":{"start":{"line":37,"column":30},"end":{"line":47,"column":3}},"8":{"start":{"line":38,"column":4},"end":{"line":46,"column":5}},"9":{"start":{"line":39,"column":25},"end":{"line":39,"column":69}},"10":{"start":{"line":40,"column":6},"end":{"line":43,"column":7}},"11":{"start":{"line":41,"column":27},"end":{"line":41,"column":49}},"12":{"start":{"line":42,"column":8},"end":{"line":42,"column":28}},"13":{"start":{"line":45,"column":6},"end":{"line":45,"column":64}},"14":{"start":{"line":49,"column":28},"end":{"line":55,"column":3}},"15":{"start":{"line":50,"column":4},"end":{"line":54,"column":5}},"16":{"start":{"line":51,"column":6},"end":{"line":51,"column":73}},"17":{"start":{"line":53,"column":6},"end":{"line":53,"column":62}},"18":{"start":{"line":57,"column":18},"end":{"line":97,"column":8}},"19":{"start":{"line":58,"column":4},"end":{"line":96,"column":7}},"20":{"start":{"line":59,"column":32},"end":{"line":61,"column":7}},"21":{"start":{"line":60,"column":16},"end":{"line":60,"column":46}},"22":{"start":{"line":63,"column":6},"end":{"line":95,"column":7}},"23":{"start":{"line":65,"column":29},"end":{"line":65,"column":48}},"24":{"start":{"line":66,"column":29},"end":{"line":66,"column":60}},"25":{"start":{"line":67,"column":28},"end":{"line":67,"column":60}},"26":{"start":{"line":69,"column":8},"end":{"line":73,"column":10}},"27":{"start":{"line":75,"column":8},"end":{"line":79,"column":10}},"28":{"start":{"line":77,"column":52},"end":{"line":77,"column":74}},"29":{"start":{"line":78,"column":56},"end":{"line":78,"column":75}},"30":{"start":{"line":82,"column":34},"end":{"line":87,"column":9}},"31":{"start":{"line":89,"column":29},"end":{"line":89,"column":57}},"32":{"start":{"line":90,"column":8},"end":{"line":94,"column":10}},"33":{"start":{"line":92,"column":52},"end":{"line":92,"column":74}},"34":{"start":{"line":93,"column":56},"end":{"line":93,"column":75}},"35":{"start":{"line":99,"column":21},"end":{"line":111,"column":8}},"36":{"start":{"line":100,"column":4},"end":{"line":110,"column":7}},"37":{"start":{"line":101,"column":27},"end":{"line":103,"column":7}},"38":{"start":{"line":102,"column":16},"end":{"line":102,"column":45}},"39":{"start":{"line":105,"column":6},"end":{"line":109,"column":8}},"40":{"start":{"line":107,"column":50},"end":{"line":107,"column":72}},"41":{"start":{"line":108,"column":54},"end":{"line":108,"column":73}},"42":{"start":{"line":113,"column":25},"end":{"line":137,"column":18}},"43":{"start":{"line":114,"column":4},"end":{"line":117,"column":5}},"44":{"start":{"line":115,"column":6},"end":{"line":115,"column":28}},"45":{"start":{"line":116,"column":6},"end":{"line":116,"column":13}},"46":{"start":{"line":119,"column":4},"end":{"line":136,"column":7}},"47":{"start":{"line":120,"column":27},"end":{"line":129,"column":8}},"48":{"start":{"line":121,"column":8},"end":{"line":127,"column":9}},"49":{"start":{"line":122,"column":10},"end":{"line":126,"column":12}},"50":{"start":{"line":128,"column":8},"end":{"line":128,"column":20}},"51":{"start":{"line":131,"column":6},"end":{"line":135,"column":8}},"52":{"start":{"line":133,"column":50},"end":{"line":133,"column":72}},"53":{"start":{"line":134,"column":54},"end":{"line":134,"column":73}},"54":{"start":{"line":139,"column":20},"end":{"line":145,"column":8}},"55":{"start":{"line":140,"column":4},"end":{"line":144,"column":7}},"56":{"start":{"line":147,"column":26},"end":{"line":150,"column":18}},"57":{"start":{"line":148,"column":17},"end":{"line":148,"column":71}},"58":{"start":{"line":148,"column":41},"end":{"line":148,"column":70}},"59":{"start":{"line":149,"column":4},"end":{"line":149,"column":36}},"60":{"start":{"line":152,"column":19},"end":{"line":154,"column":18}},"61":{"start":{"line":153,"column":4},"end":{"line":153,"column":22}},"62":{"start":{"line":156,"column":23},"end":{"line":158,"column":22}},"63":{"start":{"line":157,"column":4},"end":{"line":157,"column":26}},"64":{"start":{"line":160,"column":18},"end":{"line":162,"column":25}},"65":{"start":{"line":161,"column":4},"end":{"line":161,"column":35}},"66":{"start":{"line":164,"column":2},"end":{"line":174,"column":4}}},"fnMap":{"0":{"name":"(anonymous_0)","decl":{"start":{"line":20,"column":28},"end":{"line":20,"column":29}},"loc":{"start":{"line":20,"column":34},"end":{"line":175,"column":1}},"line":20},"1":{"name":"(anonymous_1)","decl":{"start":{"line":28,"column":12},"end":{"line":28,"column":13}},"loc":{"start":{"line":28,"column":18},"end":{"line":30,"column":3}},"line":28},"2":{"name":"(anonymous_2)","decl":{"start":{"line":33,"column":12},"end":{"line":33,"column":13}},"loc":{"start":{"line":33,"column":18},"end":{"line":35,"column":3}},"line":33},"3":{"name":"(anonymous_3)","decl":{"start":{"line":37,"column":30},"end":{"line":37,"column":31}},"loc":{"start":{"line":37,"column":42},"end":{"line":47,"column":3}},"line":37},"4":{"name":"(anonymous_4)","decl":{"start":{"line":49,"column":28},"end":{"line":49,"column":29}},"loc":{"start":{"line":49,"column":40},"end":{"line":55,"column":3}},"line":49},"5":{"name":"(anonymous_5)","decl":{"start":{"line":57,"column":30},"end":{"line":57,"column":31}},"loc":{"start":{"line":57,"column":74},"end":{"line":97,"column":3}},"line":57},"6":{"name":"(anonymous_6)","decl":{"start":{"line":58,"column":12},"end":{"line":58,"column":13}},"loc":{"start":{"line":58,"column":24},"end":{"line":96,"column":5}},"line":58},"7":{"name":"(anonymous_7)","decl":{"start":{"line":60,"column":8},"end":{"line":60,"column":9}},"loc":{"start":{"line":60,"column":16},"end":{"line":60,"column":46}},"line":60},"8":{"name":"(anonymous_8)","decl":{"start":{"line":77,"column":37},"end":{"line":77,"column":38}},"loc":{"start":{"line":77,"column":52},"end":{"line":77,"column":74}},"line":77},"9":{"name":"(anonymous_9)","decl":{"start":{"line":78,"column":41},"end":{"line":78,"column":42}},"loc":{"start":{"line":78,"column":56},"end":{"line":78,"column":75}},"line":78},"10":{"name":"(anonymous_10)","decl":{"start":{"line":92,"column":37},"end":{"line":92,"column":38}},"loc":{"start":{"line":92,"column":52},"end":{"line":92,"column":74}},"line":92},"11":{"name":"(anonymous_11)","decl":{"start":{"line":93,"column":41},"end":{"line":93,"column":42}},"loc":{"start":{"line":93,"column":56},"end":{"line":93,"column":75}},"line":93},"12":{"name":"(anonymous_12)","decl":{"start":{"line":99,"column":33},"end":{"line":99,"column":34}},"loc":{"start":{"line":99,"column":56},"end":{"line":111,"column":3}},"line":99},"13":{"name":"(anonymous_13)","decl":{"start":{"line":100,"column":12},"end":{"line":100,"column":13}},"loc":{"start":{"line":100,"column":24},"end":{"line":110,"column":5}},"line":100},"14":{"name":"(anonymous_14)","decl":{"start":{"line":102,"column":8},"end":{"line":102,"column":9}},"loc":{"start":{"line":102,"column":16},"end":{"line":102,"column":45}},"line":102},"15":{"name":"(anonymous_15)","decl":{"start":{"line":107,"column":35},"end":{"line":107,"column":36}},"loc":{"start":{"line":107,"column":50},"end":{"line":107,"column":72}},"line":107},"16":{"name":"(anonymous_16)","decl":{"start":{"line":108,"column":39},"end":{"line":108,"column":40}},"loc":{"start":{"line":108,"column":54},"end":{"line":108,"column":73}},"line":108},"17":{"name":"(anonymous_17)","decl":{"start":{"line":113,"column":37},"end":{"line":113,"column":38}},"loc":{"start":{"line":113,"column":78},"end":{"line":137,"column":3}},"line":113},"18":{"name":"(anonymous_18)","decl":{"start":{"line":119,"column":12},"end":{"line":119,"column":13}},"loc":{"start":{"line":119,"column":24},"end":{"line":136,"column":5}},"line":119},"19":{"name":"(anonymous_19)","decl":{"start":{"line":120,"column":46},"end":{"line":120,"column":47}},"loc":{"start":{"line":120,"column":54},"end":{"line":129,"column":7}},"line":120},"20":{"name":"(anonymous_20)","decl":{"start":{"line":133,"column":35},"end":{"line":133,"column":36}},"loc":{"start":{"line":133,"column":50},"end":{"line":133,"column":72}},"line":133},"21":{"name":"(anonymous_21)","decl":{"start":{"line":134,"column":39},"end":{"line":134,"column":40}},"loc":{"start":{"line":134,"column":54},"end":{"line":134,"column":73}},"line":134},"22":{"name":"(anonymous_22)","decl":{"start":{"line":139,"column":32},"end":{"line":139,"column":33}},"loc":{"start":{"line":139,"column":38},"end":{"line":145,"column":3}},"line":139},"23":{"name":"(anonymous_23)","decl":{"start":{"line":147,"column":38},"end":{"line":147,"column":39}},"loc":{"start":{"line":147,"column":61},"end":{"line":150,"column":3}},"line":147},"24":{"name":"(anonymous_24)","decl":{"start":{"line":148,"column":33},"end":{"line":148,"column":34}},"loc":{"start":{"line":148,"column":41},"end":{"line":148,"column":70}},"line":148},"25":{"name":"(anonymous_25)","decl":{"start":{"line":152,"column":31},"end":{"line":152,"column":32}},"loc":{"start":{"line":152,"column":37},"end":{"line":154,"column":3}},"line":152},"26":{"name":"(anonymous_26)","decl":{"start":{"line":156,"column":35},"end":{"line":156,"column":36}},"loc":{"start":{"line":156,"column":41},"end":{"line":158,"column":3}},"line":156},"27":{"name":"(anonymous_27)","decl":{"start":{"line":160,"column":30},"end":{"line":160,"column":31}},"loc":{"start":{"line":160,"column":36},"end":{"line":162,"column":3}},"line":160}},"branchMap":{"0":{"loc":{"start":{"line":40,"column":6},"end":{"line":43,"column":7}},"type":"if","locations":[{"start":{"line":40,"column":6},"end":{"line":43,"column":7}},{"start":{},"end":{}}],"line":40},"1":{"loc":{"start":{"line":57,"column":49},"end":{"line":57,"column":69}},"type":"default-arg","locations":[{"start":{"line":57,"column":68},"end":{"line":57,"column":69}}],"line":57},"2":{"loc":{"start":{"line":63,"column":6},"end":{"line":95,"column":7}},"type":"if","locations":[{"start":{"line":63,"column":6},"end":{"line":95,"column":7}},{"start":{"line":80,"column":13},"end":{"line":95,"column":7}}],"line":63},"3":{"loc":{"start":{"line":85,"column":22},"end":{"line":85,"column":45}},"type":"binary-expr","locations":[{"start":{"line":85,"column":22},"end":{"line":85,"column":40}},{"start":{"line":85,"column":44},"end":{"line":85,"column":45}}],"line":85},"4":{"loc":{"start":{"line":86,"column":24},"end":{"line":86,"column":47}},"type":"binary-expr","locations":[{"start":{"line":86,"column":24},"end":{"line":86,"column":42}},{"start":{"line":86,"column":46},"end":{"line":86,"column":47}}],"line":86},"5":{"loc":{"start":{"line":114,"column":4},"end":{"line":117,"column":5}},"type":"if","locations":[{"start":{"line":114,"column":4},"end":{"line":117,"column":5}},{"start":{},"end":{}}],"line":114},"6":{"loc":{"start":{"line":121,"column":8},"end":{"line":127,"column":9}},"type":"if","locations":[{"start":{"line":121,"column":8},"end":{"line":127,"column":9}},{"start":{},"end":{}}],"line":121},"7":{"loc":{"start":{"line":149,"column":11},"end":{"line":149,"column":35}},"type":"cond-expr","locations":[{"start":{"line":149,"column":18},"end":{"line":149,"column":31}},{"start":{"line":149,"column":34},"end":{"line":149,"column":35}}],"line":149}},"s":{"0":1,"1":1,"2":40,"3":40,"4":18,"5":40,"6":40,"7":40,"8":18,"9":18,"10":18,"11":1,"12":1,"13":0,"14":40,"15":40,"16":40,"17":0,"18":40,"19":20,"20":20,"21":6,"22":20,"23":1,"24":1,"25":1,"26":1,"27":1,"28":1,"29":1,"30":19,"31":19,"32":19,"33":24,"34":24,"35":40,"36":4,"37":4,"38":5,"39":4,"40":2,"41":2,"42":40,"43":3,"44":2,"45":2,"46":1,"47":1,"48":1,"49":1,"50":0,"51":1,"52":1,"53":1,"54":40,"55":1,"56":40,"57":2,"58":1,"59":2,"60":40,"61":1,"62":40,"63":1,"64":40,"65":5,"66":40},"f":{"0":40,"1":18,"2":40,"3":18,"4":40,"5":20,"6":20,"7":6,"8":1,"9":1,"10":24,"11":24,"12":4,"13":4,"14":5,"15":2,"16":2,"17":3,"18":1,"19":1,"20":1,"21":1,"22":1,"23":2,"24":1,"25":1,"26":1,"27":5},"b":{"0":[1,17],"1":[0],"2":[1,19],"3":[19,0],"4":[19,0],"5":[2,1],"6":[1,0],"7":[1,1]},"_coverageSchema":"1a1c01bbd47fc00a2c39e90264f33305004495a9","hash":"9f607fab8abb7312d25b7ad47d14525c0b191284"}
,"/home/runner/work/sales-and-stock-manager/sales-and-stock-manager/hooks/useSyncFeedback.ts": {"path":"/home/runner/work/sales-and-stock-manager/sales-and-stock-manager/hooks/useSyncFeedback.ts","statementMap":{"0":{"start":{"line":21,"column":27},"end":{"line":21,"column":28}},"1":{"start":{"line":22,"column":28},"end":{"line":22,"column":32}},"2":{"start":{"line":25,"column":36},"end":{"line":29,"column":4}},"3":{"start":{"line":31,"column":42},"end":{"line":31,"column":79}},"4":{"start":{"line":34,"column":2},"end":{"line":40,"column":21}},"5":{"start":{"line":35,"column":4},"end":{"line":39,"column":6}},"6":{"start":{"line":36,"column":6},"end":{"line":38,"column":7}},"7":{"start":{"line":37,"column":8},"end":{"line":37,"column":35}},"8":{"start":{"line":42,"column":21},"end":{"line":48,"column":8}},"9":{"start":{"line":43,"column":4},"end":{"line":47,"column":8}},"10":{"start":{"line":43,"column":26},"end":{"line":47,"column":5}},"11":{"start":{"line":50,"column":20},"end":{"line":57,"column":8}},"12":{"start":{"line":51,"column":4},"end":{"line":56,"column":8}},"13":{"start":{"line":51,"column":26},"end":{"line":56,"column":5}},"14":{"start":{"line":59,"column":20},"end":{"line":65,"column":8}},"15":{"start":{"line":60,"column":4},"end":{"line":64,"column":8}},"16":{"start":{"line":60,"column":26},"end":{"line":64,"column":5}},"17":{"start":{"line":67,"column":21},"end":{"line":82,"column":8}},"18":{"start":{"line":68,"column":4},"end":{"line":73,"column":8}},"19":{"start":{"line":68,"column":26},"end":{"line":73,"column":5}},"20":{"start":{"line":76,"column":4},"end":{"line":81,"column":13}},"21":{"start":{"line":77,"column":6},"end":{"line":80,"column":10}},"22":{"start":{"line":77,"column":28},"end":{"line":80,"column":7}},"23":{"start":{"line":84,"column":16},"end":{"line":93,"column":20}},"24":{"start":{"line":85,"column":4},"end":{"line":87,"column":5}},"25":{"start":{"line":86,"column":6},"end":{"line":86,"column":33}},"26":{"start":{"line":88,"column":4},"end":{"line":92,"column":7}},"27":{"start":{"line":95,"column":16},"end":{"line":119,"column":39}},"28":{"start":{"line":96,"column":4},"end":{"line":99,"column":5}},"29":{"start":{"line":97,"column":6},"end":{"line":97,"column":46}},"30":{"start":{"line":98,"column":6},"end":{"line":98,"column":13}},"31":{"start":{"line":102,"column":18},"end":{"line":102,"column":73}},"32":{"start":{"line":104,"column":4},"end":{"line":109,"column":8}},"33":{"start":{"line":104,"column":26},"end":{"line":109,"column":5}},"34":{"start":{"line":112,"column":20},"end":{"line":116,"column":13}},"35":{"start":{"line":115,"column":6},"end":{"line":115,"column":58}},"36":{"start":{"line":118,"column":4},"end":{"line":118,"column":29}},"37":{"start":{"line":121,"column":2},"end":{"line":129,"column":4}}},"fnMap":{"0":{"name":"useSyncFeedback","decl":{"start":{"line":24,"column":16},"end":{"line":24,"column":31}},"loc":{"start":{"line":24,"column":57},"end":{"line":130,"column":1}},"line":24},"1":{"name":"(anonymous_1)","decl":{"start":{"line":34,"column":12},"end":{"line":34,"column":13}},"loc":{"start":{"line":34,"column":18},"end":{"line":40,"column":3}},"line":34},"2":{"name":"(anonymous_2)","decl":{"start":{"line":35,"column":11},"end":{"line":35,"column":12}},"loc":{"start":{"line":35,"column":17},"end":{"line":39,"column":5}},"line":35},"3":{"name":"(anonymous_3)","decl":{"start":{"line":42,"column":33},"end":{"line":42,"column":34}},"loc":{"start":{"line":42,"column":39},"end":{"line":48,"column":3}},"line":42},"4":{"name":"(anonymous_4)","decl":{"start":{"line":43,"column":17},"end":{"line":43,"column":18}},"loc":{"start":{"line":43,"column":26},"end":{"line":47,"column":5}},"line":43},"5":{"name":"(anonymous_5)","decl":{"start":{"line":50,"column":32},"end":{"line":50,"column":33}},"loc":{"start":{"line":50,"column":51},"end":{"line":57,"column":3}},"line":50},"6":{"name":"(anonymous_6)","decl":{"start":{"line":51,"column":17},"end":{"line":51,"column":18}},"loc":{"start":{"line":51,"column":26},"end":{"line":56,"column":5}},"line":51},"7":{"name":"(anonymous_7)","decl":{"start":{"line":59,"column":32},"end":{"line":59,"column":33}},"loc":{"start":{"line":59,"column":54},"end":{"line":65,"column":3}},"line":59},"8":{"name":"(anonymous_8)","decl":{"start":{"line":60,"column":17},"end":{"line":60,"column":18}},"loc":{"start":{"line":60,"column":26},"end":{"line":64,"column":5}},"line":60},"9":{"name":"(anonymous_9)","decl":{"start":{"line":67,"column":33},"end":{"line":67,"column":34}},"loc":{"start":{"line":67,"column":39},"end":{"line":82,"column":3}},"line":67},"10":{"name":"(anonymous_10)","decl":{"start":{"line":68,"column":17},"end":{"line":68,"column":18}},"loc":{"start":{"line":68,"column":26},"end":{"line":73,"column":5}},"line":68},"11":{"name":"(anonymous_11)","decl":{"start":{"line":76,"column":15},"end":{"line":76,"column":16}},"loc":{"start":{"line":76,"column":21},"end":{"line":81,"column":5}},"line":76},"12":{"name":"(anonymous_12)","decl":{"start":{"line":77,"column":19},"end":{"line":77,"column":20}},"loc":{"start":{"line":77,"column":28},"end":{"line":80,"column":7}},"line":77},"13":{"name":"(anonymous_13)","decl":{"start":{"line":84,"column":28},"end":{"line":84,"column":29}},"loc":{"start":{"line":84,"column":34},"end":{"line":93,"column":3}},"line":84},"14":{"name":"(anonymous_14)","decl":{"start":{"line":95,"column":28},"end":{"line":95,"column":29}},"loc":{"start":{"line":95,"column":34},"end":{"line":119,"column":3}},"line":95},"15":{"name":"(anonymous_15)","decl":{"start":{"line":104,"column":17},"end":{"line":104,"column":18}},"loc":{"start":{"line":104,"column":26},"end":{"line":109,"column":5}},"line":104},"16":{"name":"(anonymous_16)","decl":{"start":{"line":112,"column":31},"end":{"line":112,"column":32}},"loc":{"start":{"line":112,"column":37},"end":{"line":116,"column":5}},"line":112}},"branchMap":{"0":{"loc":{"start":{"line":36,"column":6},"end":{"line":38,"column":7}},"type":"if","locations":[{"start":{"line":36,"column":6},"end":{"line":38,"column":7}},{"start":{},"end":{}}],"line":36},"1":{"loc":{"start":{"line":63,"column":15},"end":{"line":63,"column":39}},"type":"binary-expr","locations":[{"start":{"line":63,"column":15},"end":{"line":63,"column":22}},{"start":{"line":63,"column":26},"end":{"line":63,"column":39}}],"line":63},"2":{"loc":{"start":{"line":85,"column":4},"end":{"line":87,"column":5}},"type":"if","locations":[{"start":{"line":85,"column":4},"end":{"line":87,"column":5}},{"start":{},"end":{}}],"line":85},"3":{"loc":{"start":{"line":96,"column":4},"end":{"line":99,"column":5}},"type":"if","locations":[{"start":{"line":96,"column":4},"end":{"line":99,"column":5}},{"start":{},"end":{}}],"line":96}},"s":{"0":0,"1":0,"2":0,"3":0,"4":0,"5":0,"6":0,"7":0,"8":0,"9":0,"10":0,"11":0,"12":0,"13":0,"14":0,"15":0,"16":0,"17":0,"18":0,"19":0,"20":0,"21":0,"22":0,"23":0,"24":0,"25":0,"26":0,"27":0,"28":0,"29":0,"30":0,"31":0,"32":0,"33":0,"34":0,"35":0,"36":0,"37":0},"f":{"0":0,"1":0,"2":0,"3":0,"4":0,"5":0,"6":0,"7":0,"8":0,"9":0,"10":0,"11":0,"12":0,"13":0,"14":0,"15":0,"16":0},"b":{"0":[0,0],"1":[0,0],"2":[0,0],"3":[0,0]}}
,"/home/runner/work/sales-and-stock-manager/sales-and-stock-manager/lib/SyncQueueManager.ts": {"path":"/home/runner/work/sales-and-stock-manager/sales-and-stock-manager/lib/SyncQueueManager.ts","statementMap":{"0":{"start":{"line":6,"column":21},"end":{"line":12,"column":1}},"1":{"start":{"line":7,"column":2},"end":{"line":11,"column":5}},"2":{"start":{"line":8,"column":14},"end":{"line":8,"column":36}},"3":{"start":{"line":9,"column":14},"end":{"line":9,"column":45}},"4":{"start":{"line":10,"column":4},"end":{"line":10,"column":26}},"5":{"start":{"line":70,"column":35},"end":{"line":70,"column":37}},"6":{"start":{"line":71,"column":25},"end":{"line":71,"column":30}},"7":{"start":{"line":72,"column":48},"end":{"line":72,"column":63}},"8":{"start":{"line":73,"column":45},"end":{"line":73,"column":49}},"9":{"start":{"line":74,"column":36},"end":{"line":74,"column":38}},"10":{"start":{"line":81,"column":4},"end":{"line":83,"column":5}},"11":{"start":{"line":82,"column":6},"end":{"line":82,"column":57}},"12":{"start":{"line":84,"column":4},"end":{"line":84,"column":37}},"13":{"start":{"line":92,"column":4},"end":{"line":104,"column":5}},"14":{"start":{"line":93,"column":6},"end":{"line":103,"column":7}},"15":{"start":{"line":94,"column":8},"end":{"line":94,"column":54}},"16":{"start":{"line":95,"column":8},"end":{"line":95,"column":32}},"17":{"start":{"line":96,"column":8},"end":{"line":96,"column":34}},"18":{"start":{"line":98,"column":8},"end":{"line":101,"column":10}},"19":{"start":{"line":102,"column":8},"end":{"line":102,"column":39}},"20":{"start":{"line":107,"column":4},"end":{"line":107,"column":21}},"21":{"start":{"line":110,"column":4},"end":{"line":114,"column":7}},"22":{"start":{"line":111,"column":6},"end":{"line":113,"column":7}},"23":{"start":{"line":112,"column":8},"end":{"line":112,"column":28}},"24":{"start":{"line":121,"column":4},"end":{"line":121,"column":25}},"25":{"start":{"line":121,"column":18},"end":{"line":121,"column":25}},"26":{"start":{"line":123,"column":4},"end":{"line":146,"column":7}},"27":{"start":{"line":124,"column":6},"end":{"line":145,"column":9}},"28":{"start":{"line":125,"column":8},"end":{"line":144,"column":10}},"29":{"start":{"line":139,"column":16},"end":{"line":139,"column":25}},"30":{"start":{"line":141,"column":12},"end":{"line":141,"column":26}},"31":{"start":{"line":142,"column":12},"end":{"line":142,"column":25}},"32":{"start":{"line":153,"column":4},"end":{"line":153,"column":48}},"33":{"start":{"line":160,"column":4},"end":{"line":196,"column":5}},"34":{"start":{"line":161,"column":6},"end":{"line":192,"column":7}},"35":{"start":{"line":162,"column":8},"end":{"line":185,"column":11}},"36":{"start":{"line":163,"column":10},"end":{"line":184,"column":13}},"37":{"start":{"line":164,"column":12},"end":{"line":183,"column":14}},"38":{"start":{"line":168,"column":47},"end":{"line":168,"column":49}},"39":{"start":{"line":169,"column":16},"end":{"line":175,"column":17}},"40":{"start":{"line":169,"column":29},"end":{"line":169,"column":30}},"41":{"start":{"line":170,"column":30},"end":{"line":170,"column":49}},"42":{"start":{"line":171,"column":18},"end":{"line":174,"column":21}},"43":{"start":{"line":176,"column":16},"end":{"line":176,"column":35}},"44":{"start":{"line":177,"column":16},"end":{"line":177,"column":26}},"45":{"start":{"line":180,"column":16},"end":{"line":180,"column":30}},"46":{"start":{"line":181,"column":16},"end":{"line":181,"column":29}},"47":{"start":{"line":188,"column":26},"end":{"line":188,"column":66}},"48":{"start":{"line":189,"column":8},"end":{"line":191,"column":9}},"49":{"start":{"line":190,"column":10},"end":{"line":190,"column":45}},"50":{"start":{"line":194,"column":6},"end":{"line":194,"column":56}},"51":{"start":{"line":195,"column":6},"end":{"line":195,"column":68}},"52":{"start":{"line":203,"column":32},"end":{"line":212,"column":5}},"53":{"start":{"line":214,"column":4},"end":{"line":214,"column":26}},"54":{"start":{"line":215,"column":4},"end":{"line":215,"column":30}},"55":{"start":{"line":218,"column":21},"end":{"line":218,"column":42}},"56":{"start":{"line":219,"column":4},"end":{"line":221,"column":5}},"57":{"start":{"line":220,"column":6},"end":{"line":220,"column":26}},"58":{"start":{"line":223,"column":4},"end":{"line":223,"column":16}},"59":{"start":{"line":230,"column":4},"end":{"line":232,"column":5}},"60":{"start":{"line":231,"column":6},"end":{"line":231,"column":13}},"61":{"start":{"line":235,"column":21},"end":{"line":235,"column":42}},"62":{"start":{"line":236,"column":4},"end":{"line":238,"column":5}},"63":{"start":{"line":237,"column":6},"end":{"line":237,"column":13}},"64":{"start":{"line":240,"column":4},"end":{"line":240,"column":29}},"65":{"start":{"line":241,"column":4},"end":{"line":241,"column":32}},"66":{"start":{"line":243,"column":23},"end":{"line":243,"column":24}},"67":{"start":{"line":244,"column":22},"end":{"line":244,"column":23}},"68":{"start":{"line":247,"column":25},"end":{"line":251,"column":5}},"69":{"start":{"line":249,"column":8},"end":{"line":250,"column":57}},"70":{"start":{"line":253,"column":4},"end":{"line":279,"column":5}},"71":{"start":{"line":254,"column":6},"end":{"line":275,"column":7}},"72":{"start":{"line":256,"column":8},"end":{"line":256,"column":35}},"73":{"start":{"line":257,"column":8},"end":{"line":257,"column":38}},"74":{"start":{"line":258,"column":8},"end":{"line":258,"column":34}},"75":{"start":{"line":261,"column":8},"end":{"line":261,"column":37}},"76":{"start":{"line":264,"column":8},"end":{"line":264,"column":34}},"77":{"start":{"line":265,"column":8},"end":{"line":265,"column":23}},"78":{"start":{"line":266,"column":8},"end":{"line":266,"column":50}},"79":{"start":{"line":269,"column":8},"end":{"line":269,"column":26}},"80":{"start":{"line":270,"column":8},"end":{"line":270,"column":66}},"81":{"start":{"line":271,"column":8},"end":{"line":272,"column":65}},"82":{"start":{"line":273,"column":8},"end":{"line":273,"column":22}},"83":{"start":{"line":274,"column":8},"end":{"line":274,"column":51}},"84":{"start":{"line":278,"column":6},"end":{"line":278,"column":32}},"85":{"start":{"line":282,"column":4},"end":{"line":282,"column":39}},"86":{"start":{"line":284,"column":4},"end":{"line":284,"column":30}},"87":{"start":{"line":285,"column":4},"end":{"line":288,"column":7}},"88":{"start":{"line":295,"column":4},"end":{"line":307,"column":5}},"89":{"start":{"line":297,"column":8},"end":{"line":297,"column":38}},"90":{"start":{"line":298,"column":8},"end":{"line":298,"column":14}},"91":{"start":{"line":300,"column":8},"end":{"li
[...]
"line":240,"column":19},"end":{"line":240,"column":20}},"loc":{"start":{"line":240,"column":25},"end":{"line":243,"column":11}},"line":240},"16":{"name":"(anonymous_16)","decl":{"start":{"line":256,"column":19},"end":{"line":256,"column":20}},"loc":{"start":{"line":256,"column":25},"end":{"line":256,"column":44}},"line":256},"17":{"name":"(anonymous_17)","decl":{"start":{"line":263,"column":19},"end":{"line":263,"column":20}},"loc":{"start":{"line":263,"column":25},"end":{"line":263,"column":50}},"line":263},"18":{"name":"(anonymous_18)","decl":{"start":{"line":286,"column":26},"end":{"line":286,"column":27}},"loc":{"start":{"line":286,"column":31},"end":{"line":286,"column":42}},"line":286},"19":{"name":"(anonymous_19)","decl":{"start":{"line":292,"column":26},"end":{"line":292,"column":27}},"loc":{"start":{"line":292,"column":31},"end":{"line":292,"column":49}},"line":292},"20":{"name":"(anonymous_20)","decl":{"start":{"line":301,"column":22},"end":{"line":301,"column":23}},"loc":{"start":{"line":301,"column":32},"end":{"line":301,"column":39}},"line":301},"21":{"name":"(anonymous_21)","decl":{"start":{"line":328,"column":28},"end":{"line":328,"column":29}},"loc":{"start":{"line":328,"column":38},"end":{"line":328,"column":77}},"line":328},"22":{"name":"(anonymous_22)","decl":{"start":{"line":337,"column":28},"end":{"line":337,"column":29}},"loc":{"start":{"line":337,"column":38},"end":{"line":337,"column":81}},"line":337},"23":{"name":"(anonymous_23)","decl":{"start":{"line":344,"column":28},"end":{"line":344,"column":29}},"loc":{"start":{"line":344,"column":38},"end":{"line":344,"column":77}},"line":344},"24":{"name":"(anonymous_24)","decl":{"start":{"line":351,"column":27},"end":{"line":351,"column":28}},"loc":{"start":{"line":352,"column":18},"end":{"line":366,"column":37}},"line":352},"25":{"name":"(anonymous_25)","decl":{"start":{"line":358,"column":29},"end":{"line":358,"column":30}},"loc":{"start":{"line":358,"column":35},"end":{"line":358,"column":84}},"line":358},"26":{"name":"(anonymous_26)","decl":{"start":{"line":374,"column":25},"end":{"line":374,"column":26}},"loc":{"start":{"line":374,"column":31},"end":{"line":374,"column":57}},"line":374},"27":{"name":"(anonymous_27)","decl":{"start":{"line":410,"column":31},"end":{"line":410,"column":32}},"loc":{"start":{"line":411,"column":22},"end":{"line":425,"column":41}},"line":411},"28":{"name":"(anonymous_28)","decl":{"start":{"line":417,"column":33},"end":{"line":417,"column":34}},"loc":{"start":{"line":417,"column":39},"end":{"line":417,"column":86}},"line":417},"29":{"name":"(anonymous_29)","decl":{"start":{"line":435,"column":25},"end":{"line":435,"column":26}},"loc":{"start":{"line":435,"column":31},"end":{"line":438,"column":17}},"line":435}},"branchMap":{"0":{"loc":{"start":{"line":66,"column":6},"end":{"line":69,"column":7}},"type":"if","locations":[{"start":{"line":66,"column":6},"end":{"line":69,"column":7}},{"start":{},"end":{}}],"line":66},"1":{"loc":{"start":{"line":76,"column":17},"end":{"line":76,"column":33}},"type":"binary-expr","locations":[{"start":{"line":76,"column":17},"end":{"line":76,"column":27}},{"start":{"line":76,"column":31},"end":{"line":76,"column":33}}],"line":76},"2":{"loc":{"start":{"line":81,"column":22},"end":{"line":81,"column":65}},"type":"binary-expr","locations":[{"start":{"line":81,"column":22},"end":{"line":81,"column":37}},{"start":{"line":81,"column":41},"end":{"line":81,"column":65}}],"line":81},"3":{"loc":{"start":{"line":82,"column":22},"end":{"line":82,"column":70}},"type":"binary-expr","locations":[{"start":{"line":82,"column":22},"end":{"line":82,"column":42}},{"start":{"line":82,"column":46},"end":{"line":82,"column":70}}],"line":82},"4":{"loc":{"start":{"line":122,"column":4},"end":{"line":125,"column":5}},"type":"if","locations":[{"start":{"line":122,"column":4},"end":{"line":125,"column":5}},{"start":{},"end":{}}],"line":122},"5":{"loc":{"start":{"line":122,"column":8},"end":{"line":122,"column":44}},"type":"binary-expr","locations":[{"start":{"line":122,"column":8},"end":{"line":122,"column":22}},{"start":{"line":122,"column":26},"end":{"line":122,"column":44}}],"line":122},"6":{"loc":{"start":{"line":157,"column":6},"end":{"line":160,"column":7}},"type":"if","locations":[{"start":{"line":157,"column":6},"end":{"line":160,"column":7}},{"start":{},"end":{}}],"line":157},"7":{"loc":{"start":{"line":178,"column":6},"end":{"line":181,"column":7}},"type":"if","locations":[{"start":{"line":178,"column":6},"end":{"line":181,"column":7}},{"start":{},"end":{}}],"line":178},"8":{"loc":{"start":{"line":183,"column":37},"end":{"line":183,"column":75}},"type":"cond-expr","locations":[{"start":{"line":183,"column":48},"end":{"line":183,"column":59}},{"start":{"line":183,"column":62},"end":{"line":183,"column":75}}],"line":183},"9":{"loc":{"start":{"line":192,"column":4},"end":{"line":194,"column":63}},"type":"binary-expr","locations":[{"start":{"line":192,"column":4},"end":{"line":192,"column":64}},{"start":{"line":193,"column":4},"end":{"line":193,"column":69}},{"start":{"line":194,"column":4},"end":{"line":194,"column":63}}],"line":192},"10":{"loc":{"start":{"line":199,"column":11},"end":{"line":199,"column":39}},"type":"binary-expr","locations":[{"start":{"line":199,"column":11},"end":{"line":199,"column":26}},{"start":{"line":199,"column":30},"end":{"line":199,"column":39}}],"line":199},"11":{"loc":{"start":{"line":204,"column":11},"end":{"line":204,"column":34}},"type":"binary-expr","locations":[{"start":{"line":204,"column":11},"end":{"line":204,"column":26}},{"start":{"line":204,"column":30},"end":{"line":204,"column":34}}],"line":204},"12":{"loc":{"start":{"line":211,"column":41},"end":{"line":211,"column":68}},"type":"binary-expr","locations":[{"start":{"line":211,"column":41},"end":{"line":211,"column":55}},{"start":{"line":211,"column":59},"end":{"line":211,"column":68}}],"line":211},"13":{"loc":{"start":{"line":217,"column":9},"end":{"line":217,"column":73}},"type":"binary-expr","locations":[{"start":{"line":217,"column":9},"end":{"line":217,"column":19}},{"start":{"line":217,"column":23},"end":{"line":217,"column":73}}],"line":217},"14":{"loc":{"start":{"line":221,"column":9},"end":{"line":225,"column":9}},"type":"binary-expr","locations":[{"start":{"line":221,"column":9},"end":{"line":221,"column":24}},{"start":{"line":222,"column":10},"end":{"line":224,"column":17}}],"line":221},"15":{"loc":{"start":{"line":230,"column":58},"end":{"line":230,"column":96}},"type":"cond-expr","locations":[{"start":{"line":230,"column":75},"end":{"line":230,"column":84}},{"start":{"line":230,"column":87},"end":{"line":230,"column":96}}],"line":230},"16":{"loc":{"start":{"line":234,"column":13},"end":{"line":234,"column":51}},"type":"cond-expr","locations":[{"start":{"line":234,"column":30},"end":{"line":234,"column":38}},{"start":{"line":234,"column":41},"end":{"line":234,"column":51}}],"line":234},"17":{"loc":{"start":{"line":356,"column":22},"end":{"line":356,"column":76}},"type":"binary-expr","locations":[{"start":{"line":356,"column":22},"end":{"line":356,"column":47}},{"start":{"line":356,"column":51},"end":{"line":356,"column":76}}],"line":356},"18":{"loc":{"start":{"line":362,"column":22},"end":{"line":362,"column":80}},"type":"binary-expr","locations":[{"start":{"line":362,"column":22},"end":{"line":362,"column":47}},{"start":{"line":362,"column":51},"end":{"line":362,"column":80}}],"line":362},"19":{"loc":{"start":{"line":399,"column":13},"end":{"line":430,"column":13}},"type":"binary-expr","locations":[{"start":{"line":399,"column":13},"end":{"line":399,"column":25}},{"start":{"line":400,"column":14},"end":{"line":429,"column":17}}],"line":399},"20":{"loc":{"start":{"line":415,"column":26},"end":{"line":415,"column":85}},"type":"binary-expr","locations":[{"start":{"line":415,"column":26},"end":{"line":415,"column":56}},{"start":{"line":415,"column":60},"end":{"line":415,"column":85}}],"line":415},"21":{"loc":{"start":{"line":421,"column":26},"end":{"line":421,"column":89}},"type":"binary-expr","locations":[{"start":{"line":421,"column":26},"end":{"line":421,"column":56}},{"start":{"line":421,"column":60},"end":{"line":421,"column":89}}],"line":421}},"s":{"0":0,"1":0,"2":0,"3":0,"4":0,"5":0,"6":0,"7":0,"8":0,"9":0,"10":0,"11":0,"12":0,"13":0,"14":0,"15":0,"16":0,"17":0,"18":0,"19":0,"20":0,"21":0,"22":0,"23":0,"24":0,"25":0,"26":0,"27":0,"28":0,"29":0,"30":0,"31":0,"32":0,"33":0,"34":0,"35":0,"36":0,"37":0,"38":0,"39":0,"40":0,"41":0,"42":0,"43":0,"44":0,"45":0,"46":0,"47":0,"48":0,"49":0,"50":0,"51":0,"52":0,"53":0,"54":0,"55":0,"56":0,"57":0,"58":0,"59":0,"60":0,"61":0,"62":0,"63":0,"64":0,"65":0,"66":0,"67":0,"68":0,"69":0,"70":0,"71":0,"72":0,"73":0,"74":0,"75":0,"76":0,"77":0,"78":0,"79":0,"80":0,"81":0,"82":0,"83":0,"84":0,"85":0,"86":0,"87":0,"88":0,"89":0,"90":0,"91":0,"92":0,"93":0,"94":0},"f":{"0":0,"1":0,"2":0,"3":0,"4":0,"5":0,"6":0,"7":0,"8":0,"9":0,"10":0,"11":0,"12":0,"13":0,"14":0,"15":0,"16":0,"17":0,"18":0,"19":0,"20":0,"21":0,"22":0,"23":0,"24":0,"25":0,"26":0,"27":0,"28":0,"29":0},"b":{"0":[0,0],"1":[0,0],"2":[0,0],"3":[0,0],"4":[0,0],"5":[0,0],"6":[0,0],"7":[0,0],"8":[0,0],"9":[0,0,0],"10":[0,0],"11":[0,0],"12":[0,0],"13":[0,0],"14":[0,0],"15":[0,0],"16":[0,0],"17":[0,0],"18":[0,0],"19":[0,0],"20":[0,0],"21":[0,0]}}
,"/home/runner/work/sales-and-stock-manager/sales-and-stock-manager/store/authStore.ts": {"path":"/home/runner/work/sales-and-stock-manager/sales-and-stock-manager/store/authStore.ts","statementMap":{"0":{"start":{"line":26,"column":21},"end":{"line":191,"column":1}},"1":{"start":{"line":28,"column":19},"end":{"line":179,"column":5}},"2":{"start":{"line":35,"column":25},"end":{"line":35,"column":63}},"3":{"start":{"line":36,"column":31},"end":{"line":36,"column":47}},"4":{"start":{"line":37,"column":31},"end":{"line":37,"column":47}},"5":{"start":{"line":40,"column":8},"end":{"line":58,"column":9}},"6":{"start":{"line":41,"column":10},"end":{"line":41,"column":33}},"7":{"start":{"line":42,"column":34},"end":{"line":45,"column":12}},"8":{"start":{"line":47,"column":10},"end":{"line":47,"column":33}},"9":{"start":{"line":47,"column":21},"end":{"line":47,"column":33}},"10":{"start":{"line":49,"column":10},"end":{"line":51,"column":11}},"11":{"start":{"line":50,"column":12},"end":{"line":50,"column":38}},"12":{"start":{"line":53,"column":10},"end":{"line":53,"column":35}},"13":{"start":{"line":55,"column":10},"end":{"line":55,"column":58}},"14":{"start":{"line":57,"column":10},"end":{"line":57,"column":34}},"15":{"start":{"line":62,"column":8},"end":{"line":90,"column":9}},"16":{"start":{"line":63,"column":10},"end":{"line":63,"column":33}},"17":{"start":{"line":64,"column":34},"end":{"line":67,"column":12}},"18":{"start":{"line":69,"column":10},"end":{"line":69,"column":33}},"19":{"start":{"line":69,"column":21},"end":{"line":69,"column":33}},"20":{"start":{"line":71,"column":10},"end":{"line":83,"column":11}},"21":{"start":{"line":73,"column":41},"end":{"line":78,"column":16}},"22":{"start":{"line":80,"column":12},"end":{"line":80,"column":43}},"23":{"start":{"line":80,"column":27},"end":{"line":80,"column":43}},"24":{"start":{"line":82,"column":12},"end":{"line":82,"column":38}},"25":{"start":{"line":85,"column":10},"end":{"line":85,"column":35}},"26":{"start":{"line":87,"column":10},"end":{"line":87,"column":58}},"27":{"start":{"line":89,"column":10},"end":{"line":89,"column":34}},"28":{"start":{"line":94,"column":8},"end":{"line":99,"column":9}},"29":{"start":{"line":95,"column":10},"end":{"line":95,"column":40}},"30":{"start":{"line":96,"column":10},"end":{"line":96,"column":85}},"31":{"start":{"line":98,"column":10},"end":{"line":98,"column":50}},"32":{"start":{"line":103,"column":8},"end":{"line":118,"column":9}},"33":{"start":{"line":104,"column":10},"end":{"line":104,"column":33}},"34":{"start":{"line":105,"column":40},"end":{"line":105,"column":72}},"35":{"start":{"line":107,"column":10},"end":{"line":112,"column":11}},"36":{"start":{"line":108,"column":12},"end":{"line":108,"column":52}},"37":{"start":{"line":109,"column":12},"end":{"line":109,"column":38}},"38":{"start":{"line":111,"column":12},"end":{"line":111,"column":75}},"39":{"start":{"line":114,"column":10},"end":{"line":114,"column":52}},"40":{"start":{"line":115,"column":10},"end":{"line":115,"column":73}},"41":{"start":{"line":117,"column":10},"end":{"line":117,"column":34}},"42":{"start":{"line":122,"column":8},"end":{"line":157,"column":9}},"43":{"start":{"line":123,"column":10},"end":{"line":123,"column":33}},"44":{"start":{"line":124,"column":37},"end":{"line":124,"column":66}},"45":{"start":{"line":125,"column":40},"end":{"line":125,"column":72}},"46":{"start":{"line":127,"column":10},"end":{"line":151,"column":11}},"47":{"start":{"line":129,"column":39},"end":{"line":133,"column":23}},"48":{"start":{"line":135,"column":47},"end":{"line":145,"column":13}},"49":{"start":{"line":147,"column":12},"end":{"line":147,"column":72}},"50":{"start":{"line":148,"column":12},"end":{"line":148,"column":38}},"51":{"start":{"line":150,"column":12},"end":{"line":150,"column":87}},"52":{"start":{"line":153,"column":10},"end":{"line":153,"column":52}},"53":{"start":{"line":154,"column":10},"end":{"line":154,"column":85}},"54":{"start":{"line":156,"column":10},"end":{"line":156,"column":34}},"55":{"start":{"line":161,"column":8},"end":{"line":177,"column":9}},"56":{"start":{"line":162,"column":37},"end":{"line":162,"column":66}},"57":{"start":{"line":163,"column":10},"end":{"line":163,"column":28}},"58":{"start":{"line":163,"column":21},"end":{"line":163,"column":28}},"59":{"start":{"line":165,"column":44},"end":{"line":169,"column":21}},"60":{"start":{"line":171,"column":10},"end":{"line":171,"column":33}},"61":{"start":{"line":171,"column":21},"end":{"line":171,"column":33}},"62":{"start":{"line":173,"column":10},"end":{"line":173,"column":57}},"63":{"start":{"line":175,"column":10},"end":{"line":175,"column":55}},"64":{"start":{"line":176,"column":10},"end":{"line":176,"column":34}},"65":{"start":{"line":182,"column":39},"end":{"line":182,"column":51}},"66":{"start":{"line":183,"column":30},"end":{"line":188,"column":7}}},"fnMap":{"0":{"name":"(anonymous_0)","decl":{"start":{"line":28,"column":4},"end":{"line":28,"column":5}},"loc":{"start":{"line":28,"column":19},"end":{"line":179,"column":5}},"line":28},"1":{"name":"(anonymous_1)","decl":{"start":{"line":35,"column":15},"end":{"line":35,"column":16}},"loc":{"start":{"line":35,"column":25},"end":{"line":35,"column":63}},"line":35},"2":{"name":"(anonymous_2)","decl":{"start":{"line":36,"column":18},"end":{"line":36,"column":19}},"loc":{"start":{"line":36,"column":31},"end":{"line":36,"column":47}},"line":36},"3":{"name":"(anonymous_3)","decl":{"start":{"line":37,"column":18},"end":{"line":37,"column":19}},"loc":{"start":{"line":37,"column":31},"end":{"line":37,"column":47}},"line":37},"4":{"name":"(anonymous_4)","decl":{"start":{"line":39,"column":14},"end":{"line":39,"column":15}},"loc":{"start":{"line":39,"column":41},"end":{"line":59,"column":7}},"line":39},"5":{"name":"(anonymous_5)","decl":{"start":{"line":61,"column":14},"end":{"line":61,"column":15}},"loc":{"start":{"line":61,"column":41},"end":{"line":91,"column":7}},"line":61},"6":{"name":"(anonymous_6)","decl":{"start":{"line":93,"column":15},"end":{"line":93,"column":16}},"loc":{"start":{"line":93,"column":27},"end":{"line":100,"column":7}},"line":93},"7":{"name":"(anonymous_7)","decl":{"start":{"line":102,"column":17},"end":{"line":102,"column":18}},"loc":{"start":{"line":102,"column":29},"end":{"line":119,"column":7}},"line":102},"8":{"name":"(anonymous_8)","decl":{"start":{"line":121,"column":17},"end":{"line":121,"column":18}},"loc":{"start":{"line":121,"column":29},"end":{"line":158,"column":7}},"line":121},"9":{"name":"(anonymous_9)","decl":{"start":{"line":160,"column":19},"end":{"line":160,"column":20}},"loc":{"start":{"line":160,"column":31},"end":{"line":178,"column":7}},"line":160},"10":{"name":"(anonymous_10)","decl":{"start":{"line":182,"column":33},"end":{"line":182,"column":34}},"loc":{"start":{"line":182,"column":39},"end":{"line":182,"column":51}},"line":182},"11":{"name":"(anonymous_11)","decl":{"start":{"line":183,"column":18},"end":{"line":183,"column":19}},"loc":{"start":{"line":183,"column":30},"end":{"line":188,"column":7}},"line":183}},"branchMap":{"0":{"loc":{"start":{"line":47,"column":10},"end":{"line":47,"column":33}},"type":"if","locations":[{"start":{"line":47,"column":10},"end":{"line":47,"column":33}},{"start":{},"end":{}}],"line":47},"1":{"loc":{"start":{"line":49,"column":10},"end":{"line":51,"column":11}},"type":"if","locations":[{"start":{"line":49,"column":10},"end":{"line":51,"column":11}},{"start":{},"end":{}}],"line":49},"2":{"loc":{"start":{"line":69,"column":10},"end":{"line":69,"column":33}},"type":"if","locations":[{"start":{"line":69,"column":10},"end":{"line":69,"column":33}},{"start":{},"end":{}}],"line":69},"3":{"loc":{"start":{"line":71,"column":10},"end":{"line":83,"column":11}},"type":"if","locations":[{"start":{"line":71,"column":10},"end":{"line":83,"column":11}},{"start":{},"end":{}}],"line":71},"4":{"loc":{"start":{"line":80,"column":12},"end":{"line":80,"column":43}},"type":"if","locations":[{"start":{"line":80,"column":12},"end":{"line":80,"column":43}},{"start":{},"end":{}}],"line":80},"5":{"loc":{"start":{"line":107,"column":10},"end":{"line":112,"column":11}},"type":"if","locations":[{"start":{"line":107,"column":10},"end":{"line":112,"column":11}},{"start":{"line":110,"column":17},"end":{"line":112,"column":11}}],"line":107},"6":{"loc":{"start":{"line":127,"column":10},"end":{"line":151,"column":11}},"type":"if","locations":[{"start":{"line":127,"column":10},"end":{"line":151,"column":11}},{"start":{"line":149,"column":17},"end":{"line":151,"column":11}}],"line":127},"7":{"loc":{"start":{"line":127,"column":14},"end":{"line":127,"column":29}},"type":"binary-expr","locations":[{"start":{"line":127,"column":14},"end":{"line":127,"column":18}},{"start":{"line":127,"column":22},"end":{"line":127,"column":29}}],"line":127},"8":{"loc":{"start":{"line":137,"column":21},"end":{"line":137,"column":37}},"type":"binary-expr","locations":[{"start":{"line":137,"column":21},"end":{"line":137,"column":31}},{"start":{"line":137,"column":35},"end":{"line":137,"column":37}}],"line":137},"9":{"loc":{"start":{"line":138,"column":20},"end":{"line":144,"column":15}},"type":"binary-expr","locations":[{"start":{"line":138,"column":20},"end":{"line":138,"column":28}},{"start":{"line":138,"column":32},"end":{"line":144,"column":15}}],"line":138},"10":{"loc":{"start":{"line":163,"column":10},"end":{"line":163,"column":28}},"type":"if","locations":[{"start":{"line":163,"column":10},"end":{"line":163,"column":28}},{"start":{},"end":{}}],"line":163},"11":{"loc":{"start":{"line":171,"column":10},"end":{"line":171,"column":33}},"type":"if","locations":[{"start":{"line":171,"column":10},"end":{"line":171,"column":33}},{"start":{},"end":{}}],"line":171},"12":{"loc":{"start":{"line":173,"column":26},"end":{"line":173,"column":53}},"type":"binary-expr","locations":[{"start":{"line":173,"column":26},"end":{"line":173,"column":45}},{"start":{"line":173,"column":49},"end":{"line":173,"column":53}}],"line":173}},"s":{"0":0,"1":0,"2":0,"3":0,"4":0,"5":0,"6":0,"7":0,"8":0,"9":0,"10":0,"11":0,"12":0,"13":0,"14":0,"15":0,"16":0,"17":0,"18":0,"19":0,"20":0,"21":0,"22":0,"23":0,"24":0,"25":0,"26":0,"27":0,"28":0,"29":0,"30":0,"31":0,"32":0,"33":0,"34":0,"35":0,"36":0,"37":0,"38":0,"39":0,"40":0,"41":0,"42":0,"43":0,"44":0,"45":0,"46":0,"47":0,"48":0,"49":0,"50":0,"51":0,"52":0,"53":0,"54":0,"55":0,"56":0,"57":0,"58":0,"59":0,"60":0,"61":0,"62":0,"63":0,"64":0,"65":0,"66":0},"f":{"0":0,"1":0,"2":0,"3":0,"4":0,"5":0,"6":0,"7":0,"8":0,"9":0,"10":0,"11":0},"b":{"0":[0,0],"1":[0,0],"2":[0,0],"3":[0,0],"4":[0,0],"5":[0,0],"6":[0,0],"7":[0,0],"8":[0,0],"9":[0,0],"10":[0,0],"11":[0,0],"12":[0,0]}}
}
