{"C:\\Users\\lloyd\\Sales-and-Stocks-Manager\\components\\EmptyState.tsx": {"path":"C:\\Users\\lloyd\\Sales-and-Stocks-Manager\\components\\EmptyState.tsx","statementMap":{"0":{"start":{"line":13,"column":46},"end":{"line":38,"column":1}},"1":{"start":{"line":20,"column":2},"end":{"line":37,"column":4}},"2":{"start":{"line":40,"column":15},"end":{"line":75,"column":2}}},"fnMap":{"0":{"name":"(anonymous_0)","decl":{"start":{"line":13,"column":46},"end":{"line":13,"column":47}},"loc":{"start":{"line":19,"column":6},"end":{"line":38,"column":1}},"line":19}},"branchMap":{"0":{"loc":{"start":{"line":18,"column":2},"end":{"line":18,"column":23}},"type":"default-arg","locations":[{"start":{"line":18,"column":9},"end":{"line":18,"column":23}}],"line":18},"1":{"loc":{"start":{"line":25,"column":7},"end":{"line":35,"column":7}},"type":"binary-expr","locations":[{"start":{"line":25,"column":7},"end":{"line":25,"column":18}},{"start":{"line":25,"column":22},"end":{"line":25,"column":30}},{"start":{"line":26,"column":8},"end":{"line":34,"column":27}}],"line":25}},"s":{"0":0,"1":0,"2":0},"f":{"0":0},"b":{"0":[0],"1":[0,0,0]}}
,"C:\\Users\\lloyd\\Sales-and-Stocks-Manager\\components\\FilterBar.tsx": {"path":"C:\\Users\\lloyd\\Sales-and-Stocks-Manager\\components\\FilterBar.tsx","statementMap":{"0":{"start":{"line":12,"column":44},"end":{"line":67,"column":1}},"1":{"start":{"line":18,"column":18},"end":{"line":22,"column":12}},"2":{"start":{"line":24,"column":2},"end":{"line":66,"column":4}},"3":{"start":{"line":28,"column":10},"end":{"line":48,"column":29}},"4":{"start":{"line":34,"column":27},"end":{"line":34,"column":53}},"5":{"start":{"line":69,"column":15},"end":{"line":109,"column":2}}},"fnMap":{"0":{"name":"(anonymous_0)","decl":{"start":{"line":12,"column":44},"end":{"line":12,"column":45}},"loc":{"start":{"line":17,"column":6},"end":{"line":67,"column":1}},"line":17},"1":{"name":"(anonymous_1)","decl":{"start":{"line":27,"column":21},"end":{"line":27,"column":22}},"loc":{"start":{"line":28,"column":10},"end":{"line":48,"column":29}},"line":28},"2":{"name":"(anonymous_2)","decl":{"start":{"line":34,"column":21},"end":{"line":34,"column":22}},"loc":{"start":{"line":34,"column":27},"end":{"line":34,"column":53}},"line":34}},"branchMap":{"0":{"loc":{"start":{"line":32,"column":14},"end":{"line":32,"column":70}},"type":"binary-expr","locations":[{"start":{"line":32,"column":14},"end":{"line":32,"column":41}},{"start":{"line":32,"column":45},"end":{"line":32,"column":70}}],"line":32},"1":{"loc":{"start":{"line":43,"column":16},"end":{"line":43,"column":76}},"type":"binary-expr","locations":[{"start":{"line":43,"column":16},"end":{"line":43,"column":43}},{"start":{"line":43,"column":47},"end":{"line":43,"column":76}}],"line":43},"2":{"loc":{"start":{"line":56,"column":36},"end":{"line":56,"column":84}},"type":"cond-expr","locations":[{"start":{"line":56,"column":58},"end":{"line":56,"column":69}},{"start":{"line":56,"column":72},"end":{"line":56,"column":84}}],"line":56},"3":{"loc":{"start":{"line":60,"column":16},"end":{"line":60,"column":63}},"type":"cond-expr","locations":[{"start":{"line":60,"column":38},"end":{"line":60,"column":48}},{"start":{"line":60,"column":51},"end":{"line":60,"column":63}}],"line":60}},"s":{"0":0,"1":0,"2":0,"3":0,"4":0,"5":0},"f":{"0":0,"1":0,"2":0},"b":{"0":[0,0],"1":[0,0],"2":[0,0],"3":[0,0]}}
,"C:\\Users\\lloyd\\Sales-and-Stocks-Manager\\components\\FloatingActionButton.tsx": {"path":"C:\\Users\\lloyd\\Sales-and-Stocks-Manager\\components\\FloatingActionButton.tsx","statementMap":{"0":{"start":{"line":12,"column":66},"end":{"line":31,"column":1}},"1":{"start":{"line":18,"column":2},"end":{"line":18,"column":28}},"2":{"start":{"line":18,"column":16},"end":{"line":18,"column":28}},"3":{"start":{"line":20,"column":2},"end":{"line":30,"column":4}},"4":{"start":{"line":33,"column":15},"end":{"line":53,"column":2}}},"fnMap":{"0":{"name":"(anonymous_0)","decl":{"start":{"line":12,"column":66},"end":{"line":12,"column":67}},"loc":{"start":{"line":17,"column":6},"end":{"line":31,"column":1}},"line":17}},"branchMap":{"0":{"loc":{"start":{"line":14,"column":2},"end":{"line":14,"column":14}},"type":"default-arg","locations":[{"start":{"line":14,"column":9},"end":{"line":14,"column":14}}],"line":14},"1":{"loc":{"start":{"line":15,"column":2},"end":{"line":15,"column":20}},"type":"default-arg","locations":[{"start":{"line":15,"column":10},"end":{"line":15,"column":20}}],"line":15},"2":{"loc":{"start":{"line":16,"column":2},"end":{"line":16,"column":16}},"type":"default-arg","locations":[{"start":{"line":16,"column":12},"end":{"line":16,"column":16}}],"line":16},"3":{"loc":{"start":{"line":18,"column":2},"end":{"line":18,"column":28}},"type":"if","locations":[{"start":{"line":18,"column":2},"end":{"line":18,"column":28}},{"start":{},"end":{}}],"line":18}},"s":{"0":0,"1":0,"2":0,"3":0,"4":0},"f":{"0":0},"b":{"0":[0],"1":[0],"2":[0],"3":[0,0]}}
,"C:\\Users\\lloyd\\Sales-and-Stocks-Manager\\components\\Icon.tsx": {"path":"C:\\Users\\lloyd\\Sales-and-Stocks-Manager\\components\\Icon.tsx","statementMap":{"0":{"start":{"line":11,"column":34},"end":{"line":58,"column":1}},"1":{"start":{"line":12,"column":24},"end":{"line":51,"column":3}},"2":{"start":{"line":13,"column":45},"end":{"line":49,"column":5}},"3":{"start":{"line":50,"column":4},"end":{"line":50,"column":34}},"4":{"start":{"line":53,"column":2},"end":{"line":57,"column":4}},"5":{"start":{"line":60,"column":15},"end":{"line":64,"column":2}}},"fnMap":{"0":{"name":"(anonymous_0)","decl":{"start":{"line":11,"column":34},"end":{"line":11,"column":35}},"loc":{"start":{"line":11,"column":82},"end":{"line":58,"column":1}},"line":11},"1":{"name":"(anonymous_1)","decl":{"start":{"line":12,"column":24},"end":{"line":12,"column":25}},"loc":{"start":{"line":12,"column":46},"end":{"line":51,"column":3}},"line":12}},"branchMap":{"0":{"loc":{"start":{"line":11,"column":43},"end":{"line":11,"column":52}},"type":"default-arg","locations":[{"start":{"line":11,"column":50},"end":{"line":11,"column":52}}],"line":11},"1":{"loc":{"start":{"line":11,"column":54},"end":{"line":11,"column":68}},"type":"default-arg","locations":[{"start":{"line":11,"column":62},"end":{"line":11,"column":68}}],"line":11},"2":{"loc":{"start":{"line":50,"column":11},"end":{"line":50,"column":33}},"type":"binary-expr","locations":[{"start":{"line":50,"column":11},"end":{"line":50,"column":26}},{"start":{"line":50,"column":30},"end":{"line":50,"column":33}}],"line":50}},"s":{"0":0,"1":0,"2":0,"3":0,"4":0,"5":0},"f":{"0":0,"1":0},"b":{"0":[0],"1":[0],"2":[0,0]}}
,"C:\\Users\\lloyd\\Sales-and-Stocks-Manager\\components\\PrivacyStatement.tsx": {"path":"C:\\Users\\lloyd\\Sales-and-Stocks-Manager\\components\\PrivacyStatement.tsx","statementMap":{"0":{"start":{"line":30,"column":58},"end":{"line":215,"column":1}},"1":{"start":{"line":35,"column":40},"end":{"line":35,"column":55}},"2":{"start":{"line":37,"column":31},"end":{"line":50,"column":3}},"3":{"start":{"line":38,"column":4},"end":{"line":38,"column":25}},"4":{"start":{"line":41,"column":19},"end":{"line":41,"column":276}},"5":{"start":{"line":45,"column":4},"end":{"line":49,"column":6}},"6":{"start":{"line":48,"column":36},"end":{"line":48,"column":57}},"7":{"start":{"line":52,"column":23},"end":{"line":57,"column":3}},"8":{"start":{"line":55,"column":4},"end":{"line":55,"column":51}},"9":{"start":{"line":56,"column":4},"end":{"line":56,"column":15}},"10":{"start":{"line":59,"column":24},"end":{"line":68,"column":3}},"11":{"start":{"line":60,"column":4},"end":{"line":67,"column":6}},"12":{"start":{"line":70,"column":2},"end":{"line":214,"column":4}},"13":{"start":{"line":217,"column":15},"end":{"line":343,"column":2}}},"fnMap":{"0":{"name":"(anonymous_0)","decl":{"start":{"line":30,"column":58},"end":{"line":30,"column":59}},"loc":{"start":{"line":34,"column":6},"end":{"line":215,"column":1}},"line":34},"1":{"name":"(anonymous_1)","decl":{"start":{"line":37,"column":31},"end":{"line":37,"column":32}},"loc":{"start":{"line":37,"column":37},"end":{"line":50,"column":3}},"line":37},"2":{"name":"(anonymous_2)","decl":{"start":{"line":48,"column":30},"end":{"line":48,"column":31}},"loc":{"start":{"line":48,"column":36},"end":{"line":48,"column":57}},"line":48},"3":{"name":"(anonymous_3)","decl":{"start":{"line":52,"column":23},"end":{"line":52,"column":24}},"loc":{"start":{"line":52,"column":29},"end":{"line":57,"column":3}},"line":52},"4":{"name":"(anonymous_4)","decl":{"start":{"line":59,"column":24},"end":{"line":59,"column":25}},"loc":{"start":{"line":59,"column":30},"end":{"line":68,"column":3}},"line":59}},"branchMap":{"0":{"loc":{"start":{"line":97,"column":13},"end":{"line":97,"column":58}},"type":"cond-expr","locations":[{"start":{"line":97,"column":27},"end":{"line":97,"column":39}},{"start":{"line":97,"column":42},"end":{"line":97,"column":58}}],"line":97},"1":{"loc":{"start":{"line":201,"column":11},"end":{"line":210,"column":11}},"type":"binary-expr","locations":[{"start":{"line":201,"column":11},"end":{"line":201,"column":17}},{"start":{"line":202,"column":12},"end":{"line":209,"column":31}}],"line":201}},"s":{"0":0,"1":0,"2":0,"3":0,"4":0,"5":0,"6":0,"7":0,"8":0,"9":0,"10":0,"11":0,"12":0,"13":0},"f":{"0":0,"1":0,"2":0,"3":0,"4":0},"b":{"0":[0,0],"1":[0,0]}}
,"C:\\Users\\lloyd\\Sales-and-Stocks-Manager\\components\\ProductCard.tsx": {"path":"C:\\Users\\lloyd\\Sales-and-Stocks-Manager\\components\\ProductCard.tsx","statementMap":{"0":{"start":{"line":14,"column":48},"end":{"line":112,"column":1}},"1":{"start":{"line":21,"column":28},"end":{"line":34,"column":3}},"2":{"start":{"line":22,"column":4},"end":{"line":33,"column":5}},"3":{"start":{"line":24,"column":8},"end":{"line":24,"column":62}},"4":{"start":{"line":26,"column":8},"end":{"line":26,"column":50}},"5":{"start":{"line":28,"column":8},"end":{"line":28,"column":58}},"6":{"start":{"line":30,"column":8},"end":{"line":30,"column":58}},"7":{"start":{"line":32,"column":8},"end":{"line":32,"column":47}},"8":{"start":{"line":36,"column":30},"end":{"line":40,"column":3}},"9":{"start":{"line":37,"column":4},"end":{"line":37,"column":41}},"10":{"start":{"line":37,"column":24},"end":{"line":37,"column":41}},"11":{"start":{"line":38,"column":4},"end":{"line":38,"column":48}},"12":{"start":{"line":38,"column":31},"end":{"line":38,"column":48}},"13":{"start":{"line":39,"column":4},"end":{"line":39,"column":21}},"14":{"start":{"line":42,"column":19},"end":{"line":42,"column":57}},"15":{"start":{"line":43,"column":21},"end":{"line":43,"column":87}},"16":{"start":{"line":45,"column":2},"end":{"line":111,"column":4}},"17":{"start":{"line":114,"column":15},"end":{"line":221,"column":2}}},"fnMap":{"0":{"name":"(anonymous_0)","decl":{"start":{"line":14,"column":48},"end":{"line":14,"column":49}},"loc":{"start":{"line":20,"column":6},"end":{"line":112,"column":1}},"line":20},"1":{"name":"(anonymous_1)","decl":{"start":{"line":21,"column":28},"end":{"line":21,"column":29}},"loc":{"start":{"line":21,"column":52},"end":{"line":34,"column":3}},"line":21},"2":{"name":"(anonymous_2)","decl":{"start":{"line":36,"column":30},"end":{"line":36,"column":31}},"loc":{"start":{"line":36,"column":71},"end":{"line":40,"column":3}},"line":36}},"branchMap":{"0":{"loc":{"start":{"line":19,"column":2},"end":{"line":19,"column":17}},"type":"default-arg","locations":[{"start":{"line":19,"column":12},"end":{"line":19,"column":17}}],"line":19},"1":{"loc":{"start":{"line":22,"column":4},"end":{"line":33,"column":5}},"type":"switch","locations":[{"start":{"line":23,"column":6},"end":{"line":24,"column":62}},{"start":{"line":25,"column":6},"end":{"line":26,"column":50}},{"start":{"line":27,"column":6},"end":{"line":28,"column":58}},{"start":{"line":29,"column":6},"end":{"line":30,"column":58}},{"start":{"line":31,"column":6},"end":{"line":32,"column":47}}],"line":22},"2":{"loc":{"start":{"line":37,"column":4},"end":{"line":37,"column":41}},"type":"if","locations":[{"start":{"line":37,"column":4},"end":{"line":37,"column":41}},{"start":{},"end":{}}],"line":37},"3":{"loc":{"start":{"line":38,"column":4},"end":{"line":38,"column":48}},"type":"if","locations":[{"start":{"line":38,"column":4},"end":{"line":38,"column":48}},{"start":{},"end":{}}],"line":38},"4":{"loc":{"start":{"line":59,"column":11},"end":{"line":61,"column":11}},"type":"binary-expr","locations":[{"start":{"line":59,"column":11},"end":{"line":59,"column":27}},{"start":{"line":60,"column":12},"end":{"line":60,"column":77}}],"line":59},"5":{"loc":{"start":{"line":85,"column":11},"end":{"line":89,"column":11}},"type":"binary-expr","locations":[{"start":{"line":85,"column":11},"end":{"line":85,"column":58}},{"start":{"line":85,"column":62},"end":{"line":85,"column":82}},{"start":{"line":86,"column":12},"end":{"line":88,"column":19}}],"line":85},"6":{"loc":{"start":{"line":90,"column":11},"end":{"line":92,"column":11}},"type":"binary-expr","locations":[{"start":{"line":90,"column":11},"end":{"line":90,"column":33}},{"start":{"line":91,"column":12},"end":{"line":91,"column":70}}],"line":90},"7":{"loc":{"start":{"line":96,"column":7},"end":{"line":109,"column":7}},"type":"binary-expr","locations":[{"start":{"line":96,"column":7},"end":{"line":96,"column":14}},{"start":{"line":96,"column":18},"end":{"line":96,"column":29}},{"start":{"line":97,"column":8},"end":{"line":108,"column":15}}],"line":96}},"s":{"0":0,"1":0,"2":0,"3":0,"4":0,"5":0,"6":0,"7":0,"8":0,"9":0,"10":0,"11":0,"12":0,"13":0,"14":0,"15":0,"16":0,"17":0},"f":{"0":0,"1":0,"2":0},"b":{"0":[0],"1":[0,0,0,0,0],"2":[0,0],"3":[0,0],"4":[0,0],"5":[0,0,0],"6":[0,0],"7":[0,0,0]}}
,"C:\\Users\\lloyd\\Sales-and-Stocks-Manager\\components\\SearchBar.tsx": {"path":"C:\\Users\\lloyd\\Sales-and-Stocks-Manager\\components\\SearchBar.tsx","statementMap":{"0":{"start":{"line":11,"column":44},"end":{"line":44,"column":1}},"1":{"start":{"line":16,"column":2},"end":{"line":43,"column":4}},"2":{"start":{"line":32,"column":27},"end":{"line":32,"column":43}},"3":{"start":{"line":46,"column":15},"end":{"line":77,"column":2}}},"fnMap":{"0":{"name":"(anonymous_0)","decl":{"start":{"line":11,"column":44},"end":{"line":11,"column":45}},"loc":{"start":{"line":15,"column":6},"end":{"line":44,"column":1}},"line":15},"1":{"name":"(anonymous_1)","decl":{"start":{"line":32,"column":21},"end":{"line":32,"column":22}},"loc":{"start":{"line":32,"column":27},"end":{"line":32,"column":43}},"line":32}},"branchMap":{"0":{"loc":{"start":{"line":14,"column":2},"end":{"line":14,"column":53}},"type":"default-arg","locations":[{"start":{"line":14,"column":16},"end":{"line":14,"column":53}}],"line":14},"1":{"loc":{"start":{"line":30,"column":9},"end":{"line":40,"column":9}},"type":"binary-expr","locations":[{"start":{"line":30,"column":9},"end":{"line":30,"column":25}},{"start":{"line":31,"column":10},"end":{"line":39,"column":29}}],"line":30}},"s":{"0":0,"1":0,"2":0,"3":0},"f":{"0":0,"1":0},"b":{"0":[0],"1":[0,0]}}
,"C:\\Users\\lloyd\\Sales-and-Stocks-Manager\\lib\\supabase.ts": {"path":"C:\\Users\\lloyd\\Sales-and-Stocks-Manager\\lib\\supabase.ts","statementMap":{"0":{"start":{"line":4,"column":20},"end":{"line":4,"column":57}},"1":{"start":{"line":5,"column":24},"end":{"line":5,"column":66}},"2":{"start":{"line":7,"column":24},"end":{"line":14,"column":2}}},"fnMap":{},"branchMap":{},"s":{"0":0,"1":0,"2":0},"f":{},"b":{}}
,"C:\\Users\\lloyd\\Sales-and-Stocks-Manager\\screens\\LoadingScreen.tsx": {"path":"C:\\Users\\lloyd\\Sales-and-Stocks-Manager\\screens\\LoadingScreen.tsx","statementMap":{"0":{"start":{"line":4,"column":22},"end":{"line":11,"column":1}},"1":{"start":{"line":5,"column":2},"end":{"line":10,"column":4}},"2":{"start":{"line":13,"column":15},"end":{"line":25,"column":2}}},"fnMap":{"0":{"name":"(anonymous_0)","decl":{"start":{"line":4,"column":22},"end":{"line":4,"column":23}},"loc":{"start":{"line":4,"column":28},"end":{"line":11,"column":1}},"line":4}},"branchMap":{},"s":{"0":0,"1":0,"2":0},"f":{"0":0},"b":{}}
,"C:\\Users\\lloyd\\Sales-and-Stocks-Manager\\screens\\auth\\LoginScreen.tsx": {"path":"C:\\Users\\lloyd\\Sales-and-Stocks-Manager\\screens\\auth\\LoginScreen.tsx","statementMap":{"0":{"start":{"line":14,"column":20},"end":{"line":83,"column":1}},"1":{"start":{"line":15,"column":28},"end":{"line":15,"column":40}},"2":{"start":{"line":16,"column":34},"end":{"line":16,"column":46}},"3":{"start":{"line":17,"column":30},"end":{"line":17,"column":44}},"4":{"start":{"line":19,"column":22},"end":{"line":29,"column":3}},"5":{"start":{"line":20,"column":4},"end":{"line":23,"column":5}},"6":{"start":{"line":21,"column":6},"end":{"line":21,"column":56}},"7":{"start":{"line":22,"column":6},"end":{"line":22,"column":13}},"8":{"start":{"line":25,"column":19},"end":{"line":25,"column":48}},"9":{"start":{"line":26,"column":4},"end":{"line":28,"column":5}},"10":{"start":{"line":27,"column":6},"end":{"line":27,"column":48}},"11":{"start":{"line":31,"column":2},"end":{"line":82,"column":4}},"12":{"start":{"line":73,"column":27},"end":{"line":73,"column":58}},"13":{"start":{"line":85,"column":15},"end":{"line":151,"column":2}}},"fnMap":{"0":{"name":"(anonymous_0)","decl":{"start":{"line":14,"column":20},"end":{"line":14,"column":21}},"loc":{"start":{"line":14,"column":45},"end":{"line":83,"column":1}},"line":14},"1":{"name":"(anonymous_1)","decl":{"start":{"line":19,"column":22},"end":{"line":19,"column":23}},"loc":{"start":{"line":19,"column":34},"end":{"line":29,"column":3}},"line":19},"2":{"name":"(anonymous_2)","decl":{"start":{"line":73,"column":21},"end":{"line":73,"column":22}},"loc":{"start":{"line":73,"column":27},"end":{"line":73,"column":58}},"line":73}},"branchMap":{"0":{"loc":{"start":{"line":20,"column":4},"end":{"line":23,"column":5}},"type":"if","locations":[{"start":{"line":20,"column":4},"end":{"line":23,"column":5}},{"start":{},"end":{}}],"line":20},"1":{"loc":{"start":{"line":20,"column":8},"end":{"line":20,"column":27}},"type":"binary-expr","locations":[{"start":{"line":20,"column":8},"end":{"line":20,"column":14}},{"start":{"line":20,"column":18},"end":{"line":20,"column":27}}],"line":20},"2":{"loc":{"start":{"line":26,"column":4},"end":{"line":28,"column":5}},"type":"if","locations":[{"start":{"line":26,"column":4},"end":{"line":28,"column":5}},{"start":{},"end":{}}],"line":26},"3":{"loc":{"start":{"line":33,"column":16},"end":{"line":33,"column":60}},"type":"cond-expr","locations":[{"start":{"line":33,"column":40},"end":{"line":33,"column":49}},{"start":{"line":33,"column":52},"end":{"line":33,"column":60}}],"line":33},"4":{"loc":{"start":{"line":62,"column":35},"end":{"line":62,"column":67}},"type":"binary-expr","locations":[{"start":{"line":62,"column":35},"end":{"line":62,"column":42}},{"start":{"line":62,"column":46},"end":{"line":62,"column":67}}],"line":62},"5":{"loc":{"start":{"line":67,"column":15},"end":{"line":67,"column":52}},"type":"cond-expr","locations":[{"start":{"line":67,"column":25},"end":{"line":67,"column":40}},{"start":{"line":67,"column":43},"end":{"line":67,"column":52}}],"line":67}},"s":{"0":0,"1":0,"2":0,"3":0,"4":0,"5":0,"6":0,"7":0,"8":0,"9":0,"10":0,"11":0,"12":0,"13":0},"f":{"0":0,"1":0,"2":0},"b":{"0":[0,0],"1":[0,0],"2":[0,0],"3":[0,0],"4":[0,0],"5":[0,0]}}
,"C:\\Users\\lloyd\\Sales-and-Stocks-Manager\\screens\\auth\\RegisterScreen.tsx": {"path":"C:\\Users\\lloyd\\Sales-and-Stocks-Manager\\screens\\auth\\RegisterScreen.tsx","statementMap":{"0":{"start":{"line":14,"column":23},"end":{"line":107,"column":1}},"1":{"start":{"line":15,"column":28},"end":{"line":15,"column":40}},"2":{"start":{"line":16,"column":34},"end":{"line":16,"column":46}},"3":{"start":{"line":17,"column":48},"end":{"line":17,"column":60}},"4":{"start":{"line":18,"column":30},"end":{"line":18,"column":44}},"5":{"start":{"line":20,"column":25},"end":{"line":43,"column":3}},"6":{"start":{"line":21,"column":4},"end":{"line":24,"column":5}},"7":{"start":{"line":22,"column":6},"end":{"line":22,"column":56}},"8":{"start":{"line":23,"column":6},"end":{"line":23,"column":13}},"9":{"start":{"line":26,"column":4},"end":{"line":29,"column":5}},"10":{"start":{"line":27,"column":6},"end":{"line":27,"column":53}},"11":{"start":{"line":28,"column":6},"end":{"line":28,"column":13}},"12":{"start":{"line":31,"column":4},"end":{"line":34,"column":5}},"13":{"start":{"line":32,"column":6},"end":{"line":32,"column":69}},"14":{"start":{"line":33,"column":6},"end":{"line":33,"column":13}},"15":{"start":{"line":36,"column":19},"end":{"line":36,"column":48}},"16":{"start":{"line":37,"column":4},"end":{"line":42,"column":5}},"17":{"start":{"line":38,"column":6},"end":{"line":38,"column":110}},"18":{"start":{"line":39,"column":6},"end":{"line":39,"column":35}},"19":{"start":{"line":41,"column":6},"end":{"line":41,"column":55}},"20":{"start":{"line":45,"column":2},"end":{"line":106,"column":4}},"21":{"start":{"line":97,"column":27},"end":{"line":97,"column":55}},"22":{"start":{"line":109,"column":15},"end":{"line":175,"column":2}}},"fnMap":{"0":{"name":"(anonymous_0)","decl":{"start":{"line":14,"column":23},"end":{"line":14,"column":24}},"loc":{"start":{"line":14,"column":48},"end":{"line":107,"column":1}},"line":14},"1":{"name":"(anonymous_1)","decl":{"start":{"line":20,"column":25},"end":{"line":20,"column":26}},"loc":{"start":{"line":20,"column":37},"end":{"line":43,"column":3}},"line":20},"2":{"name":"(anonymous_2)","decl":{"start":{"line":97,"column":21},"end":{"line":97,"column":22}},"loc":{"start":{"line":97,"column":27},"end":{"line":97,"column":55}},"line":97}},"branchMap":{"0":{"loc":{"start":{"line":21,"column":4},"end":{"line":24,"column":5}},"type":"if","locations":[{"start":{"line":21,"column":4},"end":{"line":24,"column":5}},{"start":{},"end":{}}],"line":21},"1":{"loc":{"start":{"line":21,"column":8},"end":{"line":21,"column":47}},"type":"binary-expr","locations":[{"start":{"line":21,"column":8},"end":{"line":21,"column":14}},{"start":{"line":21,"column":18},"end":{"line":21,"column":27}},{"start":{"line":21,"column":31},"end":{"line":21,"column":47}}],"line":21},"2":{"loc":{"start":{"line":26,"column":4},"end":{"line":29,"column":5}},"type":"if","locations":[{"start":{"line":26,"column":4},"end":{"line":29,"column":5}},{"start":{},"end":{}}],"line":26},"3":{"loc":{"start":{"line":31,"column":4},"end":{"line":34,"column":5}},"type":"if","locations":[{"start":{"line":31,"column":4},"end":{"line":34,"column":5}},{"start":{},"end":{}}],"line":31},"4":{"loc":{"start":{"line":37,"column":4},"end":{"line":42,"column":5}},"type":"if","locations":[{"start":{"line":37,"column":4},"end":{"line":42,"column":5}},{"start":{"line":40,"column":11},"end":{"line":42,"column":5}}],"line":37},"5":{"loc":{"start":{"line":47,"column":16},"end":{"line":47,"column":60}},"type":"cond-expr","locations":[{"start":{"line":47,"column":40},"end":{"line":47,"column":49}},{"start":{"line":47,"column":52},"end":{"line":47,"column":60}}],"line":47},"6":{"loc":{"start":{"line":86,"column":35},"end":{"line":86,"column":67}},"type":"binary-expr","locations":[{"start":{"line":86,"column":35},"end":{"line":86,"column":42}},{"start":{"line":86,"column":46},"end":{"line":86,"column":67}}],"line":86},"7":{"loc":{"start":{"line":91,"column":15},"end":{"line":91,"column":65}},"type":"cond-expr","locations":[{"start":{"line":91,"column":25},"end":{"line":91,"column":46}},{"start":{"line":91,"column":49},"end":{"line":91,"column":65}}],"line":91}},"s":{"0":0,"1":0,"2":0,"3":0,"4":0,"5":0,"6":0,"7":0,"8":0,"9":0,"10":0,"11":0,"12":0,"13":0,"14":0,"15":0,"16":0,"17":0,"18":0,"19":0,"20":0,"21":0,"22":0},"f":{"0":0,"1":0,"2":0},"b":{"0":[0,0],"1":[0,0,0],"2":[0,0],"3":[0,0],"4":[0,0],"5":[0,0],"6":[0,0],"7":[0,0]}}
,"C:\\Users\\lloyd\\Sales-and-Stocks-Manager\\screens\\dashboard\\AdminDashboard.tsx": {"path":"C:\\Users\\lloyd\\Sales-and-Stocks-Manager\\screens\\dashboard\\AdminDashboard.tsx","statementMap":{"0":{"start":{"line":11,"column":23},"end":{"line":72,"column":1}},"1":{"start":{"line":12,"column":28},"end":{"line":12,"column":42}},"2":{"start":{"line":14,"column":24},"end":{"line":16,"column":3}},"3":{"start":{"line":15,"column":4},"end":{"line":15,"column":20}},"4":{"start":{"line":18,"column":2},"end":{"line":71,"column":4}},"5":{"start":{"line":74,"column":15},"end":{"line":146,"column":2}}},"fnMap":{"0":{"name":"(anonymous_0)","decl":{"start":{"line":11,"column":23},"end":{"line":11,"column":24}},"loc":{"start":{"line":11,"column":29},"end":{"line":72,"column":1}},"line":11},"1":{"name":"(anonymous_1)","decl":{"start":{"line":14,"column":24},"end":{"line":14,"column":25}},"loc":{"start":{"line":14,"column":36},"end":{"line":16,"column":3}},"line":14}},"branchMap":{"0":{"loc":{"start":{"line":22,"column":48},"end":{"line":22,"column":70}},"type":"binary-expr","locations":[{"start":{"line":22,"column":48},"end":{"line":22,"column":59}},{"start":{"line":22,"column":63},"end":{"line":22,"column":70}}],"line":22}},"s":{"0":0,"1":0,"2":0,"3":0,"4":0,"5":0},"f":{"0":0,"1":0},"b":{"0":[0,0]}}
,"C:\\Users\\lloyd\\Sales-and-Stocks-Manager\\screens\\dashboard\\StaffDashboard.tsx": {"path":"C:\\Users\\lloyd\\Sales-and-Stocks-Manager\\screens\\dashboard\\StaffDashboard.tsx","statementMap":{"0":{"start":{"line":13,"column":54},"end":{"line":86,"column":1}},"1":{"start":{"line":14,"column":28},"end":{"line":14,"column":42}},"2":{"start":{"line":16,"column":24},"end":{"line":22,"column":3}},"3":{"start":{"line":17,"column":4},"end":{"line":21,"column":5}},"4":{"start":{"line":18,"column":6},"end":{"line":18,"column":22}},"5":{"start":{"line":20,"column":6},"end":{"line":20,"column":49}},"6":{"start":{"line":24,"column":36},"end":{"line":26,"column":3}},"7":{"start":{"line":25,"column":4},"end":{"line":25,"column":37}},"8":{"start":{"line":28,"column":27},"end":{"line":30,"column":3}},"9":{"start":{"line":29,"column":4},"end":{"line":29,"column":55}},"10":{"start":{"line":32,"column":2},"end":{"line":85,"column":4}},"11":{"start":{"line":88,"column":15},"end":{"line":159,"column":2}}},"fnMap":{"0":{"name":"(anonymous_0)","decl":{"start":{"line":13,"column":54},"end":{"line":13,"column":55}},"loc":{"start":{"line":13,"column":74},"end":{"line":86,"column":1}},"line":13},"1":{"name":"(anonymous_1)","decl":{"start":{"line":16,"column":24},"end":{"line":16,"column":25}},"loc":{"start":{"line":16,"column":36},"end":{"line":22,"column":3}},"line":16},"2":{"name":"(anonymous_2)","decl":{"start":{"line":24,"column":36},"end":{"line":24,"column":37}},"loc":{"start":{"line":24,"column":42},"end":{"line":26,"column":3}},"line":24},"3":{"name":"(anonymous_3)","decl":{"start":{"line":28,"column":27},"end":{"line":28,"column":28}},"loc":{"start":{"line":28,"column":33},"end":{"line":30,"column":3}},"line":28}},"branchMap":{"0":{"loc":{"start":{"line":36,"column":48},"end":{"line":36,"column":77}},"type":"binary-expr","locations":[{"start":{"line":36,"column":48},"end":{"line":36,"column":59}},{"start":{"line":36,"column":63},"end":{"line":36,"column":77}}],"line":36}},"s":{"0":0,"1":0,"2":0,"3":0,"4":0,"5":0,"6":0,"7":0,"8":0,"9":0,"10":0,"11":0},"f":{"0":0,"1":0,"2":0,"3":0},"b":{"0":[0,0]}}
,"C:\\Users\\lloyd\\Sales-and-Stocks-Manager\\screens\\dashboard\\ViewerDashboard.tsx": {"path":"C:\\Users\\lloyd\\Sales-and-Stocks-Manager\\screens\\dashboard\\ViewerDashboard.tsx","statementMap":{"0":{"start":{"line":11,"column":24},"end":{"line":72,"column":1}},"1":{"start":{"line":12,"column":28},"end":{"line":12,"column":42}},"2":{"start":{"line":14,"column":24},"end":{"line":16,"column":3}},"3":{"start":{"line":15,"column":4},"end":{"line":15,"column":20}},"4":{"start":{"line":18,"column":2},"end":{"line":71,"column":4}},"5":{"start":{"line":74,"column":15},"end":{"line":146,"column":2}}},"fnMap":{"0":{"name":"(anonymous_0)","decl":{"start":{"line":11,"column":24},"end":{"line":11,"column":25}},"loc":{"start":{"line":11,"column":30},"end":{"line":72,"column":1}},"line":11},"1":{"name":"(anonymous_1)","decl":{"start":{"line":14,"column":24},"end":{"line":14,"column":25}},"loc":{"start":{"line":14,"column":36},"end":{"line":16,"column":3}},"line":14}},"branchMap":{"0":{"loc":{"start":{"line":22,"column":48},"end":{"line":22,"column":71}},"type":"binary-expr","locations":[{"start":{"line":22,"column":48},"end":{"line":22,"column":59}},{"start":{"line":22,"column":63},"end":{"line":22,"column":71}}],"line":22}},"s":{"0":0,"1":0,"2":0,"3":0,"4":0,"5":0},"f":{"0":0,"1":0},"b":{"0":[0,0]}}
,"C:\\Users\\lloyd\\Sales-and-Stocks-Manager\\screens\\inventory\\AddEditProductScreen.tsx": {"path":"C:\\Users\\lloyd\\Sales-and-Stocks-Manager\\screens\\inventory\\AddEditProductScreen.tsx","statementMap":{"0":{"start":{"line":45,"column":66},"end":{"line":507,"column":1}},"1":{"start":{"line":46,"column":23},"end":{"line":46,"column":37}},"2":{"start":{"line":47,"column":36},"end":{"line":47,"column":54}},"3":{"start":{"line":49,"column":34},"end":{"line":59,"column":4}},"4":{"start":{"line":61,"column":30},"end":{"line":61,"column":60}},"5":{"start":{"line":62,"column":32},"end":{"line":62,"column":47}},"6":{"start":{"line":63,"column":30},"end":{"line":63,"column":45}},"7":{"start":{"line":64,"column":40},"end":{"line":64,"column":51}},"8":{"start":{"line":65,"column":54},"end":{"line":65,"column":69}},"9":{"start":{"line":68,"column":25},"end":{"line":68,"column":45}},"10":{"start":{"line":69,"column":26},"end":{"line":69,"column":70}},"11":{"start":{"line":71,"column":21},"end":{"line":71,"column":47}},"12":{"start":{"line":73,"column":2},"end":{"line":90,"column":33}},"13":{"start":{"line":74,"column":4},"end":{"line":89,"column":7}},"14":{"start":{"line":77,"column":8},"end":{"line":87,"column":27}},"15":{"start":{"line":92,"column":24},"end":{"line":118,"column":3}},"16":{"start":{"line":93,"column":4},"end":{"line":116,"column":5}},"17":{"start":{"line":95,"column":8},"end":{"line":95,"column":61}},"18":{"start":{"line":95,"column":27},"end":{"line":95,"column":61}},"19":{"start":{"line":96,"column":8},"end":{"line":96,"column":74}},"20":{"start":{"line":96,"column":30},"end":{"line":96,"column":74}},"21":{"start":{"line":97,"column":8},"end":{"line":97,"column":14}},"22":{"start":{"line":99,"column":8},"end":{"line":99,"column":52}},"23":{"start":{"line":99,"column":27},"end":{"line":99,"column":52}},"24":{"start":{"line":100,"column":8},"end":{"line":100,"column":73}},"25":{"start":{"line":100,"column":30},"end":{"line":100,"column":73}},"26":{"start":{"line":101,"column":8},"end":{"line":101,"column":14}},"27":{"start":{"line":103,"column":25},"end":{"line":103,"column":40}},"28":{"start":{"line":104,"column":8},"end":{"line":104,"column":89}},"29":{"start":{"line":104,"column":45},"end":{"line":104,"column":89}},"30":{"start":{"line":105,"column":8},"end":{"line":105,"column":14}},"31":{"start":{"line":107,"column":26},"end":{"line":107,"column":41}},"32":{"start":{"line":108,"column":8},"end":{"line":108,"column":92}},"33":{"start":{"line":108,"column":47},"end":{"line":108,"column":92}},"34":{"start":{"line":109,"column":8},"end":{"line":109,"column":14}},"35":{"start":{"line":111,"column":8},"end":{"line":114,"column":9}},"36":{"start":{"line":112,"column":24},"end":{"line":112,"column":41}},"37":{"start":{"line":113,"column":10},"end":{"line":113,"column":82}},"38":{"start":{"line":113,"column":41},"end":{"line":113,"column":82}},"39":{"start":{"line":115,"column":8},"end":{"line":115,"column":14}},"40":{"start":{"line":117,"column":4},"end":{"line":117,"column":14}},"41":{"start":{"line":120,"column":23},"end":{"line":134,"column":3}},"42":{"start":{"line":121,"column":40},"end":{"line":121,"column":42}},"43":{"start":{"line":122,"column":18},"end":{"line":122,"column":22}},"44":{"start":{"line":124,"column":4},"end":{"line":130,"column":7}},"45":{"start":{"line":125,"column":20},"end":{"line":125,"column":75}},"46":{"start":{"line":126,"column":6},"end":{"line":129,"column":7}},"47":{"start":{"line":127,"column":8},"end":{"line":127,"column":33}},"48":{"start":{"line":128,"column":8},"end":{"line":128,"column":24}},"49":{"start":{"line":132,"column":4},"end":{"line":132,"column":25}},"50":{"start":{"line":133,"column":4},"end":{"line":133,"column":19}},"51":{"start":{"line":136,"column":28},"end":{"line":143,"column":3}},"52":{"start":{"line":137,"column":4},"end":{"line":137,"column":55}},"53":{"start":{"line":137,"column":25},"end":{"line":137,"column":52}},"54":{"start":{"line":140,"column":4},"end":{"line":142,"column":5}},"55":{"start":{"line":141,"column":6},"end":{"line":141,"column":52}},"56":{"start":{"line":141,"column":25},"end":{"line":141,"column":49}},"57":{"start":{"line":145,"column":28},"end":{"line":148,"column":3}},"58":{"start":{"line":147,"column":4},"end":{"line":147,"column":94}},"59":{"start":{"line":150,"column":28},"end":{"line":155,"column":3}},"60":{"start":{"line":151,"column":22},"end":{"line":151,"column":53}},"61":{"start":{"line":152,"column":19},"end":{"line":152,"column":75}},"62":{"start":{"line":153,"column":19},"end":{"line":153,"column":45}},"63":{"start":{"line":154,"column":4},"end":{"line":154,"column":52}},"64":{"start":{"line":154,"column":25},"end":{"line":154,"column":49}},"65":{"start":{"line":157,"column":21},"end":{"line":252,"column":3}},"66":{"start":{"line":158,"column":4},"end":{"line":161,"column":5}},"67":{"start":{"line":159,"column":6},"end":{"line":159,"column":77}},"68":{"start":{"line":160,"column":6},"end":{"line":160,"column":13}},"69":{"start":{"line":163,"column":4},"end":{"line":163,"column":20}},"70":{"start":{"line":164,"column":4},"end":{"line":251,"column":5}},"71":{"start":{"line":165,"column":26},"end":{"line":176,"column":7}},"72":{"start":{"line":179,"column":6},"end":{"line":227,"column":7}},"73":{"start":{"line":181,"column":42},"end":{"line":185,"column":19}},"74":{"start":{"line":187,"column":8},"end":{"line":195,"column":9}},"75":{"start":{"line":188,"column":10},"end":{"line":192,"column":12}},"76":{"start":{"line":193,"column":10},"end":{"line":193,"column":27}},"77":{"start":{"line":194,"column":10},"end":{"line":194,"column":17}},"78":{"start":{"line":197,"column":8},"end":{"line":201,"column":20}},"79":{"start":{"line":204,"column":42},"end":{"line":209,"column":19}},"80":{"start":{"line":211,"column":8},"end":{"line":219,"column":9}},"81":{"start":{"line":212,"column":10},"end":{"line":216,"column":12}},"82":{"start":{"line":217,"column":10},"end":{"line":217,"column":27}},"83":{"start":{"line":218,"column":10},"end":{"line":218,"column":17}},"84":{"start":{"line":221,"column":8},"end":{"line":226,"column":20}},"85":{"start":{"line":229,"column":6},"end":{"line":229,"column":43}},"86":{"start":{"line":229,"column":24},"end":{"line":229,"column":43}},"87":{"start":{"line":231,"column":6},"end":{"line":235,"column":8}},"88":{"start":{"line":234,"column":38},"end":{"line":234,"column":57}},"89":{"start":{"line":237,"column":6},"end":{"line":237,"column":52}},"90":{"start":{"line":240,"column":6},"end":{"line":248,"column":7}},"91":{"start":{"line":241,"column":8},"end":{"line":245,"column":10}},"92":{"start":{"line":247,"column":8},"end":{"line":247,"column":74}},"93":{"start":{"line":250,"column":6},"end":{"line":250,"column":23}},"94":{"start":{"line":254,"column":30},"end":{"line":276,"column":3}},"95":{"start":{"line":255,"column":4},"end":{"line":275,"column":11}},"96":{"start":{"line":257,"column":8},"end":{"line":273,"column":15}},"97":{"start":{"line":278,"column":30},"end":{"line":351,"column":3}},"98":{"start":{"line":279,"column":4},"end":{"line":350,"column":11}},"99":{"start":{"line":287,"column":35},"end":{"line":287,"column":67}},"100":{"start":{"line":300,"column":37},"end":{"line":300,"column":68}},"101":{"start":{"line":317,"column":37},"end":{"line":317,"column":72}},"102":{"start":{"line":332,"column":35},"end":{"line":332,"column":71}},"103":{"start":{"line":343,"column":35},"end":{"line":343,"column":74}},"104":{"start":{"line":353,"column":33},"end":{"line":410,"column":3}},"105":{"start":{"line":354,"column":4},"end":{"line":409,"column":11}},"106":{"start":{"line":362,"column":35},"end":{"line":362,"column":71}},"107":{"start":{"line":375,"column":35},"end":{"line":375,"column":82}},"108":{"start":{"line":389,"column":35},"end":{"line":389,"column":71}},"109":{"start":{"line":401,"column":37},"end":{"line":401,"column":75}},"110":{"start":{"line":412,"column":29},"end":{"line":423,"column":3}},"111":{"start":{"line":413,"column":4},"end":{"line":422,"column":11}},"112":{"start":{"line":425,"column":28},"end":{"line":436,"column":3}},"113":{"start":{"line":426,"column":4},"end":{"line":435,"column":5}},"114":{"start":{"line":428,"column":8},"end":{"line":428,"column":37}},"115":{"start":{"line":430,"column":8},"end":{"line":430,"column":40}},"116":{"start":{"line":432,"column":8},"end":{"line":432,"column":36}},"117":{"start":{"line":434,"column":8},"end":{"line":434,"column":37}},"118":{"start":{"line":438,"column":25},"end":{"line":442,"column":3}},"119":{"start":{"line":439,"column":4},"end":{"line":441,"column":5}},"120":{"start":{"line":440,"column":6},"end":{"line":440,"column":38}},"121":{"start":{"line":444,"column":25},"end":{"line":448,"column":3}},"122":{"start":{"line":445,"column":4},"end":{"line":447,"column":5}},"123":{"start":{"line":446,"column":6},"end":{"line":446,"column":38}},"124":{"start":{"line":450,"column":2},"end":{"line":506,"column":4}},"125":{"start":{"line":509,"column":15},"end":{"line":703,"column":2}}},"fnMap":{"0":{"name":"(anonymous_0)","decl":{"start":{"line":45,"column":66},"end":{"line":45,"column":67}},"loc":{"start":{"line":45,"column":93},"end":{"line":507,"column":1}},"line":45},"1":{"name":"(anonymous_1)","decl":{"start":{"line":73,"column":12},"end":{"line":73,"column":13}},"loc":{"start":{"line":73,"column":18},"end":{"line":90,"column":3}},"line":73},"2":{"name":"(anonymous_2)","decl":{"start":{"line":76,"column":19},"end":{"line":76,"column":20}},"loc":{"start":{"line":77,"column":8},"end":{"line":87,"column":27}},"line":77},"3":{"name":"(anonymous_3)","decl":{"start":{"line":92,"column":24},"end":{"line":92,"column":25}},"loc":{"start":{"line":92,"column":66},"end":{"line":118,"column":3}},"line":92},"4":{"name":"(anonymous_4)","decl":{"start":{"line":120,"column":23},"end":{"line":120,"column":24}},"loc":{"start":{"line":120,"column":38},"end":{"line":134,"column":3}},"line":120},"5":{"name":"(anonymous_5)","decl":{"start":{"line":124,"column":34},"end":{"line":124,"column":35}},"loc":{"start":{"line":124,"column":43},"end":{"line":130,"column":5}},"line":124},"6":{"name":"(anonymous_6)","decl":{"start":{"line":136,"column":28},"end":{"line":136,"column":29}},"loc":{"start":{"line":136,"column":70},"end":{"line":143,"column":3}},"line":136},"7":{"name":"(anonymous_7)","decl":{"start":{"line":137,"column":16},"end":{"line":137,"column":17}},"loc":{"start":{"line":137,"column":25},"end":{"line":137,"column":52}},"line":137},"8":{"name":"(anonymous_8)","decl":{"start":{"line":141,"column":16},"end":{"line":141,"column":17}},"loc":{"start":{"line":141,"column":25},"end":{"line":141,"column":49}},"line":141},"9":{"name":"(anonymous_9)","decl":{"start":{"line":145,"column":28},"end":{"line":145,"column":29}},"loc":{"start":{"line":145,"column":34},"end":{"line":148,"column":3}},"line":145},"10":{"name":"(anonymous_10)","decl":{"start":{"line":150,"column":28},"end":{"line":150,"column":29}},"loc":{"start":{"line":150,"column":34},"end":{"line":155,"column":3}},"line":150},"11":{"name":"(anonymous_11)","decl":{"start":{"line":154,"column":16},"end":{"line":154,"column":17}},"loc":{"start":{"line":154,"column":25},"end":{"line":154,"column":49}},"line":154},"12":{"name":"(anonymous_12)","decl":{"start":{"line":157,"column":21},"end":{"line":157,"column":22}},"loc":{"start":{"line":157,"column":33},"end":{"line":252,"column":3}},"line":157},"13":{"name":"(anonymous_13)","decl":{"start":{"line":234,"column":32},"end":{"line":234,"column":33}},"loc":{"start":{"line":234,"column":38},"end":{"line":234,"column":57}},"line":234},"14":{"name":"(anonymous_14)","decl":{"start":{"line":254,"column":30},"end":{"line":254,"column":31}},"loc":{"start":{"line":255,"column":4},"end":{"line":275,"column":11}},"line":255},"15":{"name":"(anonymous_15)","decl":{"start":{"line":256,"column":42},"end":{"line":256,"column":43}},"loc":{"start":{"line":257,"column":8},"end":{"line":273,"column":15}},"line":257},"16":{"name":"(anonymous_16)","decl":{"start":{"line":278,"column":30},"end":{"line":278,"column":31}},"loc":{"start":{"line":279,"column":4},"end":{"line":350,"column":11}},"line":279},"17":{"name":"(anonymous_17)","decl":{"start":{"line":287,"column":24},"end":{"line":287,"column":25}},"loc":{"start":{"line":287,"column":35},"end":{"line":287,"column":67}},"line":287},"18":{"name":"(anonymous_18)","decl":{"start":{"line":300,"column":26},"end":{"line":300,"column":27}},"loc":{"start":{"line":300,"column":37},"end":{"line":300,"column":68}},"line":300},"19":{"name":"(anonymous_19)","decl":{"start":{"line":317,"column":26},"end":{"line":317,"column":27}},"loc":{"start":{"line":317,"column":37},"end":{"line":317,"column":72}},"line":317},"20":{"name":"(anonymous_20)","decl":{"start":{"line":332,"column":24},"end":{"line":332,"column":25}},"loc":{"start":{"line":332,"column":35},"end":{"line":332,"column":71}},"line":332},"21":{"name":"(anonymous_21)","decl":{"start":{"line":343,"column":24},"end":{"line":343,"column":25}},"loc":{"start":{"line":343,"column":35},"end":{"line":343,"column":74}},"line":343},"22":{"name":"(anonymous_22)","decl":{"start":{"line":353,"column":33},"end":{"line":353,"column":34}},"loc":{"start":{"line":354,"column":4},"end":{"line":409,"column":11}},"line":354},"23":{"name":"(anonymous_23)","decl":{"start":{"line":362,"column":24},"end":{"line":362,"column":25}},"loc":{"start":{"line":362,"column":35},"end":{"line":362,"column":71}},"line":362},"24":{"name":"(anonymous_24)","decl":{"start":{"line":375,"column":24},"end":{"line":375,"column":25}},"loc":{"start":{"line":375,"column":35},"end":{"line":375,"column":82}},"line":375},"25":{"name":"(anonymous_25)","decl":{"start":{"line":389,"column":24},"end":{"line":389,"column":25}},"loc":{"start":{"line":389,"column":35},"end":{"line":389,"column":71}},"line":389},"26":{"name":"(anonymous_26)","decl":{"start":{"line":401,"column":26},"end":{"line":401,"column":27}},"loc":{"start":{"line":401,"column":37},"end":{"line":401,"column":75}},"line":401},"27":{"name":"(anonymous_27)","decl":{"start":{"line":412,"column":29},"end":{"line":412,"column":30}},"loc":{"start":{"line":413,"column":4},"end":{"line":422,"column":11}},"line":413},"28":{"name":"(anonymous_28)","decl":{"start":{"line":425,"column":28},"end":{"line":425,"column":29}},"loc":{"start":{"line":425,"column":34},"end":{"line":436,"column":3}},"line":425},"29":{"name":"(anonymous_29)","decl":{"start":{"line":438,"column":25},"end":{"line":438,"column":26}},"loc":{"start":{"line":438,"column":31},"end":{"line":442,"column":3}},"line":438},"30":{"name":"(anonymous_30)","decl":{"start":{"line":444,"column":25},"end":{"line":444,"column":26}},"loc":{"start":{"line":444,"column":31},"end":{"line":448,"column":3}},"line":444}},"branchMap":{"0":{"loc":{"start":{"line":47,"column":19},"end":{"line":47,"column":31}},"type":"default-arg","locations":[{"start":{"line":47,"column":26},"end":{"line":47,"column":31}}],"line":47},"1":{"loc":{"start":{"line":47,"column":36},"end":{"line":47,"column":54}},"type":"binary-expr","locations":[{"start":{"line":47,"column":36},"end":{"line":47,"column":48}},{"start":{"line":47,"column":52},"end":{"line":47,"column":54}}],"line":47},"2":{"loc":{"start":{"line":50,"column":10},"end":{"line":50,"column":29}},"type":"binary-expr","locations":[{"start":{"line":50,"column":10},"end":{"line":50,"column":23}},{"start":{"line":50,"column":27},"end":{"line":50,"column":29}}],"line":50},"3":{"loc":{"start":{"line":51,"column":9},"end":{"line":51,"column":27}},"type":"binary-expr","locations":[{"start":{"line":51,"column":9},"end":{"line":51,"column":21}},{"start":{"line":51,"column":25},"end":{"line":51,"column":27}}],"line":51},"4":{"loc":{"start":{"line":52,"column":13},"end":{"line":52,"column":35}},"type":"binary-expr","locations":[{"start":{"line":52,"column":13},"end":{"line":52,"column":29}},{"start":{"line":52,"column":33},"end":{"line":52,"column":35}}],"line":52},"5":{"loc":{"start":{"line":53,"column":14},"end":{"line":53,"column":50}},"type":"binary-expr","locations":[{"start":{"line":53,"column":14},"end":{"line":53,"column":43}},{"start":{"line":53,"column":47},"end":{"line":53,"column":50}}],"line":53},"6":{"loc":{"start":{"line":54,"column":25},"end":{"line":54,"column":73}},"type":"binary-expr","locations":[{"start":{"line":54,"column":25},"end":{"line":54,"column":65}},{"start":{"line":54,"column":69},"end":{"line":54,"column":73}}],"line":54},"7":{"loc":{"start":{"line":55,"column":14},"end":{"line":55,"column":37}},"type":"binary-expr","locations":[{"start":{"line":55,"column":14},"end":{"line":55,"column":31}},{"start":{"line":55,"column":35},"end":{"line":55,"column":37}}],"line":55},"8":{"loc":{"start":{"line":56,"column":16},"end":{"line":56,"column":53}},"type":"binary-expr","locations":[{"start":{"line":56,"column":16},"end":{"line":56,"column":47}},{"start":{"line":56,"column":51},"end":{"line":56,"column":53}}],"line":56},"9":{"loc":{"start":{"line":57,"column":17},"end":{"line":57,"column":43}},"type":"binary-expr","locations":[{"start":{"line":57,"column":17},"end":{"line":57,"column":37}},{"start":{"line":57,"column":41},"end":{"line":57,"column":43}}],"line":57},"10":{"loc":{"start":{"line":58,"column":14},"end":{"line":58,"column":37}},"type":"binary-expr","locations":[{"start":{"line":58,"column":14},"end":{"line":58,"column":31}},{"start":{"line":58,"column":35},"end":{"line":58,"column":37}}],"line":58},"11":{"loc":{"start":{"line":69,"column":26},"end":{"line":69,"column":70}},"type":"binary-expr","locations":[{"start":{"line":69,"column":26},"end":{"line":69,"column":46}},{"start":{"line":69,"column":50},"end":{"line":69,"column":70}}],"line":69},"12":{"loc":{"start":{"line":71,"column":21},"end":{"line":71,"column":47}},"type":"cond-expr","locations":[{"start":{"line":71,"column":42},"end":{"line":71,"column":43}},{"start":{"line":71,"column":46},"end":{"line":71,"column":47}}],"line":71},"13":{"loc":{"start":{"line":75,"column":13},"end":{"line":75,"column":60}},"type":"cond-expr","locations":[{"start":{"line":75,"column":30},"end":{"line":75,"column":43}},{"start":{"line":75,"column":46},"end":{"line":75,"column":60}}],"line":75},"14":{"loc":{"start":{"line":82,"column":11},"end":{"line":86,"column":11}},"type":"cond-expr","locations":[{"start":{"line":83,"column":12},"end":{"line":83,"column":62}},{"start":{"line":85,"column":12},"end":{"line":85,"column":61}}],"line":82},"15":{"loc":{"start":{"line":93,"column":4},"end":{"line":116,"column":5}},"type":"switch","locations":[{"start":{"line":94,"column":6},"end":{"line":97,"column":14}},{"start":{"line":98,"column":6},"end":{"line":101,"column":14}},{"start":{"line":102,"column":6},"end":{"line":105,"column":14}},{"start":{"line":106,"column":6},"end":{"line":109,"column":14}},{"start":{"line":110,"column":6},"end":{"line":115,"column":14}}],"line":93},"16":{"loc":{"start":{"line":95,"column":8},"end":{"line":95,"column":61}},"type":"if","locations":[{"start":{"line":95,"column":8},"end":{"line":95,"column":61}},{"start":{},"end":{}}],"line":95},"17":{"loc":{"start":{"line":96,"column":8},"end":{"line":96,"column":74}},"type":"if","locations":[{"start":{"line":96,"column":8},"end":{"line":96,"column":74}},{"start":{},"end":{}}],"line":96},"18":{"loc":{"start":{"line":99,"column":8},"end":{"line":99,"column":52}},"type":"if","locations":[{"start":{"line":99,"column":8},"end":{"line":99,"column":52}},{"start":{},"end":{}}],"line":99},"19":{"loc":{"start":{"line":100,"column":8},"end":{"line":100,"column":73}},"type":"if","locations":[{"start":{"line":100,"column":8},"end":{"line":100,"column":73}},{"start":{},"end":{}}],"line":100},"20":{"loc":{"start":{"line":104,"column":8},"end":{"line":104,"column":89}},"type":"if","locations":[{"start":{"line":104,"column":8},"end":{"line":104,"column":89}},{"start":{},"end":{}}],"line":104},"21":{"loc":{"start":{"line":104,"column":12},"end":{"line":104,"column":43}},"type":"binary-expr","locations":[{"start":{"line":104,"column":12},"end":{"line":104,"column":27}},{"start":{"line":104,"column":31},"end":{"line":104,"column":43}}],"line":104},"22":{"loc":{"start":{"line":108,"column":8},"end":{"line":108,"column":92}},"type":"if","locations":[{"start":{"line":108,"column":8},"end":{"line":108,"column":92}},{"start":{},"end":{}}],"line":108},"23":{"loc":{"start":{"line":108,"column":12},"end":{"line":108,"column":45}},"type":"binary-expr","locations":[{"start":{"line":108,"column":12},"end":{"line":108,"column":28}},{"start":{"line":108,"column":32},"end":{"line":108,"column":45}}],"line":108},"24":{"loc":{"start":{"line":111,"column":8},"end":{"line":114,"column":9}},"type":"if","locations":[{"start":{"line":111,"column":8},"end":{"line":114,"column":9}},{"start":{},"end":{}}],"line":111},"25":{"loc":{"start":{"line":111,"column":12},"end":{"line":111,"column":35}},"type":"binary-expr","locations":[{"start":{"line":111,"column":12},"end":{"line":111,"column":17}},{"start":{"line":111,"column":21},"end":{"line":111,"column":35}}],"line":111},"26":{"loc":{"start":{"line":113,"column":10},"end":{"line":113,"column":82}},"type":"if","locations":[{"start":{"line":113,"column":10},"end":{"line":113,"column":82}},{"start":{},"end":{}}],"line":113},"27":{"loc":{"start":{"line":113,"column":14},"end":{"line":113,"column":39}},"type":"binary-expr","locations":[{"start":{"line":113,"column":14},"end":{"line":113,"column":26}},{"start":{"line":113,"column":30},"end":{"line":113,"column":39}}],"line":113},"28":{"loc":{"start":{"line":126,"column":6},"end":{"line":129,"column":7}},"type":"if","locations":[{"start":{"line":126,"column":6},"end":{"line":129,"column":7}},{"start":{},"end":{}}],"line":126},"29":{"loc":{"start":{"line":140,"column":4},"end":{"line":142,"column":5}},"type":"if","locations":[{"start":{"line":140,"column":4},"end":{"line":142,"column":5}},{"start":{},"end":{}}],"line":140},"30":{"loc":{"start":{"line":158,"column":4},"end":{"line":161,"column":5}},"type":"if","locations":[{"start":{"line":158,"column":4},"end":{"line":161,"column":5}},{"start":{},"end":{}}],"line":158},"31":{"loc":{"start":{"line":168,"column":17},"end":{"line":168,"column":48}},"type":"binary-expr","locations":[{"start":{"line":168,"column":17},"end":{"line":168,"column":40}},{"start":{"line":168,"column":44},"end":{"line":168,"column":48}}],"line":168},"32":{"loc":{"start":{"line":172,"column":20},"end":{"line":172,"column":80}},"type":"cond-expr","locations":[{"start":{"line":172,"column":42},"end":{"line":172,"column":73}},{"start":{"line":172,"column":76},"end":{"line":172,"column":80}}],"line":172},"33":{"loc":{"start":{"line":179,"column":6},"end":{"line":227,"column":7}},"type":"if","locations":[{"start":{"line":179,"column":6},"end":{"line":227,"column":7}},{"start":{"line":202,"column":13},"end":{"line":227,"column":7}}],"line":179},"34":{"loc":{"start":{"line":187,"column":8},"end":{"line":195,"column":9}},"type":"if","locations":[{"start":{"line":187,"column":8},"end":{"line":195,"column":9}},{"start":{},"end":{}}],"line":187},"35":{"loc":{"start":{"line":211,"column":8},"end":{"line":219,"column":9}},"type":"if","locations":[{"start":{"line":211,"column":8},"end":{"line":219,"column":9}},{"start":{},"end":{}}],"line":211},"36":{"loc":{"start":{"line":229,"column":6},"end":{"line":229,"column":43}},"type":"if","locations":[{"start":{"line":229,"column":6},"end":{"line":229,"column":43}},{"start":{},"end":{}}],"line":229},"37":{"loc":{"start":{"line":233,"column":19},"end":{"line":233,"column":55}},"type":"cond-expr","locations":[{"start":{"line":233,"column":36},"end":{"line":233,"column":43}},{"start":{"line":233,"column":46},"end":{"line":233,"column":55}}],"line":233},"38":{"loc":{"start":{"line":240,"column":6},"end":{"line":248,"column":7}},"type":"if","locations":[{"start":{"line":240,"column":6},"end":{"line":248,"column":7}},{"start":{"line":246,"column":13},"end":{"line":248,"column":7}}],"line":240},"39":{"loc":{"start":{"line":260,"column":12},"end":{"line":262,"column":31}},"type":"cond-expr","locations":[{"start":{"line":260,"column":38},"end":{"line":260,"column":58}},{"start":{"line":261,"column":12},"end":{"line":262,"column":31}}],"line":260},"40":{"loc":{"start":{"line":261,"column":12},"end":{"line":262,"column":31}},"type":"cond-expr","locations":[{"start":{"line":261,"column":40},"end":{"line":261,"column":57}},{"start":{"line":262,"column":12},"end":{"line":262,"column":31}}],"line":261},"41":{"loc":{"start":{"line":264,"column":13},"end":{"line":268,"column":13}},"type":"cond-expr","locations":[{"start":{"line":265,"column":14},"end":{"line":265,"column":63}},{"start":{"line":267,"column":14},"end":{"line":267,"column":64}}],"line":264},"42":{"loc":{"start":{"line":271,"column":13},"end":{"line":271,"column":84}},"type":"cond-expr","locations":[{"start":{"line":271,"column":27},"end":{"line":271,"column":39}},{"start":{"line":271,"column":42},"end":{"line":271,"column":84}}],"line":271},"43":{"loc":{"start":{"line":271,"column":42},"end":{"line":271,"column":84}},"type":"cond-expr","locations":[{"start":{"line":271,"column":56},"end":{"line":271,"column":71}},{"start":{"line":271,"column":74},"end":{"line":271,"column":84}}],"line":271},"44":{"loc":{"start":{"line":285,"column":32},"end":{"line":285,"column":64}},"type":"binary-expr","locations":[{"start":{"line":285,"column":32},"end":{"line":285,"column":43}},{"start":{"line":285,"column":47},"end":{"line":285,"column":64}}],"line":285},"45":{"loc":{"start":{"line":291,"column":9},"end":{"line":291,"column":75}},"type":"binary-expr","locations":[{"start":{"line":291,"column":9},"end":{"line":291,"column":20}},{"start":{"line":291,"column":24},"end":{"line":291,"column":75}}],"line":291},"46":{"loc":{"start":{"line":298,"column":51},"end":{"line":298,"column":82}},"type":"binary-expr","locations":[{"start":{"line":298,"column":51},"end":{"line":298,"column":61}},{"start":{"line":298,"column":65},"end":{"line":298,"column":82}}],"line":298},"47":{"loc":{"start":{"line":308,"column":9},"end":{"line":308,"column":73}},"type":"binary-expr","locations":[{"start":{"line":308,"column":9},"end":{"line":308,"column":19}},{"start":{"line":308,"column":23},"end":{"line":308,"column":73}}],"line":308},"48":{"loc":{"start":{"line":360,"column":32},"end":{"line":360,"column":68}},"type":"binary-expr","locations":[{"start":{"line":360,"column":32},"end":{"line":360,"column":47}},{"start":{"line":360,"column":51},"end":{"line":360,"column":68}}],"line":360},"49":{"loc":{"start":{"line":367,"column":9},"end":{"line":367,"column":83}},"type":"binary-expr","locations":[{"start":{"line":367,"column":9},"end":{"line":367,"column":24}},{"start":{"line":367,"column":28},"end":{"line":367,"column":83}}],"line":367},"50":{"loc":{"start":{"line":373,"column":32},"end":{"line":373,"column":79}},"type":"binary-expr","locations":[{"start":{"line":373,"column":32},"end":{"line":373,"column":58}},{"start":{"line":373,"column":62},"end":{"line":373,"column":79}}],"line":373},"51":{"loc":{"start":{"line":381,"column":9},"end":{"line":381,"column":105}},"type":"binary-expr","locations":[{"start":{"line":381,"column":9},"end":{"line":381,"column":35}},{"start":{"line":381,"column":39},"end":{"line":381,"column":105}}],"line":381},"52":{"loc":{"start":{"line":395,"column":7},"end":{"line":408,"column":7}},"type":"binary-expr","locations":[{"start":{"line":395,"column":7},"end":{"line":395,"column":21}},{"start":{"line":396,"column":8},"end":{"line":407,"column":15}}],"line":395},"53":{"loc":{"start":{"line":399,"column":34},"end":{"line":399,"column":72}},"type":"binary-expr","locations":[{"start":{"line":399,"column":34},"end":{"line":399,"column":51}},{"start":{"line":399,"column":55},"end":{"line":399,"column":72}}],"line":399},"54":{"loc":{"start":{"line":406,"column":11},"end":{"line":406,"column":89}},"type":"binary-expr","locations":[{"start":{"line":406,"column":11},"end":{"line":406,"column":28}},{"start":{"line":406,"column":32},"end":{"line":406,"column":89}}],"line":406},"55":{"loc":{"start":{"line":426,"column":4},"end":{"line":435,"column":5}},"type":"switch","locations":[{"start":{"line":427,"column":6},"end":{"line":428,"column":37}},{"start":{"line":429,"column":6},"end":{"line":430,"column":40}},{"start":{"line":431,"column":6},"end":{"line":432,"column":36}},{"start":{"line":433,"column":6},"end":{"line":434,"column":37}}],"line":426},"56":{"loc":{"start":{"line":439,"column":4},"end":{"line":441,"column":5}},"type":"if","locations":[{"start":{"line":439,"column":4},"end":{"line":441,"column":5}},{"start":{},"end":{}}],"line":439},"57":{"loc":{"start":{"line":445,"column":4},"end":{"line":447,"column":5}},"type":"if","locations":[{"start":{"line":445,"column":4},"end":{"line":447,"column":5}},{"start":{},"end":{}}],"line":445},"58":{"loc":{"start":{"line":453,"column":16},"end":{"line":453,"column":60}},"type":"cond-expr","locations":[{"start":{"line":453,"column":40},"end":{"line":453,"column":49}},{"start":{"line":453,"column":52},"end":{"line":453,"column":60}}],"line":453},"59":{"loc":{"start":{"line":463,"column":11},"end":{"line":467,"column":11}},"type":"binary-expr","locations":[{"start":{"line":463,"column":11},"end":{"line":463,"column":26}},{"start":{"line":464,"column":12},"end":{"line":466,"column":31}}],"line":463},"60":{"loc":{"start":{"line":469,"column":11},"end":{"line":490,"column":11}},"type":"cond-expr","locations":[{"start":{"line":470,"column":12},"end":{"line":475,"column":31}},{"start":{"line":477,"column":12},"end":{"line":489,"column":31}}],"line":469},"61":{"loc":{"start":{"line":482,"column":15},"end":{"line":488,"column":15}},"type":"cond-expr","locations":[{"start":{"line":483,"column":16},"end":{"line":483,"column":64}},{"start":{"line":485,"column":16},"end":{"line":487,"column":23}}],"line":482},"62":{"loc":{"start":{"line":486,"column":19},"end":{"line":486,"column":68}},"type":"cond-expr","locations":[{"start":{"line":486,"column":36},"end":{"line":486,"column":49}},{"start":{"line":486,"column":52},"end":{"line":486,"column":68}}],"line":486},"63":{"loc":{"start":{"line":493,"column":9},"end":{"line":503,"column":9}},"type":"binary-expr","locations":[{"start":{"line":493,"column":9},"end":{"line":493,"column":24}},{"start":{"line":494,"column":10},"end":{"line":502,"column":17}}],"line":493},"64":{"loc":{"start":{"line":500,"column":26},"end":{"line":500,"column":65}},"type":"cond-expr","locations":[{"start":{"line":500,"column":47},"end":{"line":500,"column":53}},{"start":{"line":500,"column":56},"end":{"line":500,"column":65}}],"line":500}},"s":{"0":0,"1":0,"2":0,"3":0,"4":0,"5":0,"6":0,"7":0,"8":0,"9":0,"10":0,"11":0,"12":0,"13":0,"14":0,"15":0,"16":0,"17":0,"18":0,"19":0,"20":0,"21":0,"22":0,"23":0,"24":0,"25":0,"26":0,"27":0,"28":0,"29":0,"30":0,"31":0,"32":0,"33":0,"34":0,"35":0,"36":0,"37":0,"38":0,"39":0,"40":0,"41":0,"42":0,"43":0,"44":0,"45":0,"46":0,"47":0,"48":0,"49":0,"50":0,"51":0,"52":0,"53":0,"54":0,"55":0,"56":0,"57":0,"58":0,"59":0,"60":0,"61":0,"62":0,"63":0,"64":0,"65":0,"66":0,"67":0,"68":0,"69":0,"70":0,"71":0,"72":0,"73":0,"74":0,"75":0,"76":0,"77":0,"78":0,"79":0,"80":0,"81":0,"82":0,"83":0,"84":0,"85":0,"86":0,"87":0,"88":0,"89":0,"90":0,"91":0,"92":0,"93":0,"94":0,"95":0,"96":0,"97":0,"98":0,"99":0,"100":0,"101":0,"102":0,"103":0,"104":0,"105":0,"106":0,"107":0,"108":0,"109":0,"110":0,"111":0,"112":0,"113":0,"114":0,"115":0,"116":0,"117":0,"118":0,"119":0,"120":0,"121":0,"122":0,"123":0,"124":0,"125":0},"f":{"0":0,"1":0,"2":0,"3":0,"4":0,"5":0,"6":0,"7":0,"8":0,"9":0,"10":0,"11":0,"12":0,"13":0,"14":0,"15":0,"16":0,"17":0,"18":0,"19":0,"20":0,"21":0,"22":0,"23":0,"24":0,"25":0,"26":0,"27":0,"28":0,"29":0,"30":0},"b":{"0":[0],"1":[0,0],"2":[0,0],"3":[0,0],"4":[0,0],"5":[0,0],"6":[0,0],"7":[0,0],"8":[0,0],"9":[0,0],"10":[0,0],"11":[0,0],"12":[0,0],"13":[0,0],"14":[0,0],"15":[0,0,0,0,0],"16":[0,0],"17":[0,0],"18":[0,0],"19":[0,0],"20":[0,0],"21":[0,0],"22":[0,0],"23":[0,0],"24":[0,0],"25":[0,0],"26":[0,0],"27":[0,0],"28":[0,0],"29":[0,0],"30":[0,0],"31":[0,0],"32":[0,0],"33":[0,0],"34":[0,0],"35":[0,0],"36":[0,0],"37":[0,0],"38":[0,0],"39":[0,0],"40":[0,0],"41":[0,0],"42":[0,0],"43":[0,0],"44":[0,0],"45":[0,0],"46":[0,0],"47":[0,0],"48":[0,0],"49":[0,0],"50":[0,0],"51":[0,0],"52":[0,0],"53":[0,0],"54":[0,0],"55":[0,0,0,0],"56":[0,0],"57":[0,0],"58":[0,0],"59":[0,0],"60":[0,0],"61":[0,0],"62":[0,0],"63":[0,0],"64":[0,0]}}
,"C:\\Users\\lloyd\\Sales-and-Stocks-Manager\\screens\\inventory\\InventoryDetailScreen.tsx": {"path":"C:\\Users\\lloyd\\Sales-and-Stocks-Manager\\screens\\inventory\\InventoryDetailScreen.tsx","statementMap":{"0":{"start":{"line":34,"column":68},"end":{"line":424,"column":1}},"1":{"start":{"line":35,"column":39},"end":{"line":35,"column":51}},"2":{"start":{"line":36,"column":23},"end":{"line":36,"column":37}},"3":{"start":{"line":38,"column":32},"end":{"line":38,"column":62}},"4":{"start":{"line":39,"column":32},"end":{"line":39,"column":46}},"5":{"start":{"line":40,"column":30},"end":{"line":40,"column":45}},"6":{"start":{"line":41,"column":36},"end":{"line":41,"column":61}},"7":{"start":{"line":42,"column":38},"end":{"line":42,"column":80}},"8":{"start":{"line":43,"column":34},"end":{"line":43,"column":64}},"9":{"start":{"line":46,"column":18},"end":{"line":46,"column":62}},"10":{"start":{"line":47,"column":20},"end":{"line":47,"column":40}},"11":{"start":{"line":49,"column":2},"end":{"line":51,"column":18}},"12":{"start":{"line":50,"column":4},"end":{"line":50,"column":19}},"13":{"start":{"line":53,"column":23},"end":{"line":75,"column":3}},"14":{"start":{"line":54,"column":4},"end":{"line":74,"column":5}},"15":{"start":{"line":55,"column":6},"end":{"line":55,"column":23}},"16":{"start":{"line":56,"column":30},"end":{"line":60,"column":17}},"17":{"start":{"line":62,"column":6},"end":{"line":62,"column":29}},"18":{"start":{"line":62,"column":17},"end":{"line":62,"column":29}},"19":{"start":{"line":64,"column":6},"end":{"line":64,"column":23}},"20":{"start":{"line":65,"column":6},"end":{"line":65,"column":24}},"21":{"start":{"line":68,"column":6},"end":{"line":68,"column":28}},"22":{"start":{"line":70,"column":6},"end":{"line":70,"column":54}},"23":{"start":{"line":71,"column":6},"end":{"line":71,"column":61}},"24":{"start":{"line":73,"column":6},"end":{"line":73,"column":24}},"25":{"start":{"line":77,"column":26},"end":{"line":91,"column":3}},"26":{"start":{"line":79,"column":25},"end":{"line":79,"column":57}},"27":{"start":{"line":80,"column":16},"end":{"line":80,"column":26}},"28":{"start":{"line":81,"column":21},"end":{"line":81,"column":59}},"29":{"start":{"line":82,"column":22},"end":{"line":82,"column":49}},"30":{"start":{"line":84,"column":4},"end":{"line":90,"column":5}},"31":{"start":{"line":85,"column":6},"end":{"line":85,"column":76}},"32":{"start":{"line":86,"column":11},"end":{"line":90,"column":5}},"33":{"start":{"line":87,"column":6},"end":{"line":87,"column":75}},"34":{"start":{"line":89,"column":6},"end":{"line":89,"column":106}},"35":{"start":{"line":93,"column":21},"end":{"line":120,"column":3}},"36":{"start":{"line":94,"column":4},"end":{"line":97,"column":5}},"37":{"start":{"line":95,"column":6},"end":{"line":95,"column":82}},"38":{"start":{"line":96,"column":6},"end":{"line":96,"column":13}},"39":{"start":{"line":99,"column":4},"end":{"line":119,"column":5}},"40":{"start":{"line":100,"column":6},"end":{"line":100,"column":22}},"41":{"start":{"line":101,"column":30},"end":{"line":106,"column":17}},"42":{"start":{"line":108,"column":6},"end":{"line":108,"column":29}},"43":{"start":{"line":108,"column":17},"end":{"line":108,"column":29}},"44":{"start":{"line":110,"column":6},"end":{"line":110,"column":23}},"45":{"start":{"line":111,"column":6},"end":{"line":111,"column":26}},"46":{"start":{"line":112,"column":6},"end":{"line":112,"column":78}},"47":{"start":{"line":113,"column":6},"end":{"line":113,"column":61}},"48":{"start":{"line":115,"column":6},"end":{"line":115,"column":54}},"49":{"start":{"line":116,"column":6},"end":{"line":116,"column":72}},"50":{"start":{"line":118,"column":6},"end":{"line":118,"column":23}},"51":{"start":{"line":122,"column":23},"end":{"line":158,"column":3}},"52":{"start":{"line":123,"column":4},"end":{"line":126,"column":5}},"53":{"start":{"line":124,"column":6},"end":{"line":124,"column":78}},"54":{"start":{"line":125,"column":6},"end":{"line":125,"column":13}},"55":{"start":{"line":128,"column":4},"end":{"line":157,"column":6}},"56":{"start":{"line":137,"column":12},"end":{"line":153,"column":13}},"57":{"start":{"line":138,"column":14},"end":{"line":138,"column":30}},"58":{"start":{"line":139,"column":32},"end":{"line":142,"column":36}},"59":{"start":{"line":144,"column":14},"end":{"line":144,"column":37}},"60":{"start":{"line":144,"column":25},"end":{"line":144,"column":37}},"61":{"start":{"line":146,"column":14},"end":{"line":146,"column":69}},"62":{"start":{"line":147,"column":14},"end":{"line":147,"column":34}},"63":{"start":{"line":149,"column":14},"end":{"line":149,"column":62}},"64":{"start":{"line":150,"column":14},"end":{"line":150,"column":80}},"65":{"start":{"line":152,"column":14},"end":{"line":152,"column":31}},"66":{"start":{"line":160,"column":27},"end":{"line":192,"column":3}},"67":{"start":{"line":161,"column":27},"end":{"line":169,"column":5}},"68":{"start":{"line":162,"column":6},"end":{"line":168,"column":7}},"69":{"start":{"line":163,"column":23},"end":{"line":163,"column":40}},"70":{"start":{"line":164,"column":22},"end":{"line":164,"column":39}},"71":{"start":{"line":165,"column":22},"end":{"line":165,"column":39}},"72":{"start":{"line":166,"column":22},"end":{"line":166,"column":39}},"73":{"start":{"line":167,"column":17},"end":{"line":167,"column":34}},"74":{"start":{"line":171,"column":26},"end":{"line":179,"column":5}},"75":{"start":{"line":172,"column":6},"end":{"line":178,"column":7}},"76":{"start":{"line":173,"column":23},"end":{"line":173,"column":39}},"77":{"start":{"line":174,"column":22},"end":{"line":174,"column":37}},"78":{"start":{"line":175,"column":22},"end":{"line":175,"column":42}},"79":{"start":{"line":176,"column":22},"end":{"line":176,"column":42}},"80":{"start":{"line":177,"column":17},"end":{"line":177,"column":34}},"81":{"start":{"line":181,"column":4},"end":{"line":191,"column":6}},"82":{"start":{"line":194,"column":25},"end":{"line":214,"column":3}},"83":{"start":{"line":195,"column":4},"end":{"line":213,"column":11}},"84":{"start":{"line":216,"column":28},"end":{"line":274,"column":3}},"85":{"start":{"line":217,"column":4},"end":{"line":273,"column":11}},"86":{"start":{"line":226,"column":36},"end":{"line":226,"column":76}},"87":{"start":{"line":250,"column":36},"end":{"line":250,"column":80}},"88":{"start":{"line":264,"column":36},"end":{"line":264,"column":83}},"89":{"start":{"line":276,"column":26},"end":{"line":341,"column":3}},"90":{"start":{"line":277,"column":4},"end":{"line":340,"column":11}},"91":{"start":{"line":286,"column":36},"end":{"line":286,"column":95}},"92":{"start":{"line":303,"column":36},"end":{"line":303,"column":107}},"93":{"start":{"line":318,"column":36},"end":{"line":318,"column":99}},"94":{"start":{"line":333,"column":36},"end":{"line":333,"column":80}},"95":{"start":{"line":343,"column":2},"end":{"line":352,"column":3}},"96":{"start":{"line":344,"column":4},"end":{"line":351,"column":6}},"97":{"start":{"line":354,"column":2},"end":{"line":366,"column":3}},"98":{"start":{"line":355,"column":4},"end":{"line":365,"column":6}},"99":{"start":{"line":360,"column":65},"end":{"line":360,"column":84}},"100":{"start":{"line":368,"column":2},"end":{"line":423,"column":4}},"101":{"start":{"line":382,"column":29},"end":{"line":382,"column":53}},"102":{"start":{"line":426,"column":15},"end":{"line":585,"column":2}}},"fnMap":{"0":{"name":"(anonymous_0)","decl":{"start":{"line":34,"column":68},"end":{"line":34,"column":69}},"loc":{"start":{"line":34,"column":95},"end":{"line":424,"column":1}},"line":34},"1":{"name":"(anonymous_1)","decl":{"start":{"line":49,"column":12},"end":{"line":49,"column":13}},"loc":{"start":{"line":49,"column":18},"end":{"line":51,"column":3}},"line":49},"2":{"name":"(anonymous_2)","decl":{"start":{"line":53,"column":23},"end":{"line":53,"column":24}},"loc":{"start":{"line":53,"column":35},"end":{"line":75,"column":3}},"line":53},"3":{"name":"(anonymous_3)","decl":{"start":{"line":77,"column":26},"end":{"line":77,"column":27}},"loc":{"start":{"line":77,"column":52},"end":{"line":91,"column":3}},"line":77},"4":{"name":"(anonymous_4)","decl":{"start":{"line":93,"column":21},"end":{"line":93,"column":22}},"loc":{"start":{"line":93,"column":33},"end":{"line":120,"column":3}},"line":93},"5":{"name":"(anonymous_5)","decl":{"start":{"line":122,"column":23},"end":{"line":122,"column":24}},"loc":{"start":{"line":122,"column":35},"end":{"line":158,"column":3}},"line":122},"6":{"name":"(anonymous_6)","decl":{"start":{"line":136,"column":19},"end":{"line":136,"column":20}},"loc":{"start":{"line":136,"column":31},"end":{"line":154,"column":11}},"line":136},"7":{"name":"(anonymous_7)","decl":{"start":{"line":160,"column":27},"end":{"line":160,"column":28}},"loc":{"start":{"line":160,"column":33},"end":{"line":192,"column":3}},"line":160},"8":{"name":"(anonymous_8)","decl":{"start":{"line":161,"column":27},"end":{"line":161,"column":28}},"loc":{"start":{"line":161,"column":33},"end":{"line":169,"column":5}},"line":161},"9":{"name":"(anonymous_9)","decl":{"start":{"line":171,"column":26},"end":{"line":171,"column":27}},"loc":{"start":{"line":171,"column":32},"end":{"line":179,"column":5}},"line":171},"10":{"name":"(anonymous_10)","decl":{"start":{"line":194,"column":25},"end":{"line":194,"column":26}},"loc":{"start":{"line":195,"column":4},"end":{"line":213,"column":11}},"line":195},"11":{"name":"(anonymous_11)","decl":{"start":{"line":216,"column":28},"end":{"line":216,"column":29}},"loc":{"start":{"line":217,"column":4},"end":{"line":273,"column":11}},"line":217},"12":{"name":"(anonymous_12)","decl":{"start":{"line":226,"column":26},"end":{"line":226,"column":27}},"loc":{"start":{"line":226,"column":36},"end":{"line":226,"column":76}},"line":226},"13":{"name":"(anonymous_13)","decl":{"start":{"line":250,"column":26},"end":{"line":250,"column":27}},"loc":{"start":{"line":250,"column":36},"end":{"line":250,"column":80}},"line":250},"14":{"name":"(anonymous_14)","decl":{"start":{"line":264,"column":26},"end":{"line":264,"column":27}},"loc":{"start":{"line":264,"column":36},"end":{"line":264,"column":83}},"line":264},"15":{"name":"(anonymous_15)","decl":{"start":{"line":276,"column":26},"end":{"line":276,"column":27}},"loc":{"start":{"line":277,"column":4},"end":{"line":340,"column":11}},"line":277},"16":{"name":"(anonymous_16)","decl":{"start":{"line":286,"column":26},"end":{"line":286,"column":27}},"loc":{"start":{"line":286,"column":36},"end":{"line":286,"column":95}},"line":286},"17":{"name":"(anonymous_17)","decl":{"start":{"line":303,"column":26},"end":{"line":303,"column":27}},"loc":{"start":{"line":303,"column":36},"end":{"line":303,"column":107}},"line":303},"18":{"name":"(anonymous_18)","decl":{"start":{"line":318,"column":26},"end":{"line":318,"column":27}},"loc":{"start":{"line":318,"column":36},"end":{"line":318,"column":99}},"line":318},"19":{"name":"(anonymous_19)","decl":{"start":{"line":333,"column":26},"end":{"line":333,"column":27}},"loc":{"start":{"line":333,"column":36},"end":{"line":333,"column":80}},"line":333},"20":{"name":"(anonymous_20)","decl":{"start":{"line":360,"column":59},"end":{"line":360,"column":60}},"loc":{"start":{"line":360,"column":65},"end":{"line":360,"column":84}},"line":360},"21":{"name":"(anonymous_21)","decl":{"start":{"line":382,"column":23},"end":{"line":382,"column":24}},"loc":{"start":{"line":382,"column":29},"end":{"line":382,"column":53}},"line":382}},"branchMap":{"0":{"loc":{"start":{"line":35,"column":21},"end":{"line":35,"column":34}},"type":"default-arg","locations":[{"start":{"line":35,"column":28},"end":{"line":35,"column":34}}],"line":35},"1":{"loc":{"start":{"line":46,"column":18},"end":{"line":46,"column":62}},"type":"binary-expr","locations":[{"start":{"line":46,"column":18},"end":{"line":46,"column":38}},{"start":{"line":46,"column":42},"end":{"line":46,"column":62}}],"line":46},"2":{"loc":{"start":{"line":62,"column":6},"end":{"line":62,"column":29}},"type":"if","locations":[{"start":{"line":62,"column":6},"end":{"line":62,"column":29}},{"start":{},"end":{}}],"line":62},"3":{"loc":{"start":{"line":84,"column":4},"end":{"line":90,"column":5}},"type":"if","locations":[{"start":{"line":84,"column":4},"end":{"line":90,"column":5}},{"start":{"line":86,"column":11},"end":{"line":90,"column":5}}],"line":84},"4":{"loc":{"start":{"line":86,"column":11},"end":{"line":90,"column":5}},"type":"if","locations":[{"start":{"line":86,"column":11},"end":{"line":90,"column":5}},{"start":{"line":88,"column":11},"end":{"line":90,"column":5}}],"line":86},"5":{"loc":{"start":{"line":94,"column":4},"end":{"line":97,"column":5}},"type":"if","locations":[{"start":{"line":94,"column":4},"end":{"line":97,"column":5}},{"start":{},"end":{}}],"line":94},"6":{"loc":{"start":{"line":108,"column":6},"end":{"line":108,"column":29}},"type":"if","locations":[{"start":{"line":108,"column":6},"end":{"line":108,"column":29}},{"start":{},"end":{}}],"line":108},"7":{"loc":{"start":{"line":116,"column":27},"end":{"line":116,"column":70}},"type":"binary-expr","locations":[{"start":{"line":116,"column":27},"end":{"line":116,"column":40}},{"start":{"line":116,"column":44},"end":{"line":116,"column":70}}],"line":116},"8":{"loc":{"start":{"line":123,"column":4},"end":{"line":126,"column":5}},"type":"if","locations":[{"start":{"line":123,"column":4},"end":{"line":126,"column":5}},{"start":{},"end":{}}],"line":123},"9":{"loc":{"start":{"line":144,"column":14},"end":{"line":144,"column":37}},"type":"if","locations":[{"start":{"line":144,"column":14},"end":{"line":144,"column":37}},{"start":{},"end":{}}],"line":144},"10":{"loc":{"start":{"line":150,"column":35},"end":{"line":150,"column":78}},"type":"binary-expr","locations":[{"start":{"line":150,"column":35},"end":{"line":150,"column":48}},{"start":{"line":150,"column":52},"end":{"line":150,"column":78}}],"line":150},"11":{"loc":{"start":{"line":162,"column":6},"end":{"line":168,"column":7}},"type":"switch","locations":[{"start":{"line":163,"column":8},"end":{"line":163,"column":40}},{"start":{"line":164,"column":8},"end":{"line":164,"column":39}},{"start":{"line":165,"column":8},"end":{"line":165,"column":39}},{"start":{"line":166,"column":8},"end":{"line":166,"column":39}},{"start":{"line":167,"column":8},"end":{"line":167,"column":34}}],"line":162},"12":{"loc":{"start":{"line":172,"column":6},"end":{"line":178,"column":7}},"type":"switch","locations":[{"start":{"line":173,"column":8},"end":{"line":173,"column":39}},{"start":{"line":174,"column":8},"end":{"line":174,"column":37}},{"start":{"line":175,"column":8},"end":{"line":175,"column":42}},{"start":{"line":176,"column":8},"end":{"line":176,"column":42}},{"start":{"line":177,"column":8},"end":{"line":177,"column":34}}],"line":172},"13":{"loc":{"start":{"line":185,"column":9},"end":{"line":189,"column":9}},"type":"binary-expr","locations":[{"start":{"line":185,"column":9},"end":{"line":185,"column":28}},{"start":{"line":186,"column":10},"end":{"line":188,"column":17}}],"line":185},"14":{"loc":{"start":{"line":200,"column":11},"end":{"line":200,"column":90}},"type":"cond-expr","locations":[{"start":{"line":200,"column":33},"end":{"line":200,"column":82}},{"start":{"line":200,"column":85},"end":{"line":200,"column":90}}],"line":200},"15":{"loc":{"start":{"line":206,"column":11},"end":{"line":206,"column":90}},"type":"cond-expr","locations":[{"start":{"line":206,"column":33},"end":{"line":206,"column":82}},{"start":{"line":206,"column":85},"end":{"line":206,"column":90}}],"line":206},"16":{"loc":{"start":{"line":222,"column":9},"end":{"line":231,"column":9}},"type":"cond-expr","locations":[{"start":{"line":223,"column":10},"end":{"line":228,"column":12}},{"start":{"line":230,"column":10},"end":{"line":230,"column":64}}],"line":222},"17":{"loc":{"start":{"line":225,"column":19},"end":{"line":225,"column":38}},"type":"binary-expr","locations":[{"start":{"line":225,"column":19},"end":{"line":225,"column":32}},{"start":{"line":225,"column":36},"end":{"line":225,"column":38}}],"line":225},"18":{"loc":{"start":{"line":241,"column":41},"end":{"line":241,"column":70}},"type":"binary-expr","locations":[{"start":{"line":241,"column":41},"end":{"line":241,"column":57}},{"start":{"line":241,"column":61},"end":{"line":241,"column":70}}],"line":241},"19":{"loc":{"start":{"line":246,"column":9},"end":{"line":255,"column":9}},"type":"cond-expr","locations":[{"start":{"line":247,"column":10},"end":{"line":252,"column":12}},{"start":{"line":254,"column":10},"end":{"line":254,"column":87}}],"line":246},"20":{"loc":{"start":{"line":249,"column":19},"end":{"line":249,"column":42}},"type":"binary-expr","locations":[{"start":{"line":249,"column":19},"end":{"line":249,"column":36}},{"start":{"line":249,"column":40},"end":{"line":249,"column":42}}],"line":249},"21":{"loc":{"start":{"line":254,"column":43},"end":{"line":254,"column":79}},"type":"binary-expr","locations":[{"start":{"line":254,"column":43},"end":{"line":254,"column":60}},{"start":{"line":254,"column":64},"end":{"line":254,"column":79}}],"line":254},"22":{"loc":{"start":{"line":260,"column":9},"end":{"line":271,"column":9}},"type":"cond-expr","locations":[{"start":{"line":261,"column":10},"end":{"line":268,"column":12}},{"start":{"line":270,"column":10},"end":{"line":270,"column":91}}],"line":260},"23":{"loc":{"start":{"line":263,"column":19},"end":{"line":263,"column":45}},"type":"binary-expr","locations":[{"start":{"line":263,"column":19},"end":{"line":263,"column":39}},{"start":{"line":263,"column":43},"end":{"line":263,"column":45}}],"line":263},"24":{"loc":{"start":{"line":270,"column":43},"end":{"line":270,"column":83}},"type":"binary-expr","locations":[{"start":{"line":270,"column":43},"end":{"line":270,"column":63}},{"start":{"line":270,"column":67},"end":{"line":270,"column":83}}],"line":270},"25":{"loc":{"start":{"line":282,"column":9},"end":{"line":294,"column":9}},"type":"cond-expr","locations":[{"start":{"line":283,"column":10},"end":{"line":289,"column":12}},{"start":{"line":291,"column":10},"end":{"line":293,"column":17}}],"line":282},"26":{"loc":{"start":{"line":285,"column":19},"end":{"line":285,"column":55}},"type":"binary-expr","locations":[{"start":{"line":285,"column":19},"end":{"line":285,"column":48}},{"start":{"line":285,"column":52},"end":{"line":285,"column":55}}],"line":285},"27":{"loc":{"start":{"line":286,"column":73},"end":{"line":286,"column":92}},"type":"binary-expr","locations":[{"start":{"line":286,"column":73},"end":{"line":286,"column":87}},{"start":{"line":286,"column":91},"end":{"line":286,"column":92}}],"line":286},"28":{"loc":{"start":{"line":291,"column":52},"end":{"line":291,"column":99}},"type":"cond-expr","locations":[{"start":{"line":291,"column":78},"end":{"line":291,"column":87}},{"start":{"line":291,"column":90},"end":{"line":291,"column":99}}],"line":291},"29":{"loc":{"start":{"line":299,"column":9},"end":{"line":309,"column":9}},"type":"cond-expr","locations":[{"start":{"line":300,"column":10},"end":{"line":306,"column":12}},{"start":{"line":308,"column":10},"end":{"line":308,"column":79}}],"line":299},"3
[...]
:{"line":51,"column":5}},"12":{"start":{"line":38,"column":6},"end":{"line":38,"column":23}},"13":{"start":{"line":39,"column":30},"end":{"line":42,"column":58}},"14":{"start":{"line":44,"column":6},"end":{"line":44,"column":29}},"15":{"start":{"line":44,"column":17},"end":{"line":44,"column":29}},"16":{"start":{"line":45,"column":6},"end":{"line":45,"column":30}},"17":{"start":{"line":47,"column":6},"end":{"line":47,"column":55}},"18":{"start":{"line":48,"column":6},"end":{"line":48,"column":55}},"19":{"start":{"line":50,"column":6},"end":{"line":50,"column":24}},"20":{"start":{"line":54,"column":20},"end":{"line":58,"column":21}},"21":{"start":{"line":55,"column":4},"end":{"line":55,"column":24}},"22":{"start":{"line":56,"column":4},"end":{"line":56,"column":26}},"23":{"start":{"line":57,"column":4},"end":{"line":57,"column":25}},"24":{"start":{"line":60,"column":2},"end":{"line":62,"column":22}},"25":{"start":{"line":61,"column":4},"end":{"line":61,"column":20}},"26":{"start":{"line":65,"column":2},"end":{"line":92,"column":40}},"27":{"start":{"line":66,"column":19},"end":{"line":66,"column":27}},"28":{"start":{"line":69,"column":4},"end":{"line":75,"column":5}},"29":{"start":{"line":70,"column":6},"end":{"line":74,"column":8}},"30":{"start":{"line":71,"column":8},"end":{"line":73,"column":66}},"31":{"start":{"line":78,"column":4},"end":{"line":89,"column":5}},"32":{"start":{"line":80,"column":8},"end":{"line":82,"column":10}},"33":{"start":{"line":81,"column":10},"end":{"line":81,"column":81}},"34":{"start":{"line":83,"column":8},"end":{"line":83,"column":14}},"35":{"start":{"line":85,"column":8},"end":{"line":85,"column":70}},"36":{"start":{"line":85,"column":46},"end":{"line":85,"column":68}},"37":{"start":{"line":86,"column":8},"end":{"line":86,"column":14}},"38":{"start":{"line":88,"column":8},"end":{"line":88,"column":14}},"39":{"start":{"line":91,"column":4},"end":{"line":91,"column":34}},"40":{"start":{"line":94,"column":29},"end":{"line":96,"column":3}},"41":{"start":{"line":95,"column":4},"end":{"line":95,"column":54}},"42":{"start":{"line":98,"column":24},"end":{"line":100,"column":3}},"43":{"start":{"line":99,"column":4},"end":{"line":99,"column":59}},"44":{"start":{"line":102,"column":26},"end":{"line":104,"column":3}},"45":{"start":{"line":103,"column":4},"end":{"line":103,"column":52}},"46":{"start":{"line":106,"column":27},"end":{"line":108,"column":3}},"47":{"start":{"line":107,"column":4},"end":{"line":107,"column":55}},"48":{"start":{"line":110,"column":27},"end":{"line":112,"column":3}},"49":{"start":{"line":111,"column":4},"end":{"line":111,"column":55}},"50":{"start":{"line":114,"column":28},"end":{"line":122,"column":3}},"51":{"start":{"line":115,"column":4},"end":{"line":121,"column":6}},"52":{"start":{"line":117,"column":21},"end":{"line":117,"column":45}},"53":{"start":{"line":118,"column":23},"end":{"line":118,"column":42}},"54":{"start":{"line":119,"column":44},"end":{"line":119,"column":65}},"55":{"start":{"line":124,"column":23},"end":{"line":131,"column":3}},"56":{"start":{"line":125,"column":4},"end":{"line":130,"column":11}},"57":{"start":{"line":133,"column":2},"end":{"line":140,"column":3}},"58":{"start":{"line":134,"column":4},"end":{"line":139,"column":6}},"59":{"start":{"line":142,"column":2},"end":{"line":186,"column":4}},"60":{"start":{"line":156,"column":32},"end":{"line":156,"column":39}},"61":{"start":{"line":174,"column":41},"end":{"line":178,"column":9}},"62":{"start":{"line":189,"column":15},"end":{"line":225,"column":2}}},"fnMap":{"0":{"name":"(anonymous_0)","decl":{"start":{"line":23,"column":64},"end":{"line":23,"column":65}},"loc":{"start":{"line":23,"column":84},"end":{"line":187,"column":1}},"line":23},"1":{"name":"(anonymous_1)","decl":{"start":{"line":36,"column":36},"end":{"line":36,"column":37}},"loc":{"start":{"line":36,"column":48},"end":{"line":52,"column":3}},"line":36},"2":{"name":"(anonymous_2)","decl":{"start":{"line":54,"column":32},"end":{"line":54,"column":33}},"loc":{"start":{"line":54,"column":44},"end":{"line":58,"column":3}},"line":54},"3":{"name":"(anonymous_3)","decl":{"start":{"line":60,"column":12},"end":{"line":60,"column":13}},"loc":{"start":{"line":60,"column":18},"end":{"line":62,"column":3}},"line":60},"4":{"name":"(anonymous_4)","decl":{"start":{"line":65,"column":12},"end":{"line":65,"column":13}},"loc":{"start":{"line":65,"column":18},"end":{"line":92,"column":3}},"line":65},"5":{"name":"(anonymous_5)","decl":{"start":{"line":70,"column":33},"end":{"line":70,"column":34}},"loc":{"start":{"line":71,"column":8},"end":{"line":73,"column":66}},"line":71},"6":{"name":"(anonymous_6)","decl":{"start":{"line":80,"column":35},"end":{"line":80,"column":36}},"loc":{"start":{"line":81,"column":10},"end":{"line":81,"column":81}},"line":81},"7":{"name":"(anonymous_7)","decl":{"start":{"line":85,"column":35},"end":{"line":85,"column":36}},"loc":{"start":{"line":85,"column":46},"end":{"line":85,"column":68}},"line":85},"8":{"name":"(anonymous_8)","decl":{"start":{"line":94,"column":29},"end":{"line":94,"column":30}},"loc":{"start":{"line":94,"column":51},"end":{"line":96,"column":3}},"line":94},"9":{"name":"(anonymous_9)","decl":{"start":{"line":98,"column":24},"end":{"line":98,"column":25}},"loc":{"start":{"line":98,"column":46},"end":{"line":100,"column":3}},"line":98},"10":{"name":"(anonymous_10)","decl":{"start":{"line":102,"column":26},"end":{"line":102,"column":27}},"loc":{"start":{"line":102,"column":48},"end":{"line":104,"column":3}},"line":102},"11":{"name":"(anonymous_11)","decl":{"start":{"line":106,"column":27},"end":{"line":106,"column":28}},"loc":{"start":{"line":106,"column":33},"end":{"line":108,"column":3}},"line":106},"12":{"name":"(anonymous_12)","decl":{"start":{"line":110,"column":27},"end":{"line":110,"column":28}},"loc":{"start":{"line":110,"column":33},"end":{"line":112,"column":3}},"line":110},"13":{"name":"(anonymous_13)","decl":{"start":{"line":114,"column":28},"end":{"line":114,"column":29}},"loc":{"start":{"line":115,"column":4},"end":{"line":121,"column":6}},"line":115},"14":{"name":"(anonymous_14)","decl":{"start":{"line":117,"column":15},"end":{"line":117,"column":16}},"loc":{"start":{"line":117,"column":21},"end":{"line":117,"column":45}},"line":117},"15":{"name":"(anonymous_15)","decl":{"start":{"line":118,"column":17},"end":{"line":118,"column":18}},"loc":{"start":{"line":118,"column":23},"end":{"line":118,"column":42}},"line":118},"16":{"name":"(anonymous_16)","decl":{"start":{"line":119,"column":38},"end":{"line":119,"column":39}},"loc":{"start":{"line":119,"column":44},"end":{"line":119,"column":65}},"line":119},"17":{"name":"(anonymous_17)","decl":{"start":{"line":124,"column":23},"end":{"line":124,"column":24}},"loc":{"start":{"line":125,"column":4},"end":{"line":130,"column":11}},"line":125},"18":{"name":"(anonymous_18)","decl":{"start":{"line":156,"column":22},"end":{"line":156,"column":23}},"loc":{"start":{"line":156,"column":32},"end":{"line":156,"column":39}},"line":156},"19":{"name":"(anonymous_19)","decl":{"start":{"line":174,"column":23},"end":{"line":174,"column":24}},"loc":{"start":{"line":174,"column":41},"end":{"line":178,"column":9}},"line":174}},"branchMap":{"0":{"loc":{"start":{"line":34,"column":27},"end":{"line":34,"column":71}},"type":"binary-expr","locations":[{"start":{"line":34,"column":27},"end":{"line":34,"column":47}},{"start":{"line":34,"column":51},"end":{"line":34,"column":71}}],"line":34},"1":{"loc":{"start":{"line":44,"column":6},"end":{"line":44,"column":29}},"type":"if","locations":[{"start":{"line":44,"column":6},"end":{"line":44,"column":29}},{"start":{},"end":{}}],"line":44},"2":{"loc":{"start":{"line":45,"column":18},"end":{"line":45,"column":28}},"type":"binary-expr","locations":[{"start":{"line":45,"column":18},"end":{"line":45,"column":22}},{"start":{"line":45,"column":26},"end":{"line":45,"column":28}}],"line":45},"3":{"loc":{"start":{"line":69,"column":4},"end":{"line":75,"column":5}},"type":"if","locations":[{"start":{"line":69,"column":4},"end":{"line":75,"column":5}},{"start":{},"end":{}}],"line":69},"4":{"loc":{"start":{"line":71,"column":8},"end":{"line":73,"column":66}},"type":"binary-expr","locations":[{"start":{"line":71,"column":8},"end":{"line":71,"column":70}},{"start":{"line":72,"column":8},"end":{"line":72,"column":69}},{"start":{"line":73,"column":9},"end":{"line":73,"column":24}},{"start":{"line":73,"column":28},"end":{"line":73,"column":65}}],"line":71},"5":{"loc":{"start":{"line":78,"column":4},"end":{"line":89,"column":5}},"type":"switch","locations":[{"start":{"line":79,"column":6},"end":{"line":83,"column":14}},{"start":{"line":84,"column":6},"end":{"line":86,"column":14}},{"start":{"line":87,"column":6},"end":{"line":88,"column":14}}],"line":78},"6":{"loc":{"start":{"line":81,"column":10},"end":{"line":81,"column":81}},"type":"binary-expr","locations":[{"start":{"line":81,"column":10},"end":{"line":81,"column":57}},{"start":{"line":81,"column":61},"end":{"line":81,"column":81}}],"line":81},"7":{"loc":{"start":{"line":111,"column":17},"end":{"line":111,"column":53}},"type":"cond-expr","locations":[{"start":{"line":111,"column":39},"end":{"line":111,"column":45}},{"start":{"line":111,"column":48},"end":{"line":111,"column":53}}],"line":111},"8":{"loc":{"start":{"line":119,"column":19},"end":{"line":119,"column":77}},"type":"cond-expr","locations":[{"start":{"line":119,"column":38},"end":{"line":119,"column":65}},{"start":{"line":119,"column":68},"end":{"line":119,"column":77}}],"line":119},"9":{"loc":{"start":{"line":133,"column":2},"end":{"line":140,"column":3}},"type":"if","locations":[{"start":{"line":133,"column":2},"end":{"line":140,"column":3}},{"start":{},"end":{}}],"line":133},"10":{"loc":{"start":{"line":166,"column":14},"end":{"line":168,"column":57}},"type":"cond-expr","locations":[{"start":{"line":167,"column":18},"end":{"line":167,"column":51}},{"start":{"line":168,"column":18},"end":{"line":168,"column":57}}],"line":166},"11":{"loc":{"start":{"line":170,"column":25},"end":{"line":170,"column":85}},"type":"cond-expr","locations":[{"start":{"line":170,"column":60},"end":{"line":170,"column":73}},{"start":{"line":170,"column":76},"end":{"line":170,"column":85}}],"line":170},"12":{"loc":{"start":{"line":170,"column":25},"end":{"line":170,"column":57}},"type":"binary-expr","locations":[{"start":{"line":170,"column":25},"end":{"line":170,"column":41}},{"start":{"line":170,"column":45},"end":{"line":170,"column":57}}],"line":170},"13":{"loc":{"start":{"line":171,"column":22},"end":{"line":171,"column":85}},"type":"cond-expr","locations":[{"start":{"line":171,"column":57},"end":{"line":171,"column":73}},{"start":{"line":171,"column":76},"end":{"line":171,"column":85}}],"line":171},"14":{"loc":{"start":{"line":171,"column":22},"end":{"line":171,"column":54}},"type":"binary-expr","locations":[{"start":{"line":171,"column":22},"end":{"line":171,"column":38}},{"start":{"line":171,"column":42},"end":{"line":171,"column":54}}],"line":171}},"s":{"0":0,"1":0,"2":0,"3":0,"4":0,"5":0,"6":0,"7":0,"8":0,"9":0,"10":0,"11":0,"12":0,"13":0,"14":0,"15":0,"16":0,"17":0,"18":0,"19":0,"20":0,"21":0,"22":0,"23":0,"24":0,"25":0,"26":0,"27":0,"28":0,"29":0,"30":0,"31":0,"32":0,"33":0,"34":0,"35":0,"36":0,"37":0,"38":0,"39":0,"40":0,"41":0,"42":0,"43":0,"44":0,"45":0,"46":0,"47":0,"48":0,"49":0,"50":0,"51":0,"52":0,"53":0,"54":0,"55":0,"56":0,"57":0,"58":0,"59":0,"60":0,"61":0,"62":0},"f":{"0":0,"1":0,"2":0,"3":0,"4":0,"5":0,"6":0,"7":0,"8":0,"9":0,"10":0,"11":0,"12":0,"13":0,"14":0,"15":0,"16":0,"17":0,"18":0,"19":0},"b":{"0":[0,0],"1":[0,0],"2":[0,0],"3":[0,0],"4":[0,0,0,0],"5":[0,0,0],"6":[0,0],"7":[0,0],"8":[0,0],"9":[0,0],"10":[0,0],"11":[0,0],"12":[0,0],"13":[0,0],"14":[0,0]}}
,"C:\\Users\\lloyd\\Sales-and-Stocks-Manager\\store\\authStore.ts": {"path":"C:\\Users\\lloyd\\Sales-and-Stocks-Manager\\store\\authStore.ts","statementMap":{"0":{"start":{"line":24,"column":21},"end":{"line":205,"column":1}},"1":{"start":{"line":26,"column":19},"end":{"line":199,"column":5}},"2":{"start":{"line":33,"column":25},"end":{"line":33,"column":38}},"3":{"start":{"line":34,"column":31},"end":{"line":34,"column":47}},"4":{"start":{"line":35,"column":31},"end":{"line":35,"column":47}},"5":{"start":{"line":38,"column":8},"end":{"line":81,"column":9}},"6":{"start":{"line":39,"column":10},"end":{"line":39,"column":33}},"7":{"start":{"line":40,"column":34},"end":{"line":43,"column":12}},"8":{"start":{"line":45,"column":10},"end":{"line":45,"column":33}},"9":{"start":{"line":45,"column":21},"end":{"line":45,"column":33}},"10":{"start":{"line":47,"column":10},"end":{"line":75,"column":11}},"11":{"start":{"line":49,"column":57},"end":{"line":53,"column":23}},"12":{"start":{"line":55,"column":12},"end":{"line":73,"column":13}},"13":{"start":{"line":56,"column":14},"end":{"line":56,"column":68}},"14":{"start":{"line":58,"column":14},"end":{"line":64,"column":17}},"15":{"start":{"line":66,"column":14},"end":{"line":72,"column":17}},"16":{"start":{"line":74,"column":12},"end":{"line":74,"column":37}},"17":{"start":{"line":76,"column":10},"end":{"line":76,"column":68}},"18":{"start":{"line":78,"column":10},"end":{"line":78,"column":49}},"19":{"start":{"line":79,"column":10},"end":{"line":79,"column":34}},"20":{"start":{"line":80,"column":10},"end":{"line":80,"column":58}},"21":{"start":{"line":85,"column":8},"end":{"line":128,"column":9}},"22":{"start":{"line":86,"column":10},"end":{"line":86,"column":33}},"23":{"start":{"line":87,"column":34},"end":{"line":90,"column":12}},"24":{"start":{"line":92,"column":10},"end":{"line":92,"column":33}},"25":{"start":{"line":92,"column":21},"end":{"line":92,"column":33}},"26":{"start":{"line":94,"column":10},"end":{"line":122,"column":11}},"27":{"start":{"line":96,"column":57},"end":{"line":100,"column":23}},"28":{"start":{"line":102,"column":12},"end":{"line":120,"column":13}},"29":{"start":{"line":103,"column":14},"end":{"line":103,"column":68}},"30":{"start":{"line":105,"column":14},"end":{"line":111,"column":17}},"31":{"start":{"line":113,"column":14},"end":{"line":119,"column":17}},"32":{"start":{"line":121,"column":12},"end":{"line":121,"column":37}},"33":{"start":{"line":123,"column":10},"end":{"line":123,"column":68}},"34":{"start":{"line":125,"column":10},"end":{"line":125,"column":49}},"35":{"start":{"line":126,"column":10},"end":{"line":126,"column":34}},"36":{"start":{"line":127,"column":10},"end":{"line":127,"column":58}},"37":{"start":{"line":132,"column":8},"end":{"line":143,"column":9}},"38":{"start":{"line":133,"column":10},"end":{"line":133,"column":40}},"39":{"start":{"line":134,"column":10},"end":{"line":140,"column":13}},"40":{"start":{"line":142,"column":10},"end":{"line":142,"column":50}},"41":{"start":{"line":147,"column":8},"end":{"line":197,"column":9}},"42":{"start":{"line":148,"column":10},"end":{"line":148,"column":33}},"43":{"start":{"line":149,"column":47},"end":{"line":149,"column":79}},"44":{"start":{"line":151,"column":10},"end":{"line":151,"column":33}},"45":{"start":{"line":151,"column":21},"end":{"line":151,"column":33}},"46":{"start":{"line":153,"column":10},"end":{"line":187,"column":11}},"47":{"start":{"line":155,"column":57},"end":{"line":159,"column":23}},"48":{"start":{"line":161,"column":12},"end":{"line":178,"column":13}},"49":{"start":{"line":162,"column":14},"end":{"line":162,"column":68}},"50":{"start":{"line":163,"column":14},"end":{"line":169,"column":17}},"51":{"start":{"line":171,"column":14},"end":{"line":177,"column":17}},"52":{"start":{"line":180,"column":12},"end":{"line":186,"column":15}},"53":{"start":{"line":189,"column":10},"end":{"line":189,"column":52}},"54":{"start":{"line":190,"column":10},"end":{"line":196,"column":13}},"55":{"start":{"line":202,"column":39},"end":{"line":202,"column":51}}},"fnMap":{"0":{"name":"(anonymous_0)","decl":{"start":{"line":26,"column":4},"end":{"line":26,"column":5}},"loc":{"start":{"line":26,"column":19},"end":{"line":199,"column":5}},"line":26},"1":{"name":"(anonymous_1)","decl":{"start":{"line":33,"column":15},"end":{"line":33,"column":16}},"loc":{"start":{"line":33,"column":25},"end":{"line":33,"column":38}},"line":33},"2":{"name":"(anonymous_2)","decl":{"start":{"line":34,"column":18},"end":{"line":34,"column":19}},"loc":{"start":{"line":34,"column":31},"end":{"line":34,"column":47}},"line":34},"3":{"name":"(anonymous_3)","decl":{"start":{"line":35,"column":18},"end":{"line":35,"column":19}},"loc":{"start":{"line":35,"column":31},"end":{"line":35,"column":47}},"line":35},"4":{"name":"(anonymous_4)","decl":{"start":{"line":37,"column":14},"end":{"line":37,"column":15}},"loc":{"start":{"line":37,"column":57},"end":{"line":82,"column":7}},"line":37},"5":{"name":"(anonymous_5)","decl":{"start":{"line":84,"column":14},"end":{"line":84,"column":15}},"loc":{"start":{"line":84,"column":57},"end":{"line":129,"column":7}},"line":84},"6":{"name":"(anonymous_6)","decl":{"start":{"line":131,"column":15},"end":{"line":131,"column":16}},"loc":{"start":{"line":131,"column":27},"end":{"line":144,"column":7}},"line":131},"7":{"name":"(anonymous_7)","decl":{"start":{"line":146,"column":17},"end":{"line":146,"column":18}},"loc":{"start":{"line":146,"column":29},"end":{"line":198,"column":7}},"line":146},"8":{"name":"(anonymous_8)","decl":{"start":{"line":202,"column":33},"end":{"line":202,"column":34}},"loc":{"start":{"line":202,"column":39},"end":{"line":202,"column":51}},"line":202}},"branchMap":{"0":{"loc":{"start":{"line":45,"column":10},"end":{"line":45,"column":33}},"type":"if","locations":[{"start":{"line":45,"column":10},"end":{"line":45,"column":33}},{"start":{},"end":{}}],"line":45},"1":{"loc":{"start":{"line":47,"column":10},"end":{"line":75,"column":11}},"type":"if","locations":[{"start":{"line":47,"column":10},"end":{"line":75,"column":11}},{"start":{},"end":{}}],"line":47},"2":{"loc":{"start":{"line":55,"column":12},"end":{"line":73,"column":13}},"type":"if","locations":[{"start":{"line":55,"column":12},"end":{"line":73,"column":13}},{"start":{"line":65,"column":19},"end":{"line":73,"column":13}}],"line":55},"3":{"loc":{"start":{"line":92,"column":10},"end":{"line":92,"column":33}},"type":"if","locations":[{"start":{"line":92,"column":10},"end":{"line":92,"column":33}},{"start":{},"end":{}}],"line":92},"4":{"loc":{"start":{"line":94,"column":10},"end":{"line":122,"column":11}},"type":"if","locations":[{"start":{"line":94,"column":10},"end":{"line":122,"column":11}},{"start":{},"end":{}}],"line":94},"5":{"loc":{"start":{"line":102,"column":12},"end":{"line":120,"column":13}},"type":"if","locations":[{"start":{"line":102,"column":12},"end":{"line":120,"column":13}},{"start":{"line":112,"column":19},"end":{"line":120,"column":13}}],"line":102},"6":{"loc":{"start":{"line":151,"column":10},"end":{"line":151,"column":33}},"type":"if","locations":[{"start":{"line":151,"column":10},"end":{"line":151,"column":33}},{"start":{},"end":{}}],"line":151},"7":{"loc":{"start":{"line":153,"column":10},"end":{"line":187,"column":11}},"type":"if","locations":[{"start":{"line":153,"column":10},"end":{"line":187,"column":11}},{"start":{"line":179,"column":17},"end":{"line":187,"column":11}}],"line":153},"8":{"loc":{"start":{"line":161,"column":12},"end":{"line":178,"column":13}},"type":"if","locations":[{"start":{"line":161,"column":12},"end":{"line":178,"column":13}},{"start":{"line":170,"column":19},"end":{"line":178,"column":13}}],"line":161}},"s":{"0":0,"1":0,"2":0,"3":0,"4":0,"5":0,"6":0,"7":0,"8":0,"9":0,"10":0,"11":0,"12":0,"13":0,"14":0,"15":0,"16":0,"17":0,"18":0,"19":0,"20":0,"21":0,"22":0,"23":0,"24":0,"25":0,"26":0,"27":0,"28":0,"29":0,"30":0,"31":0,"32":0,"33":0,"34":0,"35":0,"36":0,"37":0,"38":0,"39":0,"40":0,"41":0,"42":0,"43":0,"44":0,"45":0,"46":0,"47":0,"48":0,"49":0,"50":0,"51":0,"52":0,"53":0,"54":0,"55":0},"f":{"0":0,"1":0,"2":0,"3":0,"4":0,"5":0,"6":0,"7":0,"8":0},"b":{"0":[0,0],"1":[0,0],"2":[0,0],"3":[0,0],"4":[0,0],"5":[0,0],"6":[0,0],"7":[0,0],"8":[0,0]}}
}
