TN:
SF:components/ConflictResolutionModal.tsx
FN:26,(anonymous_0)
FN:34,(anonymous_1)
FN:42,(anonymous_2)
FN:51,(anonymous_3)
FN:100,(anonymous_4)
FN:113,(anonymous_5)
FN:126,(anonymous_6)
FNF:7
FNH:0
FNDA:0,(anonymous_0)
FNDA:0,(anonymous_1)
FNDA:0,(anonymous_2)
FNDA:0,(anonymous_3)
FNDA:0,(anonymous_4)
FNDA:0,(anonymous_5)
FNDA:0,(anonymous_6)
DA:26,0
DA:32,0
DA:34,0
DA:35,0
DA:43,0
DA:44,0
DA:51,0
DA:52,0
DA:53,0
DA:55,0
DA:72,0
DA:100,0
DA:113,0
DA:126,0
DA:150,0
LF:15
LH:0
BRDA:61,0,0,0
BRDA:61,0,1,0
BRDA:65,1,0,0
BRDA:65,1,1,0
BRDA:98,2,0,0
BRDA:98,2,1,0
BRDA:111,3,0,0
BRDA:111,3,1,0
BRDA:124,4,0,0
BRDA:124,4,1,0
BRF:10
BRH:0
end_of_record
TN:
SF:components/DebouncedSearchBar.tsx
FN:18,(anonymous_0)
FN:32,(anonymous_1)
FN:47,(anonymous_2)
FNF:3
FNH:0
FNDA:0,(anonymous_0)
FNDA:0,(anonymous_1)
FNDA:0,(anonymous_2)
DA:18,0
DA:25,0
DA:26,0
DA:29,0
DA:32,0
DA:34,0
DA:36,0
DA:37,0
DA:41,0
DA:42,0
DA:47,0
DA:48,0
DA:51,0
DA:67,0
LF:14
LH:0
BRDA:21,0,0,0
BRDA:22,1,0,0
BRDA:23,2,0,0
BRDA:36,3,0,0
BRDA:36,3,1,0
BRDA:41,4,0,0
BRDA:41,4,1,0
BRDA:58,5,0,0
BRDA:58,5,1,0
BRF:9
BRH:0
end_of_record
TN:
SF:components/EmptyState.tsx
FN:13,(anonymous_0)
FNF:1
FNH:0
FNDA:0,(anonymous_0)
DA:13,0
DA:20,0
DA:40,0
LF:3
LH:0
BRDA:18,0,0,0
BRDA:25,1,0,0
BRDA:25,1,1,0
BRDA:25,1,2,0
BRF:4
BRH:0
end_of_record
TN:
SF:components/FilterBar.tsx
FN:18,(anonymous_0)
FN:33,(anonymous_1)
FN:40,(anonymous_2)
FNF:3
FNH:0
FNDA:0,(anonymous_0)
FNDA:0,(anonymous_1)
FNDA:0,(anonymous_2)
DA:18,0
DA:24,0
DA:30,0
DA:34,0
DA:40,0
DA:75,0
LF:6
LH:0
BRDA:38,0,0,0
BRDA:38,0,1,0
BRDA:49,1,0,0
BRDA:49,1,1,0
BRDA:62,2,0,0
BRDA:62,2,1,0
BRDA:66,3,0,0
BRDA:66,3,1,0
BRF:8
BRH:0
end_of_record
TN:
SF:components/FloatingActionButton.tsx
FN:12,(anonymous_0)
FNF:1
FNH:0
FNDA:0,(anonymous_0)
DA:12,0
DA:18,0
DA:20,0
DA:33,0
LF:4
LH:0
BRDA:14,0,0,0
BRDA:15,1,0,0
BRDA:16,2,0,0
BRDA:18,3,0,0
BRDA:18,3,1,0
BRF:5
BRH:0
end_of_record
TN:
SF:components/Icon.tsx
FN:11,(anonymous_0)
FN:17,(anonymous_1)
FNF:2
FNH:0
FNDA:0,(anonymous_0)
FNDA:0,(anonymous_1)
DA:11,0
DA:17,0
DA:18,0
DA:238,0
DA:241,0
DA:248,0
LF:6
LH:0
BRDA:13,0,0,0
BRDA:14,1,0,0
BRDA:238,2,0,0
BRDA:238,2,1,0
BRF:4
BRH:0
end_of_record
TN:
SF:components/PaymentSelector.tsx
FN:48,(anonymous_0)
FN:55,(anonymous_1)
FN:57,(anonymous_2)
FN:68,(anonymous_3)
FN:85,(anonymous_4)
FN:92,(anonymous_5)
FN:103,(anonymous_6)
FN:110,(anonymous_7)
FNF:8
FNH:0
FNDA:0,(anonymous_0)
FNDA:0,(anonymous_1)
FNDA:0,(anonymous_2)
FNDA:0,(anonymous_3)
FNDA:0,(anonymous_4)
FNDA:0,(anonymous_5)
FNDA:0,(anonymous_6)
FNDA:0,(anonymous_7)
DA:21,0
DA:48,0
DA:53,0
DA:55,0
DA:57,0
DA:58,0
DA:59,0
DA:62,0
DA:68,0
DA:85,0
DA:92,0
DA:104,0
DA:110,0
DA:147,0
LF:14
LH:0
BRDA:51,0,0,0
BRDA:67,1,0,0
BRDA:67,1,1,0
BRDA:68,2,0,0
BRDA:68,2,1,0
BRDA:75,3,0,0
BRDA:75,3,1,0
BRDA:108,4,0,0
BRDA:108,4,1,0
BRDA:120,5,0,0
BRDA:120,5,1,0
BRDA:125,6,0,0
BRDA:125,6,1,0
BRDA:134,7,0,0
BRDA:134,7,1,0
BRF:15
BRH:0
end_of_record
TN:
SF:components/PrivacyStatement.tsx
FN:30,(anonymous_0)
FN:37,(anonymous_1)
FN:47,(anonymous_2)
FN:51,(anonymous_3)
FN:58,(anonymous_4)
FNF:5
FNH:0
FNDA:0,(anonymous_0)
FNDA:0,(anonymous_1)
FNDA:0,(anonymous_2)
FNDA:0,(anonymous_3)
FNDA:0,(anonymous_4)
DA:30,0
DA:35,0
DA:37,0
DA:38,0
DA:42,0
DA:46,0
DA:47,0
DA:51,0
DA:54,0
DA:55,0
DA:58,0
DA:59,0
DA:69,0
DA:216,0
LF:14
LH:0
BRDA:94,0,0,0
BRDA:94,0,1,0
BRDA:200,1,0,0
BRDA:200,1,1,0
BRF:4
BRH:0
end_of_record
TN:
SF:components/ProductCard.tsx
FN:14,(anonymous_0)
FN:24,(anonymous_1)
FN:29,(anonymous_2)
FN:33,(anonymous_3)
FN:48,(anonymous_4)
FNF:5
FNH:0
FNDA:0,(anonymous_0)
FNDA:0,(anonymous_1)
FNDA:0,(anonymous_2)
FNDA:0,(anonymous_3)
FNDA:0,(anonymous_4)
DA:14,0
DA:21,0
DA:22,0
DA:24,0
DA:25,0
DA:26,0
DA:29,0
DA:30,0
DA:31,0
DA:33,0
DA:34,0
DA:36,0
DA:38,0
DA:40,0
DA:42,0
DA:44,0
DA:48,0
DA:49,0
DA:50,0
DA:51,0
DA:54,0
DA:55,0
DA:60,0
DA:161,0
LF:24
LH:0
BRDA:19,0,0,0
BRDA:34,1,0,0
BRDA:34,1,1,0
BRDA:34,1,2,0
BRDA:34,1,3,0
BRDA:34,1,4,0
BRDA:49,2,0,0
BRDA:49,2,1,0
BRDA:50,3,0,0
BRDA:50,3,1,0
BRDA:74,4,0,0
BRDA:74,4,1,0
BRDA:96,5,0,0
BRDA:96,5,1,0
BRDA:98,6,0,0
BRDA:98,6,1,0
BRDA:98,6,2,0
BRDA:103,7,0,0
BRDA:103,7,1,0
BRDA:108,8,0,0
BRDA:108,8,1,0
BRDA:117,9,0,0
BRDA:117,9,1,0
BRDA:131,10,0,0
BRDA:131,10,1,0
BRDA:131,10,2,0
BRDA:137,11,0,0
BRDA:137,11,1,0
BRDA:143,12,0,0
BRDA:143,12,1,0
BRDA:143,12,2,0
BRF:31
BRH:0
end_of_record
TN:
SF:components/QuickActionsModal.tsx
FN:29,(anonymous_0)
FN:36,(anonymous_1)
FN:98,(anonymous_2)
FN:103,(anonymous_3)
FN:107,(anonymous_4)
FN:111,(anonymous_5)
FN:154,(anonymous_6)
FNF:7
FNH:0
FNDA:0,(anonymous_0)
FNDA:0,(anonymous_1)
FNDA:0,(anonymous_2)
FNDA:0,(anonymous_3)
FNDA:0,(anonymous_4)
FNDA:0,(anonymous_5)
FNDA:0,(anonymous_6)
DA:29,0
DA:34,0
DA:36,0
DA:37,0
DA:38,0
DA:43,0
DA:44,0
DA:47,0
DA:98,0
DA:99,0
DA:100,0
DA:103,0
DA:104,0
DA:107,0
DA:108,0
DA:111,0
DA:134,0
DA:154,0
DA:188,0
LF:19
LH:0
BRDA:37,0,0,0
BRDA:37,0,1,0
BRDA:37,1,0,0
BRDA:37,1,1,0
BRDA:43,2,0,0
BRDA:43,2,1,0
BRDA:149,3,0,0
BRDA:149,3,1,0
BRF:8
BRH:0
end_of_record
TN:
SF:components/SearchBar.tsx
FN:12,(anonymous_0)
FN:38,(anonymous_1)
FNF:2
FNH:0
FNDA:0,(anonymous_0)
FNDA:0,(anonymous_1)
DA:12,0
DA:18,0
DA:38,0
DA:52,0
LF:4
LH:0
BRDA:15,0,0,0
BRDA:16,1,0,0
BRDA:21,2,0,0
BRDA:21,2,1,0
BRDA:36,3,0,0
BRDA:36,3,1,0
BRF:6
BRH:0
end_of_record
TN:
SF:components/SkeletonLoader.tsx
FN:11,(anonymous_0)
FN:19,(anonymous_1)
FN:35,(anonymous_2)
FNF:3
FNH:0
FNDA:0,(anonymous_0)
FNDA:0,(anonymous_1)
FNDA:0,(anonymous_2)
DA:11,0
DA:17,0
DA:19,0
DA:20,0
DA:34,0
DA:35,0
DA:38,0
DA:55,0
LF:8
LH:0
BRDA:12,0,0,0
BRDA:13,1,0,0
BRDA:14,2,0,0
BRF:3
BRH:0
end_of_record
TN:
SF:components/SyncStatusBanner.tsx
FN:20,(anonymous_0)
FN:30,(anonymous_1)
FNF:2
FNH:0
FNDA:0,(anonymous_0)
FNDA:0,(anonymous_1)
DA:20,0
DA:26,0
DA:27,0
DA:30,0
DA:31,0
DA:33,0
DA:40,0
DA:47,0
DA:54,0
DA:61,0
DA:70,0
DA:72,0
DA:109,0
LF:13
LH:0
BRDA:24,0,0,0
BRDA:26,1,0,0
BRDA:26,1,1,0
BRDA:31,2,0,0
BRDA:31,2,1,0
BRDA:31,2,2,0
BRDA:31,2,3,0
BRDA:31,2,4,0
BRDA:44,3,0,0
BRDA:44,3,1,0
BRDA:51,4,0,0
BRDA:51,4,1,0
BRDA:85,5,0,0
BRDA:85,5,1,0
BRDA:93,6,0,0
BRDA:93,6,1,0
BRDA:93,6,2,0
BRF:17
BRH:0
end_of_record
TN:
SF:hooks/useDebounce.ts
FN:9,useDebounce
FN:12,(anonymous_1)
FN:14,(anonymous_2)
FN:19,(anonymous_3)
FN:33,useDebouncedSearch
FN:37,(anonymous_5)
FNF:6
FNH:4
FNDA:13,useDebounce
FNDA:10,(anonymous_1)
FNDA:3,(anonymous_2)
FNDA:10,(anonymous_3)
FNDA:0,useDebouncedSearch
FNDA:0,(anonymous_5)
DA:10,13
DA:12,13
DA:14,10
DA:15,3
DA:19,10
DA:20,10
DA:24,13
DA:34,0
DA:35,0
DA:37,0
DA:39,0
DA:40,0
DA:42,0
DA:46,0
LF:14
LH:7
BRDA:9,0,0,0
BRDA:33,1,0,0
BRDA:39,2,0,0
BRDA:39,2,1,0
BRF:4
BRH:0
end_of_record
TN:
SF:hooks/useSales.ts
FN:9,(anonymous_0)
FN:10,(anonymous_1)
FN:31,(anonymous_2)
FN:50,(anonymous_3)
FN:75,(anonymous_4)
FN:79,(anonymous_5)
FN:83,(anonymous_6)
FN:87,(anonymous_7)
FN:105,(anonymous_8)
FN:150,(anonymous_9)
FN:190,(anonymous_10)
FN:206,(anonymous_11)
FN:233,(anonymous_12)
FNF:13
FNH:0
FNDA:0,(anonymous_0)
FNDA:0,(anonymous_1)
FNDA:0,(anonymous_2)
FNDA:0,(anonymous_3)
FNDA:0,(anonymous_4)
FNDA:0,(anonymous_5)
FNDA:0,(anonymous_6)
FNDA:0,(anonymous_7)
FNDA:0,(anonymous_8)
FNDA:0,(anonymous_9)
FNDA:0,(anonymous_10)
FNDA:0,(anonymous_11)
FNDA:0,(anonymous_12)
DA:9,0
DA:10,0
DA:11,0
DA:12,0
DA:13,0
DA:31,0
DA:32,0
DA:33,0
DA:34,0
DA:45,0
DA:48,0
DA:50,0
DA:51,0
DA:52,0
DA:53,0
DA:57,0
DA:63,0
DA:64,0
DA:68,0
DA:70,0
DA:71,0
DA:75,0
DA:76,0
DA:79,0
DA:80,0
DA:83,0
DA:84,0
DA:87,0
DA:91,0
DA:92,0
DA:95,0
DA:96,0
DA:98,0
DA:99,0
DA:100,0
DA:103,0
DA:105,0
DA:123,0
DA:125,0
DA:129,0
DA:130,0
DA:134,0
DA:135,0
DA:136,0
DA:143,0
DA:147,0
DA:150,0
DA:172,0
DA:174,0
DA:180,0
DA:181,0
DA:186,0
DA:190,0
DA:191,0
DA:193,0
DA:199,0
DA:200,0
DA:203,0
DA:206,0
DA:226,0
DA:228,0
DA:229,0
DA:233,0
DA:234,0
DA:235,0
DA:236,0
DA:237,0
DA:239,0
DA:240,0
DA:244,0
LF:70
LH:0
BRDA:12,0,0,0
BRDA:12,0,1,0
BRDA:50,1,0,0
BRDA:52,2,0,0
BRDA:52,2,1,0
BRDA:63,3,0,0
BRDA:63,3,1,0
BRDA:63,4,0,0
BRDA:63,4,1,0
BRDA:91,5,0,0
BRDA:91,5,1,0
BRDA:100,6,0,0
BRDA:100,6,1,0
BRDA:123,7,0,0
BRDA:123,7,1,0
BRDA:129,8,0,0
BRDA:129,8,1,0
BRDA:183,9,0,0
BRDA:183,9,1,0
BRDA:199,10,0,0
BRDA:199,10,1,0
BRDA:199,11,0,0
BRDA:199,11,1,0
BRF:23
BRH:0
end_of_record
TN:
SF:hooks/useSalesCart.ts
FN:20,(anonymous_0)
FN:28,(anonymous_1)
FN:33,(anonymous_2)
FN:37,(anonymous_3)
FN:49,(anonymous_4)
FN:57,(anonymous_5)
FN:58,(anonymous_6)
FN:60,(anonymous_7)
FN:77,(anonymous_8)
FN:78,(anonymous_9)
FN:92,(anonymous_10)
FN:93,(anonymous_11)
FN:99,(anonymous_12)
FN:100,(anonymous_13)
FN:102,(anonymous_14)
FN:107,(anonymous_15)
FN:108,(anonymous_16)
FN:113,(anonymous_17)
FN:119,(anonymous_18)
FN:120,(anonymous_19)
FN:133,(anonymous_20)
FN:134,(anonymous_21)
FN:139,(anonymous_22)
FN:147,(anonymous_23)
FN:148,(anonymous_24)
FN:152,(anonymous_25)
FN:156,(anonymous_26)
FN:160,(anonymous_27)
FNF:28
FNH:28
FNDA:40,(anonymous_0)
FNDA:18,(anonymous_1)
FNDA:40,(anonymous_2)
FNDA:18,(anonymous_3)
FNDA:40,(anonymous_4)
FNDA:20,(anonymous_5)
FNDA:20,(anonymous_6)
FNDA:6,(anonymous_7)
FNDA:1,(anonymous_8)
FNDA:1,(anonymous_9)
FNDA:24,(anonymous_10)
FNDA:24,(anonymous_11)
FNDA:4,(anonymous_12)
FNDA:4,(anonymous_13)
FNDA:5,(anonymous_14)
FNDA:2,(anonymous_15)
FNDA:2,(anonymous_16)
FNDA:3,(anonymous_17)
FNDA:1,(anonymous_18)
FNDA:1,(anonymous_19)
FNDA:1,(anonymous_20)
FNDA:1,(anonymous_21)
FNDA:1,(anonymous_22)
FNDA:2,(anonymous_23)
FNDA:1,(anonymous_24)
FNDA:1,(anonymous_25)
FNDA:1,(anonymous_26)
FNDA:5,(anonymous_27)
DA:18,1
DA:20,1
DA:21,40
DA:28,40
DA:29,18
DA:33,40
DA:34,40
DA:37,40
DA:38,18
DA:39,18
DA:40,18
DA:41,1
DA:42,1
DA:45,0
DA:49,40
DA:50,40
DA:51,40
DA:53,0
DA:57,40
DA:58,20
DA:59,20
DA:60,6
DA:63,20
DA:65,1
DA:66,1
DA:67,1
DA:69,1
DA:75,1
DA:77,1
DA:78,1
DA:82,19
DA:89,19
DA:90,19
DA:92,24
DA:93,24
DA:99,40
DA:100,4
DA:101,4
DA:102,5
DA:105,4
DA:107,2
DA:108,2
DA:113,40
DA:114,3
DA:115,2
DA:116,2
DA:119,1
DA:120,1
DA:121,1
DA:122,1
DA:128,0
DA:131,1
DA:133,1
DA:134,1
DA:139,40
DA:140,1
DA:147,40
DA:148,2
DA:149,2
DA:152,40
DA:153,1
DA:156,40
DA:157,1
DA:160,40
DA:161,5
DA:164,40
LF:66
LH:63
BRDA:40,0,0,1
BRDA:40,0,1,17
BRDA:57,1,0,0
BRDA:63,2,0,1
BRDA:63,2,1,19
BRDA:85,3,0,19
BRDA:85,3,1,0
BRDA:86,4,0,19
BRDA:86,4,1,0
BRDA:114,5,0,2
BRDA:114,5,1,1
BRDA:121,6,0,1
BRDA:121,6,1,0
BRDA:149,7,0,1
BRDA:149,7,1,1
BRF:15
BRH:11
end_of_record
TN:
SF:hooks/useSyncFeedback.ts
FN:24,useSyncFeedback
FN:34,(anonymous_1)
FN:35,(anonymous_2)
FN:42,(anonymous_3)
FN:43,(anonymous_4)
FN:50,(anonymous_5)
FN:51,(anonymous_6)
FN:59,(anonymous_7)
FN:60,(anonymous_8)
FN:67,(anonymous_9)
FN:68,(anonymous_10)
FN:76,(anonymous_11)
FN:77,(anonymous_12)
FN:84,(anonymous_13)
FN:95,(anonymous_14)
FN:104,(anonymous_15)
FN:112,(anonymous_16)
FNF:17
FNH:0
FNDA:0,useSyncFeedback
FNDA:0,(anonymous_1)
FNDA:0,(anonymous_2)
FNDA:0,(anonymous_3)
FNDA:0,(anonymous_4)
FNDA:0,(anonymous_5)
FNDA:0,(anonymous_6)
FNDA:0,(anonymous_7)
FNDA:0,(anonymous_8)
FNDA:0,(anonymous_9)
FNDA:0,(anonymous_10)
FNDA:0,(anonymous_11)
FNDA:0,(anonymous_12)
FNDA:0,(anonymous_13)
FNDA:0,(anonymous_14)
FNDA:0,(anonymous_15)
FNDA:0,(anonymous_16)
DA:21,0
DA:22,0
DA:25,0
DA:31,0
DA:34,0
DA:35,0
DA:36,0
DA:37,0
DA:42,0
DA:43,0
DA:50,0
DA:51,0
DA:59,0
DA:60,0
DA:67,0
DA:68,0
DA:76,0
DA:77,0
DA:84,0
DA:85,0
DA:86,0
DA:88,0
DA:95,0
DA:96,0
DA:97,0
DA:98,0
DA:102,0
DA:104,0
DA:112,0
DA:115,0
DA:118,0
DA:121,0
LF:32
LH:0
BRDA:36,0,0,0
BRDA:36,0,1,0
BRDA:63,1,0,0
BRDA:63,1,1,0
BRDA:85,2,0,0
BRDA:85,2,1,0
BRDA:96,3,0,0
BRDA:96,3,1,0
BRF:8
BRH:0
end_of_record
TN:
SF:lib/SyncQueueManager.ts
FN:6,(anonymous_0)
FN:7,(anonymous_1)
FN:80,(anonymous_2)
FN:90,(anonymous_3)
FN:110,(anonymous_4)
FN:120,(anonymous_5)
FN:123,(anonymous_6)
FN:124,(anonymous_7)
FN:139,(anonymous_8)
FN:140,(anonymous_9)
FN:152,(anonymous_10)
FN:159,(anonymous_11)
FN:162,(anonymous_12)
FN:163,(anonymous_13)
FN:167,(anonymous_14)
FN:179,(anonymous_15)
FN:202,(anonymous_16)
FN:229,(anonymous_17)
FN:248,(anonymous_18)
FN:294,(anonymous_19)
FN:313,(anonymous_20)
FN:330,(anonymous_21)
FN:360,(anonymous_22)
FN:372,(anonymous_23)
FN:373,(anonymous_24)
FN:380,(anonymous_25)
FN:381,(anonymous_26)
FN:393,(anonymous_27)
FN:396,(anonymous_28)
FN:397,(anonymous_29)
FN:402,(anonymous_30)
FN:439,(anonymous_31)
FN:459,(anonymous_32)
FN:461,(anonymous_33)
FN:466,(anonymous_34)
FN:469,(anonymous_35)
FN:473,(anonymous_36)
FN:484,(anonymous_37)
FN:491,(anonymous_38)
FN:492,(anonymous_39)
FN:498,(anonymous_40)
FN:499,(anonymous_41)
FN:505,(anonymous_42)
FN:512,(anonymous_43)
FN:514,(anonymous_44)
FNF:45
FNH:0
FNDA:0,(anonymous_0)
FNDA:0,(anonymous_1)
FNDA:0,(anonymous_2)
FNDA:0,(anonymous_3)
FNDA:0,(anonymous_4)
FNDA:0,(anonymous_5)
FNDA:0,(anonymous_6)
FNDA:0,(anonymous_7)
FNDA:0,(anonymous_8)
FNDA:0,(anonymous_9)
FNDA:0,(anonymous_10)
FNDA:0,(anonymous_11)
FNDA:0,(anonymous_12)
FNDA:0,(anonymous_13)
FNDA:0,(anonymous_14)
FNDA:0,(anonymous_15)
FNDA:0,(anonymous_16)
FNDA:0,(anonymous_17)
FNDA:0,(anonymous_18)
FNDA:0,(anonymous_19)
FNDA:0,(anonymous_20)
FNDA:0,(anonymous_21)
FNDA:0,(anonymous_22)
FNDA:0,(anonymous_23)
FNDA:0,(anonymous_24)
FNDA:0,(anonymous_25)
FNDA:0,(anonymous_26)
FNDA:0,(anonymous_27)
FNDA:0,(anonymous_28)
FNDA:0,(anonymous_29)
FNDA:0,(anonymous_30)
FNDA:0,(anonymous_31)
FNDA:0,(anonymous_32)
FNDA:0,(anonymous_33)
FNDA:0,(anonymous_34)
FNDA:0,(anonymous_35)
FNDA:0,(anonymous_36)
FNDA:0,(anonymous_37)
FNDA:0,(anonymous_38)
FNDA:0,(anonymous_39)
FNDA:0,(anonymous_40)
FNDA:0,(anonymous_41)
FNDA:0,(anonymous_42)
FNDA:0,(anonymous_43)
FNDA:0,(anonymous_44)
DA:6,0
DA:7,0
DA:8,0
DA:9,0
DA:10,0
DA:70,0
DA:71,0
DA:72,0
DA:73,0
DA:74,0
DA:81,0
DA:82,0
DA:84,0
DA:92,0
DA:93,0
DA:94,0
DA:95,0
DA:96,0
DA:98,0
DA:102,0
DA:107,0
DA:110,0
DA:111,0
DA:112,0
DA:121,0
DA:123,0
DA:124,0
DA:125,0
DA:139,0
DA:141,0
DA:142,0
DA:153,0
DA:160,0
DA:161,0
DA:162,0
DA:163,0
DA:164,0
DA:168,0
DA:169,0
DA:170,0
DA:171,0
DA:176,0
DA:177,0
DA:180,0
DA:181,0
DA:188,0
DA:189,0
DA:190,0
DA:194,0
DA:195,0
DA:203,0
DA:214,0
DA:215,0
DA:218,0
DA:219,0
DA:220,0
DA:223,0
DA:230,0
DA:231,0
DA:235,0
DA:236,0
DA:237,0
DA:240,0
DA:241,0
DA:243,0
DA:244,0
DA:247,0
DA:249,0
DA:253,0
DA:254,0
DA:256,0
DA:257,0
DA:258,0
DA:261,0
DA:264,0
DA:265,0
DA:266,0
DA:269,0
DA:270,0
DA:271,0
DA:273,0
DA:274,0
DA:278,0
DA:282,0
DA:284,0
DA:285,0
DA:295,0
DA:297,0
DA:298,0
DA:300,0
DA:301,0
DA:303,0
DA:304,0
DA:306,0
DA:314,0
DA:319,0
DA:322,0
DA:323,0
DA:332,0
DA:333,0
DA:339,0
DA:341,0
DA:342,0
DA:343,0
DA:344,0
DA:349,0
DA:354,0
DA:361,0
DA:366,0
DA:373,0
DA:374,0
DA:381,0
DA:382,0
DA:383,0
DA:384,0
DA:385,0
DA:386,0
DA:394,0
DA:395,0
DA:396,0
DA:397,0
DA:399,0
DA:404,0
DA:415,0
DA:416,0
DA:418,0
DA:437,0
DA:440,0
DA:441,0
DA:448,0
DA:451,0
DA:452,0
DA:461,0
DA:464,0
DA:466,0
DA:469,0
DA:472,0
DA:473,0
DA:477,0
DA:485,0
DA:492,0
DA:499,0
DA:506,0
DA:514,0
DA:515,0
DA:516,0
DA:517,0
DA:521,0
DA:524,0
DA:525,0
DA:526,0
LF:151
LH:0
BRDA:9,0,0,0
BRDA:9,0,1,0
BRDA:81,1,0,0
BRDA:81,1,1,0
BRDA:92,2,0,0
BRDA:92,2,1,0
BRDA:92,3,0,0
BRDA:92,3,1,0
BRDA:111,4,0,0
BRDA:111,4,1,0
BRDA:111,5,0,0
BRDA:111,5,1,0
BRDA:111,5,2,0
BRDA:121,6,0,0
BRDA:121,6,1,0
BRDA:161,7,0,0
BRDA:161,7,1,0
BRDA:161,8,0,0
BRDA:161,8,1,0
BRDA:189,9,0,0
BRDA:189,9,1,0
BRDA:211,10,0,0
BRDA:211,10,1,0
BRDA:219,11,0,0
BRDA:219,11,1,0
BRDA:219,12,0,0
BRDA:219,12,1,0
BRDA:230,13,0,0
BRDA:230,13,1,0
BRDA:230,14,0,0
BRDA:230,14,1,0
BRDA:236,15,0,0
BRDA:236,15,1,0
BRDA:249,16,0,0
BRDA:249,16,1,0
BRDA:249,16,2,0
BRDA:270,17,0,0
BRDA:270,17,1,0
BRDA:272,18,0,0
BRDA:272,18,1,0
BRDA:295,19,0,0
BRDA:295,19,1,0
BRDA:295,19,2,0
BRDA:295,19,3,0
BRDA:319,20,0,0
BRDA:319,20,1,0
BRDA:322,21,0,0
BRDA:322,21,1,0
BRDA:322,22,0,0
BRDA:322,22,1,0
BRDA:332,23,0,0
BRDA:332,23,1,0
BRDA:339,24,0,0
BRDA:339,24,1,0
BRDA:341,25,0,0
BRDA:341,25,1,0
BRDA:343,26,0,0
BRDA:343,26,1,0
BRDA:354,27,0,0
BRDA:354,27,1,0
BRDA:366,28,0,0
BRDA:366,28,1,0
BRDA:382,29,0,0
BRDA:382,29,1,0
BRDA:395,30,0,0
BRDA:395,30,1,0
BRDA:395,31,0,0
BRDA:395,31,1,0
BRDA:464,32,0,0
BRDA:464,32,1,0
BRDA:473,33,0,0
BRDA:473,33,1,0
BRDA:515,34,0,0
BRDA:515,34,1,0
BRDA:525,35,0,0
BRDA:525,35,1,0
BRDA:525,36,0,0
BRDA:525,36,1,0
BRF:78
BRH:0
end_of_record
TN:
SF:lib/barcodeScanner.ts
FN:16,(anonymous_0)
FN:17,(anonymous_1)
FN:34,(anonymous_2)
FN:71,(anonymous_3)
FN:81,(anonymous_4)
FN:92,(anonymous_5)
FN:107,(anonymous_6)
FN:121,(anonymous_7)
FN:203,(anonymous_8)
FN:222,(anonymous_9)
FN:241,(anonymous_10)
FN:270,(anonymous_11)
FN:317,(anonymous_12)
FN:338,(anonymous_13)
FN:351,(anonymous_14)
FN:372,(anonymous_15)
FN:405,(anonymous_16)
FN:419,(anonymous_17)
FN:433,(anonymous_18)
FN:450,(anonymous_19)
FNF:20
FNH:15
FNDA:0,(anonymous_0)
FNDA:0,(anonymous_1)
FNDA:0,(anonymous_2)
FNDA:38,(anonymous_3)
FNDA:3,(anonymous_4)
FNDA:0,(anonymous_5)
FNDA:4,(anonymous_6)
FNDA:30,(anonymous_7)
FNDA:10,(anonymous_8)
FNDA:4,(anonymous_9)
FNDA:3,(anonymous_10)
FNDA:10,(anonymous_11)
FNDA:2,(anonymous_12)
FNDA:1,(anonymous_13)
FNDA:0,(anonymous_14)
FNDA:5,(anonymous_15)
FNDA:1,(anonymous_16)
FNDA:1,(anonymous_17)
FNDA:2,(anonymous_18)
FNDA:1,(anonymous_19)
DA:8,1
DA:9,1
DA:10,1
DA:11,1
DA:13,0
DA:15,0
DA:16,0
DA:17,0
DA:19,0
DA:33,0
DA:34,0
DA:69,35
DA:72,38
DA:73,35
DA:75,38
DA:82,3
DA:83,3
DA:84,2
DA:86,2
DA:87,1
DA:92,0
DA:97,2
DA:99,1
DA:100,1
DA:108,4
DA:109,4
DA:110,4
DA:111,4
DA:113,0
DA:114,0
DA:122,30
DA:123,2
DA:129,28
DA:132,28
DA:133,10
DA:134,9
DA:139,1
DA:148,18
DA:149,4
DA:150,3
DA:155,1
DA:164,14
DA:165,3
DA:172,11
DA:173,3
DA:180,8
DA:182,8
DA:183,8
DA:185,8
DA:186,5
DA:193,3
DA:204,10
DA:206,10
DA:207,10
DA:210,10
DA:211,10
DA:212,120
DA:215,10
DA:216,10
DA:223,4
DA:225,4
DA:226,4
DA:229,4
DA:230,4
DA:231,44
DA:234,4
DA:235,4
DA:244,3
DA:245,3
DA:247,3
DA:250,2
DA:252,0
DA:255,0
DA:257,0
DA:260,0
DA:263,1
DA:275,10
DA:277,10
DA:279,10
DA:280,2
DA:281,0
DA:284,2
DA:291,8
DA:292,3
DA:295,8
DA:301,0
DA:303,0
DA:304,0
DA:307,0
DA:319,2
DA:320,2
DA:323,0
DA:339,1
DA:352,0
DA:354,0
DA:361,0
DA:375,5
DA:378,1
DA:379,1
DA:380,1
DA:384,1
DA:385,1
DA:386,1
DA:389,1
DA:392,1
DA:395,1
DA:398,0
DA:406,1
DA:407,1
DA:409,1
DA:410,12
DA:413,1
DA:420,1
DA:421,1
DA:423,1
DA:424,11
DA:427,1
DA:434,2
DA:435,2
DA:436,2
DA:437,0
DA:438,0
DA:440,2
DA:442,0
DA:443,0
DA:455,1
DA:456,1
DA:458,1
DA:467,1
LF:129
LH:101
BRDA:72,0,0,35
BRDA:72,0,1,3
BRDA:86,1,0,1
BRDA:86,1,1,1
BRDA:122,2,0,2
BRDA:122,2,1,28
BRDA:122,3,0,30
BRDA:122,3,1,28
BRDA:132,4,0,10
BRDA:132,4,1,18
BRDA:133,5,0,9
BRDA:133,5,1,1
BRDA:148,6,0,4
BRDA:148,6,1,14
BRDA:149,7,0,3
BRDA:149,7,1,1
BRDA:164,8,0,3
BRDA:164,8,1,11
BRDA:172,9,0,3
BRDA:172,9,1,8
BRDA:180,10,0,8
BRDA:180,10,1,0
BRDA:180,11,0,8
BRDA:180,11,1,8
BRDA:185,12,0,5
BRDA:185,12,1,3
BRDA:185,13,0,8
BRDA:185,13,1,3
BRDA:204,14,0,0
BRDA:204,14,1,10
BRDA:212,15,0,60
BRDA:212,15,1,60
BRDA:223,16,0,0
BRDA:223,16,1,4
BRDA:231,17,0,24
BRDA:231,17,1,20
BRDA:242,18,0,0
BRDA:245,19,0,3
BRDA:245,19,1,0
BRDA:245,19,2,0
BRDA:273,20,0,0
BRDA:279,21,0,2
BRDA:279,21,1,8
BRDA:280,22,0,0
BRDA:280,22,1,2
BRDA:286,23,0,2
BRDA:286,23,1,0
BRDA:291,24,0,3
BRDA:291,24,1,5
BRDA:303,25,0,0
BRDA:303,25,1,0
BRDA:319,26,0,2
BRDA:319,26,1,0
BRDA:338,27,0,0
BRDA:341,28,0,1
BRDA:341,28,1,0
BRDA:342,29,0,1
BRDA:342,29,1,0
BRDA:343,30,0,1
BRDA:343,30,1,0
BRDA:352,31,0,0
BRDA:352,31,1,0
BRDA:373,32,0,0
BRDA:375,33,0,1
BRDA:375,33,1,1
BRDA:375,33,2,1
BRDA:375,33,3,1
BRDA:375,33,4,1
BRDA:375,33,5,0
BRDA:410,34,0,6
BRDA:410,34,1,6
BRDA:424,35,0,6
BRDA:424,35,1,5
BRDA:436,36,0,0
BRDA:436,36,1,2
BRDA:461,37,0,1
BRDA:461,37,1,1
BRF:77
BRH:56
end_of_record
TN:
SF:lib/errorHandler.ts
FN:1,handleError
FNF:1
FNH:0
FNDA:0,handleError
DA:2,0
LF:1
LH:0
BRDA:1,0,0,0
BRF:1
BRH:0
end_of_record
TN:
SF:lib/imageUploader.ts
FN:29,(anonymous_0)
FN:39,(anonymous_1)
FN:67,(anonymous_2)
FN:112,(anonymous_3)
FN:143,(anonymous_4)
FN:189,(anonymous_5)
FN:230,(anonymous_6)
FN:250,(anonymous_7)
FN:266,(anonymous_8)
FN:286,(anonymous_9)
FN:307,(anonymous_10)
FNF:11
FNH:10
FNDA:35,(anonymous_0)
FNDA:15,(anonymous_1)
FNDA:11,(anonymous_2)
FNDA:6,(anonymous_3)
FNDA:13,(anonymous_4)
FNDA:6,(anonymous_5)
FNDA:3,(anonymous_6)
FNDA:2,(anonymous_7)
FNDA:0,(anonymous_8)
FNDA:3,(anonymous_9)
FNDA:1,(anonymous_10)
DA:27,32
DA:30,35
DA:31,32
DA:33,35
DA:40,15
DA:43,15
DA:46,14
DA:48,14
DA:49,4
DA:54,4
DA:57,10
DA:59,1
DA:60,1
DA:71,11
DA:72,11
DA:73,11
DA:74,2
DA:77,9
DA:88,9
DA:89,1
DA:91,8
DA:94,8
DA:95,6
DA:96,6
DA:102,2
DA:104,1
DA:105,1
DA:116,6
DA:117,6
DA:125,5
DA:130,5
DA:133,0
DA:135,1
DA:136,1
DA:147,13
DA:150,13
DA:154,13
DA:155,8
DA:158,8
DA:165,8
DA:166,4
DA:167,4
DA:171,4
DA:175,2
DA:181,7
DA:182,7
DA:193,6
DA:195,6
DA:196,6
DA:197,2
DA:201,4
DA:207,4
DA:209,4
DA:210,1
DA:214,3
DA:216,3
DA:222,0
DA:223,0
DA:231,3
DA:232,3
DA:238,3
DA:243,0
DA:251,2
DA:252,2
DA:253,1
DA:254,0
DA:257,1
DA:258,1
DA:260,1
DA:261,1
DA:262,1
DA:264,1
DA:266,0
DA:271,1
DA:276,1
DA:278,1
DA:279,1
DA:290,3
DA:291,3
DA:292,3
DA:293,3
DA:296,0
DA:297,0
DA:299,0
DA:300,0
DA:308,1
DA:309,1
DA:310,1
DA:312,0
DA:318,1
LF:90
LH:79
BRDA:30,0,0,32
BRDA:30,0,1,3
BRDA:48,1,0,4
BRDA:48,1,1,10
BRDA:48,2,0,14
BRDA:48,2,1,11
BRDA:68,3,0,0
BRDA:69,4,0,5
BRDA:73,5,0,2
BRDA:73,5,1,9
BRDA:79,6,0,9
BRDA:79,6,1,9
BRDA:80,7,0,9
BRDA:80,7,1,9
BRDA:81,8,0,9
BRDA:81,8,1,9
BRDA:82,9,0,9
BRDA:82,9,1,9
BRDA:83,10,0,9
BRDA:83,10,1,9
BRDA:88,11,0,1
BRDA:88,11,1,8
BRDA:94,12,0,6
BRDA:94,12,1,2
BRDA:94,13,0,8
BRDA:94,13,1,6
BRDA:94,13,2,6
BRDA:114,14,0,2
BRDA:120,15,0,6
BRDA:120,15,1,6
BRDA:121,16,0,6
BRDA:121,16,1,6
BRDA:122,17,0,6
BRDA:122,17,1,6
BRDA:125,18,0,5
BRDA:125,18,1,0
BRDA:126,19,0,5
BRDA:126,19,1,5
BRDA:126,19,2,5
BRDA:150,20,0,13
BRDA:150,20,1,13
BRDA:165,21,0,4
BRDA:165,21,1,4
BRDA:190,22,0,0
BRDA:191,23,0,6
BRDA:196,24,0,2
BRDA:196,24,1,4
BRDA:196,25,0,6
BRDA:196,25,1,4
BRDA:209,26,0,1
BRDA:209,26,1,3
BRDA:253,27,0,0
BRDA:253,27,1,1
BRDA:264,28,0,0
BRDA:264,28,1,1
BRDA:292,29,0,3
BRDA:292,29,1,0
BRF:57
BRH:51
end_of_record
TN:
SF:lib/receiptGenerator.ts
FN:24,(anonymous_0)
FN:39,(anonymous_1)
FN:50,(anonymous_2)
FN:88,(anonymous_3)
FN:121,(anonymous_4)
FN:136,(anonymous_5)
FN:147,(anonymous_6)
FN:156,(anonymous_7)
FN:286,(anonymous_8)
FN:298,(anonymous_9)
FN:309,(anonymous_10)
FN:327,(anonymous_11)
FNF:12
FNH:0
FNDA:0,(anonymous_0)
FNDA:0,(anonymous_1)
FNDA:0,(anonymous_2)
FNDA:0,(anonymous_3)
FNDA:0,(anonymous_4)
FNDA:0,(anonymous_5)
FNDA:0,(anonymous_6)
FNDA:0,(anonymous_7)
FNDA:0,(anonymous_8)
FNDA:0,(anonymous_9)
FNDA:0,(anonymous_10)
FNDA:0,(anonymous_11)
DA:24,0
DA:37,0
DA:39,0
DA:40,0
DA:41,0
DA:50,0
DA:51,0
DA:56,0
DA:59,0
DA:62,0
DA:63,0
DA:64,0
DA:65,0
DA:68,0
DA:69,0
DA:70,0
DA:72,0
DA:73,0
DA:75,0
DA:76,0
DA:78,0
DA:79,0
DA:82,0
DA:85,0
DA:86,0
DA:88,0
DA:89,0
DA:90,0
DA:91,0
DA:92,0
DA:93,0
DA:95,0
DA:98,0
DA:101,0
DA:102,0
DA:103,0
DA:105,0
DA:108,0
DA:109,0
DA:110,0
DA:114,0
DA:115,0
DA:116,0
DA:118,0
DA:121,0
DA:134,0
DA:136,0
DA:137,0
DA:138,0
DA:147,0
DA:148,0
DA:153,0
DA:156,0
DA:166,0
DA:286,0
DA:296,0
DA:298,0
DA:299,0
DA:300,0
DA:309,0
DA:310,0
DA:315,0
DA:318,0
DA:319,0
DA:320,0
DA:322,0
DA:323,0
DA:326,0
DA:327,0
DA:328,0
DA:331,0
DA:332,0
DA:333,0
DA:334,0
DA:336,0
LF:75
LH:0
BRDA:56,0,0,0
BRDA:56,0,1,0
BRDA:72,1,0,0
BRDA:72,1,1,0
BRDA:75,2,0,0
BRDA:75,2,1,0
BRDA:78,3,0,0
BRDA:78,3,1,0
BRDA:108,4,0,0
BRDA:108,4,1,0
BRDA:153,5,0,0
BRDA:153,5,1,0
BRDA:244,6,0,0
BRDA:244,6,1,0
BRDA:245,7,0,0
BRDA:245,7,1,0
BRDA:246,8,0,0
BRDA:246,8,1,0
BRDA:270,9,0,0
BRDA:270,9,1,0
BRDA:315,10,0,0
BRDA:315,10,1,0
BRDA:322,11,0,0
BRDA:322,11,1,0
BRF:24
BRH:0
end_of_record
TN:
SF:lib/sanitize.ts
FN:46,sanitizeInput
FN:119,removeScriptContent
FN:143,escapeHtmlEntities
FN:153,(anonymous_3)
FN:159,performSecurityChecks
FN:211,sanitizeEmail
FN:245,sanitizePassword
FN:271,sanitizeProductName
FN:285,sanitizeSKU
FN:311,sanitizeDescription
FN:325,sanitizeSearchQuery
FN:339,sanitizeCurrency
FN:452,sanitizeNumeric
FN:532,sanitizeBatch
FN:549,isBatchValid
FN:550,(anonymous_15)
FN:556,getBatchErrors
FNF:17
FNH:17
FNDA:93,sanitizeInput
FNDA:90,removeScriptContent
FNDA:42,escapeHtmlEntities
FNDA:14,(anonymous_3)
FNDA:91,performSecurityChecks
FNDA:11,sanitizeEmail
FNDA:4,sanitizePassword
FNDA:3,sanitizeProductName
FNDA:8,sanitizeSKU
FNDA:3,sanitizeDescription
FNDA:3,sanitizeSearchQuery
FNDA:21,sanitizeCurrency
FNDA:13,sanitizeNumeric
FNDA:2,sanitizeBatch
FNDA:2,isBatchValid
FNDA:5,(anonymous_15)
FNDA:2,getBatchErrors
DA:34,1
DA:50,93
DA:51,93
DA:52,93
DA:55,93
DA:58,93
DA:59,2
DA:60,2
DA:62,2
DA:72,91
DA:73,86
DA:77,91
DA:78,1
DA:82,91
DA:83,33
DA:87,91
DA:88,90
DA:92,91
DA:93,42
DA:98,91
DA:99,91
DA:102,91
DA:103,7
DA:104,7
DA:107,91
DA:120,90
DA:144,42
DA:153,42
DA:160,91
DA:163,91
DA:169,91
DA:170,271
DA:171,1
DA:172,1
DA:177,91
DA:186,91
DA:187,505
DA:188,9
DA:189,9
DA:194,91
DA:198,91
DA:199,91
DA:200,1
DA:201,1
DA:205,91
DA:212,11
DA:222,11
DA:224,10
DA:226,10
DA:231,5
DA:232,5
DA:233,5
DA:234,1
DA:235,1
DA:239,11
DA:246,4
DA:256,4
DA:258,3
DA:259,3
DA:260,1
DA:261,1
DA:265,4
DA:272,3
DA:286,8
DA:296,8
DA:298,8
DA:299,8
DA:300,4
DA:301,4
DA:305,8
DA:312,3
DA:326,3
DA:348,21
DA:351,21
DA:353,21
DA:362,21
DA:364,21
DA:366,21
DA:367,3
DA:368,3
DA:369,3
DA:373,18
DA:374,18
DA:375,1
DA:376,1
DA:377,1
DA:381,17
DA:382,17
DA:383,1
DA:384,1
DA:385,1
DA:389,16
DA:392,16
DA:394,2
DA:395,14
DA:398,3
DA:399,3
DA:400,1
DA:403,2
DA:408,16
DA:411,16
DA:412,16
DA:416,16
DA:417,16
DA:418,0
DA:422,16
DA:424,16
DA:425,0
DA:426,0
DA:429,16
DA:430,1
DA:431,1
DA:434,16
DA:435,1
DA:436,1
DA:440,16
DA:441,14
DA:446,16
DA:461,13
DA:464,13
DA:466,13
DA:475,13
DA:477,13
DA:479,13
DA:480,3
DA:481,3
DA:482,3
DA:486,10
DA:489,10
DA:490,10
DA:494,10
DA:495,1
DA:499,10
DA:500,10
DA:501,1
DA:505,10
DA:507,10
DA:508,0
DA:509,0
DA:512,10
DA:513,1
DA:514,1
DA:517,10
DA:518,1
DA:519,1
DA:522,10
DA:526,10
DA:536,2
DA:538,2
DA:539,7
DA:540,7
DA:543,2
DA:550,5
DA:557,2
DA:559,2
DA:560,6
DA:561,2
DA:565,2
LF:158
LH:153
BRDA:48,0,0,15
BRDA:52,1,0,93
BRDA:52,1,1,6
BRDA:58,2,0,2
BRDA:58,2,1,91
BRDA:58,3,0,93
BRDA:58,3,1,92
BRDA:59,4,0,2
BRDA:59,4,1,0
BRDA:72,5,0,86
BRDA:72,5,1,5
BRDA:77,6,0,1
BRDA:77,6,1,90
BRDA:77,7,0,91
BRDA:77,7,1,84
BRDA:82,8,0,33
BRDA:82,8,1,58
BRDA:82,9,0,91
BRDA:82,9,1,34
BRDA:87,10,0,90
BRDA:87,10,1,1
BRDA:92,11,0,42
BRDA:92,11,1,49
BRDA:98,12,0,91
BRDA:98,12,1,4
BRDA:102,13,0,7
BRDA:102,13,1,84
BRDA:102,14,0,91
BRDA:102,14,1,91
BRDA:153,15,0,14
BRDA:153,15,1,0
BRDA:170,16,0,1
BRDA:170,16,1,270
BRDA:187,17,0,9
BRDA:187,17,1,496
BRDA:199,18,0,1
BRDA:199,18,1,90
BRDA:222,19,0,10
BRDA:222,19,1,1
BRDA:222,20,0,11
BRDA:222,20,1,10
BRDA:226,21,0,5
BRDA:226,21,1,5
BRDA:226,22,0,10
BRDA:226,22,1,9
BRDA:226,22,2,8
BRDA:226,22,3,7
BRDA:226,22,4,6
BRDA:233,23,0,1
BRDA:233,23,1,4
BRDA:256,24,0,3
BRDA:256,24,1,1
BRDA:256,25,0,4
BRDA:256,25,1,3
BRDA:259,26,0,1
BRDA:259,26,1,2
BRDA:296,27,0,8
BRDA:296,27,1,0
BRDA:296,28,0,8
BRDA:296,28,1,8
BRDA:299,29,0,4
BRDA:299,29,1,4
BRDA:341,30,0,16
BRDA:348,31,0,19
BRDA:348,32,0,20
BRDA:348,33,0,19
BRDA:351,34,0,21
BRDA:351,34,1,0
BRDA:362,35,0,21
BRDA:362,35,1,0
BRDA:362,36,0,21
BRDA:362,36,1,21
BRDA:366,37,0,3
BRDA:366,37,1,18
BRDA:373,38,0,18
BRDA:373,38,1,6
BRDA:374,39,0,1
BRDA:374,39,1,17
BRDA:381,40,0,17
BRDA:381,40,1,11
BRDA:382,41,0,1
BRDA:382,41,1,16
BRDA:392,42,0,2
BRDA:392,42,1,14
BRDA:392,43,0,16
BRDA:392,43,1,5
BRDA:395,44,0,3
BRDA:395,44,1,11
BRDA:395,45,0,14
BRDA:395,45,1,3
BRDA:399,46,0,1
BRDA:399,46,1,2
BRDA:411,47,0,16
BRDA:411,47,1,0
BRDA:417,48,0,0
BRDA:417,48,1,16
BRDA:424,49,0,0
BRDA:424,49,1,16
BRDA:424,50,0,16
BRDA:424,50,1,16
BRDA:424,50,2,16
BRDA:424,50,3,16
BRDA:429,51,0,1
BRDA:429,51,1,15
BRDA:429,52,0,16
BRDA:429,52,1,16
BRDA:434,53,0,1
BRDA:434,53,1,15
BRDA:434,54,0,16
BRDA:434,54,1,2
BRDA:440,55,0,14
BRDA:440,55,1,2
BRDA:454,56,0,9
BRDA:461,57,0,12
BRDA:461,58,0,12
BRDA:464,59,0,13
BRDA:464,59,1,0
BRDA:475,60,0,13
BRDA:475,60,1,0
BRDA:475,61,0,13
BRDA:475,61,1,13
BRDA:479,62,0,3
BRDA:479,62,1,10
BRDA:489,63,0,10
BRDA:489,63,1,0
BRDA:494,64,0,1
BRDA:494,64,1,9
BRDA:500,65,0,1
BRDA:500,65,1,9
BRDA:507,66,0,0
BRDA:507,66,1,10
BRDA:512,67,0,1
BRDA:512,67,1,9
BRDA:512,68,0,10
BRDA:512,68,1,2
BRDA:517,69,0,1
BRDA:517,69,1,9
BRDA:517,70,0,10
BRDA:517,70,1,2
BRDA:539,71,0,7
BRDA:539,71,1,0
BRDA:560,72,0,2
BRDA:560,72,1,4
BRDA:560,73,0,6
BRDA:560,73,1,2
BRF:145
BRH:132
end_of_record
TN:
SF:lib/supabase.ts
FNF:0
FNH:0
DA:4,0
DA:5,0
DA:7,0
LF:3
LH:0
BRF:0
BRH:0
end_of_record
TN:
SF:lib/types.ts
FNF:0
FNH:0
LF:0
LH:0
BRF:0
BRH:0
end_of_record
TN:
SF:lib/utils.ts
FN:7,(anonymous_0)
FN:23,(anonymous_1)
FN:42,(anonymous_2)
FN:57,(anonymous_3)
FN:68,(anonymous_4)
FN:79,(anonymous_5)
FN:85,(anonymous_6)
FN:87,(anonymous_7)
FNF:8
FNH:0
FNDA:0,(anonymous_0)
FNDA:0,(anonymous_1)
FNDA:0,(anonymous_2)
FNDA:0,(anonymous_3)
FNDA:0,(anonymous_4)
FNDA:0,(anonymous_5)
FNDA:0,(anonymous_6)
FNDA:0,(anonymous_7)
DA:7,0
DA:8,0
DA:10,0
DA:23,0
DA:25,0
DA:28,0
DA:30,0
DA:31,0
DA:34,0
DA:42,0
DA:43,0
DA:44,0
DA:57,0
DA:58,0
DA:59,0
DA:60,0
DA:68,0
DA:70,0
DA:79,0
DA:85,0
DA:86,0
DA:87,0
LF:22
LH:0
BRDA:7,0,0,0
BRDA:30,1,0,0
BRDA:30,1,1,0
BRF:3
BRH:0
end_of_record
TN:
SF:lib/sync/mergeProductChanges.ts
FN:27,mergeProductChanges
FN:100,logConflictResolution
FN:130,createConflictMetadata
FNF:3
FNH:0
FNDA:0,mergeProductChanges
FNDA:0,logConflictResolution
FNDA:0,createConflictMetadata
DA:32,0
DA:33,0
DA:36,0
DA:37,0
DA:39,0
DA:41,0
DA:50,0
DA:61,0
DA:62,0
DA:63,0
DA:66,0
DA:67,0
DA:71,0
DA:73,0
DA:74,0
DA:76,0
DA:79,0
DA:85,0
DA:86,0
DA:88,0
DA:101,0
DA:103,0
DA:105,0
DA:115,0
DA:138,0
DA:139,0
DA:142,0
DA:143,0
DA:144,0
DA:147,0
LF:30
LH:0
BRDA:39,0,0,0
BRDA:39,0,1,0
BRDA:66,1,0,0
BRDA:66,1,1,0
BRDA:66,2,0,0
BRDA:66,2,1,0
BRDA:66,2,2,0
BRDA:71,3,0,0
BRDA:71,3,1,0
BRDA:71,4,0,0
BRDA:71,4,1,0
BRDA:74,5,0,0
BRDA:74,5,1,0
BRDA:76,6,0,0
BRDA:76,6,1,0
BRDA:76,7,0,0
BRDA:76,7,1,0
BRDA:92,8,0,0
BRDA:92,8,1,0
BRDA:112,9,0,0
BRDA:112,9,1,0
BRF:21
BRH:0
end_of_record
TN:
SF:screens/BarcodeScannerScreen.tsx
FN:40,(anonymous_0)
FN:57,(anonymous_1)
FN:71,(anonymous_2)
FN:72,(anonymous_3)
FN:78,(anonymous_4)
FN:103,(anonymous_5)
FN:115,(anonymous_6)
FN:119,(anonymous_7)
FN:120,(anonymous_8)
FN:136,(anonymous_9)
FN:137,(anonymous_10)
FN:140,(anonymous_11)
FN:179,(anonymous_12)
FN:201,(anonymous_13)
FN:227,(anonymous_14)
FN:269,(anonymous_15)
FNF:16
FNH:0
FNDA:0,(anonymous_0)
FNDA:0,(anonymous_1)
FNDA:0,(anonymous_2)
FNDA:0,(anonymous_3)
FNDA:0,(anonymous_4)
FNDA:0,(anonymous_5)
FNDA:0,(anonymous_6)
FNDA:0,(anonymous_7)
FNDA:0,(anonymous_8)
FNDA:0,(anonymous_9)
FNDA:0,(anonymous_10)
FNDA:0,(anonymous_11)
FNDA:0,(anonymous_12)
FNDA:0,(anonymous_13)
FNDA:0,(anonymous_14)
FNDA:0,(anonymous_15)
DA:19,0
DA:20,0
DA:21,0
DA:23,0
DA:25,0
DA:39,0
DA:40,0
DA:44,0
DA:45,0
DA:46,0
DA:57,0
DA:61,0
DA:62,0
DA:63,0
DA:64,0
DA:65,0
DA:68,0
DA:69,0
DA:71,0
DA:72,0
DA:73,0
DA:74,0
DA:78,0
DA:85,0
DA:87,0
DA:88,0
DA:90,0
DA:92,0
DA:98,0
DA:99,0
DA:103,0
DA:104,0
DA:107,0
DA:108,0
DA:109,0
DA:111,0
DA:115,0
DA:116,0
DA:119,0
DA:120,0
DA:121,0
DA:123,0
DA:125,0
DA:127,0
DA:129,0
DA:131,0
DA:136,0
DA:137,0
DA:140,0
DA:141,0
DA:143,0
DA:145,0
DA:147,0
DA:149,0
DA:151,0
DA:155,0
DA:156,0
DA:168,0
DA:169,0
DA:179,0
DA:189,0
DA:190,0
DA:201,0
DA:210,0
DA:227,0
DA:269,0
DA:288,0
LF:67
LH:0
BRDA:61,0,0,0
BRDA:61,0,1,0
BRDA:85,1,0,0
BRDA:85,1,1,0
BRDA:98,2,0,0
BRDA:98,2,1,0
BRDA:121,3,0,0
BRDA:121,3,1,0
BRDA:121,3,2,0
BRDA:121,3,3,0
BRDA:121,3,4,0
BRDA:137,4,0,0
BRDA:137,4,1,0
BRDA:141,5,0,0
BRDA:141,5,1,0
BRDA:141,5,2,0
BRDA:141,5,3,0
BRDA:141,5,4,0
BRDA:155,6,0,0
BRDA:155,6,1,0
BRDA:168,7,0,0
BRDA:168,7,1,0
BRDA:189,8,0,0
BRDA:189,8,1,0
BRDA:189,9,0,0
BRDA:189,9,1,0
BRDA:214,10,0,0
BRDA:214,10,1,0
BRDA:258,11,0,0
BRDA:258,11,1,0
BRDA:277,12,0,0
BRDA:277,12,1,0
BRF:32
BRH:0
end_of_record
TN:
SF:screens/LoadingScreen.tsx
FN:4,(anonymous_0)
FNF:1
FNH:0
FNDA:0,(anonymous_0)
DA:4,0
DA:5,0
DA:13,0
LF:3
LH:0
BRF:0
BRH:0
end_of_record
TN:
SF:screens/StockAlertScreen.tsx
FN:26,(anonymous_0)
FN:34,(anonymous_1)
FN:53,(anonymous_2)
FN:65,(anonymous_3)
FN:71,(anonymous_4)
FN:75,(anonymous_5)
FN:79,(anonymous_6)
FN:87,(anonymous_7)
FN:96,(anonymous_8)
FN:111,(anonymous_9)
FN:179,(anonymous_10)
FN:191,(anonymous_11)
FN:202,(anonymous_12)
FN:229,(anonymous_13)
FN:233,(anonymous_14)
FN:274,(anonymous_15)
FN:289,(anonymous_16)
FN:295,(anonymous_17)
FNF:18
FNH:0
FNDA:0,(anonymous_0)
FNDA:0,(anonymous_1)
FNDA:0,(anonymous_2)
FNDA:0,(anonymous_3)
FNDA:0,(anonymous_4)
FNDA:0,(anonymous_5)
FNDA:0,(anonymous_6)
FNDA:0,(anonymous_7)
FNDA:0,(anonymous_8)
FNDA:0,(anonymous_9)
FNDA:0,(anonymous_10)
FNDA:0,(anonymous_11)
FNDA:0,(anonymous_12)
FNDA:0,(anonymous_13)
FNDA:0,(anonymous_14)
FNDA:0,(anonymous_15)
FNDA:0,(anonymous_16)
FNDA:0,(anonymous_17)
DA:26,0
DA:27,0
DA:30,0
DA:31,0
DA:32,0
DA:34,0
DA:35,0
DA:36,0
DA:39,0
DA:44,0
DA:45,0
DA:46,0
DA:47,0
DA:52,0
DA:53,0
DA:56,0
DA:58,0
DA:59,0
DA:61,0
DA:65,0
DA:66,0
DA:67,0
DA:68,0
DA:71,0
DA:72,0
DA:75,0
DA:76,0
DA:79,0
DA:80,0
DA:87,0
DA:88,0
DA:89,0
DA:92,0
DA:96,0
DA:97,0
DA:100,0
DA:102,0
DA:104,0
DA:111,0
DA:179,0
DA:191,0
DA:192,0
DA:202,0
DA:203,0
DA:229,0
DA:230,0
DA:234,0
DA:251,0
DA:252,0
DA:267,0
DA:274,0
DA:289,0
DA:295,0
DA:307,0
LF:54
LH:0
BRDA:44,0,0,0
BRDA:44,0,1,0
BRDA:52,1,0,0
BRDA:52,1,1,0
BRDA:88,2,0,0
BRDA:88,2,1,0
BRDA:102,3,0,0
BRDA:102,3,1,0
BRDA:108,4,0,0
BRDA:108,4,1,0
BRDA:109,5,0,0
BRDA:109,5,1,0
BRDA:123,6,0,0
BRDA:123,6,1,0
BRDA:124,7,0,0
BRDA:124,7,1,0
BRDA:128,8,0,0
BRDA:128,8,1,0
BRDA:137,9,0,0
BRDA:137,9,1,0
BRDA:148,10,0,0
BRDA:148,10,1,0
BRDA:149,11,0,0
BRDA:149,11,1,0
BRDA:168,12,0,0
BRDA:168,12,1,0
BRDA:169,13,0,0
BRDA:169,13,1,0
BRDA:172,14,0,0
BRDA:172,14,1,0
BRDA:206,15,0,0
BRDA:206,15,1,0
BRDA:214,16,0,0
BRDA:214,16,1,0
BRDA:251,17,0,0
BRDA:251,17,1,0
BRDA:255,18,0,0
BRDA:255,18,1,0
BRDA:282,19,0,0
BRDA:282,19,1,0
BRF:40
BRH:0
end_of_record
TN:
SF:screens/analytics/AdvancedAnalyticsScreen.tsx
FN:39,(anonymous_0)
FN:49,(anonymous_1)
FN:53,(anonymous_2)
FN:125,(anonymous_3)
FN:139,(anonymous_4)
FN:144,(anonymous_5)
FN:146,(anonymous_6)
FN:152,(anonymous_7)
FN:154,(anonymous_8)
FN:160,(anonymous_9)
FN:165,(anonymous_10)
FN:172,(anonymous_11)
FN:194,(anonymous_12)
FN:214,(anonymous_13)
FN:220,(anonymous_14)
FN:224,(anonymous_15)
FN:228,(anonymous_16)
FN:236,(anonymous_17)
FN:240,(anonymous_18)
FN:275,(anonymous_19)
FN:291,(anonymous_20)
FN:292,(anonymous_21)
FN:306,(anonymous_22)
FN:311,(anonymous_23)
FN:376,(anonymous_24)
FN:383,(anonymous_25)
FN:460,(anonymous_26)
FN:468,(anonymous_27)
FN:476,(anonymous_28)
FN:484,(anonymous_29)
FNF:30
FNH:0
FNDA:0,(anonymous_0)
FNDA:0,(anonymous_1)
FNDA:0,(anonymous_2)
FNDA:0,(anonymous_3)
FNDA:0,(anonymous_4)
FNDA:0,(anonymous_5)
FNDA:0,(anonymous_6)
FNDA:0,(anonymous_7)
FNDA:0,(anonymous_8)
FNDA:0,(anonymous_9)
FNDA:0,(anonymous_10)
FNDA:0,(anonymous_11)
FNDA:0,(anonymous_12)
FNDA:0,(anonymous_13)
FNDA:0,(anonymous_14)
FNDA:0,(anonymous_15)
FNDA:0,(anonymous_16)
FNDA:0,(anonymous_17)
FNDA:0,(anonymous_18)
FNDA:0,(anonymous_19)
FNDA:0,(anonymous_20)
FNDA:0,(anonymous_21)
FNDA:0,(anonymous_22)
FNDA:0,(anonymous_23)
FNDA:0,(anonymous_24)
FNDA:0,(anonymous_25)
FNDA:0,(anonymous_26)
FNDA:0,(anonymous_27)
FNDA:0,(anonymous_28)
FNDA:0,(anonymous_29)
DA:39,0
DA:40,0
DA:41,0
DA:42,0
DA:43,0
DA:44,0
DA:45,0
DA:46,0
DA:47,0
DA:49,0
DA:50,0
DA:53,0
DA:54,0
DA:55,0
DA:57,0
DA:59,0
DA:62,0
DA:63,0
DA:64,0
DA:68,0
DA:71,0
DA:72,0
DA:76,0
DA:79,0
DA:80,0
DA:84,0
DA:85,0
DA:86,0
DA:98,0
DA:99,0
DA:102,0
DA:114,0
DA:115,0
DA:118,0
DA:119,0
DA:121,0
DA:125,0
DA:126,0
DA:127,0
DA:129,0
DA:131,0
DA:133,0
DA:135,0
DA:139,0
DA:141,0
DA:144,0
DA:145,0
DA:146,0
DA:147,0
DA:149,0
DA:152,0
DA:153,0
DA:154,0
DA:155,0
DA:157,0
DA:160,0
DA:162,0
DA:165,0
DA:166,0
DA:167,0
DA:169,0
DA:172,0
DA:174,0
DA:181,0
DA:184,0
DA:191,0
DA:194,0
DA:195,0
DA:202,0
DA:204,0
DA:211,0
DA:214,0
DA:215,0
DA:216,0
DA:217,0
DA:220,0
DA:221,0
DA:224,0
DA:225,0
DA:228,0
DA:229,0
DA:236,0
DA:237,0
DA:240,0
DA:241,0
DA:243,0
DA:248,0
DA:250,0
DA:255,0
DA:257,0
DA:262,0
DA:264,0
DA:269,0
DA:271,0
DA:275,0
DA:276,0
DA:278,0
DA:279,0
DA:281,0
DA:282,0
DA:284,0
DA:285,0
DA:287,0
DA:291,0
DA:292,0
DA:306,0
DA:307,0
DA:312,0
DA:332,0
DA:333,0
DA:346,0
DA:377,0
DA:383,0
DA:460,0
DA:468,0
DA:476,0
DA:484,0
DA:498,0
LF:118
LH:0
BRDA:62,0,0,0
BRDA:62,0,1,0
BRDA:71,1,0,0
BRDA:71,1,1,0
BRDA:79,2,0,0
BRDA:79,2,1,0
BRDA:84,3,0,0
BRDA:84,3,1,0
BRDA:84,4,0,0
BRDA:84,4,1,0
BRDA:84,4,2,0
BRDA:87,5,0,0
BRDA:87,5,1,0
BRDA:88,6,0,0
BRDA:88,6,1,0
BRDA:89,7,0,0
BRDA:89,7,1,0
BRDA:90,8,0,0
BRDA:90,8,1,0
BRDA:91,9,0,0
BRDA:91,9,1,0
BRDA:127,10,0,0
BRDA:127,10,1,0
BRDA:127,10,2,0
BRDA:127,10,3,0
BRDA:145,11,0,0
BRDA:145,11,1,0
BRDA:145,12,0,0
BRDA:145,12,1,0
BRDA:146,13,0,0
BRDA:146,13,1,0
BRDA:147,14,0,0
BRDA:147,14,1,0
BRDA:153,15,0,0
BRDA:153,15,1,0
BRDA:153,16,0,0
BRDA:153,16,1,0
BRDA:154,17,0,0
BRDA:154,17,1,0
BRDA:155,18,0,0
BRDA:155,18,1,0
BRDA:166,19,0,0
BRDA:166,19,1,0
BRDA:241,20,0,0
BRDA:241,20,1,0
BRDA:241,20,2,0
BRDA:241,20,3,0
BRDA:241,20,4,0
BRDA:276,21,0,0
BRDA:276,21,1,0
BRDA:276,21,2,0
BRDA:276,21,3,0
BRDA:291,22,0,0
BRDA:296,23,0,0
BRDA:296,23,1,0
BRDA:296,24,0,0
BRDA:296,24,1,0
BRDA:298,25,0,0
BRDA:298,25,1,0
BRDA:309,26,0,0
BRDA:309,26,1,0
BRDA:332,27,0,0
BRDA:332,27,1,0
BRDA:381,28,0,0
BRDA:381,28,1,0
BRDA:387,29,0,0
BRDA:387,29,1,0
BRDA:396,30,0,0
BRDA:396,30,1,0
BRDA:409,31,0,0
BRDA:409,31,1,0
BRF:71
BRH:0
end_of_record
TN:
SF:screens/analytics/RealTimeDashboardScreen.tsx
FN:34,(anonymous_0)
FN:42,(anonymous_1)
FN:47,(anonymous_2)
FN:52,(anonymous_3)
FN:119,(anonymous_4)
FN:121,(anonymous_5)
FN:126,(anonymous_6)
FN:129,(anonymous_7)
FN:146,(anonymous_8)
FN:147,(anonymous_9)
FN:147,(anonymous_10)
FN:155,(anonymous_11)
FN:170,(anonymous_12)
FN:174,(anonymous_13)
FN:181,(anonymous_14)
FN:182,(anonymous_15)
FN:183,(anonymous_16)
FN:189,(anonymous_17)
FN:200,(anonymous_18)
FN:211,(anonymous_19)
FN:226,(anonymous_20)
FN:241,(anonymous_21)
FN:255,(anonymous_22)
FN:259,(anonymous_23)
FN:263,(anonymous_24)
FN:267,(anonymous_25)
FN:287,(anonymous_26)
FN:357,(anonymous_27)
FN:361,(anonymous_28)
FN:395,(anonymous_29)
FN:402,(anonymous_30)
FN:430,(anonymous_31)
FN:434,(anonymous_32)
FN:438,(anonymous_33)
FN:442,(anonymous_34)
FNF:35
FNH:0
FNDA:0,(anonymous_0)
FNDA:0,(anonymous_1)
FNDA:0,(anonymous_2)
FNDA:0,(anonymous_3)
FNDA:0,(anonymous_4)
FNDA:0,(anonymous_5)
FNDA:0,(anonymous_6)
FNDA:0,(anonymous_7)
FNDA:0,(anonymous_8)
FNDA:0,(anonymous_9)
FNDA:0,(anonymous_10)
FNDA:0,(anonymous_11)
FNDA:0,(anonymous_12)
FNDA:0,(anonymous_13)
FNDA:0,(anonymous_14)
FNDA:0,(anonymous_15)
FNDA:0,(anonymous_16)
FNDA:0,(anonymous_17)
FNDA:0,(anonymous_18)
FNDA:0,(anonymous_19)
FNDA:0,(anonymous_20)
FNDA:0,(anonymous_21)
FNDA:0,(anonymous_22)
FNDA:0,(anonymous_23)
FNDA:0,(anonymous_24)
FNDA:0,(anonymous_25)
FNDA:0,(anonymous_26)
FNDA:0,(anonymous_27)
FNDA:0,(anonymous_28)
FNDA:0,(anonymous_29)
FNDA:0,(anonymous_30)
FNDA:0,(anonymous_31)
FNDA:0,(anonymous_32)
FNDA:0,(anonymous_33)
FNDA:0,(anonymous_34)
DA:34,0
DA:35,0
DA:36,0
DA:37,0
DA:38,0
DA:39,0
DA:40,0
DA:42,0
DA:43,0
DA:44,0
DA:45,0
DA:47,0
DA:52,0
DA:54,0
DA:88,0
DA:90,0
DA:116,0
DA:119,0
DA:121,0
DA:122,0
DA:123,0
DA:126,0
DA:129,0
DA:130,0
DA:146,0
DA:147,0
DA:155,0
DA:156,0
DA:158,0
DA:160,0
DA:162,0
DA:164,0
DA:166,0
DA:170,0
DA:171,0
DA:174,0
DA:175,0
DA:176,0
DA:177,0
DA:178,0
DA:181,0
DA:182,0
DA:183,0
DA:184,0
DA:189,0
DA:190,0
DA:192,0
DA:194,0
DA:196,0
DA:200,0
DA:201,0
DA:203,0
DA:205,0
DA:207,0
DA:211,0
DA:212,0
DA:214,0
DA:216,0
DA:218,0
DA:220,0
DA:222,0
DA:226,0
DA:227,0
DA:229,0
DA:231,0
DA:233,0
DA:235,0
DA:237,0
DA:241,0
DA:242,0
DA:243,0
DA:244,0
DA:246,0
DA:247,0
DA:248,0
DA:249,0
DA:250,0
DA:251,0
DA:255,0
DA:256,0
DA:259,0
DA:260,0
DA:263,0
DA:264,0
DA:267,0
DA:269,0
DA:271,0
DA:272,0
DA:274,0
DA:275,0
DA:277,0
DA:278,0
DA:280,0
DA:281,0
DA:283,0
DA:287,0
DA:288,0
DA:290,0
DA:291,0
DA:292,0
DA:293,0
DA:295,0
DA:296,0
DA:298,0
DA:299,0
DA:301,0
DA:302,0
DA:304,0
DA:308,0
DA:358,0
DA:361,0
DA:396,0
DA:402,0
DA:430,0
DA:434,0
DA:438,0
DA:442,0
DA:453,0
LF:118
LH:0
BRDA:156,0,0,0
BRDA:156,0,1,0
BRDA:156,0,2,0
BRDA:156,0,3,0
BRDA:156,0,4,0
BRDA:176,1,0,0
BRDA:176,1,1,0
BRDA:177,2,0,0
BRDA:177,2,1,0
BRDA:184,3,0,0
BRDA:184,3,1,0
BRDA:190,4,0,0
BRDA:190,4,1,0
BRDA:190,4,2,0
BRDA:201,5,0,0
BRDA:201,5,1,0
BRDA:201,5,2,0
BRDA:212,6,0,0
BRDA:212,6,1,0
BRDA:212,6,2,0
BRDA:212,6,3,0
BRDA:212,6,4,0
BRDA:227,7,0,0
BRDA:227,7,1,0
BRDA:227,7,2,0
BRDA:227,7,3,0
BRDA:227,7,4,0
BRDA:246,8,0,0
BRDA:246,8,1,0
BRDA:247,9,0,0
BRDA:247,9,1,0
BRDA:249,10,0,0
BRDA:249,10,1,0
BRDA:269,11,0,0
BRDA:269,11,1,0
BRDA:269,11,2,0
BRDA:269,11,3,0
BRDA:269,11,4,0
BRDA:288,12,0,0
BRDA:288,12,1,0
BRDA:288,12,2,0
BRDA:288,12,3,0
BRDA:288,12,4,0
BRDA:323,13,0,0
BRDA:323,13,1,0
BRDA:329,14,0,0
BRDA:329,14,1,0
BRDA:376,15,0,0
BRDA:376,15,1,0
BRDA:400,16,0,0
BRDA:400,16,1,0
BRDA:418,17,0,0
BRDA:418,17,1,0
BRF:53
BRH:0
end_of_record
TN:
SF:screens/auth/LoginScreen.tsx
FN:14,(anonymous_0)
FN:19,(anonymous_1)
FN:73,(anonymous_2)
FNF:3
FNH:0
FNDA:0,(anonymous_0)
FNDA:0,(anonymous_1)
FNDA:0,(anonymous_2)
DA:14,0
DA:15,0
DA:16,0
DA:17,0
DA:19,0
DA:20,0
DA:21,0
DA:22,0
DA:25,0
DA:26,0
DA:27,0
DA:31,0
DA:73,0
DA:83,0
LF:14
LH:0
BRDA:20,0,0,0
BRDA:20,0,1,0
BRDA:20,1,0,0
BRDA:20,1,1,0
BRDA:26,2,0,0
BRDA:26,2,1,0
BRDA:33,3,0,0
BRDA:33,3,1,0
BRDA:62,4,0,0
BRDA:62,4,1,0
BRDA:67,5,0,0
BRDA:67,5,1,0
BRF:12
BRH:0
end_of_record
TN:
SF:screens/auth/RegisterScreen.tsx
FN:14,(anonymous_0)
FN:20,(anonymous_1)
FN:100,(anonymous_2)
FNF:3
FNH:0
FNDA:0,(anonymous_0)
FNDA:0,(anonymous_1)
FNDA:0,(anonymous_2)
DA:14,0
DA:15,0
DA:16,0
DA:17,0
DA:18,0
DA:20,0
DA:21,0
DA:22,0
DA:23,0
DA:26,0
DA:27,0
DA:28,0
DA:31,0
DA:32,0
DA:33,0
DA:36,0
DA:37,0
DA:38,0
DA:42,0
DA:44,0
DA:48,0
DA:100,0
DA:112,0
LF:23
LH:0
BRDA:21,0,0,0
BRDA:21,0,1,0
BRDA:21,1,0,0
BRDA:21,1,1,0
BRDA:21,1,2,0
BRDA:26,2,0,0
BRDA:26,2,1,0
BRDA:31,3,0,0
BRDA:31,3,1,0
BRDA:37,4,0,0
BRDA:37,4,1,0
BRDA:50,5,0,0
BRDA:50,5,1,0
BRDA:89,6,0,0
BRDA:89,6,1,0
BRDA:94,7,0,0
BRDA:94,7,1,0
BRF:17
BRH:0
end_of_record
TN:
SF:screens/dashboard/AdminDashboard.tsx
FN:12,(anonymous_0)
FN:16,(anonymous_1)
FN:20,(anonymous_2)
FN:24,(anonymous_3)
FN:28,(anonymous_4)
FN:32,(anonymous_5)
FN:80,(anonymous_6)
FN:93,(anonymous_7)
FN:106,(anonymous_8)
FN:119,(anonymous_9)
FN:132,(anonymous_10)
FN:145,(anonymous_11)
FN:185,(anonymous_12)
FN:198,(anonymous_13)
FN:211,(anonymous_14)
FN:224,(anonymous_15)
FN:237,(anonymous_16)
FN:250,(anonymous_17)
FN:263,(anonymous_18)
FN:277,(anonymous_19)
FNF:20
FNH:0
FNDA:0,(anonymous_0)
FNDA:0,(anonymous_1)
FNDA:0,(anonymous_2)
FNDA:0,(anonymous_3)
FNDA:0,(anonymous_4)
FNDA:0,(anonymous_5)
FNDA:0,(anonymous_6)
FNDA:0,(anonymous_7)
FNDA:0,(anonymous_8)
FNDA:0,(anonymous_9)
FNDA:0,(anonymous_10)
FNDA:0,(anonymous_11)
FNDA:0,(anonymous_12)
FNDA:0,(anonymous_13)
FNDA:0,(anonymous_14)
FNDA:0,(anonymous_15)
FNDA:0,(anonymous_16)
FNDA:0,(anonymous_17)
FNDA:0,(anonymous_18)
FNDA:0,(anonymous_19)
DA:12,0
DA:13,0
DA:14,0
DA:16,0
DA:17,0
DA:20,0
DA:21,0
DA:24,0
DA:25,0
DA:28,0
DA:29,0
DA:31,0
DA:35,0
DA:36,0
DA:38,0
DA:42,0
DA:44,0
DA:45,0
DA:47,0
DA:48,0
DA:50,0
DA:51,0
DA:53,0
DA:54,0
DA:56,0
DA:57,0
DA:60,0
DA:64,0
DA:80,0
DA:93,0
DA:106,0
DA:119,0
DA:132,0
DA:145,0
DA:185,0
DA:198,0
DA:211,0
DA:224,0
DA:237,0
DA:250,0
DA:263,0
DA:277,0
DA:284,0
LF:43
LH:0
BRDA:29,0,0,0
BRDA:29,0,1,0
BRDA:29,0,2,0
BRDA:29,0,3,0
BRDA:29,0,4,0
BRDA:29,0,5,0
BRDA:29,0,6,0
BRDA:35,1,0,0
BRDA:35,1,1,0
BRDA:69,2,0,0
BRDA:69,2,1,0
BRF:11
BRH:0
end_of_record
TN:
SF:screens/dashboard/StaffDashboard.tsx
FN:13,(anonymous_0)
FN:17,(anonymous_1)
FN:25,(anonymous_2)
FN:29,(anonymous_3)
FN:33,(anonymous_4)
FN:37,(anonymous_5)
FN:41,(anonymous_6)
FN:45,(anonymous_7)
FN:122,(anonymous_8)
FN:163,(anonymous_9)
FNF:10
FNH:0
FNDA:0,(anonymous_0)
FNDA:0,(anonymous_1)
FNDA:0,(anonymous_2)
FNDA:0,(anonymous_3)
FNDA:0,(anonymous_4)
FNDA:0,(anonymous_5)
FNDA:0,(anonymous_6)
FNDA:0,(anonymous_7)
FNDA:0,(anonymous_8)
FNDA:0,(anonymous_9)
DA:13,0
DA:14,0
DA:15,0
DA:17,0
DA:18,0
DA:19,0
DA:21,0
DA:25,0
DA:26,0
DA:29,0
DA:30,0
DA:33,0
DA:34,0
DA:37,0
DA:38,0
DA:41,0
DA:42,0
DA:44,0
DA:48,0
DA:49,0
DA:51,0
DA:55,0
DA:57,0
DA:58,0
DA:60,0
DA:61,0
DA:63,0
DA:64,0
DA:66,0
DA:67,0
DA:69,0
DA:70,0
DA:73,0
DA:77,0
DA:122,0
DA:163,0
DA:170,0
LF:37
LH:0
BRDA:42,0,0,0
BRDA:42,0,1,0
BRDA:42,0,2,0
BRDA:42,0,3,0
BRDA:42,0,4,0
BRDA:42,0,5,0
BRDA:42,0,6,0
BRDA:48,1,0,0
BRDA:48,1,1,0
BRDA:83,2,0,0
BRDA:83,2,1,0
BRF:11
BRH:0
end_of_record
TN:
SF:screens/dashboard/ViewerDashboard.tsx
FN:11,(anonymous_0)
FN:14,(anonymous_1)
FNF:2
FNH:0
FNDA:0,(anonymous_0)
FNDA:0,(anonymous_1)
DA:11,0
DA:12,0
DA:14,0
DA:15,0
DA:18,0
DA:74,0
LF:6
LH:0
BRDA:22,0,0,0
BRDA:22,0,1,0
BRF:2
BRH:0
end_of_record
TN:
SF:screens/examples/OfflineSyncExample.tsx
FN:19,(anonymous_0)
FN:31,(anonymous_1)
FN:33,(anonymous_2)
FN:38,(anonymous_3)
FN:44,(anonymous_4)
FN:47,(anonymous_5)
FN:58,(anonymous_6)
FN:61,(anonymous_7)
FN:69,(anonymous_8)
FN:75,(anonymous_9)
FN:83,(anonymous_10)
FN:90,(anonymous_11)
FN:119,(anonymous_12)
FN:147,(anonymous_13)
FN:171,(anonymous_14)
FN:186,(anonymous_15)
FN:202,(anonymous_16)
FN:215,(anonymous_17)
FN:216,(anonymous_18)
FN:242,(anonymous_19)
FN:367,(anonymous_20)
FNF:21
FNH:0
FNDA:0,(anonymous_0)
FNDA:0,(anonymous_1)
FNDA:0,(anonymous_2)
FNDA:0,(anonymous_3)
FNDA:0,(anonymous_4)
FNDA:0,(anonymous_5)
FNDA:0,(anonymous_6)
FNDA:0,(anonymous_7)
FNDA:0,(anonymous_8)
FNDA:0,(anonymous_9)
FNDA:0,(anonymous_10)
FNDA:0,(anonymous_11)
FNDA:0,(anonymous_12)
FNDA:0,(anonymous_13)
FNDA:0,(anonymous_14)
FNDA:0,(anonymous_15)
FNDA:0,(anonymous_16)
FNDA:0,(anonymous_17)
FNDA:0,(anonymous_18)
FNDA:0,(anonymous_19)
FNDA:0,(anonymous_20)
DA:19,0
DA:20,0
DA:21,0
DA:22,0
DA:23,0
DA:24,0
DA:25,0
DA:28,0
DA:31,0
DA:33,0
DA:34,0
DA:38,0
DA:39,0
DA:43,0
DA:45,0
DA:48,0
DA:49,0
DA:51,0
DA:52,0
DA:59,0
DA:62,0
DA:67,0
DA:69,0
DA:70,0
DA:75,0
DA:76,0
DA:77,0
DA:78,0
DA:79,0
DA:83,0
DA:84,0
DA:85,0
DA:86,0
DA:90,0
DA:91,0
DA:93,0
DA:104,0
DA:111,0
DA:112,0
DA:114,0
DA:119,0
DA:120,0
DA:123,0
DA:131,0
DA:139,0
DA:140,0
DA:142,0
DA:147,0
DA:148,0
DA:151,0
DA:156,0
DA:163,0
DA:164,0
DA:166,0
DA:171,0
DA:172,0
DA:173,0
DA:174,0
DA:177,0
DA:178,0
DA:181,0
DA:186,0
DA:187,0
DA:188,0
DA:189,0
DA:192,0
DA:193,0
DA:196,0
DA:201,0
DA:203,0
DA:204,0
DA:205,0
DA:207,0
DA:214,0
DA:216,0
DA:217,0
DA:219,0
DA:221,0
DA:223,0
DA:225,0
DA:227,0
DA:231,0
DA:242,0
DA:273,0
DA:367,0
DA:384,0
LF:86
LH:0
BRDA:51,0,0,0
BRDA:51,0,1,0
BRDA:51,1,0,0
BRDA:51,1,1,0
BRDA:172,2,0,0
BRDA:172,2,1,0
BRDA:187,3,0,0
BRDA:187,3,1,0
BRDA:217,4,0,0
BRDA:217,4,1,0
BRDA:217,4,2,0
BRDA:217,4,3,0
BRDA:217,4,4,0
BRDA:251,5,0,0
BRDA:251,5,1,0
BRDA:252,6,0,0
BRDA:252,6,1,0
BRDA:281,7,0,0
BRDA:281,7,1,0
BRDA:285,8,0,0
BRDA:285,8,1,0
BRDA:332,9,0,0
BRDA:332,9,1,0
BRDA:332,9,2,0
BRDA:335,10,0,0
BRDA:335,10,1,0
BRDA:338,11,0,0
BRDA:338,11,1,0
BRDA:345,12,0,0
BRDA:345,12,1,0
BRDA:345,12,2,0
BRDA:348,13,0,0
BRDA:348,13,1,0
BRDA:357,14,0,0
BRDA:357,14,1,0
BRDA:574,15,0,0
BRDA:574,15,1,0
BRF:37
BRH:0
end_of_record
TN:
SF:screens/examples/SearchExample.tsx
FN:22,(anonymous_0)
FN:30,(anonymous_1)
FN:68,(anonymous_2)
FN:78,(anonymous_3)
FN:81,(anonymous_4)
FN:82,(anonymous_5)
FN:92,(anonymous_6)
FN:138,(anonymous_7)
FNF:8
FNH:0
FNDA:0,(anonymous_0)
FNDA:0,(anonymous_1)
FNDA:0,(anonymous_2)
FNDA:0,(anonymous_3)
FNDA:0,(anonymous_4)
FNDA:0,(anonymous_5)
FNDA:0,(anonymous_6)
FNDA:0,(anonymous_7)
DA:22,0
DA:23,0
DA:24,0
DA:25,0
DA:30,0
DA:32,0
DA:33,0
DA:34,0
DA:35,0
DA:38,0
DA:39,0
DA:41,0
DA:43,0
DA:51,0
DA:52,0
DA:55,0
DA:57,0
DA:60,0
DA:67,0
DA:69,0
DA:77,0
DA:79,0
DA:81,0
DA:92,0
DA:93,0
DA:94,0
DA:103,0
DA:112,0
DA:138,0
DA:148,0
LF:30
LH:0
BRDA:32,0,0,0
BRDA:32,0,1,0
BRDA:51,1,0,0
BRDA:51,1,1,0
BRDA:55,2,0,0
BRDA:55,2,1,0
BRDA:93,3,0,0
BRDA:93,3,1,0
BRDA:129,4,0,0
BRDA:129,4,1,0
BRF:10
BRH:0
end_of_record
TN:
SF:screens/inventory/InventoryAnalyticsScreen.tsx
FN:49,(anonymous_0)
FN:65,(anonymous_1)
FN:69,(anonymous_2)
FN:95,(anonymous_3)
FN:98,(anonymous_4)
FN:101,(anonymous_5)
FN:114,(anonymous_6)
FN:119,(anonymous_7)
FN:124,(anonymous_8)
FN:131,(anonymous_9)
FN:136,(anonymous_10)
FN:143,(anonymous_11)
FN:144,(anonymous_12)
FN:149,(anonymous_13)
FN:158,(anonymous_14)
FN:163,(anonymous_15)
FN:183,(anonymous_16)
FN:201,(anonymous_17)
FN:208,(anonymous_18)
FN:214,(anonymous_19)
FN:225,(anonymous_20)
FN:228,(anonymous_21)
FN:236,(anonymous_22)
FN:249,(anonymous_23)
FN:264,(anonymous_24)
FN:362,(anonymous_25)
FN:372,(anonymous_26)
FN:385,(anonymous_27)
FN:395,(anonymous_28)
FN:407,(anonymous_29)
FN:437,(anonymous_30)
FN:445,(anonymous_31)
FN:453,(anonymous_32)
FN:461,(anonymous_33)
FNF:34
FNH:0
FNDA:0,(anonymous_0)
FNDA:0,(anonymous_1)
FNDA:0,(anonymous_2)
FNDA:0,(anonymous_3)
FNDA:0,(anonymous_4)
FNDA:0,(anonymous_5)
FNDA:0,(anonymous_6)
FNDA:0,(anonymous_7)
FNDA:0,(anonymous_8)
FNDA:0,(anonymous_9)
FNDA:0,(anonymous_10)
FNDA:0,(anonymous_11)
FNDA:0,(anonymous_12)
FNDA:0,(anonymous_13)
FNDA:0,(anonymous_14)
FNDA:0,(anonymous_15)
FNDA:0,(anonymous_16)
FNDA:0,(anonymous_17)
FNDA:0,(anonymous_18)
FNDA:0,(anonymous_19)
FNDA:0,(anonymous_20)
FNDA:0,(anonymous_21)
FNDA:0,(anonymous_22)
FNDA:0,(anonymous_23)
FNDA:0,(anonymous_24)
FNDA:0,(anonymous_25)
FNDA:0,(anonymous_26)
FNDA:0,(anonymous_27)
FNDA:0,(anonymous_28)
FNDA:0,(anonymous_29)
FNDA:0,(anonymous_30)
FNDA:0,(anonymous_31)
FNDA:0,(anonymous_32)
FNDA:0,(anonymous_33)
DA:49,0
DA:50,0
DA:60,0
DA:61,0
DA:62,0
DA:63,0
DA:65,0
DA:66,0
DA:69,0
DA:70,0
DA:71,0
DA:73,0
DA:78,0
DA:81,0
DA:82,0
DA:88,0
DA:90,0
DA:91,0
DA:94,0
DA:95,0
DA:96,0
DA:98,0
DA:99,0
DA:101,0
DA:104,0
DA:107,0
DA:108,0
DA:109,0
DA:113,0
DA:114,0
DA:115,0
DA:119,0
DA:120,0
DA:123,0
DA:124,0
DA:131,0
DA:135,0
DA:136,0
DA:143,0
DA:144,0
DA:148,0
DA:149,0
DA:150,0
DA:151,0
DA:152,0
DA:153,0
DA:154,0
DA:157,0
DA:158,0
DA:163,0
DA:165,0
DA:176,0
DA:177,0
DA:179,0
DA:183,0
DA:184,0
DA:185,0
DA:187,0
DA:188,0
DA:189,0
DA:191,0
DA:192,0
DA:193,0
DA:195,0
DA:196,0
DA:197,0
DA:201,0
DA:202,0
DA:203,0
DA:204,0
DA:205,0
DA:208,0
DA:209,0
DA:210,0
DA:211,0
DA:214,0
DA:215,0
DA:225,0
DA:226,0
DA:228,0
DA:236,0
DA:237,0
DA:249,0
DA:250,0
DA:264,0
DA:274,0
DA:275,0
DA:286,0
DA:363,0
DA:372,0
DA:386,0
DA:395,0
DA:408,0
DA:437,0
DA:445,0
DA:453,0
DA:461,0
DA:473,0
LF:98
LH:0
BRDA:78,0,0,0
BRDA:78,0,1,0
BRDA:88,1,0,0
BRDA:88,1,1,0
BRDA:90,2,0,0
BRDA:90,2,1,0
BRDA:91,3,0,0
BRDA:91,3,1,0
BRDA:96,4,0,0
BRDA:96,4,1,0
BRDA:96,5,0,0
BRDA:96,5,1,0
BRDA:99,6,0,0
BRDA:99,6,1,0
BRDA:99,7,0,0
BRDA:99,7,1,0
BRDA:107,8,0,0
BRDA:107,8,1,0
BRDA:114,9,0,0
BRDA:114,9,1,0
BRDA:115,10,0,0
BRDA:115,10,1,0
BRDA:127,11,0,0
BRDA:127,11,1,0
BRDA:128,12,0,0
BRDA:128,12,1,0
BRDA:128,13,0,0
BRDA:128,13,1,0
BRDA:129,14,0,0
BRDA:129,14,1,0
BRDA:139,15,0,0
BRDA:139,15,1,0
BRDA:140,16,0,0
BRDA:140,16,1,0
BRDA:140,17,0,0
BRDA:140,17,1,0
BRDA:150,18,0,0
BRDA:150,18,1,0
BRDA:151,19,0,0
BRDA:151,19,1,0
BRDA:153,20,0,0
BRDA:153,20,1,0
BRDA:153,21,0,0
BRDA:153,21,1,0
BRDA:185,22,0,0
BRDA:185,22,1,0
BRDA:185,22,2,0
BRDA:215,23,0,0
BRDA:215,23,1,0
BRDA:217,24,0,0
BRDA:217,24,1,0
BRDA:217,25,0,0
BRDA:217,25,1,0
BRDA:220,26,0,0
BRDA:220,26,1,0
BRDA:221,27,0,0
BRDA:221,27,1,0
BRDA:227,28,0,0
BRDA:227,28,1,0
BRDA:230,29,0,0
BRDA:230,29,1,0
BRDA:239,30,0,0
BRDA:239,30,1,0
BRDA:253,31,0,0
BRDA:253,31,1,0
BRDA:259,32,0,0
BRDA:259,32,1,0
BRDA:259,33,0,0
BRDA:259,33,1,0
BRDA:274,34,0,0
BRDA:274,34,1,0
BRDA:350,35,0,0
BRDA:350,35,1,0
BRDA:404,36,0,0
BRDA:404,36,1,0
BRF:75
BRH:0
end_of_record
TN:
SF:screens/inventory/InventoryDetailScreen.tsx
FN:34,(anonymous_0)
FN:54,(anonymous_1)
FN:58,(anonymous_2)
FN:82,(anonymous_3)
FN:102,(anonymous_4)
FN:134,(anonymous_5)
FN:148,(anonymous_6)
FN:172,(anonymous_7)
FN:173,(anonymous_8)
FN:188,(anonymous_9)
FN:216,(anonymous_10)
FN:242,(anonymous_11)
FN:252,(anonymous_12)
FN:276,(anonymous_13)
FN:292,(anonymous_14)
FN:308,(anonymous_15)
FN:318,(anonymous_16)
FN:342,(anonymous_17)
FN:362,(anonymous_18)
FN:381,(anonymous_19)
FN:412,(anonymous_20)
FN:438,(anonymous_21)
FNF:22
FNH:0
FNDA:0,(anonymous_0)
FNDA:0,(anonymous_1)
FNDA:0,(anonymous_2)
FNDA:0,(anonymous_3)
FNDA:0,(anonymous_4)
FNDA:0,(anonymous_5)
FNDA:0,(anonymous_6)
FNDA:0,(anonymous_7)
FNDA:0,(anonymous_8)
FNDA:0,(anonymous_9)
FNDA:0,(anonymous_10)
FNDA:0,(anonymous_11)
FNDA:0,(anonymous_12)
FNDA:0,(anonymous_13)
FNDA:0,(anonymous_14)
FNDA:0,(anonymous_15)
FNDA:0,(anonymous_16)
FNDA:0,(anonymous_17)
FNDA:0,(anonymous_18)
FNDA:0,(anonymous_19)
FNDA:0,(anonymous_20)
FNDA:0,(anonymous_21)
DA:34,0
DA:38,0
DA:39,0
DA:41,0
DA:42,0
DA:43,0
DA:44,0
DA:45,0
DA:48,0
DA:51,0
DA:52,0
DA:54,0
DA:55,0
DA:58,0
DA:59,0
DA:60,0
DA:61,0
DA:67,0
DA:69,0
DA:70,0
DA:73,0
DA:75,0
DA:76,0
DA:78,0
DA:82,0
DA:84,0
DA:85,0
DA:86,0
DA:87,0
DA:89,0
DA:90,0
DA:91,0
DA:92,0
DA:94,0
DA:102,0
DA:103,0
DA:104,0
DA:108,0
DA:111,0
DA:112,0
DA:113,0
DA:120,0
DA:122,0
DA:123,0
DA:124,0
DA:125,0
DA:127,0
DA:128,0
DA:130,0
DA:134,0
DA:135,0
DA:136,0
DA:137,0
DA:140,0
DA:149,0
DA:150,0
DA:151,0
DA:156,0
DA:158,0
DA:159,0
DA:161,0
DA:162,0
DA:164,0
DA:172,0
DA:173,0
DA:174,0
DA:176,0
DA:178,0
DA:180,0
DA:182,0
DA:184,0
DA:188,0
DA:189,0
DA:191,0
DA:193,0
DA:195,0
DA:197,0
DA:199,0
DA:203,0
DA:216,0
DA:217,0
DA:242,0
DA:243,0
DA:252,0
DA:276,0
DA:293,0
DA:308,0
DA:309,0
DA:319,0
DA:343,0
DA:363,0
DA:381,0
DA:393,0
DA:394,0
DA:404,0
DA:405,0
DA:412,0
DA:421,0
DA:438,0
DA:488,0
LF:100
LH:0
BRDA:38,0,0,0
BRDA:51,1,0,0
BRDA:51,1,1,0
BRDA:67,2,0,0
BRDA:67,2,1,0
BRDA:89,3,0,0
BRDA:89,3,1,0
BRDA:91,4,0,0
BRDA:91,4,1,0
BRDA:103,5,0,0
BRDA:103,5,1,0
BRDA:120,6,0,0
BRDA:120,6,1,0
BRDA:128,7,0,0
BRDA:128,7,1,0
BRDA:135,8,0,0
BRDA:135,8,1,0
BRDA:156,9,0,0
BRDA:156,9,1,0
BRDA:162,10,0,0
BRDA:162,10,1,0
BRDA:174,11,0,0
BRDA:174,11,1,0
BRDA:174,11,2,0
BRDA:174,11,3,0
BRDA:174,11,4,0
BRDA:189,12,0,0
BRDA:189,12,1,0
BRDA:189,12,2,0
BRDA:189,12,3,0
BRDA:189,12,4,0
BRDA:207,13,0,0
BRDA:207,13,1,0
BRDA:222,14,0,0
BRDA:222,14,1,0
BRDA:230,15,0,0
BRDA:230,15,1,0
BRDA:248,16,0,0
BRDA:248,16,1,0
BRDA:251,17,0,0
BRDA:251,17,1,0
BRDA:267,18,0,0
BRDA:267,18,1,0
BRDA:272,19,0,0
BRDA:272,19,1,0
BRDA:275,20,0,0
BRDA:275,20,1,0
BRDA:281,21,0,0
BRDA:281,21,1,0
BRDA:288,22,0,0
BRDA:288,22,1,0
BRDA:291,23,0,0
BRDA:291,23,1,0
BRDA:301,24,0,0
BRDA:301,24,1,0
BRDA:314,25,0,0
BRDA:314,25,1,0
BRDA:317,26,0,0
BRDA:317,26,1,0
BRDA:319,27,0,0
BRDA:319,27,1,0
BRDA:328,28,0,0
BRDA:328,28,1,0
BRDA:338,29,0,0
BRDA:338,29,1,0
BRDA:341,30,0,0
BRDA:341,30,1,0
BRDA:345,31,0,0
BRDA:345,31,1,0
BRDA:358,32,0,0
BRDA:358,32,1,0
BRDA:361,33,0,0
BRDA:361,33,1,0
BRDA:363,34,0,0
BRDA:363,34,1,0
BRDA:370,35,0,0
BRDA:370,35,1,0
BRDA:377,36,0,0
BRDA:377,36,1,0
BRDA:380,37,0,0
BRDA:380,37,1,0
BRDA:386,38,0,0
BRDA:386,38,1,0
BRDA:393,39,0,0
BRDA:393,39,1,0
BRDA:404,40,0,0
BRDA:404,40,1,0
BRDA:435,41,0,0
BRDA:435,41,1,0
BRDA:442,42,0,0
BRDA:442,42,1,0
BRDA:454,43,0,0
BRDA:454,43,1,0
BRDA:454,43,2,0
BRDA:461,44,0,0
BRDA:461,44,1,0
BRDA:470,45,0,0
BRDA:470,45,1,0
BRDA:470,45,2,0
BRF:99
BRH:0
end_of_record
TN:
SF:screens/inventory/InventoryFormScreen.tsx
FN:64,(anonymous_0)
FN:100,(anonymous_1)
FN:111,(anonymous_2)
FN:138,(anonymous_3)
FN:143,(anonymous_4)
FN:159,(anonymous_5)
FN:164,(anonymous_6)
FN:170,(anonymous_7)
FN:209,(anonymous_8)
FN:246,(anonymous_9)
FN:250,(anonymous_10)
FN:253,(anonymous_11)
FN:281,(anonymous_12)
FN:285,(anonymous_13)
FN:295,(anonymous_14)
FN:298,(anonymous_15)
FN:300,(anonymous_16)
FN:313,(anonymous_17)
FN:321,(anonymous_18)
FN:326,(anonymous_19)
FN:346,(anonymous_20)
FN:349,(anonymous_21)
FN:350,(anonymous_22)
FN:354,(anonymous_23)
FN:373,(anonymous_24)
FN:378,(anonymous_25)
FN:396,(anonymous_26)
FN:400,(anonymous_27)
FN:413,(anonymous_28)
FN:427,(anonymous_29)
FN:433,(anonymous_30)
FN:472,(anonymous_31)
FN:485,(anonymous_32)
FN:501,(anonymous_33)
FN:525,(anonymous_34)
FN:538,(anonymous_35)
FN:549,(anonymous_36)
FN:568,(anonymous_37)
FN:577,(anonymous_38)
FN:577,(anonymous_39)
FN:593,(anonymous_40)
FN:594,(anonymous_41)
FN:613,(anonymous_42)
FN:614,(anonymous_43)
FN:628,(anonymous_44)
FN:629,(anonymous_45)
FN:640,(anonymous_46)
FN:641,(anonymous_47)
FN:651,(anonymous_48)
FN:660,(anonymous_49)
FN:662,(anonymous_50)
FN:680,(anonymous_51)
FN:682,(anonymous_52)
FN:701,(anonymous_53)
FN:706,(anonymous_54)
FN:725,(anonymous_55)
FN:734,(anonymous_56)
FN:737,(anonymous_57)
FN:748,(anonymous_58)
FN:771,(anonymous_59)
FN:772,(anonymous_60)
FNF:61
FNH:0
FNDA:0,(anonymous_0)
FNDA:0,(anonymous_1)
FNDA:0,(anonymous_2)
FNDA:0,(anonymous_3)
FNDA:0,(anonymous_4)
FNDA:0,(anonymous_5)
FNDA:0,(anonymous_6)
FNDA:0,(anonymous_7)
FNDA:0,(anonymous_8)
FNDA:0,(anonymous_9)
FNDA:0,(anonymous_10)
FNDA:0,(anonymous_11)
FNDA:0,(anonymous_12)
FNDA:0,(anonymous_13)
FNDA:0,(anonymous_14)
FNDA:0,(anonymous_15)
FNDA:0,(anonymous_16)
FNDA:0,(anonymous_17)
FNDA:0,(anonymous_18)
FNDA:0,(anonymous_19)
FNDA:0,(anonymous_20)
FNDA:0,(anonymous_21)
FNDA:0,(anonymous_22)
FNDA:0,(anonymous_23)
FNDA:0,(anonymous_24)
FNDA:0,(anonymous_25)
FNDA:0,(anonymous_26)
FNDA:0,(anonymous_27)
FNDA:0,(anonymous_28)
FNDA:0,(anonymous_29)
FNDA:0,(anonymous_30)
FNDA:0,(anonymous_31)
FNDA:0,(anonymous_32)
FNDA:0,(anonymous_33)
FNDA:0,(anonymous_34)
FNDA:0,(anonymous_35)
FNDA:0,(anonymous_36)
FNDA:0,(anonymous_37)
FNDA:0,(anonymous_38)
FNDA:0,(anonymous_39)
FNDA:0,(anonymous_40)
FNDA:0,(anonymous_41)
FNDA:0,(anonymous_42)
FNDA:0,(anonymous_43)
FNDA:0,(anonymous_44)
FNDA:0,(anonymous_45)
FNDA:0,(anonymous_46)
FNDA:0,(anonymous_47)
FNDA:0,(anonymous_48)
FNDA:0,(anonymous_49)
FNDA:0,(anonymous_50)
FNDA:0,(anonymous_51)
FNDA:0,(anonymous_52)
FNDA:0,(anonymous_53)
FNDA:0,(anonymous_54)
FNDA:0,(anonymous_55)
FNDA:0,(anonymous_56)
FNDA:0,(anonymous_57)
FNDA:0,(anonymous_58)
FNDA:0,(anonymous_59)
FNDA:0,(anonymous_60)
DA:64,0
DA:68,0
DA:69,0
DA:72,0
DA:74,0
DA:87,0
DA:88,0
DA:89,0
DA:90,0
DA:91,0
DA:92,0
DA:93,0
DA:96,0
DA:97,0
DA:100,0
DA:104,0
DA:105,0
DA:111,0
DA:117,0
DA:120,0
DA:123,0
DA:124,0
DA:125,0
DA:129,0
DA:130,0
DA:134,0
DA:135,0
DA:138,0
DA:139,0
DA:140,0
DA:141,0
DA:142,0
DA:143,0
DA:147,0
DA:150,0
DA:151,0
DA:154,0
DA:155,0
DA:159,0
DA:160,0
DA:164,0
DA:166,0
DA:167,0
DA:170,0
DA:171,0
DA:173,0
DA:174,0
DA:175,0
DA:181,0
DA:184,0
DA:185,0
DA:198,0
DA:199,0
DA:200,0
DA:203,0
DA:204,0
DA:209,0
DA:210,0
DA:212,0
DA:213,0
DA:216,0
DA:217,0
DA:218,0
DA:219,0
DA:222,0
DA:223,0
DA:226,0
DA:227,0
DA:230,0
DA:231,0
DA:234,0
DA:235,0
DA:238,0
DA:239,0
DA:242,0
DA:243,0
DA:246,0
DA:247,0
DA:248,0
DA:249,0
DA:250,0
DA:253,0
DA:254,0
DA:256,0
DA:257,0
DA:259,0
DA:260,0
DA:264,0
DA:265,0
DA:266,0
DA:267,0
DA:268,0
DA:272,0
DA:277,0
DA:281,0
DA:285,0
DA:289,0
DA:291,0
DA:295,0
DA:297,0
DA:299,0
DA:300,0
DA:301,0
DA:302,0
DA:307,0
DA:313,0
DA:314,0
DA:322,0
DA:324,0
DA:325,0
DA:326,0
DA:327,0
DA:328,0
DA:333,0
DA:346,0
DA:347,0
DA:349,0
DA:350,0
DA:354,0
DA:355,0
DA:356,0
DA:358,0
DA:369,0
DA:370,0
DA:372,0
DA:373,0
DA:374,0
DA:375,0
DA:377,0
DA:378,0
DA:379,0
DA:385,0
DA:388,0
DA:389,0
DA:391,0
DA:396,0
DA:397,0
DA:398,0
DA:399,0
DA:400,0
DA:401,0
DA:402,0
DA:409,0
DA:413,0
DA:415,0
DA:416,0
DA:424,0
DA:425,0
DA:427,0
DA:429,0
DA:433,0
DA:434,0
DA:435,0
DA:439,0
DA:442,0
DA:443,0
DA:444,0
DA:447,0
DA:448,0
DA:456,0
DA:459,0
DA:460,0
DA:462,0
DA:463,0
DA:469,0
DA:471,0
DA:472,0
DA:475,0
DA:482,0
DA:484,0
DA:485,0
DA:489,0
DA:491,0
DA:492,0
DA:494,0
DA:497,0
DA:501,0
DA:503,0
DA:504,0
DA:513,0
DA:514,0
DA:518,0
DA:520,0
DA:521,0
DA:525,0
DA:526,0
DA:528,0
DA:538,0
DA:539,0
DA:541,0
DA:549,0
DA:550,0
DA:568,0
DA:569,0
DA:577,0
DA:594,0
DA:614,0
DA:629,0
DA:641,0
DA:651,0
DA:652,0
DA:661,0
DA:662,0
DA:681,0
DA:682,0
DA:702,0
DA:705,0
DA:706,0
DA:707,0
DA:711,0
DA:714,0
DA:717,0
DA:718,0
DA:719,0
DA:723,0
DA:725,0
DA:726,0
DA:730,0
DA:732,0
DA:733,0
DA:734,0
DA:736,0
DA:737,0
DA:742,0
DA:746,0
DA:747,0
DA:748,0
DA:772,0
DA:780,0
DA:781,0
DA:791,0
DA:846,0
LF:232
LH:0
BRDA:68,0,0,0
BRDA:68,1,0,0
BRDA:68,1,1,0
BRDA:96,2,0,0
BRDA:96,2,1,0
BRDA:102,3,0,0
BRDA:105,4,0,0
BRDA:105,4,1,0
BRDA:107,5,0,0
BRDA:107,5,1,0
BRDA:113,6,0,0
BRDA:124,7,0,0
BRDA:124,7,1,0
BRDA:129,8,0,0
BRDA:129,8,1,0
BRDA:129,9,0,0
BRDA:129,9,1,0
BRDA:135,10,0,0
BRDA:135,10,1,0
BRDA:140,11,0,0
BRDA:140,11,1,0
BRDA:140,12,0,0
BRDA:140,12,1,0
BRDA:142,13,0,0
BRDA:142,13,1,0
BRDA:150,14,0,0
BRDA:150,14,1,0
BRDA:171,15,0,0
BRDA:171,15,1,0
BRDA:181,16,0,0
BRDA:181,16,1,0
BRDA:184,17,0,0
BRDA:184,17,1,0
BRDA:186,18,0,0
BRDA:186,18,1,0
BRDA:187,19,0,0
BRDA:187,19,1,0
BRDA:188,20,0,0
BRDA:188,20,1,0
BRDA:189,21,0,0
BRDA:189,21,1,0
BRDA:190,22,0,0
BRDA:190,22,1,0
BRDA:191,23,0,0
BRDA:191,23,1,0
BRDA:192,24,0,0
BRDA:192,24,1,0
BRDA:193,25,0,0
BRDA:193,25,1,0
BRDA:194,26,0,0
BRDA:194,26,1,0
BRDA:199,27,0,0
BRDA:199,27,1,0
BRDA:203,28,0,0
BRDA:203,28,1,0
BRDA:212,29,0,0
BRDA:212,29,1,0
BRDA:216,30,0,0
BRDA:216,30,1,0
BRDA:218,31,0,0
BRDA:218,31,1,0
BRDA:222,32,0,0
BRDA:222,32,1,0
BRDA:226,33,0,0
BRDA:226,33,1,0
BRDA:230,34,0,0
BRDA:230,34,1,0
BRDA:230,35,0,0
BRDA:230,35,1,0
BRDA:234,36,0,0
BRDA:234,36,1,0
BRDA:234,37,0,0
BRDA:234,37,1,0
BRDA:238,38,0,0
BRDA:238,38,1,0
BRDA:238,39,0,0
BRDA:238,39,1,0
BRDA:257,40,0,0
BRDA:257,40,1,0
BRDA:265,41,0,0
BRDA:265,41,1,0
BRDA:267,42,0,0
BRDA:267,42,1,0
BRDA:299,43,0,0
BRDA:299,43,1,0
BRDA:299,44,0,0
BRDA:299,44,1,0
BRDA:307,45,0,0
BRDA:307,45,1,0
BRDA:322,46,0,0
BRDA:322,46,1,0
BRDA:322,47,0,0
BRDA:322,47,1,0
BRDA:325,48,0,0
BRDA:325,48,1,0
BRDA:335,49,0,0
BRDA:335,49,1,0
BRDA:369,50,0,0
BRDA:369,50,1,0
BRDA:370,51,0,0
BRDA:370,51,1,0
BRDA:375,52,0,0
BRDA:375,52,1,0
BRDA:385,53,0,0
BRDA:385,53,1,0
BRDA:399,54,0,0
BRDA:399,54,1,0
BRDA:401,55,0,0
BRDA:401,55,1,0
BRDA:434,56,0,0
BRDA:434,56,1,0
BRDA:442,57,0,0
BRDA:442,57,1,0
BRDA:447,58,0,0
BRDA:447,58,1,0
BRDA:462,59,0,0
BRDA:462,59,1,0
BRDA:469,60,0,0
BRDA:469,60,1,0
BRDA:482,61,0,0
BRDA:482,61,1,0
BRDA:491,62,0,0
BRDA:491,62,1,0
BRDA:494,63,0,0
BRDA:494,63,1,0
BRDA:506,64,0,0
BRDA:506,64,1,0
BRDA:526,65,0,0
BRDA:526,65,1,0
BRDA:539,66,0,0
BRDA:539,66,1,0
BRDA:556,67,0,0
BRDA:556,67,1,0
BRDA:575,68,0,0
BRDA:575,68,1,0
BRDA:580,69,0,0
BRDA:580,69,1,0
BRDA:591,70,0,0
BRDA:591,70,1,0
BRDA:599,71,0,0
BRDA:599,71,1,0
BRDA:618,72,0,0
BRDA:618,72,1,0
BRDA:658,73,0,0
BRDA:658,73,1,0
BRDA:667,74,0,0
BRDA:667,74,1,0
BRDA:677,75,0,0
BRDA:677,75,1,0
BRDA:687,76,0,0
BRDA:687,76,1,0
BRDA:695,77,0,0
BRDA:695,77,1,0
BRDA:697,78,0,0
BRDA:697,78,1,0
BRDA:699,79,0,0
BRDA:699,79,1,0
BRDA:705,80,0,0
BRDA:705,80,1,0
BRDA:705,81,0,0
BRDA:705,81,1,0
BRDA:718,82,0,0
BRDA:718,82,1,0
BRDA:723,83,0,0
BRDA:723,83,1,0
BRDA:730,84,0,0
BRDA:730,84,1,0
BRDA:733,85,0,0
BRDA:733,85,1,0
BRDA:739,86,0,0
BRDA:739,86,1,0
BRDA:750,87,0,0
BRDA:750,87,1,0
BRDA:758,88,0,0
BRDA:758,88,1,0
BRDA:762,89,0,0
BRDA:762,89,1,0
BRDA:780,90,0,0
BRDA:780,90,1,0
BRDA:802,91,0,0
BRDA:802,91,1,0
BRDA:805,92,0,0
BRDA:805,92,1,0
BRDA:829,93,0,0
BRDA:829,93,1,0
BRDA:835,94,0,0
BRDA:835,94,1,0
BRF:187
BRH:0
end_of_record
TN:
SF:screens/inventory/InventoryListScreen.tsx
FN:37,(anonymous_0)
FN:61,(anonymous_1)
FN:66,(anonymous_2)
FN:92,(anonymous_3)
FN:97,(anonymous_4)
FN:112,(anonymous_5)
FN:118,(anonymous_6)
FN:122,(anonymous_7)
FN:127,(anonymous_8)
FN:137,(anonymous_9)
FN:143,(anonymous_10)
FN:152,(anonymous_11)
FN:156,(anonymous_12)
FN:161,(anonymous_13)
FN:168,(anonymous_14)
FN:175,(anonymous_15)
FN:181,(anonymous_16)
FN:185,(anonymous_17)
FN:186,(anonymous_18)
FN:189,(anonymous_19)
FN:196,(anonymous_20)
FN:199,(anonymous_21)
FN:200,(anonymous_22)
FN:201,(anonymous_23)
FN:209,(anonymous_24)
FN:217,(anonymous_25)
FN:230,(anonymous_26)
FN:249,(anonymous_27)
FN:287,(anonymous_28)
FN:303,(anonymous_29)
FNF:30
FNH:0
FNDA:0,(anonymous_0)
FNDA:0,(anonymous_1)
FNDA:0,(anonymous_2)
FNDA:0,(anonymous_3)
FNDA:0,(anonymous_4)
FNDA:0,(anonymous_5)
FNDA:0,(anonymous_6)
FNDA:0,(anonymous_7)
FNDA:0,(anonymous_8)
FNDA:0,(anonymous_9)
FNDA:0,(anonymous_10)
FNDA:0,(anonymous_11)
FNDA:0,(anonymous_12)
FNDA:0,(anonymous_13)
FNDA:0,(anonymous_14)
FNDA:0,(anonymous_15)
FNDA:0,(anonymous_16)
FNDA:0,(anonymous_17)
FNDA:0,(anonymous_18)
FNDA:0,(anonymous_19)
FNDA:0,(anonymous_20)
FNDA:0,(anonymous_21)
FNDA:0,(anonymous_22)
FNDA:0,(anonymous_23)
FNDA:0,(anonymous_24)
FNDA:0,(anonymous_25)
FNDA:0,(anonymous_26)
FNDA:0,(anonymous_27)
FNDA:0,(anonymous_28)
FNDA:0,(anonymous_29)
DA:31,0
DA:32,0
DA:33,0
DA:34,0
DA:35,0
DA:37,0
DA:40,0
DA:41,0
DA:42,0
DA:43,0
DA:44,0
DA:45,0
DA:46,0
DA:47,0
DA:48,0
DA:50,0
DA:58,0
DA:60,0
DA:61,0
DA:65,0
DA:67,0
DA:68,0
DA:69,0
DA:72,0
DA:74,0
DA:75,0
DA:76,0
DA:78,0
DA:79,0
DA:81,0
DA:87,0
DA:89,0
DA:90,0
DA:92,0
DA:95,0
DA:96,0
DA:97,0
DA:100,0
DA:102,0
DA:103,0
DA:104,0
DA:106,0
DA:112,0
DA:113,0
DA:114,0
DA:115,0
DA:118,0
DA:119,0
DA:122,0
DA:123,0
DA:124,0
DA:125,0
DA:126,0
DA:128,0
DA:134,0
DA:136,0
DA:138,0
DA:141,0
DA:143,0
DA:144,0
DA:146,0
DA:148,0
DA:151,0
DA:152,0
DA:156,0
DA:157,0
DA:160,0
DA:162,0
DA:167,0
DA:169,0
DA:174,0
DA:176,0
DA:181,0
DA:182,0
DA:185,0
DA:186,0
DA:189,0
DA:190,0
DA:191,0
DA:195,0
DA:197,0
DA:199,0
DA:200,0
DA:201,0
DA:208,0
DA:210,0
DA:217,0
DA:229,0
DA:231,0
DA:249,0
DA:250,0
DA:251,0
DA:259,0
DA:260,0
DA:268,0
DA:287,0
DA:304,0
DA:320,0
LF:98
LH:0
BRDA:61,0,0,0
BRDA:61,0,1,0
BRDA:66,1,0,0
BRDA:67,2,0,0
BRDA:67,2,1,0
BRDA:72,3,0,0
BRDA:72,3,1,0
BRDA:72,4,0,0
BRDA:72,4,1,0
BRDA:79,5,0,0
BRDA:79,5,1,0
BRDA:87,6,0,0
BRDA:87,6,1,0
BRDA:89,7,0,0
BRDA:89,7,1,0
BRDA:90,8,0,0
BRDA:90,8,1,0
BRDA:92,9,0,0
BRDA:92,9,1,0
BRDA:95,10,0,0
BRDA:95,10,1,0
BRDA:96,11,0,0
BRDA:96,11,1,0
BRDA:124,12,0,0
BRDA:124,12,1,0
BRDA:128,13,0,0
BRDA:128,13,1,0
BRDA:128,13,2,0
BRDA:128,13,3,0
BRDA:134,14,0,0
BRDA:134,14,1,0
BRDA:134,14,2,0
BRDA:138,15,0,0
BRDA:138,15,1,0
BRDA:186,16,0,0
BRDA:186,16,1,0
BRDA:190,17,0,0
BRDA:190,17,1,0
BRDA:190,18,0,0
BRDA:190,18,1,0
BRDA:201,19,0,0
BRDA:201,19,1,0
BRDA:234,20,0,0
BRDA:234,20,1,0
BRDA:239,21,0,0
BRDA:239,21,1,0
BRDA:239,22,0,0
BRDA:239,22,1,0
BRDA:242,23,0,0
BRDA:242,23,1,0
BRDA:242,24,0,0
BRDA:242,24,1,0
BRDA:250,25,0,0
BRDA:250,25,1,0
BRDA:250,26,0,0
BRDA:250,26,1,0
BRDA:259,27,0,0
BRDA:259,27,1,0
BRDA:259,28,0,0
BRDA:259,28,1,0
BRF:60
BRH:0
end_of_record
TN:
SF:screens/reports/ReportDetailScreen.tsx
FN:27,(anonymous_0)
FN:34,(anonymous_1)
FN:38,(anonymous_2)
FN:68,(anonymous_3)
FN:79,(anonymous_4)
FN:89,(anonymous_5)
FN:103,(anonymous_6)
FN:119,(anonymous_7)
FN:123,(anonymous_8)
FN:127,(anonymous_9)
FN:149,(anonymous_10)
FN:156,(anonymous_11)
FN:179,(anonymous_12)
FN:189,(anonymous_13)
FN:192,(anonymous_14)
FN:217,(anonymous_15)
FN:237,(anonymous_16)
FN:280,(anonymous_17)
FN:293,(anonymous_18)
FNF:19
FNH:0
FNDA:0,(anonymous_0)
FNDA:0,(anonymous_1)
FNDA:0,(anonymous_2)
FNDA:0,(anonymous_3)
FNDA:0,(anonymous_4)
FNDA:0,(anonymous_5)
FNDA:0,(anonymous_6)
FNDA:0,(anonymous_7)
FNDA:0,(anonymous_8)
FNDA:0,(anonymous_9)
FNDA:0,(anonymous_10)
FNDA:0,(anonymous_11)
FNDA:0,(anonymous_12)
FNDA:0,(anonymous_13)
FNDA:0,(anonymous_14)
FNDA:0,(anonymous_15)
FNDA:0,(anonymous_16)
FNDA:0,(anonymous_17)
FNDA:0,(anonymous_18)
DA:27,0
DA:28,0
DA:29,0
DA:30,0
DA:31,0
DA:32,0
DA:34,0
DA:35,0
DA:38,0
DA:39,0
DA:40,0
DA:42,0
DA:43,0
DA:45,0
DA:47,0
DA:48,0
DA:50,0
DA:51,0
DA:53,0
DA:54,0
DA:56,0
DA:59,0
DA:61,0
DA:62,0
DA:64,0
DA:68,0
DA:69,0
DA:75,0
DA:76,0
DA:79,0
DA:80,0
DA:85,0
DA:86,0
DA:89,0
DA:91,0
DA:94,0
DA:96,0
DA:101,0
DA:103,0
DA:104,0
DA:105,0
DA:107,0
DA:116,0
DA:119,0
DA:120,0
DA:123,0
DA:124,0
DA:127,0
DA:128,0
DA:129,0
DA:137,0
DA:149,0
DA:157,0
DA:179,0
DA:180,0
DA:181,0
DA:189,0
DA:190,0
DA:192,0
DA:193,0
DA:196,0
DA:218,0
DA:237,0
DA:238,0
DA:239,0
DA:247,0
DA:280,0
DA:281,0
DA:283,0
DA:285,0
DA:287,0
DA:289,0
DA:293,0
DA:294,0
DA:295,0
DA:303,0
DA:304,0
DA:315,0
DA:317,0
DA:319,0
DA:321,0
DA:323,0
DA:331,0
DA:348,0
LF:84
LH:0
BRDA:45,0,0,0
BRDA:45,0,1,0
BRDA:45,0,2,0
BRDA:45,0,3,0
BRDA:62,1,0,0
BRDA:62,1,1,0
BRDA:75,2,0,0
BRDA:75,2,1,0
BRDA:85,3,0,0
BRDA:85,3,1,0
BRDA:94,4,0,0
BRDA:94,4,1,0
BRDA:101,5,0,0
BRDA:101,5,1,0
BRDA:103,6,0,0
BRDA:103,6,1,0
BRDA:103,7,0,0
BRDA:103,7,1,0
BRDA:104,8,0,0
BRDA:104,8,1,0
BRDA:105,9,0,0
BRDA:105,9,1,0
BRDA:128,10,0,0
BRDA:128,10,1,0
BRDA:128,11,0,0
BRDA:128,11,1,0
BRDA:149,12,0,0
BRDA:149,12,1,0
BRDA:157,13,0,0
BRDA:157,13,1,0
BRDA:159,14,0,0
BRDA:159,14,1,0
BRDA:165,15,0,0
BRDA:165,15,1,0
BRDA:168,16,0,0
BRDA:168,16,1,0
BRDA:180,17,0,0
BRDA:180,17,1,0
BRDA:180,18,0,0
BRDA:180,18,1,0
BRDA:218,19,0,0
BRDA:218,19,1,0
BRDA:238,20,0,0
BRDA:238,20,1,0
BRDA:255,21,0,0
BRDA:255,21,1,0
BRDA:260,22,0,0
BRDA:260,22,1,0
BRDA:267,23,0,0
BRDA:267,23,1,0
BRDA:272,24,0,0
BRDA:272,24,1,0
BRDA:281,25,0,0
BRDA:281,25,1,0
BRDA:281,25,2,0
BRDA:281,25,3,0
BRDA:294,26,0,0
BRDA:294,26,1,0
BRDA:303,27,0,0
BRDA:303,27,1,0
BRDA:315,28,0,0
BRDA:315,28,1,0
BRDA:315,28,2,0
BRDA:315,28,3,0
BRF:64
BRH:0
end_of_record
TN:
SF:screens/reports/ReportsDashboardScreen.tsx
FN:31,(anonymous_0)
FN:199,(anonymous_1)
FN:203,(anonymous_2)
FN:206,(anonymous_3)
FN:209,(anonymous_4)
FN:222,(anonymous_5)
FN:233,(anonymous_6)
FN:249,(anonymous_7)
FN:264,(anonymous_8)
FN:274,(anonymous_9)
FN:277,(anonymous_10)
FN:284,(anonymous_11)
FN:303,(anonymous_12)
FN:320,(anonymous_13)
FN:328,(anonymous_14)
FN:336,(anonymous_15)
FN:345,(anonymous_16)
FN:349,(anonymous_17)
FNF:18
FNH:0
FNDA:0,(anonymous_0)
FNDA:0,(anonymous_1)
FNDA:0,(anonymous_2)
FNDA:0,(anonymous_3)
FNDA:0,(anonymous_4)
FNDA:0,(anonymous_5)
FNDA:0,(anonymous_6)
FNDA:0,(anonymous_7)
FNDA:0,(anonymous_8)
FNDA:0,(anonymous_9)
FNDA:0,(anonymous_10)
FNDA:0,(anonymous_11)
FNDA:0,(anonymous_12)
FNDA:0,(anonymous_13)
FNDA:0,(anonymous_14)
FNDA:0,(anonymous_15)
FNDA:0,(anonymous_16)
FNDA:0,(anonymous_17)
DA:31,0
DA:32,0
DA:33,0
DA:34,0
DA:35,0
DA:37,0
DA:191,0
DA:199,0
DA:200,0
DA:203,0
DA:204,0
DA:206,0
DA:209,0
DA:210,0
DA:211,0
DA:212,0
DA:215,0
DA:222,0
DA:223,0
DA:224,0
DA:226,0
DA:231,0
DA:233,0
DA:234,0
DA:236,0
DA:242,0
DA:243,0
DA:245,0
DA:249,0
DA:250,0
DA:264,0
DA:274,0
DA:275,0
DA:278,0
DA:284,0
DA:303,0
DA:304,0
DA:320,0
DA:328,0
DA:336,0
DA:345,0
DA:346,0
DA:349,0
DA:374,0
DA:413,0
LF:45
LH:0
BRDA:200,0,0,0
BRDA:200,0,1,0
BRDA:210,1,0,0
BRDA:210,1,1,0
BRDA:231,2,0,0
BRDA:231,2,1,0
BRDA:233,3,0,0
BRDA:233,3,1,0
BRDA:233,4,0,0
BRDA:233,4,1,0
BRDA:234,5,0,0
BRDA:234,5,1,0
BRDA:253,6,0,0
BRDA:253,6,1,0
BRDA:282,7,0,0
BRDA:282,7,1,0
BRDA:289,8,0,0
BRDA:289,8,1,0
BRDA:293,9,0,0
BRDA:293,9,1,0
BRDA:314,10,0,0
BRDA:314,10,1,0
BRDA:363,11,0,0
BRDA:363,11,1,0
BRDA:366,12,0,0
BRDA:366,12,1,0
BRF:26
BRH:0
end_of_record
TN:
SF:screens/sales/CustomerManagementScreen.tsx
FN:34,(anonymous_0)
FN:47,(anonymous_1)
FN:51,(anonymous_2)
FN:55,(anonymous_3)
FN:64,(anonymous_4)
FN:117,(anonymous_5)
FN:146,(anonymous_6)
FN:147,(anonymous_7)
FN:171,(anonymous_8)
FN:177,(anonymous_9)
FN:185,(anonymous_10)
FN:191,(anonymous_11)
FN:210,(anonymous_12)
FN:220,(anonymous_13)
FN:223,(anonymous_14)
FN:246,(anonymous_15)
FN:256,(anonymous_16)
FN:266,(anonymous_17)
FN:271,(anonymous_18)
FN:278,(anonymous_19)
FN:290,(anonymous_20)
FN:290,(anonymous_21)
FN:296,(anonymous_22)
FN:296,(anonymous_23)
FN:303,(anonymous_24)
FN:303,(anonymous_25)
FN:311,(anonymous_26)
FN:358,(anonymous_27)
FN:368,(anonymous_28)
FNF:29
FNH:0
FNDA:0,(anonymous_0)
FNDA:0,(anonymous_1)
FNDA:0,(anonymous_2)
FNDA:0,(anonymous_3)
FNDA:0,(anonymous_4)
FNDA:0,(anonymous_5)
FNDA:0,(anonymous_6)
FNDA:0,(anonymous_7)
FNDA:0,(anonymous_8)
FNDA:0,(anonymous_9)
FNDA:0,(anonymous_10)
FNDA:0,(anonymous_11)
FNDA:0,(anonymous_12)
FNDA:0,(anonymous_13)
FNDA:0,(anonymous_14)
FNDA:0,(anonymous_15)
FNDA:0,(anonymous_16)
FNDA:0,(anonymous_17)
FNDA:0,(anonymous_18)
FNDA:0,(anonymous_19)
FNDA:0,(anonymous_20)
FNDA:0,(anonymous_21)
FNDA:0,(anonymous_22)
FNDA:0,(anonymous_23)
FNDA:0,(anonymous_24)
FNDA:0,(anonymous_25)
FNDA:0,(anonymous_26)
FNDA:0,(anonymous_27)
FNDA:0,(anonymous_28)
DA:34,0
DA:35,0
DA:36,0
DA:37,0
DA:38,0
DA:39,0
DA:40,0
DA:41,0
DA:47,0
DA:48,0
DA:51,0
DA:52,0
DA:55,0
DA:56,0
DA:57,0
DA:59,0
DA:62,0
DA:64,0
DA:75,0
DA:76,0
DA:80,0
DA:85,0
DA:86,0
DA:88,0
DA:110,0
DA:111,0
DA:115,0
DA:117,0
DA:119,0
DA:120,0
DA:121,0
DA:123,0
DA:124,0
DA:136,0
DA:137,0
DA:138,0
DA:140,0
DA:141,0
DA:145,0
DA:146,0
DA:147,0
DA:149,0
DA:151,0
DA:153,0
DA:165,0
DA:167,0
DA:171,0
DA:172,0
DA:173,0
DA:174,0
DA:177,0
DA:178,0
DA:182,0
DA:185,0
DA:186,0
DA:187,0
DA:188,0
DA:191,0
DA:192,0
DA:193,0
DA:194,0
DA:197,0
DA:199,0
DA:210,0
DA:211,0
DA:212,0
DA:213,0
DA:215,0
DA:216,0
DA:220,0
DA:221,0
DA:223,0
DA:246,0
DA:247,0
DA:256,0
DA:266,0
DA:267,0
DA:271,0
DA:278,0
DA:290,0
DA:296,0
DA:303,0
DA:311,0
DA:329,0
DA:330,0
DA:341,0
DA:358,0
DA:368,0
DA:390,0
LF:89
LH:0
BRDA:62,0,0,0
BRDA:62,0,1,0
BRDA:62,1,0,0
BRDA:62,1,1,0
BRDA:65,2,0,0
BRDA:65,2,1,0
BRDA:67,3,0,0
BRDA:67,3,1,0
BRDA:68,4,0,0
BRDA:68,4,1,0
BRDA:69,5,0,0
BRDA:69,5,1,0
BRDA:70,6,0,0
BRDA:70,6,1,0
BRDA:85,7,0,0
BRDA:85,7,1,0
BRDA:119,8,0,0
BRDA:119,8,1,0
BRDA:120,9,0,0
BRDA:120,9,1,0
BRDA:121,10,0,0
BRDA:121,10,1,0
BRDA:123,11,0,0
BRDA:123,11,1,0
BRDA:137,12,0,0
BRDA:137,12,1,0
BRDA:140,13,0,0
BRDA:140,13,1,0
BRDA:172,14,0,0
BRDA:172,14,1,0
BRDA:178,15,0,0
BRDA:178,15,1,0
BRDA:178,15,2,0
BRDA:192,16,0,0
BRDA:192,16,1,0
BRDA:228,17,0,0
BRDA:228,17,1,0
BRDA:229,18,0,0
BRDA:229,18,1,0
BRDA:251,19,0,0
BRDA:251,19,1,0
BRDA:329,20,0,0
BRDA:329,20,1,0
BRDA:379,21,0,0
BRDA:379,21,1,0
BRF:45
BRH:0
end_of_record
TN:
SF:screens/sales/SalesAnalyticsScreen.tsx
FN:34,(anonymous_0)
FN:47,(anonymous_1)
FN:51,(anonymous_2)
FN:68,(anonymous_3)
FN:75,(anonymous_4)
FN:77,(anonymous_5)
FN:91,(anonymous_6)
FN:96,(anonymous_7)
FN:115,(anonymous_8)
FN:131,(anonymous_9)
FN:137,(anonymous_10)
FN:148,(anonymous_11)
FN:151,(anonymous_12)
FN:159,(anonymous_13)
FN:174,(anonymous_14)
FN:275,(anonymous_15)
FN:283,(anonymous_16)
FN:291,(anonymous_17)
FN:299,(anonymous_18)
FNF:19
FNH:0
FNDA:0,(anonymous_0)
FNDA:0,(anonymous_1)
FNDA:0,(anonymous_2)
FNDA:0,(anonymous_3)
FNDA:0,(anonymous_4)
FNDA:0,(anonymous_5)
FNDA:0,(anonymous_6)
FNDA:0,(anonymous_7)
FNDA:0,(anonymous_8)
FNDA:0,(anonymous_9)
FNDA:0,(anonymous_10)
FNDA:0,(anonymous_11)
FNDA:0,(anonymous_12)
FNDA:0,(anonymous_13)
FNDA:0,(anonymous_14)
FNDA:0,(anonymous_15)
FNDA:0,(anonymous_16)
FNDA:0,(anonymous_17)
FNDA:0,(anonymous_18)
DA:34,0
DA:35,0
DA:42,0
DA:43,0
DA:44,0
DA:45,0
DA:47,0
DA:48,0
DA:51,0
DA:52,0
DA:53,0
DA:54,0
DA:57,0
DA:63,0
DA:65,0
DA:68,0
DA:69,0
DA:70,0
DA:73,0
DA:75,0
DA:76,0
DA:77,0
DA:78,0
DA:83,0
DA:84,0
DA:85,0
DA:90,0
DA:91,0
DA:94,0
DA:95,0
DA:96,0
DA:97,0
DA:100,0
DA:108,0
DA:109,0
DA:111,0
DA:115,0
DA:116,0
DA:117,0
DA:119,0
DA:121,0
DA:122,0
DA:123,0
DA:125,0
DA:126,0
DA:127,0
DA:131,0
DA:132,0
DA:133,0
DA:134,0
DA:137,0
DA:138,0
DA:148,0
DA:149,0
DA:151,0
DA:159,0
DA:160,0
DA:174,0
DA:184,0
DA:185,0
DA:196,0
DA:275,0
DA:283,0
DA:291,0
DA:299,0
DA:311,0
LF:66
LH:0
BRDA:63,0,0,0
BRDA:63,0,1,0
BRDA:65,1,0,0
BRDA:65,1,1,0
BRDA:68,2,0,0
BRDA:68,2,1,0
BRDA:70,3,0,0
BRDA:70,3,1,0
BRDA:76,4,0,0
BRDA:76,4,1,0
BRDA:76,5,0,0
BRDA:76,5,1,0
BRDA:78,6,0,0
BRDA:78,6,1,0
BRDA:79,7,0,0
BRDA:79,7,1,0
BRDA:83,8,0,0
BRDA:83,8,1,0
BRDA:84,9,0,0
BRDA:84,9,1,0
BRDA:84,10,0,0
BRDA:84,10,1,0
BRDA:90,11,0,0
BRDA:90,11,1,0
BRDA:117,12,0,0
BRDA:117,12,1,0
BRDA:117,12,2,0
BRDA:138,13,0,0
BRDA:138,13,1,0
BRDA:140,14,0,0
BRDA:140,14,1,0
BRDA:140,15,0,0
BRDA:140,15,1,0
BRDA:143,16,0,0
BRDA:143,16,1,0
BRDA:144,17,0,0
BRDA:144,17,1,0
BRDA:150,18,0,0
BRDA:150,18,1,0
BRDA:153,19,0,0
BRDA:153,19,1,0
BRDA:163,20,0,0
BRDA:163,20,1,0
BRDA:169,21,0,0
BRDA:169,21,1,0
BRDA:169,22,0,0
BRDA:169,22,1,0
BRDA:184,23,0,0
BRDA:184,23,1,0
BRDA:249,24,0,0
BRDA:249,24,1,0
BRF:51
BRH:0
end_of_record
TN:
SF:screens/sales/SalesForecastingScreen.tsx
FN:33,(anonymous_0)
FN:41,(anonymous_1)
FN:45,(anonymous_2)
FN:82,(anonymous_3)
FN:90,(anonymous_4)
FN:120,(anonymous_5)
FN:137,(anonymous_6)
FN:142,(anonymous_7)
FN:148,(anonymous_8)
FN:156,(anonymous_9)
FN:164,(anonymous_10)
FN:168,(anonymous_11)
FN:183,(anonymous_12)
FN:193,(anonymous_13)
FN:201,(anonymous_14)
FN:208,(anonymous_15)
FN:222,(anonymous_16)
FN:231,(anonymous_17)
FN:238,(anonymous_18)
FN:252,(anonymous_19)
FN:270,(anonymous_20)
FN:317,(anonymous_21)
FN:330,(anonymous_22)
FN:331,(anonymous_23)
FN:332,(anonymous_24)
FN:333,(anonymous_25)
FN:334,(anonymous_26)
FN:410,(anonymous_27)
FN:418,(anonymous_28)
FN:426,(anonymous_29)
FN:434,(anonymous_30)
FNF:31
FNH:0
FNDA:0,(anonymous_0)
FNDA:0,(anonymous_1)
FNDA:0,(anonymous_2)
FNDA:0,(anonymous_3)
FNDA:0,(anonymous_4)
FNDA:0,(anonymous_5)
FNDA:0,(anonymous_6)
FNDA:0,(anonymous_7)
FNDA:0,(anonymous_8)
FNDA:0,(anonymous_9)
FNDA:0,(anonymous_10)
FNDA:0,(anonymous_11)
FNDA:0,(anonymous_12)
FNDA:0,(anonymous_13)
FNDA:0,(anonymous_14)
FNDA:0,(anonymous_15)
FNDA:0,(anonymous_16)
FNDA:0,(anonymous_17)
FNDA:0,(anonymous_18)
FNDA:0,(anonymous_19)
FNDA:0,(anonymous_20)
FNDA:0,(anonymous_21)
FNDA:0,(anonymous_22)
FNDA:0,(anonymous_23)
FNDA:0,(anonymous_24)
FNDA:0,(anonymous_25)
FNDA:0,(anonymous_26)
FNDA:0,(anonymous_27)
FNDA:0,(anonymous_28)
FNDA:0,(anonymous_29)
FNDA:0,(anonymous_30)
DA:33,0
DA:34,0
DA:35,0
DA:36,0
DA:37,0
DA:38,0
DA:39,0
DA:41,0
DA:42,0
DA:45,0
DA:46,0
DA:47,0
DA:49,0
DA:54,0
DA:57,0
DA:58,0
DA:60,0
DA:66,0
DA:68,0
DA:69,0
DA:72,0
DA:75,0
DA:76,0
DA:77,0
DA:81,0
DA:82,0
DA:83,0
DA:90,0
DA:91,0
DA:92,0
DA:96,0
DA:100,0
DA:101,0
DA:103,0
DA:104,0
DA:105,0
DA:107,0
DA:120,0
DA:121,0
DA:122,0
DA:123,0
DA:125,0
DA:128,0
DA:130,0
DA:131,0
DA:133,0
DA:137,0
DA:138,0
DA:139,0
DA:142,0
DA:143,0
DA:144,0
DA:145,0
DA:148,0
DA:149,0
DA:150,0
DA:151,0
DA:152,0
DA:156,0
DA:157,0
DA:158,0
DA:159,0
DA:160,0
DA:164,0
DA:165,0
DA:168,0
DA:169,0
DA:183,0
DA:193,0
DA:194,0
DA:202,0
DA:208,0
DA:222,0
DA:223,0
DA:232,0
DA:238,0
DA:252,0
DA:253,0
DA:270,0
DA:317,0
DA:330,0
DA:331,0
DA:332,0
DA:333,0
DA:334,0
DA:336,0
DA:361,0
DA:362,0
DA:373,0
DA:410,0
DA:418,0
DA:426,0
DA:434,0
DA:446,0
LF:94
LH:0
BRDA:54,0,0,0
BRDA:54,0,1,0
BRDA:66,1,0,0
BRDA:66,1,1,0
BRDA:68,2,0,0
BRDA:68,2,1,0
BRDA:69,3,0,0
BRDA:69,3,1,0
BRDA:75,4,0,0
BRDA:75,4,1,0
BRDA:82,5,0,0
BRDA:82,5,1,0
BRDA:84,6,0,0
BRDA:84,6,1,0
BRDA:85,7,0,0
BRDA:85,7,1,0
BRDA:91,8,0,0
BRDA:91,8,1,0
BRDA:92,9,0,0
BRDA:92,9,1,0
BRDA:96,10,0,0
BRDA:96,10,1,0
BRDA:97,11,0,0
BRDA:97,11,1,0
BRDA:101,12,0,0
BRDA:101,12,1,0
BRDA:104,13,0,0
BRDA:104,13,1,0
BRDA:105,14,0,0
BRDA:105,14,1,0
BRDA:110,15,0,0
BRDA:110,15,1,0
BRDA:122,16,0,0
BRDA:122,16,1,0
BRDA:138,17,0,0
BRDA:138,17,1,0
BRDA:138,18,0,0
BRDA:138,18,1,0
BRDA:149,19,0,0
BRDA:149,19,1,0
BRDA:149,19,2,0
BRDA:157,20,0,0
BRDA:157,20,1,0
BRDA:157,20,2,0
BRDA:165,21,0,0
BRDA:165,21,1,0
BRDA:172,22,0,0
BRDA:172,22,1,0
BRDA:206,23,0,0
BRDA:206,23,1,0
BRDA:212,24,0,0
BRDA:212,24,1,0
BRDA:236,25,0,0
BRDA:236,25,1,0
BRDA:242,26,0,0
BRDA:242,26,1,0
BRDA:290,27,0,0
BRDA:290,27,1,0
BRDA:292,28,0,0
BRDA:292,28,1,0
BRDA:306,29,0,0
BRDA:306,29,1,0
BRDA:314,30,0,0
BRDA:314,30,1,0
BRDA:361,31,0,0
BRDA:361,31,1,0
BRDA:392,32,0,0
BRDA:392,32,1,0
BRF:68
BRH:0
end_of_record
TN:
SF:screens/sales/SalesHistoryScreen.tsx
FN:25,(anonymous_0)
FN:36,(anonymous_1)
FN:40,(anonymous_2)
FN:44,(anonymous_3)
FN:77,(anonymous_4)
FN:87,(anonymous_5)
FN:92,(anonymous_6)
FN:99,(anonymous_7)
FN:104,(anonymous_8)
FN:108,(anonymous_9)
FN:114,(anonymous_10)
FN:120,(anonymous_11)
FN:144,(anonymous_12)
FN:155,(anonymous_13)
FN:166,(anonymous_14)
FN:166,(anonymous_15)
FN:172,(anonymous_16)
FN:185,(anonymous_17)
FN:198,(anonymous_18)
FN:201,(anonymous_19)
FN:234,(anonymous_20)
FN:241,(anonymous_21)
FN:247,(anonymous_22)
FN:275,(anonymous_23)
FN:302,(anonymous_24)
FNF:25
FNH:0
FNDA:0,(anonymous_0)
FNDA:0,(anonymous_1)
FNDA:0,(anonymous_2)
FNDA:0,(anonymous_3)
FNDA:0,(anonymous_4)
FNDA:0,(anonymous_5)
FNDA:0,(anonymous_6)
FNDA:0,(anonymous_7)
FNDA:0,(anonymous_8)
FNDA:0,(anonymous_9)
FNDA:0,(anonymous_10)
FNDA:0,(anonymous_11)
FNDA:0,(anonymous_12)
FNDA:0,(anonymous_13)
FNDA:0,(anonymous_14)
FNDA:0,(anonymous_15)
FNDA:0,(anonymous_16)
FNDA:0,(anonymous_17)
FNDA:0,(anonymous_18)
FNDA:0,(anonymous_19)
FNDA:0,(anonymous_20)
FNDA:0,(anonymous_21)
FNDA:0,(anonymous_22)
FNDA:0,(anonymous_23)
FNDA:0,(anonymous_24)
DA:25,0
DA:26,0
DA:27,0
DA:28,0
DA:29,0
DA:30,0
DA:34,0
DA:36,0
DA:37,0
DA:40,0
DA:41,0
DA:44,0
DA:45,0
DA:46,0
DA:48,0
DA:51,0
DA:52,0
DA:53,0
DA:60,0
DA:61,0
DA:63,0
DA:67,0
DA:68,0
DA:70,0
DA:71,0
DA:73,0
DA:77,0
DA:78,0
DA:79,0
DA:80,0
DA:82,0
DA:83,0
DA:87,0
DA:88,0
DA:91,0
DA:92,0
DA:93,0
DA:94,0
DA:99,0
DA:100,0
DA:104,0
DA:105,0
DA:107,0
DA:108,0
DA:111,0
DA:114,0
DA:115,0
DA:116,0
DA:117,0
DA:120,0
DA:121,0
DA:122,0
DA:123,0
DA:124,0
DA:126,0
DA:130,0
DA:131,0
DA:136,0
DA:139,0
DA:140,0
DA:144,0
DA:145,0
DA:155,0
DA:165,0
DA:166,0
DA:169,0
DA:172,0
DA:173,0
DA:175,0
DA:177,0
DA:179,0
DA:181,0
DA:185,0
DA:186,0
DA:188,0
DA:190,0
DA:192,0
DA:194,0
DA:198,0
DA:199,0
DA:203,0
DA:234,0
DA:241,0
DA:242,0
DA:247,0
DA:258,0
DA:259,0
DA:269,0
DA:275,0
DA:302,0
DA:328,0
LF:91
LH:0
BRDA:57,0,0,0
BRDA:57,0,1,0
BRDA:58,1,0,0
BRDA:58,1,1,0
BRDA:58,2,0,0
BRDA:58,2,1,0
BRDA:58,3,0,0
BRDA:58,3,1,0
BRDA:60,4,0,0
BRDA:60,4,1,0
BRDA:61,5,0,0
BRDA:61,5,1,0
BRDA:80,6,0,0
BRDA:80,6,1,0
BRDA:93,7,0,0
BRDA:93,7,1,0
BRDA:107,8,0,0
BRDA:107,8,1,0
BRDA:130,9,0,0
BRDA:130,9,1,0
BRDA:173,10,0,0
BRDA:173,10,1,0
BRDA:173,10,2,0
BRDA:173,10,3,0
BRDA:186,11,0,0
BRDA:186,11,1,0
BRDA:186,11,2,0
BRDA:186,11,3,0
BRDA:231,12,0,0
BRDA:231,12,1,0
BRDA:235,13,0,0
BRDA:235,13,1,0
BRDA:245,14,0,0
BRDA:245,14,1,0
BRDA:251,15,0,0
BRDA:251,15,1,0
BRDA:258,16,0,0
BRDA:258,16,1,0
BRDA:316,17,0,0
BRDA:316,17,1,0
BRF:40
BRH:0
end_of_record
TN:
SF:screens/sales/SalesScreen.tsx
FN:27,(anonymous_0)
FN:48,(anonymous_1)
FN:56,(anonymous_2)
FN:77,(anonymous_3)
FN:103,(anonymous_4)
FN:115,(anonymous_5)
FN:125,(anonymous_6)
FN:138,(anonymous_7)
FN:147,(anonymous_8)
FN:164,(anonymous_9)
FN:175,(anonymous_10)
FN:192,(anonymous_11)
FN:202,(anonymous_12)
FN:210,(anonymous_13)
FN:224,(anonymous_14)
FN:228,(anonymous_15)
FN:252,(anonymous_16)
FN:270,(anonymous_17)
FNF:18
FNH:0
FNDA:0,(anonymous_0)
FNDA:0,(anonymous_1)
FNDA:0,(anonymous_2)
FNDA:0,(anonymous_3)
FNDA:0,(anonymous_4)
FNDA:0,(anonymous_5)
FNDA:0,(anonymous_6)
FNDA:0,(anonymous_7)
FNDA:0,(anonymous_8)
FNDA:0,(anonymous_9)
FNDA:0,(anonymous_10)
FNDA:0,(anonymous_11)
FNDA:0,(anonymous_12)
FNDA:0,(anonymous_13)
FNDA:0,(anonymous_14)
FNDA:0,(anonymous_15)
FNDA:0,(anonymous_16)
FNDA:0,(anonymous_17)
DA:27,0
DA:39,0
DA:41,0
DA:42,0
DA:43,0
DA:45,0
DA:48,0
DA:49,0
DA:50,0
DA:52,0
DA:56,0
DA:57,0
DA:58,0
DA:59,0
DA:67,0
DA:68,0
DA:70,0
DA:71,0
DA:73,0
DA:77,0
DA:78,0
DA:79,0
DA:85,0
DA:86,0
DA:87,0
DA:90,0
DA:91,0
DA:92,0
DA:95,0
DA:96,0
DA:98,0
DA:99,0
DA:103,0
DA:104,0
DA:105,0
DA:107,0
DA:108,0
DA:110,0
DA:115,0
DA:120,0
DA:121,0
DA:125,0
DA:126,0
DA:127,0
DA:128,0
DA:131,0
DA:139,0
DA:140,0
DA:141,0
DA:149,0
DA:156,0
DA:164,0
DA:165,0
DA:175,0
DA:176,0
DA:177,0
DA:180,0
DA:192,0
DA:202,0
DA:210,0
DA:224,0
DA:225,0
DA:228,0
DA:242,0
DA:252,0
DA:270,0
DA:373,0
LF:67
LH:0
BRDA:49,0,0,0
BRDA:49,0,1,0
BRDA:67,1,0,0
BRDA:67,1,1,0
BRDA:68,2,0,0
BRDA:68,2,1,0
BRDA:85,3,0,0
BRDA:85,3,1,0
BRDA:85,4,0,0
BRDA:85,4,1,0
BRDA:90,5,0,0
BRDA:90,5,1,0
BRDA:107,6,0,0
BRDA:107,6,1,0
BRDA:126,7,0,0
BRDA:126,7,1,0
BRDA:126,8,0,0
BRDA:126,8,1,0
BRDA:140,9,0,0
BRDA:140,9,1,0
BRDA:156,10,0,0
BRDA:156,10,1,0
BRDA:176,11,0,0
BRDA:176,11,1,0
BRDA:176,12,0,0
BRDA:176,12,1,0
BRDA:235,13,0,0
BRDA:235,13,1,0
BRDA:246,14,0,0
BRDA:246,14,1,0
BRDA:297,15,0,0
BRDA:297,15,1,0
BRDA:300,16,0,0
BRDA:300,16,1,0
BRDA:305,17,0,0
BRDA:305,17,1,0
BRDA:305,17,2,0
BRDA:317,18,0,0
BRDA:317,18,1,0
BRDA:317,18,2,0
BRDA:328,19,0,0
BRDA:328,19,1,0
BRDA:328,20,0,0
BRDA:328,20,1,0
BRDA:344,21,0,0
BRDA:344,21,1,0
BRDA:344,21,2,0
BRDA:354,22,0,0
BRDA:354,22,1,0
BRDA:359,23,0,0
BRDA:359,23,1,0
BRF:51
BRH:0
end_of_record
TN:
SF:screens/security/SecuritySettingsScreen.tsx
FN:27,(anonymous_0)
FN:36,(anonymous_1)
FN:40,(anonymous_2)
FN:63,(anonymous_3)
FN:76,(anonymous_4)
FN:77,(anonymous_5)
FN:91,(anonymous_6)
FN:97,(anonymous_7)
FN:112,(anonymous_8)
FN:113,(anonymous_9)
FN:130,(anonymous_10)
FN:139,(anonymous_11)
FN:148,(anonymous_12)
FN:157,(anonymous_13)
FN:161,(anonymous_14)
FN:166,(anonymous_15)
FN:175,(anonymous_16)
FN:185,(anonymous_17)
FN:195,(anonymous_18)
FN:202,(anonymous_19)
FN:213,(anonymous_20)
FN:228,(anonymous_21)
FN:248,(anonymous_22)
FN:261,(anonymous_23)
FN:279,(anonymous_24)
FN:298,(anonymous_25)
FNF:26
FNH:0
FNDA:0,(anonymous_0)
FNDA:0,(anonymous_1)
FNDA:0,(anonymous_2)
FNDA:0,(anonymous_3)
FNDA:0,(anonymous_4)
FNDA:0,(anonymous_5)
FNDA:0,(anonymous_6)
FNDA:0,(anonymous_7)
FNDA:0,(anonymous_8)
FNDA:0,(anonymous_9)
FNDA:0,(anonymous_10)
FNDA:0,(anonymous_11)
FNDA:0,(anonymous_12)
FNDA:0,(anonymous_13)
FNDA:0,(anonymous_14)
FNDA:0,(anonymous_15)
FNDA:0,(anonymous_16)
FNDA:0,(anonymous_17)
FNDA:0,(anonymous_18)
FNDA:0,(anonymous_19)
FNDA:0,(anonymous_20)
FNDA:0,(anonymous_21)
FNDA:0,(anonymous_22)
FNDA:0,(anonymous_23)
FNDA:0,(anonymous_24)
FNDA:0,(anonymous_25)
DA:27,0
DA:30,0
DA:31,0
DA:32,0
DA:33,0
DA:34,0
DA:36,0
DA:37,0
DA:40,0
DA:41,0
DA:42,0
DA:43,0
DA:48,0
DA:49,0
DA:50,0
DA:51,0
DA:54,0
DA:56,0
DA:57,0
DA:59,0
DA:63,0
DA:64,0
DA:65,0
DA:70,0
DA:71,0
DA:72,0
DA:76,0
DA:77,0
DA:78,0
DA:84,0
DA:86,0
DA:87,0
DA:91,0
DA:92,0
DA:93,0
DA:94,0
DA:97,0
DA:98,0
DA:100,0
DA:101,0
DA:106,0
DA:107,0
DA:108,0
DA:112,0
DA:113,0
DA:114,0
DA:120,0
DA:121,0
DA:122,0
DA:123,0
DA:125,0
DA:126,0
DA:130,0
DA:131,0
DA:132,0
DA:133,0
DA:134,0
DA:135,0
DA:136,0
DA:139,0
DA:140,0
DA:141,0
DA:142,0
DA:143,0
DA:144,0
DA:145,0
DA:148,0
DA:149,0
DA:150,0
DA:151,0
DA:152,0
DA:153,0
DA:154,0
DA:157,0
DA:158,0
DA:161,0
DA:162,0
DA:166,0
DA:167,0
DA:168,0
DA:169,0
DA:171,0
DA:172,0
DA:175,0
DA:176,0
DA:185,0
DA:195,0
DA:202,0
DA:213,0
DA:214,0
DA:223,0
DA:228,0
DA:248,0
DA:262,0
DA:279,0
DA:299,0
DA:300,0
DA:301,0
DA:320,0
LF:99
LH:0
BRDA:48,0,0,0
BRDA:48,0,1,0
BRDA:54,1,0,0
BRDA:54,1,1,0
BRDA:70,2,0,0
BRDA:70,2,1,0
BRDA:78,3,0,0
BRDA:78,3,1,0
BRDA:98,4,0,0
BRDA:98,4,1,0
BRDA:106,5,0,0
BRDA:106,5,1,0
BRDA:114,6,0,0
BRDA:114,6,1,0
BRDA:131,7,0,0
BRDA:131,7,1,0
BRDA:132,8,0,0
BRDA:132,8,1,0
BRDA:133,9,0,0
BRDA:133,9,1,0
BRDA:133,10,0,0
BRDA:133,10,1,0
BRDA:134,11,0,0
BRDA:134,11,1,0
BRDA:135,12,0,0
BRDA:135,12,1,0
BRDA:140,13,0,0
BRDA:140,13,1,0
BRDA:141,14,0,0
BRDA:141,14,1,0
BRDA:142,15,0,0
BRDA:142,15,1,0
BRDA:142,16,0,0
BRDA:142,16,1,0
BRDA:143,17,0,0
BRDA:143,17,1,0
BRDA:144,18,0,0
BRDA:144,18,1,0
BRDA:149,19,0,0
BRDA:149,19,1,0
BRDA:150,20,0,0
BRDA:150,20,1,0
BRDA:151,21,0,0
BRDA:151,21,1,0
BRDA:151,22,0,0
BRDA:151,22,1,0
BRDA:152,23,0,0
BRDA:152,23,1,0
BRDA:153,24,0,0
BRDA:153,24,1,0
BRDA:158,25,0,0
BRDA:158,25,1,0
BRDA:158,25,2,0
BRDA:162,26,0,0
BRDA:162,26,1,0
BRDA:162,26,2,0
BRDA:162,26,3,0
BRDA:162,26,4,0
BRDA:162,26,5,0
BRDA:168,27,0,0
BRDA:168,27,1,0
BRDA:192,28,0,0
BRDA:192,28,1,0
BRDA:197,29,0,0
BRDA:197,29,1,0
BRDA:205,30,0,0
BRDA:205,30,1,0
BRDA:276,31,0,0
BRDA:276,31,1,0
BRDA:290,32,0,0
BRDA:290,32,1,0
BRF:71
BRH:0
end_of_record
TN:
SF:screens/settings/SystemSettingsScreen.tsx
FN:32,(anonymous_0)
FN:40,(anonymous_1)
FN:44,(anonymous_2)
FN:69,(anonymous_3)
FN:220,(anonymous_4)
FN:240,(anonymous_5)
FN:241,(anonymous_6)
FN:255,(anonymous_7)
FN:261,(anonymous_8)
FN:283,(anonymous_9)
FN:284,(anonymous_10)
FN:301,(anonymous_11)
FN:310,(anonymous_12)
FN:316,(anonymous_13)
FN:327,(anonymous_14)
FN:338,(anonymous_15)
FN:346,(anonymous_16)
FN:356,(anonymous_17)
FN:369,(anonymous_18)
FN:376,(anonymous_19)
FN:384,(anonymous_20)
FN:392,(anonymous_21)
FN:409,(anonymous_22)
FN:419,(anonymous_23)
FN:436,(anonymous_24)
FN:458,(anonymous_25)
FN:465,(anonymous_26)
FN:479,(anonymous_27)
FN:494,(anonymous_28)
FNF:29
FNH:0
FNDA:0,(anonymous_0)
FNDA:0,(anonymous_1)
FNDA:0,(anonymous_2)
FNDA:0,(anonymous_3)
FNDA:0,(anonymous_4)
FNDA:0,(anonymous_5)
FNDA:0,(anonymous_6)
FNDA:0,(anonymous_7)
FNDA:0,(anonymous_8)
FNDA:0,(anonymous_9)
FNDA:0,(anonymous_10)
FNDA:0,(anonymous_11)
FNDA:0,(anonymous_12)
FNDA:0,(anonymous_13)
FNDA:0,(anonymous_14)
FNDA:0,(anonymous_15)
FNDA:0,(anonymous_16)
FNDA:0,(anonymous_17)
FNDA:0,(anonymous_18)
FNDA:0,(anonymous_19)
FNDA:0,(anonymous_20)
FNDA:0,(anonymous_21)
FNDA:0,(anonymous_22)
FNDA:0,(anonymous_23)
FNDA:0,(anonymous_24)
FNDA:0,(anonymous_25)
FNDA:0,(anonymous_26)
FNDA:0,(anonymous_27)
FNDA:0,(anonymous_28)
DA:32,0
DA:33,0
DA:34,0
DA:35,0
DA:36,0
DA:37,0
DA:38,0
DA:40,0
DA:41,0
DA:44,0
DA:45,0
DA:46,0
DA:49,0
DA:54,0
DA:55,0
DA:57,0
DA:59,0
DA:62,0
DA:63,0
DA:65,0
DA:69,0
DA:70,0
DA:217,0
DA:220,0
DA:221,0
DA:223,0
DA:235,0
DA:236,0
DA:240,0
DA:241,0
DA:242,0
DA:248,0
DA:250,0
DA:251,0
DA:255,0
DA:256,0
DA:257,0
DA:258,0
DA:261,0
DA:262,0
DA:264,0
DA:266,0
DA:278,0
DA:279,0
DA:283,0
DA:284,0
DA:285,0
DA:291,0
DA:292,0
DA:293,0
DA:294,0
DA:296,0
DA:297,0
DA:301,0
DA:302,0
DA:310,0
DA:316,0
DA:317,0
DA:318,0
DA:319,0
DA:320,0
DA:321,0
DA:322,0
DA:323,0
DA:327,0
DA:328,0
DA:329,0
DA:330,0
DA:331,0
DA:332,0
DA:333,0
DA:334,0
DA:338,0
DA:339,0
DA:340,0
DA:342,0
DA:343,0
DA:346,0
DA:347,0
DA:356,0
DA:369,0
DA:376,0
DA:384,0
DA:392,0
DA:393,0
DA:409,0
DA:410,0
DA:411,0
DA:412,0
DA:415,0
DA:416,0
DA:419,0
DA:433,0
DA:436,0
DA:458,0
DA:466,0
DA:479,0
DA:495,0
DA:496,0
DA:497,0
DA:517,0
LF:101
LH:0
BRDA:54,0,0,0
BRDA:54,0,1,0
BRDA:59,1,0,0
BRDA:59,1,1,0
BRDA:235,2,0,0
BRDA:235,2,1,0
BRDA:242,3,0,0
BRDA:242,3,1,0
BRDA:262,4,0,0
BRDA:262,4,1,0
BRDA:278,5,0,0
BRDA:278,5,1,0
BRDA:285,6,0,0
BRDA:285,6,1,0
BRDA:317,7,0,0
BRDA:317,7,1,0
BRDA:317,7,2,0
BRDA:317,7,3,0
BRDA:317,7,4,0
BRDA:317,7,5,0
BRDA:328,8,0,0
BRDA:328,8,1,0
BRDA:328,8,2,0
BRDA:328,8,3,0
BRDA:328,8,4,0
BRDA:328,8,5,0
BRDA:339,9,0,0
BRDA:339,9,1,0
BRDA:361,10,0,0
BRDA:361,10,1,0
BRDA:366,11,0,0
BRDA:366,11,1,0
BRDA:371,12,0,0
BRDA:371,12,1,0
BRDA:415,13,0,0
BRDA:415,13,1,0
BRDA:488,14,0,0
BRDA:488,14,1,0
BRF:38
BRH:0
end_of_record
TN:
SF:screens/user/PermissionManagementScreen.tsx
FN:32,(anonymous_0)
FN:47,(anonymous_1)
FN:51,(anonymous_2)
FN:89,(anonymous_3)
FN:91,(anonymous_4)
FN:127,(anonymous_5)
FN:128,(anonymous_6)
FN:129,(anonymous_7)
FN:143,(anonymous_8)
FN:158,(anonymous_9)
FN:175,(anonymous_10)
FN:192,(anonymous_11)
FN:209,(anonymous_12)
FN:211,(anonymous_13)
FN:219,(anonymous_14)
FN:227,(anonymous_15)
FN:234,(anonymous_16)
FN:246,(anonymous_17)
FN:254,(anonymous_18)
FN:268,(anonymous_19)
FN:283,(anonymous_20)
FN:291,(anonymous_21)
FN:327,(anonymous_22)
FNF:23
FNH:0
FNDA:0,(anonymous_0)
FNDA:0,(anonymous_1)
FNDA:0,(anonymous_2)
FNDA:0,(anonymous_3)
FNDA:0,(anonymous_4)
FNDA:0,(anonymous_5)
FNDA:0,(anonymous_6)
FNDA:0,(anonymous_7)
FNDA:0,(anonymous_8)
FNDA:0,(anonymous_9)
FNDA:0,(anonymous_10)
FNDA:0,(anonymous_11)
FNDA:0,(anonymous_12)
FNDA:0,(anonymous_13)
FNDA:0,(anonymous_14)
FNDA:0,(anonymous_15)
FNDA:0,(anonymous_16)
FNDA:0,(anonymous_17)
FNDA:0,(anonymous_18)
FNDA:0,(anonymous_19)
FNDA:0,(anonymous_20)
FNDA:0,(anonymous_21)
FNDA:0,(anonymous_22)
DA:32,0
DA:35,0
DA:36,0
DA:37,0
DA:38,0
DA:40,0
DA:47,0
DA:48,0
DA:51,0
DA:53,0
DA:86,0
DA:89,0
DA:93,0
DA:95,0
DA:96,0
DA:98,0
DA:103,0
DA:105,0
DA:110,0
DA:112,0
DA:115,0
DA:117,0
DA:119,0
DA:123,0
DA:124,0
DA:127,0
DA:128,0
DA:129,0
DA:130,0
DA:143,0
DA:144,0
DA:147,0
DA:153,0
DA:154,0
DA:158,0
DA:159,0
DA:161,0
DA:163,0
DA:165,0
DA:167,0
DA:169,0
DA:171,0
DA:175,0
DA:176,0
DA:178,0
DA:180,0
DA:182,0
DA:184,0
DA:186,0
DA:188,0
DA:192,0
DA:193,0
DA:195,0
DA:197,0
DA:199,0
DA:201,0
DA:203,0
DA:205,0
DA:209,0
DA:211,0
DA:212,0
DA:213,0
DA:215,0
DA:216,0
DA:219,0
DA:220,0
DA:227,0
DA:234,0
DA:235,0
DA:247,0
DA:254,0
DA:263,0
DA:268,0
DA:284,0
DA:291,0
DA:328,0
DA:335,0
LF:77
LH:0
BRDA:93,0,0,0
BRDA:93,0,1,0
BRDA:93,0,2,0
BRDA:93,0,3,0
BRDA:93,0,4,0
BRDA:130,1,0,0
BRDA:130,1,1,0
BRDA:159,2,0,0
BRDA:159,2,1,0
BRDA:159,2,2,0
BRDA:159,2,3,0
BRDA:159,2,4,0
BRDA:159,2,5,0
BRDA:176,3,0,0
BRDA:176,3,1,0
BRDA:176,3,2,0
BRDA:176,3,3,0
BRDA:176,3,4,0
BRDA:176,3,5,0
BRDA:193,4,0,0
BRDA:193,4,1,0
BRDA:193,4,2,0
BRDA:193,4,3,0
BRDA:193,4,4,0
BRDA:193,4,5,0
BRDA:209,5,0,0
BRDA:209,5,1,0
BRDA:212,6,0,0
BRDA:212,6,1,0
BRDA:226,7,0,0
BRDA:226,7,1,0
BRDA:229,8,0,0
BRDA:229,8,1,0
BRDA:253,9,0,0
BRDA:253,9,1,0
BRDA:256,10,0,0
BRDA:256,10,1,0
BRDA:288,11,0,0
BRDA:288,11,1,0
BRDA:295,12,0,0
BRDA:295,12,1,0
BRDA:296,13,0,0
BRDA:296,13,1,0
BRF:43
BRH:0
end_of_record
TN:
SF:screens/user/UserActivityScreen.tsx
FN:33,(anonymous_0)
FN:41,(anonymous_1)
FN:45,(anonymous_2)
FN:159,(anonymous_3)
FN:165,(anonymous_4)
FN:180,(anonymous_5)
FN:195,(anonymous_6)
FN:218,(anonymous_7)
FN:222,(anonymous_8)
FN:256,(anonymous_9)
FN:280,(anonymous_10)
FN:287,(anonymous_11)
FN:300,(anonymous_12)
FN:306,(anonymous_13)
FN:314,(anonymous_14)
FN:315,(anonymous_15)
FN:316,(anonymous_16)
FN:317,(anonymous_17)
FN:318,(anonymous_18)
FN:325,(anonymous_19)
FNF:20
FNH:0
FNDA:0,(anonymous_0)
FNDA:0,(anonymous_1)
FNDA:0,(anonymous_2)
FNDA:0,(anonymous_3)
FNDA:0,(anonymous_4)
FNDA:0,(anonymous_5)
FNDA:0,(anonymous_6)
FNDA:0,(anonymous_7)
FNDA:0,(anonymous_8)
FNDA:0,(anonymous_9)
FNDA:0,(anonymous_10)
FNDA:0,(anonymous_11)
FNDA:0,(anonymous_12)
FNDA:0,(anonymous_13)
FNDA:0,(anonymous_14)
FNDA:0,(anonymous_15)
FNDA:0,(anonymous_16)
FNDA:0,(anonymous_17)
FNDA:0,(anonymous_18)
FNDA:0,(anonymous_19)
DA:33,0
DA:36,0
DA:37,0
DA:38,0
DA:39,0
DA:41,0
DA:42,0
DA:45,0
DA:46,0
DA:47,0
DA:51,0
DA:150,0
DA:152,0
DA:153,0
DA:155,0
DA:159,0
DA:160,0
DA:161,0
DA:162,0
DA:165,0
DA:166,0
DA:168,0
DA:170,0
DA:172,0
DA:174,0
DA:176,0
DA:180,0
DA:181,0
DA:183,0
DA:185,0
DA:187,0
DA:189,0
DA:191,0
DA:195,0
DA:196,0
DA:198,0
DA:200,0
DA:202,0
DA:204,0
DA:206,0
DA:208,0
DA:210,0
DA:212,0
DA:214,0
DA:218,0
DA:219,0
DA:222,0
DA:223,0
DA:256,0
DA:265,0
DA:275,0
DA:280,0
DA:287,0
DA:300,0
DA:306,0
DA:314,0
DA:315,0
DA:316,0
DA:317,0
DA:318,0
DA:325,0
DA:341,0
LF:62
LH:0
BRDA:166,0,0,0
BRDA:166,0,1,0
BRDA:166,0,2,0
BRDA:166,0,3,0
BRDA:166,0,4,0
BRDA:181,1,0,0
BRDA:181,1,1,0
BRDA:181,1,2,0
BRDA:181,1,3,0
BRDA:181,1,4,0
BRDA:196,2,0,0
BRDA:196,2,1,0
BRDA:196,2,2,0
BRDA:196,2,3,0
BRDA:196,2,4,0
BRDA:196,2,5,0
BRDA:196,2,6,0
BRDA:196,2,7,0
BRDA:196,2,8,0
BRDA:219,3,0,0
BRDA:219,3,1,0
BRDA:247,4,0,0
BRDA:247,4,1,0
BRDA:266,5,0,0
BRDA:266,5,1,0
BRDA:269,6,0,0
BRDA:269,6,1,0
BRDA:300,7,0,0
BRDA:300,7,1,0
BRF:29
BRH:0
end_of_record
TN:
SF:screens/user/UserManagementScreen.tsx
FN:33,(anonymous_0)
FN:57,(anonymous_1)
FN:61,(anonymous_2)
FN:115,(anonymous_3)
FN:121,(anonymous_4)
FN:141,(anonymous_5)
FN:151,(anonymous_6)
FN:172,(anonymous_7)
FN:191,(anonymous_8)
FN:197,(anonymous_9)
FN:198,(anonymous_10)
FN:202,(anonymous_11)
FN:203,(anonymous_12)
FN:207,(anonymous_13)
FN:231,(anonymous_14)
FN:240,(anonymous_15)
FN:256,(anonymous_16)
FN:263,(anonymous_17)
FN:286,(anonymous_18)
FN:292,(anonymous_19)
FN:301,(anonymous_20)
FN:328,(anonymous_21)
FN:337,(anonymous_22)
FN:344,(anonymous_23)
FN:351,(anonymous_24)
FN:358,(anonymous_25)
FN:374,(anonymous_26)
FN:410,(anonymous_27)
FN:417,(anonymous_28)
FN:435,(anonymous_29)
FNF:30
FNH:0
FNDA:0,(anonymous_0)
FNDA:0,(anonymous_1)
FNDA:0,(anonymous_2)
FNDA:0,(anonymous_3)
FNDA:0,(anonymous_4)
FNDA:0,(anonymous_5)
FNDA:0,(anonymous_6)
FNDA:0,(anonymous_7)
FNDA:0,(anonymous_8)
FNDA:0,(anonymous_9)
FNDA:0,(anonymous_10)
FNDA:0,(anonymous_11)
FNDA:0,(anonymous_12)
FNDA:0,(anonymous_13)
FNDA:0,(anonymous_14)
FNDA:0,(anonymous_15)
FNDA:0,(anonymous_16)
FNDA:0,(anonymous_17)
FNDA:0,(anonymous_18)
FNDA:0,(anonymous_19)
FNDA:0,(anonymous_20)
FNDA:0,(anonymous_21)
FNDA:0,(anonymous_22)
FNDA:0,(anonymous_23)
FNDA:0,(anonymous_24)
FNDA:0,(anonymous_25)
FNDA:0,(anonymous_26)
FNDA:0,(anonymous_27)
FNDA:0,(anonymous_28)
FNDA:0,(anonymous_29)
DA:33,0
DA:36,0
DA:37,0
DA:38,0
DA:39,0
DA:40,0
DA:41,0
DA:42,0
DA:43,0
DA:50,0
DA:57,0
DA:58,0
DA:61,0
DA:62,0
DA:63,0
DA:64,0
DA:66,0
DA:67,0
DA:68,0
DA:73,0
DA:106,0
DA:108,0
DA:109,0
DA:111,0
DA:115,0
DA:116,0
DA:117,0
DA:118,0
DA:121,0
DA:122,0
DA:123,0
DA:124,0
DA:127,0
DA:130,0
DA:141,0
DA:142,0
DA:143,0
DA:144,0
DA:146,0
DA:147,0
DA:151,0
DA:152,0
DA:153,0
DA:157,0
DA:158,0
DA:159,0
DA:162,0
DA:163,0
DA:164,0
DA:165,0
DA:167,0
DA:168,0
DA:172,0
DA:173,0
DA:174,0
DA:178,0
DA:179,0
DA:180,0
DA:183,0
DA:184,0
DA:186,0
DA:187,0
DA:191,0
DA:192,0
DA:197,0
DA:198,0
DA:199,0
DA:202,0
DA:203,0
DA:204,0
DA:207,0
DA:208,0
DA:231,0
DA:241,0
DA:242,0
DA:251,0
DA:256,0
DA:263,0
DA:286,0
DA:292,0
DA:301,0
DA:328,0
DA:337,0
DA:344,0
DA:352,0
DA:358,0
DA:374,0
DA:411,0
DA:417,0
DA:436,0
DA:437,0
DA:450,0
LF:92
LH:0
BRDA:66,0,0,0
BRDA:66,0,1,0
BRDA:76,1,0,0
BRDA:76,1,1,0
BRDA:81,2,0,0
BRDA:81,2,1,0
BRDA:82,3,0,0
BRDA:82,3,1,0
BRDA:122,4,0,0
BRDA:122,4,1,0
BRDA:122,5,0,0
BRDA:122,5,1,0
BRDA:157,6,0,0
BRDA:157,6,1,0
BRDA:178,7,0,0
BRDA:178,7,1,0
BRDA:183,8,0,0
BRDA:183,8,1,0
BRDA:192,9,0,0
BRDA:192,9,1,0
BRDA:192,9,2,0
BRDA:199,10,0,0
BRDA:199,10,1,0
BRDA:204,11,0,0
BRDA:204,11,1,0
BRDA:211,12,0,0
BRDA:211,12,1,0
BRDA:217,13,0,0
BRDA:217,13,1,0
BRDA:221,14,0,0
BRDA:221,14,1,0
BRDA:230,15,0,0
BRDA:230,15,1,0
BRDA:234,16,0,0
BRDA:234,16,1,0
BRDA:356,17,0,0
BRDA:356,17,1,0
BRDA:362,18,0,0
BRDA:362,18,1,0
BRDA:399,19,0,0
BRDA:399,19,1,0
BRDA:415,20,0,0
BRDA:415,20,1,0
BRDA:421,21,0,0
BRDA:421,21,1,0
BRF:45
BRH:0
end_of_record
TN:
SF:store/authStore.ts
FN:28,(anonymous_0)
FN:35,(anonymous_1)
FN:36,(anonymous_2)
FN:37,(anonymous_3)
FN:39,(anonymous_4)
FN:61,(anonymous_5)
FN:93,(anonymous_6)
FN:102,(anonymous_7)
FN:121,(anonymous_8)
FN:160,(anonymous_9)
FN:182,(anonymous_10)
FN:183,(anonymous_11)
FNF:12
FNH:0
FNDA:0,(anonymous_0)
FNDA:0,(anonymous_1)
FNDA:0,(anonymous_2)
FNDA:0,(anonymous_3)
FNDA:0,(anonymous_4)
FNDA:0,(anonymous_5)
FNDA:0,(anonymous_6)
FNDA:0,(anonymous_7)
FNDA:0,(anonymous_8)
FNDA:0,(anonymous_9)
FNDA:0,(anonymous_10)
FNDA:0,(anonymous_11)
DA:26,0
DA:28,0
DA:35,0
DA:36,0
DA:37,0
DA:40,0
DA:41,0
DA:42,0
DA:47,0
DA:49,0
DA:50,0
DA:53,0
DA:55,0
DA:57,0
DA:62,0
DA:63,0
DA:64,0
DA:69,0
DA:71,0
DA:73,0
DA:80,0
DA:82,0
DA:85,0
DA:87,0
DA:89,0
DA:94,0
DA:95,0
DA:96,0
DA:98,0
DA:103,0
DA:104,0
DA:105,0
DA:107,0
DA:108,0
DA:109,0
DA:111,0
DA:114,0
DA:115,0
DA:117,0
DA:122,0
DA:123,0
DA:124,0
DA:125,0
DA:127,0
DA:129,0
DA:135,0
DA:147,0
DA:148,0
DA:150,0
DA:153,0
DA:154,0
DA:156,0
DA:161,0
DA:162,0
DA:163,0
DA:165,0
DA:171,0
DA:173,0
DA:175,0
DA:176,0
DA:182,0
DA:183,0
LF:62
LH:0
BRDA:47,0,0,0
BRDA:47,0,1,0
BRDA:49,1,0,0
BRDA:49,1,1,0
BRDA:69,2,0,0
BRDA:69,2,1,0
BRDA:71,3,0,0
BRDA:71,3,1,0
BRDA:80,4,0,0
BRDA:80,4,1,0
BRDA:107,5,0,0
BRDA:107,5,1,0
BRDA:127,6,0,0
BRDA:127,6,1,0
BRDA:127,7,0,0
BRDA:127,7,1,0
BRDA:137,8,0,0
BRDA:137,8,1,0
BRDA:138,9,0,0
BRDA:138,9,1,0
BRDA:163,10,0,0
BRDA:163,10,1,0
BRDA:171,11,0,0
BRDA:171,11,1,0
BRDA:173,12,0,0
BRDA:173,12,1,0
BRF:26
BRH:0
end_of_record
