TN:
SF:components\EmptyState.tsx
FN:13,(anonymous_0)
FNF:1
FNH:0
FNDA:0,(anonymous_0)
DA:13,0
DA:20,0
DA:40,0
LF:3
LH:0
BRDA:18,0,0,0
BRDA:25,1,0,0
BRDA:25,1,1,0
BRDA:25,1,2,0
BRF:4
BRH:0
end_of_record
TN:
SF:components\FilterBar.tsx
FN:12,(anonymous_0)
FN:27,(anonymous_1)
FN:34,(anonymous_2)
FNF:3
FNH:0
FNDA:0,(anonymous_0)
FNDA:0,(anonymous_1)
FNDA:0,(anonymous_2)
DA:12,0
DA:18,0
DA:24,0
DA:28,0
DA:34,0
DA:69,0
LF:6
LH:0
BRDA:32,0,0,0
BRDA:32,0,1,0
BRDA:43,1,0,0
BRDA:43,1,1,0
BRDA:56,2,0,0
BRDA:56,2,1,0
BRDA:60,3,0,0
BRDA:60,3,1,0
BRF:8
BRH:0
end_of_record
TN:
SF:components\FloatingActionButton.tsx
FN:12,(anonymous_0)
FNF:1
FNH:0
FNDA:0,(anonymous_0)
DA:12,0
DA:18,0
DA:20,0
DA:33,0
LF:4
LH:0
BRDA:14,0,0,0
BRDA:15,1,0,0
BRDA:16,2,0,0
BRDA:18,3,0,0
BRDA:18,3,1,0
BRF:5
BRH:0
end_of_record
TN:
SF:components\Icon.tsx
FN:11,(anonymous_0)
FN:12,(anonymous_1)
FNF:2
FNH:0
FNDA:0,(anonymous_0)
FNDA:0,(anonymous_1)
DA:11,0
DA:12,0
DA:13,0
DA:50,0
DA:53,0
DA:60,0
LF:6
LH:0
BRDA:11,0,0,0
BRDA:11,1,0,0
BRDA:50,2,0,0
BRDA:50,2,1,0
BRF:4
BRH:0
end_of_record
TN:
SF:components\PrivacyStatement.tsx
FN:30,(anonymous_0)
FN:37,(anonymous_1)
FN:48,(anonymous_2)
FN:52,(anonymous_3)
FN:59,(anonymous_4)
FNF:5
FNH:0
FNDA:0,(anonymous_0)
FNDA:0,(anonymous_1)
FNDA:0,(anonymous_2)
FNDA:0,(anonymous_3)
FNDA:0,(anonymous_4)
DA:30,0
DA:35,0
DA:37,0
DA:38,0
DA:41,0
DA:45,0
DA:48,0
DA:52,0
DA:55,0
DA:56,0
DA:59,0
DA:60,0
DA:70,0
DA:217,0
LF:14
LH:0
BRDA:97,0,0,0
BRDA:97,0,1,0
BRDA:201,1,0,0
BRDA:201,1,1,0
BRF:4
BRH:0
end_of_record
TN:
SF:components\ProductCard.tsx
FN:14,(anonymous_0)
FN:21,(anonymous_1)
FN:36,(anonymous_2)
FNF:3
FNH:0
FNDA:0,(anonymous_0)
FNDA:0,(anonymous_1)
FNDA:0,(anonymous_2)
DA:14,0
DA:21,0
DA:22,0
DA:24,0
DA:26,0
DA:28,0
DA:30,0
DA:32,0
DA:36,0
DA:37,0
DA:38,0
DA:39,0
DA:42,0
DA:43,0
DA:45,0
DA:114,0
LF:16
LH:0
BRDA:19,0,0,0
BRDA:22,1,0,0
BRDA:22,1,1,0
BRDA:22,1,2,0
BRDA:22,1,3,0
BRDA:22,1,4,0
BRDA:37,2,0,0
BRDA:37,2,1,0
BRDA:38,3,0,0
BRDA:38,3,1,0
BRDA:59,4,0,0
BRDA:59,4,1,0
BRDA:85,5,0,0
BRDA:85,5,1,0
BRDA:85,5,2,0
BRDA:90,6,0,0
BRDA:90,6,1,0
BRDA:96,7,0,0
BRDA:96,7,1,0
BRDA:96,7,2,0
BRF:20
BRH:0
end_of_record
TN:
SF:components\SearchBar.tsx
FN:11,(anonymous_0)
FN:32,(anonymous_1)
FNF:2
FNH:0
FNDA:0,(anonymous_0)
FNDA:0,(anonymous_1)
DA:11,0
DA:16,0
DA:32,0
DA:46,0
LF:4
LH:0
BRDA:14,0,0,0
BRDA:30,1,0,0
BRDA:30,1,1,0
BRF:3
BRH:0
end_of_record
TN:
SF:lib\supabase.ts
FNF:0
FNH:0
DA:4,0
DA:5,0
DA:7,0
LF:3
LH:0
BRF:0
BRH:0
end_of_record
TN:
SF:screens\LoadingScreen.tsx
FN:4,(anonymous_0)
FNF:1
FNH:0
FNDA:0,(anonymous_0)
DA:4,0
DA:5,0
DA:13,0
LF:3
LH:0
BRF:0
BRH:0
end_of_record
TN:
SF:screens\auth\LoginScreen.tsx
FN:14,(anonymous_0)
FN:19,(anonymous_1)
FN:73,(anonymous_2)
FNF:3
FNH:0
FNDA:0,(anonymous_0)
FNDA:0,(anonymous_1)
FNDA:0,(anonymous_2)
DA:14,0
DA:15,0
DA:16,0
DA:17,0
DA:19,0
DA:20,0
DA:21,0
DA:22,0
DA:25,0
DA:26,0
DA:27,0
DA:31,0
DA:73,0
DA:85,0
LF:14
LH:0
BRDA:20,0,0,0
BRDA:20,0,1,0
BRDA:20,1,0,0
BRDA:20,1,1,0
BRDA:26,2,0,0
BRDA:26,2,1,0
BRDA:33,3,0,0
BRDA:33,3,1,0
BRDA:62,4,0,0
BRDA:62,4,1,0
BRDA:67,5,0,0
BRDA:67,5,1,0
BRF:12
BRH:0
end_of_record
TN:
SF:screens\auth\RegisterScreen.tsx
FN:14,(anonymous_0)
FN:20,(anonymous_1)
FN:97,(anonymous_2)
FNF:3
FNH:0
FNDA:0,(anonymous_0)
FNDA:0,(anonymous_1)
FNDA:0,(anonymous_2)
DA:14,0
DA:15,0
DA:16,0
DA:17,0
DA:18,0
DA:20,0
DA:21,0
DA:22,0
DA:23,0
DA:26,0
DA:27,0
DA:28,0
DA:31,0
DA:32,0
DA:33,0
DA:36,0
DA:37,0
DA:38,0
DA:39,0
DA:41,0
DA:45,0
DA:97,0
DA:109,0
LF:23
LH:0
BRDA:21,0,0,0
BRDA:21,0,1,0
BRDA:21,1,0,0
BRDA:21,1,1,0
BRDA:21,1,2,0
BRDA:26,2,0,0
BRDA:26,2,1,0
BRDA:31,3,0,0
BRDA:31,3,1,0
BRDA:37,4,0,0
BRDA:37,4,1,0
BRDA:47,5,0,0
BRDA:47,5,1,0
BRDA:86,6,0,0
BRDA:86,6,1,0
BRDA:91,7,0,0
BRDA:91,7,1,0
BRF:17
BRH:0
end_of_record
TN:
SF:screens\dashboard\AdminDashboard.tsx
FN:11,(anonymous_0)
FN:14,(anonymous_1)
FNF:2
FNH:0
FNDA:0,(anonymous_0)
FNDA:0,(anonymous_1)
DA:11,0
DA:12,0
DA:14,0
DA:15,0
DA:18,0
DA:74,0
LF:6
LH:0
BRDA:22,0,0,0
BRDA:22,0,1,0
BRF:2
BRH:0
end_of_record
TN:
SF:screens\dashboard\StaffDashboard.tsx
FN:13,(anonymous_0)
FN:16,(anonymous_1)
FN:24,(anonymous_2)
FN:28,(anonymous_3)
FNF:4
FNH:0
FNDA:0,(anonymous_0)
FNDA:0,(anonymous_1)
FNDA:0,(anonymous_2)
FNDA:0,(anonymous_3)
DA:13,0
DA:14,0
DA:16,0
DA:17,0
DA:18,0
DA:20,0
DA:24,0
DA:25,0
DA:28,0
DA:29,0
DA:32,0
DA:88,0
LF:12
LH:0
BRDA:36,0,0,0
BRDA:36,0,1,0
BRF:2
BRH:0
end_of_record
TN:
SF:screens\dashboard\ViewerDashboard.tsx
FN:11,(anonymous_0)
FN:14,(anonymous_1)
FNF:2
FNH:0
FNDA:0,(anonymous_0)
FNDA:0,(anonymous_1)
DA:11,0
DA:12,0
DA:14,0
DA:15,0
DA:18,0
DA:74,0
LF:6
LH:0
BRDA:22,0,0,0
BRDA:22,0,1,0
BRF:2
BRH:0
end_of_record
TN:
SF:screens\inventory\AddEditProductScreen.tsx
FN:45,(anonymous_0)
FN:73,(anonymous_1)
FN:76,(anonymous_2)
FN:92,(anonymous_3)
FN:120,(anonymous_4)
FN:124,(anonymous_5)
FN:136,(anonymous_6)
FN:137,(anonymous_7)
FN:141,(anonymous_8)
FN:145,(anonymous_9)
FN:150,(anonymous_10)
FN:154,(anonymous_11)
FN:157,(anonymous_12)
FN:234,(anonymous_13)
FN:254,(anonymous_14)
FN:256,(anonymous_15)
FN:278,(anonymous_16)
FN:287,(anonymous_17)
FN:300,(anonymous_18)
FN:317,(anonymous_19)
FN:332,(anonymous_20)
FN:343,(anonymous_21)
FN:353,(anonymous_22)
FN:362,(anonymous_23)
FN:375,(anonymous_24)
FN:389,(anonymous_25)
FN:401,(anonymous_26)
FN:412,(anonymous_27)
FN:425,(anonymous_28)
FN:438,(anonymous_29)
FN:444,(anonymous_30)
FNF:31
FNH:0
FNDA:0,(anonymous_0)
FNDA:0,(anonymous_1)
FNDA:0,(anonymous_2)
FNDA:0,(anonymous_3)
FNDA:0,(anonymous_4)
FNDA:0,(anonymous_5)
FNDA:0,(anonymous_6)
FNDA:0,(anonymous_7)
FNDA:0,(anonymous_8)
FNDA:0,(anonymous_9)
FNDA:0,(anonymous_10)
FNDA:0,(anonymous_11)
FNDA:0,(anonymous_12)
FNDA:0,(anonymous_13)
FNDA:0,(anonymous_14)
FNDA:0,(anonymous_15)
FNDA:0,(anonymous_16)
FNDA:0,(anonymous_17)
FNDA:0,(anonymous_18)
FNDA:0,(anonymous_19)
FNDA:0,(anonymous_20)
FNDA:0,(anonymous_21)
FNDA:0,(anonymous_22)
FNDA:0,(anonymous_23)
FNDA:0,(anonymous_24)
FNDA:0,(anonymous_25)
FNDA:0,(anonymous_26)
FNDA:0,(anonymous_27)
FNDA:0,(anonymous_28)
FNDA:0,(anonymous_29)
FNDA:0,(anonymous_30)
DA:45,0
DA:46,0
DA:47,0
DA:49,0
DA:61,0
DA:62,0
DA:63,0
DA:64,0
DA:65,0
DA:68,0
DA:69,0
DA:71,0
DA:73,0
DA:74,0
DA:77,0
DA:92,0
DA:93,0
DA:95,0
DA:96,0
DA:97,0
DA:99,0
DA:100,0
DA:101,0
DA:103,0
DA:104,0
DA:105,0
DA:107,0
DA:108,0
DA:109,0
DA:111,0
DA:112,0
DA:113,0
DA:115,0
DA:117,0
DA:120,0
DA:121,0
DA:122,0
DA:124,0
DA:125,0
DA:126,0
DA:127,0
DA:128,0
DA:132,0
DA:133,0
DA:136,0
DA:137,0
DA:140,0
DA:141,0
DA:145,0
DA:147,0
DA:150,0
DA:151,0
DA:152,0
DA:153,0
DA:154,0
DA:157,0
DA:158,0
DA:159,0
DA:160,0
DA:163,0
DA:164,0
DA:165,0
DA:179,0
DA:181,0
DA:187,0
DA:188,0
DA:193,0
DA:194,0
DA:197,0
DA:204,0
DA:211,0
DA:212,0
DA:217,0
DA:218,0
DA:221,0
DA:229,0
DA:231,0
DA:234,0
DA:237,0
DA:240,0
DA:241,0
DA:247,0
DA:250,0
DA:254,0
DA:255,0
DA:257,0
DA:278,0
DA:279,0
DA:287,0
DA:300,0
DA:317,0
DA:332,0
DA:343,0
DA:353,0
DA:354,0
DA:362,0
DA:375,0
DA:389,0
DA:401,0
DA:412,0
DA:413,0
DA:425,0
DA:426,0
DA:428,0
DA:430,0
DA:432,0
DA:434,0
DA:438,0
DA:439,0
DA:440,0
DA:444,0
DA:445,0
DA:446,0
DA:450,0
DA:509,0
LF:115
LH:0
BRDA:47,0,0,0
BRDA:47,1,0,0
BRDA:47,1,1,0
BRDA:50,2,0,0
BRDA:50,2,1,0
BRDA:51,3,0,0
BRDA:51,3,1,0
BRDA:52,4,0,0
BRDA:52,4,1,0
BRDA:53,5,0,0
BRDA:53,5,1,0
BRDA:54,6,0,0
BRDA:54,6,1,0
BRDA:55,7,0,0
BRDA:55,7,1,0
BRDA:56,8,0,0
BRDA:56,8,1,0
BRDA:57,9,0,0
BRDA:57,9,1,0
BRDA:58,10,0,0
BRDA:58,10,1,0
BRDA:69,11,0,0
BRDA:69,11,1,0
BRDA:71,12,0,0
BRDA:71,12,1,0
BRDA:75,13,0,0
BRDA:75,13,1,0
BRDA:82,14,0,0
BRDA:82,14,1,0
BRDA:93,15,0,0
BRDA:93,15,1,0
BRDA:93,15,2,0
BRDA:93,15,3,0
BRDA:93,15,4,0
BRDA:95,16,0,0
BRDA:95,16,1,0
BRDA:96,17,0,0
BRDA:96,17,1,0
BRDA:99,18,0,0
BRDA:99,18,1,0
BRDA:100,19,0,0
BRDA:100,19,1,0
BRDA:104,20,0,0
BRDA:104,20,1,0
BRDA:104,21,0,0
BRDA:104,21,1,0
BRDA:108,22,0,0
BRDA:108,22,1,0
BRDA:108,23,0,0
BRDA:108,23,1,0
BRDA:111,24,0,0
BRDA:111,24,1,0
BRDA:111,25,0,0
BRDA:111,25,1,0
BRDA:113,26,0,0
BRDA:113,26,1,0
BRDA:113,27,0,0
BRDA:113,27,1,0
BRDA:126,28,0,0
BRDA:126,28,1,0
BRDA:140,29,0,0
BRDA:140,29,1,0
BRDA:158,30,0,0
BRDA:158,30,1,0
BRDA:168,31,0,0
BRDA:168,31,1,0
BRDA:172,32,0,0
BRDA:172,32,1,0
BRDA:179,33,0,0
BRDA:179,33,1,0
BRDA:187,34,0,0
BRDA:187,34,1,0
BRDA:211,35,0,0
BRDA:211,35,1,0
BRDA:229,36,0,0
BRDA:229,36,1,0
BRDA:233,37,0,0
BRDA:233,37,1,0
BRDA:240,38,0,0
BRDA:240,38,1,0
BRDA:260,39,0,0
BRDA:260,39,1,0
BRDA:261,40,0,0
BRDA:261,40,1,0
BRDA:264,41,0,0
BRDA:264,41,1,0
BRDA:271,42,0,0
BRDA:271,42,1,0
BRDA:271,43,0,0
BRDA:271,43,1,0
BRDA:285,44,0,0
BRDA:285,44,1,0
BRDA:291,45,0,0
BRDA:291,45,1,0
BRDA:298,46,0,0
BRDA:298,46,1,0
BRDA:308,47,0,0
BRDA:308,47,1,0
BRDA:360,48,0,0
BRDA:360,48,1,0
BRDA:367,49,0,0
BRDA:367,49,1,0
BRDA:373,50,0,0
BRDA:373,50,1,0
BRDA:381,51,0,0
BRDA:381,51,1,0
BRDA:395,52,0,0
BRDA:395,52,1,0
BRDA:399,53,0,0
BRDA:399,53,1,0
BRDA:406,54,0,0
BRDA:406,54,1,0
BRDA:426,55,0,0
BRDA:426,55,1,0
BRDA:426,55,2,0
BRDA:426,55,3,0
BRDA:439,56,0,0
BRDA:439,56,1,0
BRDA:445,57,0,0
BRDA:445,57,1,0
BRDA:453,58,0,0
BRDA:453,58,1,0
BRDA:463,59,0,0
BRDA:463,59,1,0
BRDA:469,60,0,0
BRDA:469,60,1,0
BRDA:482,61,0,0
BRDA:482,61,1,0
BRDA:486,62,0,0
BRDA:486,62,1,0
BRDA:493,63,0,0
BRDA:493,63,1,0
BRDA:500,64,0,0
BRDA:500,64,1,0
BRF:134
BRH:0
end_of_record
TN:
SF:screens\inventory\InventoryDetailScreen.tsx
FN:34,(anonymous_0)
FN:49,(anonymous_1)
FN:53,(anonymous_2)
FN:77,(anonymous_3)
FN:93,(anonymous_4)
FN:122,(anonymous_5)
FN:136,(anonymous_6)
FN:160,(anonymous_7)
FN:161,(anonymous_8)
FN:171,(anonymous_9)
FN:194,(anonymous_10)
FN:216,(anonymous_11)
FN:226,(anonymous_12)
FN:250,(anonymous_13)
FN:264,(anonymous_14)
FN:276,(anonymous_15)
FN:286,(anonymous_16)
FN:303,(anonymous_17)
FN:318,(anonymous_18)
FN:333,(anonymous_19)
FN:360,(anonymous_20)
FN:382,(anonymous_21)
FNF:22
FNH:0
FNDA:0,(anonymous_0)
FNDA:0,(anonymous_1)
FNDA:0,(anonymous_2)
FNDA:0,(anonymous_3)
FNDA:0,(anonymous_4)
FNDA:0,(anonymous_5)
FNDA:0,(anonymous_6)
FNDA:0,(anonymous_7)
FNDA:0,(anonymous_8)
FNDA:0,(anonymous_9)
FNDA:0,(anonymous_10)
FNDA:0,(anonymous_11)
FNDA:0,(anonymous_12)
FNDA:0,(anonymous_13)
FNDA:0,(anonymous_14)
FNDA:0,(anonymous_15)
FNDA:0,(anonymous_16)
FNDA:0,(anonymous_17)
FNDA:0,(anonymous_18)
FNDA:0,(anonymous_19)
FNDA:0,(anonymous_20)
FNDA:0,(anonymous_21)
DA:34,0
DA:35,0
DA:36,0
DA:38,0
DA:39,0
DA:40,0
DA:41,0
DA:42,0
DA:43,0
DA:46,0
DA:47,0
DA:49,0
DA:50,0
DA:53,0
DA:54,0
DA:55,0
DA:56,0
DA:62,0
DA:64,0
DA:65,0
DA:68,0
DA:70,0
DA:71,0
DA:73,0
DA:77,0
DA:79,0
DA:80,0
DA:81,0
DA:82,0
DA:84,0
DA:85,0
DA:86,0
DA:87,0
DA:89,0
DA:93,0
DA:94,0
DA:95,0
DA:96,0
DA:99,0
DA:100,0
DA:101,0
DA:108,0
DA:110,0
DA:111,0
DA:112,0
DA:113,0
DA:115,0
DA:116,0
DA:118,0
DA:122,0
DA:123,0
DA:124,0
DA:125,0
DA:128,0
DA:137,0
DA:138,0
DA:139,0
DA:144,0
DA:146,0
DA:147,0
DA:149,0
DA:150,0
DA:152,0
DA:160,0
DA:161,0
DA:162,0
DA:163,0
DA:164,0
DA:165,0
DA:166,0
DA:167,0
DA:171,0
DA:172,0
DA:173,0
DA:174,0
DA:175,0
DA:176,0
DA:177,0
DA:181,0
DA:194,0
DA:195,0
DA:216,0
DA:217,0
DA:226,0
DA:250,0
DA:264,0
DA:276,0
DA:277,0
DA:286,0
DA:303,0
DA:318,0
DA:333,0
DA:343,0
DA:344,0
DA:354,0
DA:355,0
DA:360,0
DA:368,0
DA:382,0
DA:426,0
LF:100
LH:0
BRDA:35,0,0,0
BRDA:46,1,0,0
BRDA:46,1,1,0
BRDA:62,2,0,0
BRDA:62,2,1,0
BRDA:84,3,0,0
BRDA:84,3,1,0
BRDA:86,4,0,0
BRDA:86,4,1,0
BRDA:94,5,0,0
BRDA:94,5,1,0
BRDA:108,6,0,0
BRDA:108,6,1,0
BRDA:116,7,0,0
BRDA:116,7,1,0
BRDA:123,8,0,0
BRDA:123,8,1,0
BRDA:144,9,0,0
BRDA:144,9,1,0
BRDA:150,10,0,0
BRDA:150,10,1,0
BRDA:162,11,0,0
BRDA:162,11,1,0
BRDA:162,11,2,0
BRDA:162,11,3,0
BRDA:162,11,4,0
BRDA:172,12,0,0
BRDA:172,12,1,0
BRDA:172,12,2,0
BRDA:172,12,3,0
BRDA:172,12,4,0
BRDA:185,13,0,0
BRDA:185,13,1,0
BRDA:200,14,0,0
BRDA:200,14,1,0
BRDA:206,15,0,0
BRDA:206,15,1,0
BRDA:222,16,0,0
BRDA:222,16,1,0
BRDA:225,17,0,0
BRDA:225,17,1,0
BRDA:241,18,0,0
BRDA:241,18,1,0
BRDA:246,19,0,0
BRDA:246,19,1,0
BRDA:249,20,0,0
BRDA:249,20,1,0
BRDA:254,21,0,0
BRDA:254,21,1,0
BRDA:260,22,0,0
BRDA:260,22,1,0
BRDA:263,23,0,0
BRDA:263,23,1,0
BRDA:270,24,0,0
BRDA:270,24,1,0
BRDA:282,25,0,0
BRDA:282,25,1,0
BRDA:285,26,0,0
BRDA:285,26,1,0
BRDA:286,27,0,0
BRDA:286,27,1,0
BRDA:291,28,0,0
BRDA:291,28,1,0
BRDA:299,29,0,0
BRDA:299,29,1,0
BRDA:302,30,0,0
BRDA:302,30,1,0
BRDA:303,31,0,0
BRDA:303,31,1,0
BRDA:314,32,0,0
BRDA:314,32,1,0
BRDA:317,33,0,0
BRDA:317,33,1,0
BRDA:318,34,0,0
BRDA:318,34,1,0
BRDA:323,35,0,0
BRDA:323,35,1,0
BRDA:329,36,0,0
BRDA:329,36,1,0
BRDA:332,37,0,0
BRDA:332,37,1,0
BRDA:337,38,0,0
BRDA:337,38,1,0
BRDA:343,39,0,0
BRDA:343,39,1,0
BRDA:354,40,0,0
BRDA:354,40,1,0
BRDA:379,41,0,0
BRDA:379,41,1,0
BRDA:385,42,0,0
BRDA:385,42,1,0
BRDA:394,43,0,0
BRDA:394,43,1,0
BRDA:394,43,2,0
BRDA:401,44,0,0
BRDA:401,44,1,0
BRDA:410,45,0,0
BRDA:410,45,1,0
BRDA:410,45,2,0
BRF:99
BRH:0
end_of_record
TN:
SF:screens\inventory\InventoryFormScreen.tsx
FN:59,(anonymous_0)
FN:91,(anonymous_1)
FN:97,(anonymous_2)
FN:121,(anonymous_3)
FN:126,(anonymous_4)
FN:137,(anonymous_5)
FN:142,(anonymous_6)
FN:148,(anonymous_7)
FN:187,(anonymous_8)
FN:216,(anonymous_9)
FN:220,(anonymous_10)
FN:223,(anonymous_11)
FN:232,(anonymous_12)
FN:234,(anonymous_13)
FN:244,(anonymous_14)
FN:251,(anonymous_15)
FN:252,(anonymous_16)
FN:257,(anonymous_17)
FN:260,(anonymous_18)
FN:267,(anonymous_19)
FN:281,(anonymous_20)
FN:287,(anonymous_21)
FN:323,(anonymous_22)
FN:336,(anonymous_23)
FN:352,(anonymous_24)
FN:373,(anonymous_25)
FN:384,(anonymous_26)
FN:395,(anonymous_27)
FN:411,(anonymous_28)
FN:420,(anonymous_29)
FN:420,(anonymous_30)
FN:436,(anonymous_31)
FN:436,(anonymous_32)
FN:454,(anonymous_33)
FN:454,(anonymous_34)
FN:465,(anonymous_35)
FN:465,(anonymous_36)
FN:475,(anonymous_37)
FN:475,(anonymous_38)
FN:484,(anonymous_39)
FN:493,(anonymous_40)
FN:495,(anonymous_41)
FN:508,(anonymous_42)
FN:510,(anonymous_43)
FN:523,(anonymous_44)
FN:528,(anonymous_45)
FN:547,(anonymous_46)
FN:556,(anonymous_47)
FN:559,(anonymous_48)
FN:567,(anonymous_49)
FN:585,(anonymous_50)
FN:585,(anonymous_51)
FNF:52
FNH:0
FNDA:0,(anonymous_0)
FNDA:0,(anonymous_1)
FNDA:0,(anonymous_2)
FNDA:0,(anonymous_3)
FNDA:0,(anonymous_4)
FNDA:0,(anonymous_5)
FNDA:0,(anonymous_6)
FNDA:0,(anonymous_7)
FNDA:0,(anonymous_8)
FNDA:0,(anonymous_9)
FNDA:0,(anonymous_10)
FNDA:0,(anonymous_11)
FNDA:0,(anonymous_12)
FNDA:0,(anonymous_13)
FNDA:0,(anonymous_14)
FNDA:0,(anonymous_15)
FNDA:0,(anonymous_16)
FNDA:0,(anonymous_17)
FNDA:0,(anonymous_18)
FNDA:0,(anonymous_19)
FNDA:0,(anonymous_20)
FNDA:0,(anonymous_21)
FNDA:0,(anonymous_22)
FNDA:0,(anonymous_23)
FNDA:0,(anonymous_24)
FNDA:0,(anonymous_25)
FNDA:0,(anonymous_26)
FNDA:0,(anonymous_27)
FNDA:0,(anonymous_28)
FNDA:0,(anonymous_29)
FNDA:0,(anonymous_30)
FNDA:0,(anonymous_31)
FNDA:0,(anonymous_32)
FNDA:0,(anonymous_33)
FNDA:0,(anonymous_34)
FNDA:0,(anonymous_35)
FNDA:0,(anonymous_36)
FNDA:0,(anonymous_37)
FNDA:0,(anonymous_38)
FNDA:0,(anonymous_39)
FNDA:0,(anonymous_40)
FNDA:0,(anonymous_41)
FNDA:0,(anonymous_42)
FNDA:0,(anonymous_43)
FNDA:0,(anonymous_44)
FNDA:0,(anonymous_45)
FNDA:0,(anonymous_46)
FNDA:0,(anonymous_47)
FNDA:0,(anonymous_48)
FNDA:0,(anonymous_49)
FNDA:0,(anonymous_50)
FNDA:0,(anonymous_51)
DA:59,0
DA:60,0
DA:61,0
DA:64,0
DA:66,0
DA:78,0
DA:79,0
DA:80,0
DA:81,0
DA:82,0
DA:83,0
DA:84,0
DA:87,0
DA:88,0
DA:91,0
DA:92,0
DA:93,0
DA:97,0
DA:100,0
DA:103,0
DA:106,0
DA:107,0
DA:108,0
DA:112,0
DA:113,0
DA:117,0
DA:118,0
DA:121,0
DA:122,0
DA:123,0
DA:124,0
DA:125,0
DA:126,0
DA:130,0
DA:132,0
DA:133,0
DA:137,0
DA:138,0
DA:142,0
DA:144,0
DA:145,0
DA:148,0
DA:149,0
DA:151,0
DA:152,0
DA:153,0
DA:159,0
DA:162,0
DA:163,0
DA:176,0
DA:177,0
DA:178,0
DA:181,0
DA:182,0
DA:187,0
DA:188,0
DA:190,0
DA:191,0
DA:194,0
DA:195,0
DA:196,0
DA:197,0
DA:200,0
DA:201,0
DA:204,0
DA:205,0
DA:208,0
DA:209,0
DA:212,0
DA:213,0
DA:216,0
DA:217,0
DA:218,0
DA:219,0
DA:220,0
DA:223,0
DA:225,0
DA:233,0
DA:234,0
DA:235,0
DA:244,0
DA:246,0
DA:251,0
DA:252,0
DA:257,0
DA:259,0
DA:260,0
DA:261,0
DA:262,0
DA:263,0
DA:267,0
DA:269,0
DA:270,0
DA:278,0
DA:279,0
DA:281,0
DA:283,0
DA:287,0
DA:288,0
DA:289,0
DA:290,0
DA:293,0
DA:294,0
DA:295,0
DA:298,0
DA:299,0
DA:307,0
DA:310,0
DA:311,0
DA:313,0
DA:314,0
DA:320,0
DA:322,0
DA:323,0
DA:326,0
DA:333,0
DA:335,0
DA:336,0
DA:340,0
DA:342,0
DA:343,0
DA:345,0
DA:348,0
DA:352,0
DA:354,0
DA:355,0
DA:364,0
DA:365,0
DA:366,0
DA:368,0
DA:369,0
DA:373,0
DA:374,0
DA:376,0
DA:384,0
DA:385,0
DA:387,0
DA:395,0
DA:396,0
DA:411,0
DA:412,0
DA:420,0
DA:436,0
DA:454,0
DA:465,0
DA:475,0
DA:484,0
DA:485,0
DA:494,0
DA:495,0
DA:509,0
DA:510,0
DA:524,0
DA:527,0
DA:528,0
DA:529,0
DA:533,0
DA:536,0
DA:539,0
DA:540,0
DA:541,0
DA:545,0
DA:547,0
DA:548,0
DA:552,0
DA:554,0
DA:555,0
DA:556,0
DA:558,0
DA:559,0
DA:561,0
DA:565,0
DA:566,0
DA:567,0
DA:585,0
DA:592,0
DA:593,0
DA:603,0
DA:653,0
LF:179
LH:0
BRDA:60,0,0,0
BRDA:60,1,0,0
BRDA:60,1,1,0
BRDA:87,2,0,0
BRDA:87,2,1,0
BRDA:91,3,0,0
BRDA:93,4,0,0
BRDA:93,4,1,0
BRDA:93,5,0,0
BRDA:93,5,1,0
BRDA:97,6,0,0
BRDA:107,7,0,0
BRDA:107,7,1,0
BRDA:112,8,0,0
BRDA:112,8,1,0
BRDA:112,9,0,0
BRDA:112,9,1,0
BRDA:118,10,0,0
BRDA:118,10,1,0
BRDA:123,11,0,0
BRDA:123,11,1,0
BRDA:123,12,0,0
BRDA:123,12,1,0
BRDA:125,13,0,0
BRDA:125,13,1,0
BRDA:149,14,0,0
BRDA:149,14,1,0
BRDA:159,15,0,0
BRDA:159,15,1,0
BRDA:162,16,0,0
BRDA:162,16,1,0
BRDA:164,17,0,0
BRDA:164,17,1,0
BRDA:165,18,0,0
BRDA:165,18,1,0
BRDA:166,19,0,0
BRDA:166,19,1,0
BRDA:167,20,0,0
BRDA:167,20,1,0
BRDA:168,21,0,0
BRDA:168,21,1,0
BRDA:169,22,0,0
BRDA:169,22,1,0
BRDA:170,23,0,0
BRDA:170,23,1,0
BRDA:171,24,0,0
BRDA:171,24,1,0
BRDA:172,25,0,0
BRDA:172,25,1,0
BRDA:177,26,0,0
BRDA:177,26,1,0
BRDA:181,27,0,0
BRDA:181,27,1,0
BRDA:190,28,0,0
BRDA:190,28,1,0
BRDA:194,29,0,0
BRDA:194,29,1,0
BRDA:196,30,0,0
BRDA:196,30,1,0
BRDA:200,31,0,0
BRDA:200,31,1,0
BRDA:204,32,0,0
BRDA:204,32,1,0
BRDA:208,33,0,0
BRDA:208,33,1,0
BRDA:208,34,0,0
BRDA:208,34,1,0
BRDA:233,35,0,0
BRDA:233,35,1,0
BRDA:288,36,0,0
BRDA:288,36,1,0
BRDA:293,37,0,0
BRDA:293,37,1,0
BRDA:298,38,0,0
BRDA:298,38,1,0
BRDA:313,39,0,0
BRDA:313,39,1,0
BRDA:320,40,0,0
BRDA:320,40,1,0
BRDA:333,41,0,0
BRDA:333,41,1,0
BRDA:342,42,0,0
BRDA:342,42,1,0
BRDA:345,43,0,0
BRDA:345,43,1,0
BRDA:357,44,0,0
BRDA:357,44,1,0
BRDA:374,45,0,0
BRDA:374,45,1,0
BRDA:385,46,0,0
BRDA:385,46,1,0
BRDA:399,47,0,0
BRDA:399,47,1,0
BRDA:418,48,0,0
BRDA:418,48,1,0
BRDA:423,49,0,0
BRDA:423,49,1,0
BRDA:434,50,0,0
BRDA:434,50,1,0
BRDA:440,51,0,0
BRDA:440,51,1,0
BRDA:457,52,0,0
BRDA:457,52,1,0
BRDA:491,53,0,0
BRDA:491,53,1,0
BRDA:500,54,0,0
BRDA:500,54,1,0
BRDA:506,55,0,0
BRDA:506,55,1,0
BRDA:515,56,0,0
BRDA:515,56,1,0
BRDA:521,57,0,0
BRDA:521,57,1,0
BRDA:522,58,0,0
BRDA:522,58,1,0
BRDA:522,59,0,0
BRDA:522,59,1,0
BRDA:527,60,0,0
BRDA:527,60,1,0
BRDA:527,61,0,0
BRDA:527,61,1,0
BRDA:540,62,0,0
BRDA:540,62,1,0
BRDA:545,63,0,0
BRDA:545,63,1,0
BRDA:552,64,0,0
BRDA:552,64,1,0
BRDA:555,65,0,0
BRDA:555,65,1,0
BRDA:559,66,0,0
BRDA:559,66,1,0
BRDA:567,67,0,0
BRDA:567,67,1,0
BRDA:574,68,0,0
BRDA:574,68,1,0
BRDA:576,69,0,0
BRDA:576,69,1,0
BRDA:592,70,0,0
BRDA:592,70,1,0
BRDA:611,71,0,0
BRDA:611,71,1,0
BRDA:614,72,0,0
BRDA:614,72,1,0
BRDA:636,73,0,0
BRDA:636,73,1,0
BRDA:642,74,0,0
BRDA:642,74,1,0
BRF:147
BRH:0
end_of_record
TN:
SF:screens\inventory\InventoryListScreen.tsx
FN:23,(anonymous_0)
FN:36,(anonymous_1)
FN:54,(anonymous_2)
FN:60,(anonymous_3)
FN:65,(anonymous_4)
FN:70,(anonymous_5)
FN:80,(anonymous_6)
FN:85,(anonymous_7)
FN:94,(anonymous_8)
FN:98,(anonymous_9)
FN:102,(anonymous_10)
FN:106,(anonymous_11)
FN:110,(anonymous_12)
FN:114,(anonymous_13)
FN:117,(anonymous_14)
FN:118,(anonymous_15)
FN:119,(anonymous_16)
FN:124,(anonymous_17)
FN:156,(anonymous_18)
FN:174,(anonymous_19)
FNF:20
FNH:0
FNDA:0,(anonymous_0)
FNDA:0,(anonymous_1)
FNDA:0,(anonymous_2)
FNDA:0,(anonymous_3)
FNDA:0,(anonymous_4)
FNDA:0,(anonymous_5)
FNDA:0,(anonymous_6)
FNDA:0,(anonymous_7)
FNDA:0,(anonymous_8)
FNDA:0,(anonymous_9)
FNDA:0,(anonymous_10)
FNDA:0,(anonymous_11)
FNDA:0,(anonymous_12)
FNDA:0,(anonymous_13)
FNDA:0,(anonymous_14)
FNDA:0,(anonymous_15)
FNDA:0,(anonymous_16)
FNDA:0,(anonymous_17)
FNDA:0,(anonymous_18)
FNDA:0,(anonymous_19)
DA:23,0
DA:24,0
DA:25,0
DA:26,0
DA:27,0
DA:28,0
DA:29,0
DA:30,0
DA:31,0
DA:34,0
DA:36,0
DA:37,0
DA:38,0
DA:39,0
DA:44,0
DA:45,0
DA:47,0
DA:48,0
DA:50,0
DA:54,0
DA:55,0
DA:56,0
DA:57,0
DA:60,0
DA:61,0
DA:65,0
DA:66,0
DA:69,0
DA:70,0
DA:71,0
DA:78,0
DA:80,0
DA:81,0
DA:83,0
DA:85,0
DA:86,0
DA:88,0
DA:91,0
DA:94,0
DA:95,0
DA:98,0
DA:99,0
DA:102,0
DA:103,0
DA:106,0
DA:107,0
DA:110,0
DA:111,0
DA:114,0
DA:115,0
DA:117,0
DA:118,0
DA:119,0
DA:124,0
DA:125,0
DA:133,0
DA:134,0
DA:142,0
DA:156,0
DA:174,0
DA:189,0
LF:61
LH:0
BRDA:34,0,0,0
BRDA:34,0,1,0
BRDA:44,1,0,0
BRDA:44,1,1,0
BRDA:45,2,0,0
BRDA:45,2,1,0
BRDA:69,3,0,0
BRDA:69,3,1,0
BRDA:71,4,0,0
BRDA:71,4,1,0
BRDA:71,4,2,0
BRDA:71,4,3,0
BRDA:78,5,0,0
BRDA:78,5,1,0
BRDA:78,5,2,0
BRDA:81,6,0,0
BRDA:81,6,1,0
BRDA:111,7,0,0
BRDA:111,7,1,0
BRDA:119,8,0,0
BRDA:119,8,1,0
BRDA:133,9,0,0
BRDA:133,9,1,0
BRDA:166,10,0,0
BRDA:166,10,1,0
BRDA:170,11,0,0
BRDA:170,11,1,0
BRDA:170,12,0,0
BRDA:170,12,1,0
BRDA:171,13,0,0
BRDA:171,13,1,0
BRDA:171,14,0,0
BRDA:171,14,1,0
BRF:33
BRH:0
end_of_record
TN:
SF:store\authStore.ts
FN:26,(anonymous_0)
FN:33,(anonymous_1)
FN:34,(anonymous_2)
FN:35,(anonymous_3)
FN:37,(anonymous_4)
FN:84,(anonymous_5)
FN:131,(anonymous_6)
FN:146,(anonymous_7)
FN:202,(anonymous_8)
FNF:9
FNH:0
FNDA:0,(anonymous_0)
FNDA:0,(anonymous_1)
FNDA:0,(anonymous_2)
FNDA:0,(anonymous_3)
FNDA:0,(anonymous_4)
FNDA:0,(anonymous_5)
FNDA:0,(anonymous_6)
FNDA:0,(anonymous_7)
FNDA:0,(anonymous_8)
DA:24,0
DA:26,0
DA:33,0
DA:34,0
DA:35,0
DA:38,0
DA:39,0
DA:40,0
DA:45,0
DA:47,0
DA:49,0
DA:55,0
DA:56,0
DA:58,0
DA:66,0
DA:74,0
DA:76,0
DA:78,0
DA:79,0
DA:80,0
DA:85,0
DA:86,0
DA:87,0
DA:92,0
DA:94,0
DA:96,0
DA:102,0
DA:103,0
DA:105,0
DA:113,0
DA:121,0
DA:123,0
DA:125,0
DA:126,0
DA:127,0
DA:132,0
DA:133,0
DA:134,0
DA:142,0
DA:147,0
DA:148,0
DA:149,0
DA:151,0
DA:153,0
DA:155,0
DA:161,0
DA:162,0
DA:163,0
DA:171,0
DA:180,0
DA:189,0
DA:190,0
DA:202,0
LF:53
LH:0
BRDA:45,0,0,0
BRDA:45,0,1,0
BRDA:47,1,0,0
BRDA:47,1,1,0
BRDA:55,2,0,0
BRDA:55,2,1,0
BRDA:92,3,0,0
BRDA:92,3,1,0
BRDA:94,4,0,0
BRDA:94,4,1,0
BRDA:102,5,0,0
BRDA:102,5,1,0
BRDA:151,6,0,0
BRDA:151,6,1,0
BRDA:153,7,0,0
BRDA:153,7,1,0
BRDA:161,8,0,0
BRDA:161,8,1,0
BRF:18
BRH:0
end_of_record
